[ 2017-09-27T13:16:05+08:00 ] ::1 /wzry/
INFO: [ app_init ] --START--
INFO: Run Behavior\BuildLiteBehavior [ RunTime:0.000000s ]
INFO: [ app_init ] --END-- [ RunTime:0.001000s ]
INFO: [ app_begin ] --START--
INFO: Run Behavior\ReadHtmlCacheBehavior [ RunTime:0.001000s ]
INFO: [ app_begin ] --END-- [ RunTime:0.001000s ]
SQL: select * from wzry_update [ RunTime:0.0480s ]
SQL: select * from userview where type = 1 order by money DESC limit 10 [ RunTime:0.1240s ]
SQL: select * from userview where type = 2 order by money DESC limit 10 [ RunTime:0.0010s ]
SQL: select *, GROUP_CONCAT(hero_name) as having_hero from uhview where user_id not in (select user_id from wzry_main_hero) group by user_id [ RunTime:0.0860s ]
SQL: SHOW COLUMNS FROM `wzry_hero` [ RunTime:0.0150s ]
SQL: select * from wzry_hero where hero_id not in (select hero_id from wzry_user_hero) [ RunTime:0.0050s ]
SQL: select * from userview where type=1 order by diamond desc limit 10 [ RunTime:0.0020s ]
SQL: select * from userview where type=2 order by diamond desc limit 10 [ RunTime:0.0010s ]
SQL: select * from userview where type=1 order by level desc limit 10 [ RunTime:0.0020s ]
SQL: select * from userview where type=2 order by level desc limit 10 [ RunTime:0.0010s ]
INFO: [ view_parse ] --START--
INFO: [ template_filter ] --START--
INFO: Run Behavior\ContentReplaceBehavior [ RunTime:0.000000s ]
INFO: [ template_filter ] --END-- [ RunTime:0.000000s ]
INFO: Run Behavior\ParseTemplateBehavior [ RunTime:0.126007s ]
INFO: [ view_parse ] --END-- [ RunTime:0.126007s ]
INFO: [ view_filter ] --START--
INFO: Run Behavior\WriteHtmlCacheBehavior [ RunTime:0.011000s ]
INFO: [ view_filter ] --END-- [ RunTime:0.011000s ]
INFO: [ app_end ] --START--
INFO: Run Behavior\ShowPageTraceBehavior [ RunTime:0.009001s ]
INFO: [ app_end ] --END-- [ RunTime:0.009001s ]

[ 2017-09-27T13:16:12+08:00 ] ::1 /wzry/index.php?s=/Main/Account/showAll.html
INFO: [ app_init ] --START--
INFO: Run Behavior\BuildLiteBehavior [ RunTime:0.000000s ]
INFO: [ app_init ] --END-- [ RunTime:0.001000s ]
INFO: [ app_begin ] --START--
INFO: Run Behavior\ReadHtmlCacheBehavior [ RunTime:0.000000s ]
INFO: [ app_begin ] --END-- [ RunTime:0.000000s ]
SQL: SHOW COLUMNS FROM `wzry_account` [ RunTime:0.0180s ]
SQL: SELECT * FROM `wzry_account` ORDER BY type, account  [ RunTime:0.0020s ]
SQL: SHOW COLUMNS FROM `wzry_user` [ RunTime:0.0110s ]
SQL: SELECT COUNT(*) AS tp_count FROM `wzry_user` WHERE ( account_id=32 ) LIMIT 1   [ RunTime:0.0000s ]
SQL: SELECT COUNT(*) AS tp_count FROM `wzry_user` WHERE ( account_id=41 ) LIMIT 1   [ RunTime:0.0000s ]
SQL: SELECT COUNT(*) AS tp_count FROM `wzry_user` WHERE ( account_id=40 ) LIMIT 1   [ RunTime:0.0000s ]
SQL: SELECT COUNT(*) AS tp_count FROM `wzry_user` WHERE ( account_id=31 ) LIMIT 1   [ RunTime:0.0000s ]
SQL: SELECT COUNT(*) AS tp_count FROM `wzry_user` WHERE ( account_id=30 ) LIMIT 1   [ RunTime:0.0010s ]
SQL: SELECT COUNT(*) AS tp_count FROM `wzry_user` WHERE ( account_id=27 ) LIMIT 1   [ RunTime:0.0000s ]
SQL: SELECT COUNT(*) AS tp_count FROM `wzry_user` WHERE ( account_id=28 ) LIMIT 1   [ RunTime:0.0010s ]
SQL: SELECT COUNT(*) AS tp_count FROM `wzry_user` WHERE ( account_id=29 ) LIMIT 1   [ RunTime:0.0000s ]
SQL: SELECT COUNT(*) AS tp_count FROM `wzry_user` WHERE ( account_id=35 ) LIMIT 1   [ RunTime:0.0010s ]
SQL: SELECT COUNT(*) AS tp_count FROM `wzry_user` WHERE ( account_id=37 ) LIMIT 1   [ RunTime:0.0000s ]
SQL: SELECT COUNT(*) AS tp_count FROM `wzry_user` WHERE ( account_id=34 ) LIMIT 1   [ RunTime:0.0000s ]
SQL: SELECT COUNT(*) AS tp_count FROM `wzry_user` WHERE ( account_id=33 ) LIMIT 1   [ RunTime:0.0000s ]
SQL: SELECT COUNT(*) AS tp_count FROM `wzry_user` WHERE ( account_id=36 ) LIMIT 1   [ RunTime:0.0000s ]
SQL: SELECT COUNT(*) AS tp_count FROM `wzry_user` WHERE ( account_id=38 ) LIMIT 1   [ RunTime:0.0010s ]
INFO: [ view_parse ] --START--
INFO: [ template_filter ] --START--
INFO: Run Behavior\ContentReplaceBehavior [ RunTime:0.000000s ]
INFO: [ template_filter ] --END-- [ RunTime:0.000000s ]
NOTIC: [8] Undefined variable: account D:\php\personal\wzry\Application\Runtime\Cache\Main\170752e06422f098e43f5a6296486dbd.php 第 70 行.
NOTIC: [8] Undefined variable: account D:\php\personal\wzry\Application\Runtime\Cache\Main\170752e06422f098e43f5a6296486dbd.php 第 73 行.
NOTIC: [8] Undefined variable: account D:\php\personal\wzry\Application\Runtime\Cache\Main\170752e06422f098e43f5a6296486dbd.php 第 74 行.
NOTIC: [8] Undefined variable: account D:\php\personal\wzry\Application\Runtime\Cache\Main\170752e06422f098e43f5a6296486dbd.php 第 78 行.
INFO: Run Behavior\ParseTemplateBehavior [ RunTime:0.063004s ]
INFO: [ view_parse ] --END-- [ RunTime:0.063004s ]
INFO: [ view_filter ] --START--
INFO: Run Behavior\WriteHtmlCacheBehavior [ RunTime:0.002000s ]
INFO: [ view_filter ] --END-- [ RunTime:0.002000s ]
INFO: [ app_end ] --START--
INFO: Run Behavior\ShowPageTraceBehavior [ RunTime:0.002000s ]
INFO: [ app_end ] --END-- [ RunTime:0.002000s ]

[ 2017-09-27T13:17:02+08:00 ] ::1 /wzry/index.php?s=/Main/Account/showAll.html
INFO: [ app_init ] --START--
INFO: Run Behavior\BuildLiteBehavior [ RunTime:0.000000s ]
INFO: [ app_init ] --END-- [ RunTime:0.001000s ]
INFO: [ app_begin ] --START--
INFO: Run Behavior\ReadHtmlCacheBehavior [ RunTime:0.000000s ]
INFO: [ app_begin ] --END-- [ RunTime:0.000000s ]
SQL: SHOW COLUMNS FROM `wzry_account` [ RunTime:0.0090s ]
SQL: SELECT * FROM `wzry_account` ORDER BY type, account  [ RunTime:0.0010s ]
SQL: SHOW COLUMNS FROM `wzry_user` [ RunTime:0.0090s ]
SQL: SELECT COUNT(*) AS tp_count FROM `wzry_user` WHERE ( account_id=32 ) LIMIT 1   [ RunTime:0.0000s ]
SQL: SELECT COUNT(*) AS tp_count FROM `wzry_user` WHERE ( account_id=41 ) LIMIT 1   [ RunTime:0.0010s ]
SQL: SELECT COUNT(*) AS tp_count FROM `wzry_user` WHERE ( account_id=40 ) LIMIT 1   [ RunTime:0.0000s ]
SQL: SELECT COUNT(*) AS tp_count FROM `wzry_user` WHERE ( account_id=31 ) LIMIT 1   [ RunTime:0.0000s ]
SQL: SELECT COUNT(*) AS tp_count FROM `wzry_user` WHERE ( account_id=30 ) LIMIT 1   [ RunTime:0.0010s ]
SQL: SELECT COUNT(*) AS tp_count FROM `wzry_user` WHERE ( account_id=27 ) LIMIT 1   [ RunTime:0.0000s ]
SQL: SELECT COUNT(*) AS tp_count FROM `wzry_user` WHERE ( account_id=28 ) LIMIT 1   [ RunTime:0.0010s ]
SQL: SELECT COUNT(*) AS tp_count FROM `wzry_user` WHERE ( account_id=29 ) LIMIT 1   [ RunTime:0.0000s ]
SQL: SELECT COUNT(*) AS tp_count FROM `wzry_user` WHERE ( account_id=35 ) LIMIT 1   [ RunTime:0.0010s ]
SQL: SELECT COUNT(*) AS tp_count FROM `wzry_user` WHERE ( account_id=37 ) LIMIT 1   [ RunTime:0.0000s ]
SQL: SELECT COUNT(*) AS tp_count FROM `wzry_user` WHERE ( account_id=34 ) LIMIT 1   [ RunTime:0.0010s ]
SQL: SELECT COUNT(*) AS tp_count FROM `wzry_user` WHERE ( account_id=33 ) LIMIT 1   [ RunTime:0.0000s ]
SQL: SELECT COUNT(*) AS tp_count FROM `wzry_user` WHERE ( account_id=36 ) LIMIT 1   [ RunTime:0.0010s ]
SQL: SELECT COUNT(*) AS tp_count FROM `wzry_user` WHERE ( account_id=38 ) LIMIT 1   [ RunTime:0.0000s ]
INFO: [ view_parse ] --START--
INFO: [ template_filter ] --START--
INFO: Run Behavior\ContentReplaceBehavior [ RunTime:0.000000s ]
INFO: [ template_filter ] --END-- [ RunTime:0.000000s ]
NOTIC: [8] Undefined variable: account D:\php\personal\wzry\Application\Runtime\Cache\Main\170752e06422f098e43f5a6296486dbd.php 第 70 行.
NOTIC: [8] Undefined variable: account D:\php\personal\wzry\Application\Runtime\Cache\Main\170752e06422f098e43f5a6296486dbd.php 第 73 行.
NOTIC: [8] Undefined variable: account D:\php\personal\wzry\Application\Runtime\Cache\Main\170752e06422f098e43f5a6296486dbd.php 第 74 行.
NOTIC: [8] Undefined variable: account D:\php\personal\wzry\Application\Runtime\Cache\Main\170752e06422f098e43f5a6296486dbd.php 第 78 行.
INFO: Run Behavior\ParseTemplateBehavior [ RunTime:0.011000s ]
INFO: [ view_parse ] --END-- [ RunTime:0.011000s ]
INFO: [ view_filter ] --START--
INFO: Run Behavior\WriteHtmlCacheBehavior [ RunTime:0.000000s ]
INFO: [ view_filter ] --END-- [ RunTime:0.000000s ]
INFO: [ app_end ] --START--
INFO: Run Behavior\ShowPageTraceBehavior [ RunTime:0.000000s ]
INFO: [ app_end ] --END-- [ RunTime:0.000000s ]

[ 2017-09-27T13:17:09+08:00 ] ::1 /wzry/index.php?s=/Main/Area/showAll.html
INFO: [ app_init ] --START--
INFO: Run Behavior\BuildLiteBehavior [ RunTime:0.000000s ]
INFO: [ app_init ] --END-- [ RunTime:0.000000s ]
INFO: [ app_begin ] --START--
INFO: Run Behavior\ReadHtmlCacheBehavior [ RunTime:0.001000s ]
INFO: [ app_begin ] --END-- [ RunTime:0.001000s ]
SQL: SHOW COLUMNS FROM `wzry_area` [ RunTime:0.0140s ]
SQL: SELECT * FROM `wzry_area` ORDER BY type, area_no  [ RunTime:0.0010s ]
SQL: SHOW COLUMNS FROM `wzry_user` [ RunTime:0.0120s ]
SQL: SELECT COUNT(*) AS tp_count FROM `wzry_user` WHERE ( area_id=14 ) LIMIT 1   [ RunTime:0.0010s ]
SQL: SELECT COUNT(*) AS tp_count FROM `wzry_user` WHERE ( area_id=12 ) LIMIT 1   [ RunTime:0.0010s ]
SQL: SELECT COUNT(*) AS tp_count FROM `wzry_user` WHERE ( area_id=9 ) LIMIT 1   [ RunTime:0.0010s ]
SQL: SELECT COUNT(*) AS tp_count FROM `wzry_user` WHERE ( area_id=13 ) LIMIT 1   [ RunTime:0.0000s ]
SQL: SELECT COUNT(*) AS tp_count FROM `wzry_user` WHERE ( area_id=10 ) LIMIT 1   [ RunTime:0.0000s ]
SQL: SELECT COUNT(*) AS tp_count FROM `wzry_user` WHERE ( area_id=11 ) LIMIT 1   [ RunTime:0.0000s ]
SQL: SELECT COUNT(*) AS tp_count FROM `wzry_user` WHERE ( area_id=15 ) LIMIT 1   [ RunTime:0.0010s ]
SQL: SELECT COUNT(*) AS tp_count FROM `wzry_user` WHERE ( area_id=19 ) LIMIT 1   [ RunTime:0.0000s ]
SQL: SELECT COUNT(*) AS tp_count FROM `wzry_user` WHERE ( area_id=20 ) LIMIT 1   [ RunTime:0.0010s ]
SQL: SELECT COUNT(*) AS tp_count FROM `wzry_user` WHERE ( area_id=17 ) LIMIT 1   [ RunTime:0.0000s ]
SQL: SELECT COUNT(*) AS tp_count FROM `wzry_user` WHERE ( area_id=18 ) LIMIT 1   [ RunTime:0.0010s ]
SQL: SELECT COUNT(*) AS tp_count FROM `wzry_user` WHERE ( area_id=21 ) LIMIT 1   [ RunTime:0.0000s ]
SQL: SELECT COUNT(*) AS tp_count FROM `wzry_user` WHERE ( area_id=16 ) LIMIT 1   [ RunTime:0.0000s ]
SQL: SELECT COUNT(*) AS tp_count FROM `wzry_user` WHERE ( area_id=22 ) LIMIT 1   [ RunTime:0.0000s ]
SQL: SELECT COUNT(*) AS tp_count FROM `wzry_user` WHERE ( area_id=1 ) LIMIT 1   [ RunTime:0.0000s ]
INFO: [ view_parse ] --START--
INFO: [ template_filter ] --START--
INFO: Run Behavior\ContentReplaceBehavior [ RunTime:0.000000s ]
INFO: [ template_filter ] --END-- [ RunTime:0.000000s ]
INFO: Run Behavior\ParseTemplateBehavior [ RunTime:0.022001s ]
INFO: [ view_parse ] --END-- [ RunTime:0.023001s ]
INFO: [ view_filter ] --START--
INFO: Run Behavior\WriteHtmlCacheBehavior [ RunTime:0.000000s ]
INFO: [ view_filter ] --END-- [ RunTime:0.000000s ]
INFO: [ app_end ] --START--
INFO: Run Behavior\ShowPageTraceBehavior [ RunTime:0.000000s ]
INFO: [ app_end ] --END-- [ RunTime:0.000000s ]

[ 2017-09-27T13:17:11+08:00 ] ::1 /wzry/index.php?s=/Main/User/showAll.html
INFO: [ app_init ] --START--
INFO: Run Behavior\BuildLiteBehavior [ RunTime:0.000000s ]
INFO: [ app_init ] --END-- [ RunTime:0.000000s ]
INFO: [ app_begin ] --START--
INFO: Run Behavior\ReadHtmlCacheBehavior [ RunTime:0.001000s ]
INFO: [ app_begin ] --END-- [ RunTime:0.001000s ]
SQL: SHOW COLUMNS FROM `wzry_user` [ RunTime:0.0140s ]
SQL: SELECT * FROM `wzry_user` ORDER BY account_id, area_id  [ RunTime:0.0020s ]
SQL: SELECT * FROM `wzry_user` WHERE ( user_id=63 ) LIMIT 1   [ RunTime:0.0000s ]
SQL: SHOW COLUMNS FROM `wzry_hero` [ RunTime:0.0140s ]
SQL: SHOW COLUMNS FROM `wzry_area` [ RunTime:0.0120s ]
SQL: SELECT * FROM `wzry_area` WHERE `area_id` = 9 LIMIT 1   [ RunTime:0.0010s ]
SQL: SHOW COLUMNS FROM `wzry_account` [ RunTime:0.0060s ]
SQL: SELECT * FROM `wzry_account` WHERE `account_id` = 27 LIMIT 1   [ RunTime:0.0000s ]
SQL: SELECT * FROM `wzry_hero` WHERE `hero_id` = 114 LIMIT 1   [ RunTime:0.0010s ]
SQL: SELECT * FROM `wzry_hero` WHERE `hero_id` = 115 LIMIT 1   [ RunTime:0.0000s ]
SQL: SELECT * FROM `wzry_hero` WHERE `hero_id` = 118 LIMIT 1   [ RunTime:0.0010s ]
SQL: SELECT * FROM `wzry_hero` WHERE `hero_id` = 119 LIMIT 1   [ RunTime:0.0000s ]
SQL: SELECT * FROM `wzry_hero` WHERE `hero_id` = 111 LIMIT 1   [ RunTime:0.0000s ]
SQL: SHOW COLUMNS FROM `wzry_main_hero` [ RunTime:0.0070s ]
SQL: SELECT * FROM `wzry_main_hero` WHERE ( user_id=63 )  [ RunTime:0.0000s ]
SQL: SELECT * FROM `wzry_hero` WHERE `hero_id` = 111 LIMIT 1   [ RunTime:0.0000s ]
SQL: SELECT * FROM `wzry_user` WHERE ( user_id=64 ) LIMIT 1   [ RunTime:0.0010s ]
SQL: SELECT * FROM `wzry_area` WHERE `area_id` = 12 LIMIT 1   [ RunTime:0.0000s ]
SQL: SELECT * FROM `wzry_account` WHERE `account_id` = 27 LIMIT 1   [ RunTime:0.0010s ]
SQL: SELECT * FROM `wzry_hero` WHERE `hero_id` = 114 LIMIT 1   [ RunTime:0.0000s ]
SQL: SELECT * FROM `wzry_hero` WHERE `hero_id` = 115 LIMIT 1   [ RunTime:0.0000s ]
SQL: SELECT * FROM `wzry_hero` WHERE `hero_id` = 118 LIMIT 1   [ RunTime:0.0010s ]
SQL: SELECT * FROM `wzry_hero` WHERE `hero_id` = 119 LIMIT 1   [ RunTime:0.0000s ]
SQL: SELECT * FROM `wzry_hero` WHERE `hero_id` = 89 LIMIT 1   [ RunTime:0.0010s ]
SQL: SELECT * FROM `wzry_main_hero` WHERE ( user_id=64 )  [ RunTime:0.0000s ]
SQL: SELECT * FROM `wzry_hero` WHERE `hero_id` = 89 LIMIT 1   [ RunTime:0.0010s ]
SQL: SELECT * FROM `wzry_user` WHERE ( user_id=62 ) LIMIT 1   [ RunTime:0.0000s ]
SQL: SELECT * FROM `wzry_area` WHERE `area_id` = 14 LIMIT 1   [ RunTime:0.0010s ]
SQL: SELECT * FROM `wzry_account` WHERE `account_id` = 27 LIMIT 1   [ RunTime:0.0010s ]
SQL: SELECT * FROM `wzry_hero` WHERE `hero_id` = 113 LIMIT 1   [ RunTime:0.0000s ]
SQL: SELECT * FROM `wzry_hero` WHERE `hero_id` = 114 LIMIT 1   [ RunTime:0.0010s ]
SQL: SELECT * FROM `wzry_hero` WHERE `hero_id` = 115 LIMIT 1   [ RunTime:0.0000s ]
SQL: SELECT * FROM `wzry_hero` WHERE `hero_id` = 56 LIMIT 1   [ RunTime:0.0010s ]
SQL: SELECT * FROM `wzry_hero` WHERE `hero_id` = 58 LIMIT 1   [ RunTime:0.0000s ]
SQL: SELECT * FROM `wzry_hero` WHERE `hero_id` = 64 LIMIT 1   [ RunTime:0.0010s ]
SQL: SELECT * FROM `wzry_hero` WHERE `hero_id` = 67 LIMIT 1   [ RunTime:0.0000s ]
SQL: SELECT * FROM `wzry_hero` WHERE `hero_id` = 54 LIMIT 1   [ RunTime:0.0010s ]
SQL: SELECT * FROM `wzry_hero` WHERE `hero_id` = 118 LIMIT 1   [ RunTime:0.0000s ]
SQL: SELECT * FROM `wzry_hero` WHERE `hero_id` = 119 LIMIT 1   [ RunTime:0.0000s ]
SQL: SELECT * FROM `wzry_main_hero` WHERE ( user_id=62 )  [ RunTime:0.0000s ]
SQL: SELECT * FROM `wzry_hero` WHERE `hero_id` = 56 LIMIT 1   [ RunTime:0.0000s ]
SQL: SELECT * FROM `wzry_hero` WHERE `hero_id` = 64 LIMIT 1   [ RunTime:0.0000s ]
SQL: SELECT * FROM `wzry_hero` WHERE `hero_id` = 67 LIMIT 1   [ RunTime:0.0000s ]
SQL: SELECT * FROM `wzry_hero` WHERE `hero_id` = 113 LIMIT 1   [ RunTime:0.0000s ]
SQL: SELECT * FROM `wzry_user` WHERE ( user_id=106 ) LIMIT 1   [ RunTime:0.0000s ]
SQL: SELECT * FROM `wzry_area` WHERE `area_id` = 9 LIMIT 1   [ RunTime:0.0010s ]
SQL: SELECT * FROM `wzry_account` WHERE `account_id` = 28 LIMIT 1   [ RunTime:0.0000s ]
SQL: SELECT * FROM `wzry_hero` WHERE `hero_id` = 113 LIMIT 1   [ RunTime:0.0010s ]
SQL: SELECT * FROM `wzry_hero` WHERE `hero_id` = 55 LIMIT 1   [ RunTime:0.0000s ]
SQL: SELECT * FROM `wzry_hero` WHERE `hero_id` = 65 LIMIT 1   [ RunTime:0.0010s ]
SQL: SELECT * FROM `wzry_hero` WHERE `hero_id` = 68 LIMIT 1   [ RunTime:0.0000s ]
SQL: SELECT * FROM `wzry_hero` WHERE `hero_id` = 97 LIMIT 1   [ RunTime:0.0010s ]
SQL: SELECT * FROM `wzry_hero` WHERE `hero_id` = 99 LIMIT 1   [ RunTime:0.0000s ]
SQL: SELECT * FROM `wzry_hero` WHERE `hero_id` = 108 LIMIT 1   [ RunTime:0.0010s ]
SQL: SELECT * FROM `wzry_hero` WHERE `hero_id` = 114 LIMIT 1   [ RunTime:0.0000s ]
SQL: SELECT * FROM `wzry_hero` WHERE `hero_id` = 115 LIMIT 1   [ RunTime:0.0000s ]
SQL: SELECT * FROM `wzry_hero` WHERE `hero_id` = 117 LIMIT 1   [ RunTime:0.0000s ]
SQL: SELECT * FROM `wzry_hero` WHERE `hero_id` = 120 LIMIT 1   [ RunTime:0.0000s ]
SQL: SELECT * FROM `wzry_hero` WHERE `hero_id` = 61 LIMIT 1   [ RunTime:0.0000s ]
SQL: SELECT * FROM `wzry_hero` WHERE `hero_id` = 88 LIMIT 1   [ RunTime:0.0000s ]
SQL: SELECT * FROM `wzry_hero` WHERE `hero_id` = 56 LIMIT 1   [ RunTime:0.0010s ]
SQL: SELECT * FROM `wzry_hero` WHERE `hero_id` = 58 LIMIT 1   [ RunTime:0.0000s ]
SQL: SELECT * FROM `wzry_hero` WHERE `hero_id` = 54 LIMIT 1   [ RunTime:0.0010s ]
SQL: SELECT * FROM `wzry_hero` WHERE `hero_id` = 118 LIMIT 1   [ RunTime:0.0000s ]
SQL: SELECT * FROM `wzry_hero` WHERE `hero_id` = 119 LIMIT 1   [ RunTime:0.0000s ]
SQL: SELECT * FROM `wzry_hero` WHERE `hero_id` = 116 LIMIT 1   [ RunTime:0.0000s ]
SQL: SELECT * FROM `wzry_main_hero` WHERE ( user_id=106 )  [ RunTime:0.0000s ]
SQL: SELECT * FROM `wzry_hero` WHERE `hero_id` = 68 LIMIT 1   [ RunTime:0.0000s ]
SQL: SELECT * FROM `wzry_hero` WHERE `hero_id` = 88 LIMIT 1   [ RunTime:0.0000s ]
SQL: SELECT * FROM `wzry_hero` WHERE `hero_id` = 99 LIMIT 1   [ RunTime:0.0010s ]
SQL: SELECT * FROM `wzry_hero` WHERE `hero_id` = 108 LIMIT 1   [ RunTime:0.0000s ]
SQL: SELECT * FROM `wzry_hero` WHERE `hero_id` = 117 LIMIT 1   [ RunTime:0.0010s ]
SQL: SELECT * FROM `wzry_user` WHERE ( user_id=55 ) LIMIT 1   [ RunTime:0.0000s ]
SQL: SELECT * FROM `wzry_area` WHERE `area_id` = 10 LIMIT 1   [ RunTime:0.0010s ]
SQL: SELECT * FROM `wzry_account` WHERE `account_id` = 28 LIMIT 1   [ RunTime:0.0000s ]
SQL: SELECT * FROM `wzry_hero` WHERE `hero_id` = 55 LIMIT 1   [ RunTime:0.0010s ]
SQL: SELECT * FROM `wzry_hero` WHERE `hero_id` = 63 LIMIT 1   [ RunTime:0.0000s ]
SQL: SELECT * FROM `wzry_hero` WHERE `hero_id` = 54 LIMIT 1   [ RunTime:0.0000s ]
SQL: SELECT * FROM `wzry_hero` WHERE `hero_id` = 118 LIMIT 1   [ RunTime:0.0000s ]
SQL: SELECT * FROM `wzry_hero` WHERE `hero_id` = 119 LIMIT 1   [ RunTime:0.0010s ]
SQL: SELECT * FROM `wzry_main_hero` WHERE ( user_id=55 )  [ RunTime:0.0000s ]
SQL: SELECT * FROM `wzry_hero` WHERE `hero_id` = 63 LIMIT 1   [ RunTime:0.0000s ]
SQL: SELECT * FROM `wzry_user` WHERE ( user_id=56 ) LIMIT 1   [ RunTime:0.0000s ]
SQL: SELECT * FROM `wzry_area` WHERE `area_id` = 11 LIMIT 1   [ RunTime:0.0000s ]
SQL: SELECT * FROM `wzry_account` WHERE `account_id` = 28 LIMIT 1   [ RunTime:0.0000s ]
SQL: SELECT * FROM `wzry_hero` WHERE `hero_id` = 55 LIMIT 1   [ RunTime:0.0010s ]
SQL: SELECT * FROM `wzry_hero` WHERE `hero_id` = 115 LIMIT 1   [ RunTime:0.0000s ]
SQL: SELECT * FROM `wzry_hero` WHERE `hero_id` = 54 LIMIT 1   [ RunTime:0.0010s ]
SQL: SELECT * FROM `wzry_hero` WHERE `hero_id` = 98 LIMIT 1   [ RunTime:0.0000s ]
SQL: SELECT * FROM `wzry_hero` WHERE `hero_id` = 118 LIMIT 1   [ RunTime:0.0000s ]
SQL: SELECT * FROM `wzry_hero` WHERE `hero_id` = 119 LIMIT 1   [ RunTime:0.0000s ]
SQL: SELECT * FROM `wzry_main_hero` WHERE ( user_id=56 )  [ RunTime:0.0010s ]
SQL: SELECT * FROM `wzry_hero` WHERE `hero_id` = 98 LIMIT 1   [ RunTime:0.0000s ]
SQL: SELECT * FROM `wzry_user` WHERE ( user_id=58 ) LIMIT 1   [ RunTime:0.0010s ]
SQL: SELECT * FROM `wzry_area` WHERE `area_id` = 12 LIMIT 1   [ RunTime:0.0000s ]
SQL: SELECT * FROM `wzry_account` WHERE `account_id` = 28 LIMIT 1   [ RunTime:0.0000s ]
SQL: SELECT * FROM `wzry_hero` WHERE `hero_id` = 72 LIMIT 1   [ RunTime:0.0000s ]
SQL: SELECT * FROM `wzry_hero` WHERE `hero_id` = 114 LIMIT 1   [ RunTime:0.0000s ]
SQL: SELECT * FROM `wzry_hero` WHERE `hero_id` = 115 LIMIT 1   [ RunTime:0.0000s ]
SQL: SELECT * FROM `wzry_hero` WHERE `hero_id` = 118 LIMIT 1   [ RunTime:0.0000s ]
SQL: SELECT * FROM `wzry_hero` WHERE `hero_id` = 119 LIMIT 1   [ RunTime:0.0000s ]
SQL: SELECT * FROM `wzry_hero` WHERE `hero_id` = 91 LIMIT 1   [ RunTime:0.0000s ]
SQL: SELECT * FROM `wzry_main_hero` WHERE ( user_id=58 )  [ RunTime:0.0000s ]
SQL: SELECT * FROM `wzry_hero` WHERE `hero_id` = 72 LIMIT 1   [ RunTime:0.0000s ]
SQL: SELECT * FROM `wzry_hero` WHERE `hero_id` = 91 LIMIT 1   [ RunTime:0.0010s ]
SQL: SELECT * FROM `wzry_user` WHERE ( user_id=59 ) LIMIT 1   [ RunTime:0.0000s ]
SQL: SELECT * FROM `wzry_area` WHERE `area_id` = 13 LIMIT 1   [ RunTime:0.0010s ]
SQL: SELECT * FROM `wzry_account` WHERE `account_id` = 28 LIMIT 1   [ RunTime:0.0000s ]
SQL: SELECT * FROM `wzry_hero` WHERE `hero_id` = 54 LIMIT 1   [ RunTime:0.0010s ]
SQL: SELECT * FROM `wzry_hero` WHERE `hero_id` = 118 LIMIT 1   [ RunTime:0.0000s ]
SQL: SELECT * FROM `wzry_hero` WHERE `hero_id` = 119 LIMIT 1   [ RunTime:0.0020s ]
SQL: SELECT * FROM `wzry_main_hero` WHERE ( user_id=59 )  [ RunTime:0.0000s ]
SQL: SELECT * FROM `wzry_hero` WHERE `hero_id` = 54 LIMIT 1   [ RunTime:0.0010s ]
SQL: SELECT * FROM `wzry_user` WHERE ( user_id=60 ) LIMIT 1   [ RunTime:0.0000s ]
SQL: SELECT * FROM `wzry_area` WHERE `area_id` = 14 LIMIT 1   [ RunTime:0.0010s ]
SQL: SELECT * FROM `wzry_account` WHERE `account_id` = 28 LIMIT 1   [ RunTime:0.0000s ]
SQL: SELECT * FROM `wzry_hero` WHERE `hero_id` = 55 LIMIT 1   [ RunTime:0.0000s ]
SQL: SELECT * FROM `wzry_hero` WHERE `hero_id` = 114 LIMIT 1   [ RunTime:0.0000s ]
SQL: SELECT * FROM `wzry_hero` WHERE `hero_id` = 115 LIMIT 1   [ RunTime:0.0000s ]
SQL: SELECT * FROM `wzry_hero` WHERE `hero_id` = 54 LIMIT 1   [ RunTime:0.0000s ]
SQL: SELECT * FROM `wzry_hero` WHERE `hero_id` = 70 LIMIT 1   [ RunTime:0.0010s ]
SQL: SELECT * FROM `wzry_hero` WHERE `hero_id` = 118 LIMIT 1   [ RunTime:0.0000s ]
SQL: SELECT * FROM `wzry_hero` WHERE `hero_id` = 119 LIMIT 1   [ RunTime:0.0000s ]
SQL: SELECT * FROM `wzry_main_hero` WHERE ( user_id=60 )  [ RunTime:0.0000s ]
SQL: SELECT * FROM `wzry_hero` WHERE `hero_id` = 55 LIMIT 1   [ RunTime:0.0000s ]
SQL: SELECT * FROM `wzry_hero` WHERE `hero_id` = 70 LIMIT 1   [ RunTime:0.0000s ]
SQL: SELECT * FROM `wzry_user` WHERE ( user_id=61 ) LIMIT 1   [ RunTime:0.0000s ]
SQL: SELECT * FROM `wzry_area` WHERE `area_id` = 15 LIMIT 1   [ RunTime:0.0010s ]
SQL: SELECT * FROM `wzry_account` WHERE `account_id` = 28 LIMIT 1   [ RunTime:0.0000s ]
SQL: SELECT * FROM `wzry_hero` WHERE `hero_id` = 55 LIMIT 1   [ RunTime:0.0010s ]
SQL: SELECT * FROM `wzry_hero` WHERE `hero_id` = 54 LIMIT 1   [ RunTime:0.0000s ]
SQL: SELECT * FROM `wzry_hero` WHERE `hero_id` = 118 LIMIT 1   [ RunTime:0.0010s ]
SQL: SELECT * FROM `wzry_hero` WHERE `hero_id` = 119 LIMIT 1   [ RunTime:0.0000s ]
SQL: SELECT * FROM `wzry_main_hero` WHERE ( user_id=61 )  [ RunTime:0.0010s ]
SQL: SELECT * FROM `wzry_user` WHERE ( user_id=73 ) LIMIT 1   [ RunTime:0.0000s ]
SQL: SELECT * FROM `wzry_area` WHERE `area_id` = 9 LIMIT 1   [ RunTime:0.0010s ]
SQL: SELECT * FROM `wzry_account` WHERE `account_id` = 29 LIMIT 1   [ RunTime:0.0000s ]
SQL: SELECT * FROM `wzry_hero` WHERE `hero_id` = 114 LIMIT 1   [ RunTime:0.0010s ]
SQL: SELECT * FROM `wzry_hero` WHERE `hero_id` = 115 LIMIT 1   [ RunTime:0.0010s ]
SQL: SELECT * FROM `wzry_hero` WHERE `hero_id` = 106 LIMIT 1   [ RunTime:0.0000s ]
SQL: SELECT * FROM `wzry_hero` WHERE `hero_id` = 118 LIMIT 1   [ RunTime:0.0000s ]
SQL: SELECT * FROM `wzry_hero` WHERE `hero_id` = 119 LIMIT 1   [ RunTime:0.0000s ]
SQL: SELECT * FROM `wzry_hero` WHERE `hero_id` = 116 LIMIT 1   [ RunTime:0.0000s ]
SQL: SELECT * FROM `wzry_main_hero` WHERE ( user_id=73 )  [ RunTime:0.0000s ]
SQL: SELECT * FROM `wzry_hero` WHERE `hero_id` = 106 LIMIT 1   [ RunTime:0.0000s ]
SQL: SELECT * FROM `wzry_hero` WHERE `hero_id` = 116 LIMIT 1   [ RunTime:0.0010s ]
SQL: SELECT * FROM `wzry_user` WHERE ( user_id=72 ) LIMIT 1   [ RunTime:0.0000s ]
SQL: SELECT * FROM `wzry_area` WHERE `area_id` = 12 LIMIT 1   [ RunTime:0.0000s ]
SQL: SELECT * FROM `wzry_account` WHERE `account_id` = 29 LIMIT 1   [ RunTime:0.0000s ]
SQL: SELECT * FROM `wzry_hero` WHERE `hero_id` = 55 LIMIT 1   [ RunTime:0.0000s ]
SQL: SELECT * FROM `wzry_hero` WHERE `hero_id` = 63 LIMIT 1   [ RunTime:0.0010s ]
SQL: SELECT * FROM `wzry_hero` WHERE `hero_id` = 65 LIMIT 1   [ RunTime:0.0000s ]
SQL: SELECT * FROM `wzry_hero` WHERE `hero_id` = 76 LIMIT 1   [ RunTime:0.0010s ]
SQL: SELECT * FROM `wzry_hero` WHERE `hero_id` = 97 LIMIT 1   [ RunTime:0.0000s ]
SQL: SELECT * FROM `wzry_hero` WHERE `hero_id` = 114 LIMIT 1   [ RunTime:0.0010s ]
SQL: SELECT * FROM `wzry_hero` WHERE `hero_id` = 115 LIMIT 1   [ RunTime:0.0000s ]
SQL: SELECT * FROM `wzry_hero` WHERE `hero_id` = 120 LIMIT 1   [ RunTime:0.0010s ]
SQL: SELECT * FROM `wzry_hero` WHERE `hero_id` = 61 LIMIT 1   [ RunTime:0.0000s ]
SQL: SELECT * FROM `wzry_hero` WHERE `hero_id` = 56 LIMIT 1   [ RunTime:0.0000s ]
SQL: SELECT * FROM `wzry_hero` WHERE `hero_id` = 54 LIMIT 1   [ RunTime:0.0000s ]
SQL: SELECT * FROM `wzry_hero` WHERE `hero_id` = 92 LIMIT 1   [ RunTime:0.0000s ]
SQL: SELECT * FROM `wzry_hero` WHERE `hero_id` = 118 LIMIT 1   [ RunTime:0.0000s ]
SQL: SELECT * FROM `wzry_hero` WHERE `hero_id` = 119 LIMIT 1   [ RunTime:0.0000s ]
SQL: SELECT * FROM `wzry_hero` WHERE `hero_id` = 116 LIMIT 1   [ RunTime:0.0000s ]
SQL: SELECT * FROM `wzry_main_hero` WHERE ( user_id=72 )  [ RunTime:0.0000s ]
SQL: SELECT * FROM `wzry_hero` WHERE `hero_id` = 92 LIMIT 1   [ RunTime:0.0010s ]
SQL: SELECT * FROM `wzry_hero` WHERE `hero_id` = 120 LIMIT 1   [ RunTime:0.0000s ]
SQL: SELECT * FROM `wzry_user` WHERE ( user_id=74 ) LIMIT 1   [ RunTime:0.0010s ]
SQL: SELECT * FROM `wzry_area` WHERE `area_id` = 14 LIMIT 1   [ RunTime:0.0000s ]
SQL: SELECT * FROM `wzry_account` WHERE `account_id` = 29 LIMIT 1   [ RunTime:0.0010s ]
SQL: SELECT * FROM `wzry_hero` WHERE `hero_id` = 114 LIMIT 1   [ RunTime:0.0000s ]
SQL: SELECT * FROM `wzry_hero` WHERE `hero_id` = 115 LIMIT 1   [ RunTime:0.0010s ]
SQL: SELECT * FROM `wzry_hero` WHERE `hero_id` = 118 LIMIT 1   [ RunTime:0.0000s ]
SQL: SELECT * FROM `wzry_hero` WHERE `hero_id` = 119 LIMIT 1   [ RunTime:0.0010s ]
SQL: SELECT * FROM `wzry_main_hero` WHERE ( user_id=74 )  [ RunTime:0.0000s ]
SQL: SELECT * FROM `wzry_user` WHERE ( user_id=69 ) LIMIT 1   [ RunTime:0.0010s ]
SQL: SELECT * FROM `wzry_area` WHERE `area_id` = 9 LIMIT 1   [ RunTime:0.0000s ]
SQL: SELECT * FROM `wzry_account` WHERE `account_id` = 30 LIMIT 1   [ RunTime:0.0000s ]
SQL: SELECT * FROM `wzry_hero` WHERE `hero_id` = 55 LIMIT 1   [ RunTime:0.0000s ]
SQL: SELECT * FROM `wzry_hero` WHERE `hero_id` = 114 LIMIT 1   [ RunTime:0.0000s ]
SQL: SELECT * FROM `wzry_hero` WHERE `hero_id` = 115 LIMIT 1   [ RunTime:0.0000s ]
SQL: SELECT * FROM `wzry_hero` WHERE `hero_id` = 104 LIMIT 1   [ RunTime:0.0000s ]
SQL: SELECT * FROM `wzry_hero` WHERE `hero_id` = 118 LIMIT 1   [ RunTime:0.0010s ]
SQL: SELECT * FROM `wzry_hero` WHERE `hero_id` = 119 LIMIT 1   [ RunTime:0.0000s ]
SQL: SELECT * FROM `wzry_hero` WHERE `hero_id` = 91 LIMIT 1   [ RunTime:0.0010s ]
SQL: SELECT * FROM `wzry_main_hero` WHERE ( user_id=69 )  [ RunTime:0.0000s ]
SQL: SELECT * FROM `wzry_hero` WHERE `hero_id` = 104 LIMIT 1   [ RunTime:0.0010s ]
SQL: SELECT * FROM `wzry_user` WHERE ( user_id=71 ) LIMIT 1   [ RunTime:0.0000s ]
SQL: SELECT * FROM `wzry_area` WHERE `area_id` = 12 LIMIT 1   [ RunTime:0.0010s ]
SQL: SELECT * FROM `wzry_account` WHERE `account_id` = 30 LIMIT 1   [ RunTime:0.0000s ]
SQL: SELECT * FROM `wzry_hero` WHERE `hero_id` = 114 LIMIT 1   [ RunTime:0.0010s ]
SQL: SELECT * FROM `wzry_hero` WHERE `hero_id` = 115 LIMIT 1   [ RunTime:0.0000s ]
SQL: SELECT * FROM `wzry_hero` WHERE `hero_id` = 118 LIMIT 1   [ RunTime:0.0010s ]
SQL: SELECT * FROM `wzry_hero` WHERE `hero_id` = 119 LIMIT 1   [ RunTime:0.0000s ]
SQL: SELECT * FROM `wzry_main_hero` WHERE ( user_id=71 )  [ RunTime:0.0000s ]
SQL: SELECT * FROM `wzry_user` WHERE ( user_id=70 ) LIMIT 1   [ RunTime:0.0000s ]
SQL: SELECT * FROM `wzry_area` WHERE `area_id` = 14 LIMIT 1   [ RunTime:0.0000s ]
SQL: SELECT * FROM `wzry_account` WHERE `account_id` = 30 LIMIT 1   [ RunTime:0.0000s ]
SQL: SELECT * FROM `wzry_hero` WHERE `hero_id` = 55 LIMIT 1   [ RunTime:0.0010s ]
SQL: SELECT * FROM `wzry_hero` WHERE `hero_id` = 105 LIMIT 1   [ RunTime:0.0000s ]
SQL: SELECT * FROM `wzry_hero` WHERE `hero_id` = 114 LIMIT 1   [ RunTime:0.0000s ]
SQL: SELECT * FROM `wzry_hero` WHERE `hero_id` = 115 LIMIT 1   [ RunTime:0.0010s ]
SQL: SELECT * FROM `wzry_hero` WHERE `hero_id` = 118 LIMIT 1   [ RunTime:0.0000s ]
SQL: SELECT * FROM `wzry_hero` WHERE `hero_id` = 119 LIMIT 1   [ RunTime:0.0000s ]
SQL: SELECT * FROM `wzry_main_hero` WHERE ( user_id=70 )  [ RunTime:0.0010s ]
SQL: SELECT * FROM `wzry_hero` WHERE `hero_id` = 105 LIMIT 1   [ RunTime:0.0000s ]
SQL: SELECT * FROM `wzry_user` WHERE ( user_id=66 ) LIMIT 1   [ RunTime:0.0000s ]
SQL: SELECT * FROM `wzry_area` WHERE `area_id` = 9 LIMIT 1   [ RunTime:0.0010s ]
SQL: SELECT * FROM `wzry_account` WHERE `account_id` = 31 LIMIT 1   [ RunTime:0.0000s ]
SQL: SELECT * FROM `wzry_hero` WHERE `hero_id` = 110 LIMIT 1   [ RunTime:0.0000s ]
SQL: SELECT * FROM `wzry_hero` WHERE `hero_id` = 114 LIMIT 1   [ RunTime:0.0010s ]
SQL: SELECT * FROM `wzry_hero` WHERE `hero_id` = 115 LIMIT 1   [ RunTime:0.0000s ]
SQL: SELECT * FROM `wzry_hero` WHERE `hero_id` = 61 LIMIT 1   [ RunTime:0.0000s ]
SQL: SELECT * FROM `wzry_hero` WHERE `hero_id` = 118 LIMIT 1   [ RunTime:0.0000s ]
SQL: SELECT * FROM `wzry_hero` WHERE `hero_id` = 119 LIMIT 1   [ RunTime:0.0000s ]
SQL: SELECT * FROM `wzry_hero` WHERE `hero_id` = 91 LIMIT 1   [ RunTime:0.0010s ]
SQL: SELECT * FROM `wzry_main_hero` WHERE ( user_id=66 )  [ RunTime:0.0000s ]
SQL: SELECT * FROM `wzry_hero` WHERE `hero_id` = 61 LIMIT 1   [ RunTime:0.0010s ]
SQL: SELECT * FROM `wzry_hero` WHERE `hero_id` = 110 LIMIT 1   [ RunTime:0.0000s ]
SQL: SELECT * FROM `wzry_user` WHERE ( user_id=67 ) LIMIT 1   [ RunTime:0.0010s ]
SQL: SELECT * FROM `wzry_area` WHERE `area_id` = 12 LIMIT 1   [ RunTime:0.0000s ]
SQL: SELECT * FROM `wzry_account` WHERE `account_id` = 31 LIMIT 1   [ RunTime:0.0000s ]
SQL: SELECT * FROM `wzry_hero` WHERE `hero_id` = 114 LIMIT 1   [ RunTime:0.0000s ]
SQL: SELECT * FROM `wzry_hero` WHERE `hero_id` = 115 LIMIT 1   [ RunTime:0.0000s ]
SQL: SELECT * FROM `wzry_hero` WHERE `hero_id` = 79 LIMIT 1   [ RunTime:0.0000s ]
SQL: SELECT * FROM `wzry_hero` WHERE `hero_id` = 118 LIMIT 1   [ RunTime:0.0000s ]
SQL: SELECT * FROM `wzry_hero` WHERE `hero_id` = 119 LIMIT 1   [ RunTime:0.0000s ]
SQL: SELECT * FROM `wzry_main_hero` WHERE ( user_id=67 )  [ RunTime:0.0000s ]
SQL: SELECT * FROM `wzry_hero` WHERE `hero_id` = 79 LIMIT 1   [ RunTime:0.0000s ]
SQL: SELECT * FROM `wzry_user` WHERE ( user_id=68 ) LIMIT 1   [ RunTime:0.0000s ]
SQL: SELECT * FROM `wzry_area` WHERE `area_id` = 14 LIMIT 1   [ RunTime:0.0000s ]
SQL: SELECT * FROM `wzry_account` WHERE `account_id` = 31 LIMIT 1   [ RunTime:0.0000s ]
SQL: SELECT * FROM `wzry_hero` WHERE `hero_id` = 83 LIMIT 1   [ RunTime:0.0000s ]
SQL: SELECT * FROM `wzry_hero` WHERE `hero_id` = 114 LIMIT 1   [ RunTime:0.0000s ]
SQL: SELECT * FROM `wzry_hero` WHERE `hero_id` = 115 LIMIT 1   [ RunTime:0.0000s ]
SQL: SELECT * FROM `wzry_hero` WHERE `hero_id` = 118 LIMIT 1   [ RunTime:0.0000s ]
SQL: SELECT * FROM `wzry_hero` WHERE `hero_id` = 119 LIMIT 1   [ RunTime:0.0000s ]
SQL: SELECT * FROM `wzry_main_hero` WHERE ( user_id=68 )  [ RunTime:0.0000s ]
SQL: SELECT * FROM `wzry_hero` WHERE `hero_id` = 83 LIMIT 1   [ RunTime:0.0000s ]
SQL: SELECT * FROM `wzry_user` WHERE ( user_id=75 ) LIMIT 1   [ RunTime:0.0010s ]
SQL: SELECT * FROM `wzry_area` WHERE `area_id` = 16 LIMIT 1   [ RunTime:0.0000s ]
SQL: SELECT * FROM `wzry_account` WHERE `account_id` = 33 LIMIT 1   [ RunTime:0.0010s ]
SQL: SELECT * FROM `wzry_hero` WHERE `hero_id` = 122 LIMIT 1   [ RunTime:0.0000s ]
SQL: SELECT * FROM `wzry_hero` WHERE `hero_id` = 114 LIMIT 1   [ RunTime:0.0010s ]
SQL: SELECT * FROM `wzry_hero` WHERE `hero_id` = 115 LIMIT 1   [ RunTime:0.0000s ]
SQL: SELECT * FROM `wzry_hero` WHERE `hero_id` = 57 LIMIT 1   [ RunTime:0.0010s ]
SQL: SELECT * FROM `wzry_hero` WHERE `hero_id` = 62 LIMIT 1   [ RunTime:0.0000s ]
SQL: SELECT * FROM `wzry_hero` WHERE `hero_id` = 73 LIMIT 1   [ RunTime:0.0010s ]
SQL: SELECT * FROM `wzry_hero` WHERE `hero_id` = 100 LIMIT 1   [ RunTime:0.0000s ]
SQL: SELECT * FROM `wzry_hero` WHERE `hero_id` = 118 LIMIT 1   [ RunTime:0.0000s ]
SQL: SELECT * FROM `wzry_hero` WHERE `hero_id` = 119 LIMIT 1   [ RunTime:0.0000s ]
SQL: SELECT * FROM `wzry_hero` WHERE `hero_id` = 59 LIMIT 1   [ RunTime:0.0000s ]
SQL: SELECT * FROM `wzry_hero` WHERE `hero_id` = 116 LIMIT 1   [ RunTime:0.0000s ]
SQL: SELECT * FROM `wzry_main_hero` WHERE ( user_id=75 )  [ RunTime:0.0000s ]
SQL: SELECT * FROM `wzry_hero` WHERE `hero_id` = 57 LIMIT 1   [ RunTime:0.0010s ]
SQL: SELECT * FROM `wzry_hero` WHERE `hero_id` = 59 LIMIT 1   [ RunTime:0.0000s ]
SQL: SELECT * FROM `wzry_hero` WHERE `hero_id` = 62 LIMIT 1   [ RunTime:0.0010s ]
SQL: SELECT * FROM `wzry_hero` WHERE `hero_id` = 73 LIMIT 1   [ RunTime:0.0010s ]
SQL: SELECT * FROM `wzry_hero` WHERE `hero_id` = 100 LIMIT 1   [ RunTime:0.0000s ]
SQL: SELECT * FROM `wzry_hero` WHERE `hero_id` = 122 LIMIT 1   [ RunTime:0.0010s ]
SQL: SELECT * FROM `wzry_user` WHERE ( user_id=76 ) LIMIT 1   [ RunTime:0.0000s ]
SQL: SELECT * FROM `wzry_area` WHERE `area_id` = 17 LIMIT 1   [ RunTime:0.0000s ]
SQL: SELECT * FROM `wzry_account` WHERE `account_id` = 33 LIMIT 1   [ RunTime:0.0000s ]
SQL: SELECT * FROM `wzry_hero` WHERE `hero_id` = 74 LIMIT 1   [ RunTime:0.0000s ]
SQL: SELECT * FROM `wzry_hero` WHERE `hero_id` = 114 LIMIT 1   [ RunTime:0.0010s ]
SQL: SELECT * FROM `wzry_hero` WHERE `hero_id` = 115 LIMIT 1   [ RunTime:0.0000s ]
SQL: SELECT * FROM `wzry_hero` WHERE `hero_id` = 118 LIMIT 1   [ RunTime:0.0010s ]
SQL: SELECT * FROM `wzry_hero` WHERE `hero_id` = 119 LIMIT 1   [ RunTime:0.0000s ]
SQL: SELECT * FROM `wzry_main_hero` WHERE ( user_id=76 )  [ RunTime:0.0010s ]
SQL: SELECT * FROM `wzry_hero` WHERE `hero_id` = 74 LIMIT 1   [ RunTime:0.0000s ]
SQL: SELECT * FROM `wzry_user` WHERE ( user_id=77 ) LIMIT 1   [ RunTime:0.0010s ]
SQL: SELECT * FROM `wzry_area` WHERE `area_id` = 18 LIMIT 1   [ RunTime:0.0000s ]
SQL: SELECT * FROM `wzry_account` WHERE `account_id` = 33 LIMIT 1   [ RunTime:0.0000s ]
SQL: SELECT * FROM `wzry_hero` WHERE `hero_id` = 114 LIMIT 1   [ RunTime:0.0000s ]
SQL: SELECT * FROM `wzry_hero` WHERE `hero_id` = 115 LIMIT 1   [ RunTime:0.0000s ]
SQL: SELECT * FROM `wzry_hero` WHERE `hero_id` = 90 LIMIT 1   [ RunTime:0.0000s ]
SQL: SELECT * FROM `wzry_hero` WHERE `hero_id` = 118 LIMIT 1   [ RunTime:0.0000s ]
SQL: SELECT * FROM `wzry_hero` WHERE `hero_id` = 119 LIMIT 1   [ RunTime:0.0010s ]
SQL: SELECT * FROM `wzry_hero` WHERE `hero_id` = 91 LIMIT 1   [ RunTime:0.0000s ]
SQL: SELECT * FROM `wzry_main_hero` WHERE ( user_id=77 )  [ RunTime:0.0010s ]
SQL: SELECT * FROM `wzry_hero` WHERE `hero_id` = 90 LIMIT 1   [ RunTime:0.0000s ]
SQL: SELECT * FROM `wzry_user` WHERE ( user_id=78 ) LIMIT 1   [ RunTime:0.0010s ]
SQL: SELECT * FROM `wzry_area` WHERE `area_id` = 19 LIMIT 1   [ RunTime:0.0000s ]
SQL: SELECT * FROM `wzry_account` WHERE `account_id` = 33 LIMIT 1   [ RunTime:0.0000s ]
SQL: SELECT * FROM `wzry_hero` WHERE `hero_id` = 114 LIMIT 1   [ RunTime:0.0000s ]
SQL: SELECT * FROM `wzry_hero` WHERE `hero_id` = 115 LIMIT 1   [ RunTime:0.0000s ]
SQL: SELECT * FROM `wzry_hero` WHERE `hero_id` = 118 LIMIT 1   [ RunTime:0.0010s ]
SQL: SELECT * FROM `wzry_hero` WHERE `hero_id` = 119 LIMIT 1   [ RunTime:0.0000s ]
SQL: SELECT * FROM `wzry_hero` WHERE `hero_id` = 101 LIMIT 1   [ RunTime:0.0000s ]
SQL: SELECT * FROM `wzry_main_hero` WHERE ( user_id=78 )  [ RunTime:0.0000s ]
SQL: SELECT * FROM `wzry_hero` WHERE `hero_id` = 101 LIMIT 1   [ RunTime:0.0010s ]
SQL: SELECT * FROM `wzry_user` WHERE ( user_id=79 ) LIMIT 1   [ RunTime:0.0000s ]
SQL: SELECT * FROM `wzry_area` WHERE `area_id` = 20 LIMIT 1   [ RunTime:0.0010s ]
SQL: SELECT * FROM `wzry_account` WHERE `account_id` = 33 LIMIT 1   [ RunTime:0.0000s ]
SQL: SELECT * FROM `wzry_hero` WHERE `hero_id` = 114 LIMIT 1   [ RunTime:0.0000s ]
SQL: SELECT * FROM `wzry_hero` WHERE `hero_id` = 115 LIMIT 1   [ RunTime:0.0000s ]
SQL: SELECT * FROM `wzry_hero` WHERE `hero_id` = 87 LIMIT 1   [ RunTime:0.0000s ]
SQL: SELECT * FROM `wzry_hero` WHERE `hero_id` = 118 LIMIT 1   [ RunTime:0.0000s ]
SQL: SELECT * FROM `wzry_hero` WHERE `hero_id` = 119 LIMIT 1   [ RunTime:0.0000s ]
SQL: SELECT * FROM `wzry_main_hero` WHERE ( user_id=79 )  [ RunTime:0.0000s ]
SQL: SELECT * FROM `wzry_hero` WHERE `hero_id` = 87 LIMIT 1   [ RunTime:0.0000s ]
SQL: SELECT * FROM `wzry_user` WHERE ( user_id=80 ) LIMIT 1   [ RunTime:0.0000s ]
SQL: SELECT * FROM `wzry_area` WHERE `area_id` = 21 LIMIT 1   [ RunTime:0.0000s ]
SQL: SELECT * FROM `wzry_account` WHERE `account_id` = 33 LIMIT 1   [ RunTime:0.0010s ]
SQL: SELECT * FROM `wzry_hero` WHERE `hero_id` = 55 LIMIT 1   [ RunTime:0.0000s ]
SQL: SELECT * FROM `wzry_hero` WHERE `hero_id` = 65 LIMIT 1   [ RunTime:0.0010s ]
SQL: SELECT * FROM `wzry_hero` WHERE `hero_id` = 54 LIMIT 1   [ RunTime:0.0000s ]
SQL: SELECT * FROM `wzry_hero` WHERE `hero_id` = 118 LIMIT 1   [ RunTime:0.0010s ]
SQL: SELECT * FROM `wzry_hero` WHERE `hero_id` = 119 LIMIT 1   [ RunTime:0.0000s ]
SQL: SELECT * FROM `wzry_main_hero` WHERE ( user_id=80 )  [ RunTime:0.0010s ]
SQL: SELECT * FROM `wzry_hero` WHERE `hero_id` = 65 LIMIT 1   [ RunTime:0.0000s ]
SQL: SELECT * FROM `wzry_user` WHERE ( user_id=89 ) LIMIT 1   [ RunTime:0.0010s ]
SQL: SELECT * FROM `wzry_area` WHERE `area_id` = 16 LIMIT 1   [ RunTime:0.0000s ]
SQL: SELECT * FROM `wzry_account` WHERE `account_id` = 34 LIMIT 1   [ RunTime:0.0010s ]
SQL: SELECT * FROM `wzry_hero` WHERE `hero_id` = 109 LIMIT 1   [ RunTime:0.0010s ]
SQL: SELECT * FROM `wzry_hero` WHERE `hero_id` = 114 LIMIT 1   [ RunTime:0.0000s ]
SQL: SELECT * FROM `wzry_hero` WHERE `hero_id` = 115 LIMIT 1   [ RunTime:0.0010s ]
SQL: SELECT * FROM `wzry_hero` WHERE `hero_id` = 58 LIMIT 1   [ RunTime:0.0000s ]
SQL: SELECT * FROM `wzry_hero` WHERE `hero_id` = 118 LIMIT 1   [ RunTime:0.0000s ]
SQL: SELECT * FROM `wzry_hero` WHERE `hero_id` = 119 LIMIT 1   [ RunTime:0.0000s ]
SQL: SELECT * FROM `wzry_hero` WHERE `hero_id` = 116 LIMIT 1   [ RunTime:0.0000s ]
SQL: SELECT * FROM `wzry_main_hero` WHERE ( user_id=89 )  [ RunTime:0.0010s ]
SQL: SELECT * FROM `wzry_hero` WHERE `hero_id` = 58 LIMIT 1   [ RunTime:0.0000s ]
SQL: SELECT * FROM `wzry_hero` WHERE `hero_id` = 109 LIMIT 1   [ RunTime:0.0010s ]
SQL: SELECT * FROM `wzry_user` WHERE ( user_id=92 ) LIMIT 1   [ RunTime:0.0000s ]
SQL: SELECT * FROM `wzry_area` WHERE `area_id` = 17 LIMIT 1   [ RunTime:0.0010s ]
SQL: SELECT * FROM `wzry_account` WHERE `account_id` = 34 LIMIT 1   [ RunTime:0.0000s ]
SQL: SELECT * FROM `wzry_hero` WHERE `hero_id` = 114 LIMIT 1   [ RunTime:0.0010s ]
SQL: SELECT * FROM `wzry_hero` WHERE `hero_id` = 115 LIMIT 1   [ RunTime:0.0000s ]
SQL: SELECT * FROM `wzry_hero` WHERE `hero_id` = 61 LIMIT 1   [ RunTime:0.0010s ]
SQL: SELECT * FROM `wzry_hero` WHERE `hero_id` = 103 LIMIT 1   [ RunTime:0.0000s ]
SQL: SELECT * FROM `wzry_hero` WHERE `hero_id` = 118 LIMIT 1   [ RunTime:0.0010s ]
SQL: SELECT * FROM `wzry_hero` WHERE `hero_id` = 119 LIMIT 1   [ RunTime:0.0000s ]
SQL: SELECT * FROM `wzry_main_hero` WHERE ( user_id=92 )  [ RunTime:0.0010s ]
SQL: SELECT * FROM `wzry_hero` WHERE `hero_id` = 103 LIMIT 1   [ RunTime:0.0000s ]
SQL: SELECT * FROM `wzry_user` WHERE ( user_id=91 ) LIMIT 1   [ RunTime:0.0010s ]
SQL: SELECT * FROM `wzry_area` WHERE `area_id` = 18 LIMIT 1   [ RunTime:0.0000s ]
SQL: SELECT * FROM `wzry_account` WHERE `account_id` = 34 LIMIT 1   [ RunTime:0.0010s ]
SQL: SELECT * FROM `wzry_hero` WHERE `hero_id` = 55 LIMIT 1   [ RunTime:0.0000s ]
SQL: SELECT * FROM `wzry_hero` WHERE `hero_id` = 114 LIMIT 1   [ RunTime:0.0000s ]
SQL: SELECT * FROM `wzry_hero` WHERE `hero_id` = 115 LIMIT 1   [ RunTime:0.0000s ]
SQL: SELECT * FROM `wzry_hero` WHERE `hero_id` = 93 LIMIT 1   [ RunTime:0.0000s ]
SQL: SELECT * FROM `wzry_hero` WHERE `hero_id` = 118 LIMIT 1   [ RunTime:0.0000s ]
SQL: SELECT * FROM `wzry_hero` WHERE `hero_id` = 119 LIMIT 1   [ RunTime:0.0000s ]
SQL: SELECT * FROM `wzry_main_hero` WHERE ( user_id=91 )  [ RunTime:0.0000s ]
SQL: SELECT * FROM `wzry_hero` WHERE `hero_id` = 93 LIMIT 1   [ RunTime:0.0000s ]
SQL: SELECT * FROM `wzry_user` WHERE ( user_id=90 ) LIMIT 1   [ RunTime:0.0000s ]
SQL: SELECT * FROM `wzry_area` WHERE `area_id` = 19 LIMIT 1   [ RunTime:0.0010s ]
SQL: SELECT * FROM `wzry_account` WHERE `account_id` = 34 LIMIT 1   [ RunTime:0.0000s ]
SQL: SELECT * FROM `wzry_hero` WHERE `hero_id` = 65 LIMIT 1   [ RunTime:0.0000s ]
SQL: SELECT * FROM `wzry_hero` WHERE `hero_id` = 114 LIMIT 1   [ RunTime:0.0000s ]
SQL: SELECT * FROM `wzry_hero` WHERE `hero_id` = 115 LIMIT 1   [ RunTime:0.0010s ]
SQL: SELECT * FROM `wzry_hero` WHERE `hero_id` = 84 LIMIT 1   [ RunTime:0.0000s ]
SQL: SELECT * FROM `wzry_hero` WHERE `hero_id` = 118 LIMIT 1   [ RunTime:0.0010s ]
SQL: SELECT * FROM `wzry_hero` WHERE `hero_id` = 119 LIMIT 1   [ RunTime:0.0000s ]
SQL: SELECT * FROM `wzry_main_hero` WHERE ( user_id=90 )  [ RunTime:0.0010s ]
SQL: SELECT * FROM `wzry_hero` WHERE `hero_id` = 84 LIMIT 1   [ RunTime:0.0000s ]
SQL: SELECT * FROM `wzry_user` WHERE ( user_id=93 ) LIMIT 1   [ RunTime:0.0010s ]
SQL: SELECT * FROM `wzry_area` WHERE `area_id` = 20 LIMIT 1   [ RunTime:0.0000s ]
SQL: SELECT * FROM `wzry_account` WHERE `account_id` = 34 LIMIT 1   [ RunTime:0.0010s ]
SQL: SELECT * FROM `wzry_hero` WHERE `hero_id` = 114 LIMIT 1   [ RunTime:0.0000s ]
SQL: SELECT * FROM `wzry_hero` WHERE `hero_id` = 115 LIMIT 1   [ RunTime:0.0010s ]
SQL: SELECT * FROM `wzry_hero` WHERE `hero_id` = 118 LIMIT 1   [ RunTime:0.0000s ]
SQL: SELECT * FROM `wzry_hero` WHERE `hero_id` = 119 LIMIT 1   [ RunTime:0.0010s ]
SQL: SELECT * FROM `wzry_main_hero` WHERE ( user_id=93 )  [ RunTime:0.0000s ]
SQL: SELECT * FROM `wzry_user` WHERE ( user_id=85 ) LIMIT 1   [ RunTime:0.0010s ]
SQL: SELECT * FROM `wzry_area` WHERE `area_id` = 16 LIMIT 1   [ RunTime:0.0000s ]
SQL: SELECT * FROM `wzry_account` WHERE `account_id` = 35 LIMIT 1   [ RunTime:0.0000s ]
SQL: SELECT * FROM `wzry_hero` WHERE `hero_id` = 114 LIMIT 1   [ RunTime:0.0000s ]
SQL: SELECT * FROM `wzry_hero` WHERE `hero_id` = 115 LIMIT 1   [ RunTime:0.0000s ]
SQL: SELECT * FROM `wzry_hero` WHERE `hero_id` = 118 LIMIT 1   [ RunTime:0.0000s ]
SQL: SELECT * FROM `wzry_hero` WHERE `hero_id` = 119 LIMIT 1   [ RunTime:0.0000s ]
SQL: SELECT * FROM `wzry_hero` WHERE `hero_id` = 107 LIMIT 1   [ RunTime:0.0000s ]
SQL: SELECT * FROM `wzry_main_hero` WHERE ( user_id=85 )  [ RunTime:0.0000s ]
SQL: SELECT * FROM `wzry_hero` WHERE `hero_id` = 107 LIMIT 1   [ RunTime:0.0010s ]
SQL: SELECT * FROM `wzry_user` WHERE ( user_id=88 ) LIMIT 1   [ RunTime:0.0010s ]
SQL: SELECT * FROM `wzry_area` WHERE `area_id` = 17 LIMIT 1   [ RunTime:0.0000s ]
SQL: SELECT * FROM `wzry_account` WHERE `account_id` = 35 LIMIT 1   [ RunTime:0.0010s ]
SQL: SELECT * FROM `wzry_hero` WHERE `hero_id` = 114 LIMIT 1   [ RunTime:0.0000s ]
SQL: SELECT * FROM `wzry_hero` WHERE `hero_id` = 115 LIMIT 1   [ RunTime:0.0010s ]
SQL: SELECT * FROM `wzry_hero` WHERE `hero_id` = 118 LIMIT 1   [ RunTime:0.0000s ]
SQL: SELECT * FROM `wzry_hero` WHERE `hero_id` = 119 LIMIT 1   [ RunTime:0.0010s ]
SQL: SELECT * FROM `wzry_main_hero` WHERE ( user_id=88 )  [ RunTime:0.0000s ]
SQL: SELECT * FROM `wzry_user` WHERE ( user_id=87 ) LIMIT 1   [ RunTime:0.0010s ]
SQL: SELECT * FROM `wzry_area` WHERE `area_id` = 18 LIMIT 1   [ RunTime:0.0000s ]
SQL: SELECT * FROM `wzry_account` WHERE `account_id` = 35 LIMIT 1   [ RunTime:0.0010s ]
SQL: SELECT * FROM `wzry_hero` WHERE `hero_id` = 114 LIMIT 1   [ RunTime:0.0000s ]
SQL: SELECT * FROM `wzry_hero` WHERE `hero_id` = 115 LIMIT 1   [ RunTime:0.0010s ]
SQL: SELECT * FROM `wzry_hero` WHERE `hero_id` = 96 LIMIT 1   [ RunTime:0.0000s ]
SQL: SELECT * FROM `wzry_hero` WHERE `hero_id` = 118 LIMIT 1   [ RunTime:0.0010s ]
SQL: SELECT * FROM `wzry_hero` WHERE `hero_id` = 119 LIMIT 1   [ RunTime:0.0000s ]
SQL: SELECT * FROM `wzry_main_hero` WHERE ( user_id=87 )  [ RunTime:0.0010s ]
SQL: SELECT * FROM `wzry_hero` WHERE `hero_id` = 96 LIMIT 1   [ RunTime:0.0000s ]
SQL: SELECT * FROM `wzry_user` WHERE ( user_id=83 ) LIMIT 1   [ RunTime:0.0000s ]
SQL: SELECT * FROM `wzry_area` WHERE `area_id` = 19 LIMIT 1   [ RunTime:0.0000s ]
SQL: SELECT * FROM `wzry_account` WHERE `account_id` = 35 LIMIT 1   [ RunTime:0.0000s ]
SQL: SELECT * FROM `wzry_hero` WHERE `hero_id` = 94 LIMIT 1   [ RunTime:0.0000s ]
SQL: SELECT * FROM `wzry_hero` WHERE `hero_id` = 114 LIMIT 1   [ RunTime:0.0000s ]
SQL: SELECT * FROM `wzry_hero` WHERE `hero_id` = 115 LIMIT 1   [ RunTime:0.0010s ]
SQL: SELECT * FROM `wzry_hero` WHERE `hero_id` = 118 LIMIT 1   [ RunTime:0.0000s ]
SQL: SELECT * FROM `wzry_hero` WHERE `hero_id` = 119 LIMIT 1   [ RunTime:0.0010s ]
SQL: SELECT * FROM `wzry_main_hero` WHERE ( user_id=83 )  [ RunTime:0.0000s ]
SQL: SELECT * FROM `wzry_hero` WHERE `hero_id` = 94 LIMIT 1   [ RunTime:0.0010s ]
SQL: SELECT * FROM `wzry_user` WHERE ( user_id=86 ) LIMIT 1   [ RunTime:0.0000s ]
SQL: SELECT * FROM `wzry_area` WHERE `area_id` = 19 LIMIT 1   [ RunTime:0.0010s ]
SQL: SELECT * FROM `wzry_account` WHERE `account_id` = 35 LIMIT 1   [ RunTime:0.0000s ]
SQL: SELECT * FROM `wzry_hero` WHERE `hero_id` = 114 LIMIT 1   [ RunTime:0.0000s ]
SQL: SELECT * FROM `wzry_hero` WHERE `hero_id` = 115 LIMIT 1   [ RunTime:0.0010s ]
SQL: SELECT * FROM `wzry_hero` WHERE `hero_id` = 118 LIMIT 1   [ RunTime:0.0000s ]
SQL: SELECT * FROM `wzry_hero` WHERE `hero_id` = 119 LIMIT 1   [ RunTime:0.0000s ]
SQL: SELECT * FROM `wzry_main_hero` WHERE ( user_id=86 )  [ RunTime:0.0000s ]
SQL: SELECT * FROM `wzry_user` WHERE ( user_id=84 ) LIMIT 1   [ RunTime:0.0000s ]
SQL: SELECT * FROM `wzry_area` WHERE `area_id` = 22 LIMIT 1   [ RunTime:0.0010s ]
SQL: SELECT * FROM `wzry_account` WHERE `account_id` = 35 LIMIT 1   [ RunTime:0.0000s ]
SQL: SELECT * FROM `wzry_hero` WHERE `hero_id` = 55 LIMIT 1   [ RunTime:0.0010s ]
SQL: SELECT * FROM `wzry_hero` WHERE `hero_id` = 115 LIMIT 1   [ RunTime:0.0000s ]
SQL: SELECT * FROM `wzry_hero` WHERE `hero_id` = 54 LIMIT 1   [ RunTime:0.0010s ]
SQL: SELECT * FROM `wzry_hero` WHERE `hero_id` = 118 LIMIT 1   [ RunTime:0.0000s ]
SQL: SELECT * FROM `wzry_hero` WHERE `hero_id` = 119 LIMIT 1   [ RunTime:0.0010s ]
SQL: SELECT * FROM `wzry_main_hero` WHERE ( user_id=84 )  [ RunTime:0.0000s ]
SQL: SELECT * FROM `wzry_user` WHERE ( user_id=95 ) LIMIT 1   [ RunTime:0.0010s ]
SQL: SELECT * FROM `wzry_area` WHERE `area_id` = 16 LIMIT 1   [ RunTime:0.0000s ]
SQL: SELECT * FROM `wzry_account` WHERE `account_id` = 36 LIMIT 1   [ RunTime:0.0010s ]
SQL: SELECT * FROM `wzry_hero` WHERE `hero_id` = 114 LIMIT 1   [ RunTime:0.0000s ]
SQL: SELECT * FROM `wzry_hero` WHERE `hero_id` = 115 LIMIT 1   [ RunTime:0.0000s ]
SQL: SELECT * FROM `wzry_hero` WHERE `hero_id` = 85 LIMIT 1   [ RunTime:0.0010s ]
SQL: SELECT * FROM `wzry_hero` WHERE `hero_id` = 66 LIMIT 1   [ RunTime:0.0000s ]
SQL: SELECT * FROM `wzry_hero` WHERE `hero_id` = 118 LIMIT 1   [ RunTime:0.0010s ]
SQL: SELECT * FROM `wzry_hero` WHERE `hero_id` = 119 LIMIT 1   [ RunTime:0.0000s ]
SQL: SELECT * FROM `wzry_main_hero` WHERE ( user_id=95 )  [ RunTime:0.0010s ]
SQL: SELECT * FROM `wzry_hero` WHERE `hero_id` = 66 LIMIT 1   [ RunTime:0.0000s ]
SQL: SELECT * FROM `wzry_hero` WHERE `hero_id` = 85 LIMIT 1   [ RunTime:0.0010s ]
SQL: SELECT * FROM `wzry_user` WHERE ( user_id=97 ) LIMIT 1   [ RunTime:0.0000s ]
SQL: SELECT * FROM `wzry_area` WHERE `area_id` = 17 LIMIT 1   [ RunTime:0.0000s ]
SQL: SELECT * FROM `wzry_account` WHERE `account_id` = 36 LIMIT 1   [ RunTime:0.0000s ]
SQL: SELECT * FROM `wzry_hero` WHERE `hero_id` = 114 LIMIT 1   [ RunTime:0.0000s ]
SQL: SELECT * FROM `wzry_hero` WHERE `hero_id` = 115 LIMIT 1   [ RunTime:0.0000s ]
SQL: SELECT * FROM `wzry_hero` WHERE `hero_id` = 71 LIMIT 1   [ RunTime:0.0000s ]
SQL: SELECT * FROM `wzry_hero` WHERE `hero_id` = 118 LIMIT 1   [ RunTime:0.0000s ]
SQL: SELECT * FROM `wzry_hero` WHERE `hero_id` = 119 LIMIT 1   [ RunTime:0.0000s ]
SQL: SELECT * FROM `wzry_main_hero` WHERE ( user_id=97 )  [ RunTime:0.0000s ]
SQL: SELECT * FROM `wzry_hero` WHERE `hero_id` = 71 LIMIT 1   [ RunTime:0.0000s ]
SQL: SELECT * FROM `wzry_user` WHERE ( user_id=94 ) LIMIT 1   [ RunTime:0.0010s ]
SQL: SELECT * FROM `wzry_area` WHERE `area_id` = 18 LIMIT 1   [ RunTime:0.0000s ]
SQL: SELECT * FROM `wzry_account` WHERE `account_id` = 36 LIMIT 1   [ RunTime:0.0010s ]
SQL: SELECT * FROM `wzry_hero` WHERE `hero_id` = 122 LIMIT 1   [ RunTime:0.0000s ]
SQL: SELECT * FROM `wzry_hero` WHERE `hero_id` = 55 LIMIT 1   [ RunTime:0.0000s ]
SQL: SELECT * FROM `wzry_hero` WHERE `hero_id` = 76 LIMIT 1   [ RunTime:0.0000s ]
SQL: SELECT * FROM `wzry_hero` WHERE `hero_id` = 95 LIMIT 1   [ RunTime:0.0000s ]
SQL: SELECT * FROM `wzry_hero` WHERE `hero_id` = 114 LIMIT 1   [ RunTime:0.0000s ]
SQL: SELECT * FROM `wzry_hero` WHERE `hero_id` = 115 LIMIT 1   [ RunTime:0.0000s ]
SQL: SELECT * FROM `wzry_hero` WHERE `hero_id` = 56 LIMIT 1   [ RunTime:0.0000s ]
SQL: SELECT * FROM `wzry_hero` WHERE `hero_id` = 54 LIMIT 1   [ RunTime:0.0000s ]
SQL: SELECT * FROM `wzry_hero` WHERE `hero_id` = 98 LIMIT 1   [ RunTime:0.0010s ]
SQL: SELECT * FROM `wzry_hero` WHERE `hero_id` = 118 LIMIT 1   [ RunTime:0.0000s ]
SQL: SELECT * FROM `wzry_hero` WHERE `hero_id` = 119 LIMIT 1   [ RunTime:0.0010s ]
SQL: SELECT * FROM `wzry_main_hero` WHERE ( user_id=94 )  [ RunTime:0.0000s ]
SQL: SELECT * FROM `wzry_hero` WHERE `hero_id` = 76 LIMIT 1   [ RunTime:0.0010s ]
SQL: SELECT * FROM `wzry_hero` WHERE `hero_id` = 95 LIMIT 1   [ RunTime:0.0000s ]
SQL: SELECT * FROM `wzry_user` WHERE ( user_id=98 ) LIMIT 1   [ RunTime:0.0010s ]
SQL: SELECT * FROM `wzry_area` WHERE `area_id` = 19 LIMIT 1   [ RunTime:0.0000s ]
SQL: SELECT * FROM `wzry_account` WHERE `account_id` = 36 LIMIT 1   [ RunTime:0.0010s ]
SQL: SELECT * FROM `wzry_hero` WHERE `hero_id` = 114 LIMIT 1   [ RunTime:0.0000s ]
SQL: SELECT * FROM `wzry_hero` WHERE `hero_id` = 115 LIMIT 1   [ RunTime:0.0000s ]
SQL: SELECT * FROM `wzry_hero` WHERE `hero_id` = 118 LIMIT 1   [ RunTime:0.0000s ]
SQL: SELECT * FROM `wzry_hero` WHERE `hero_id` = 119 LIMIT 1   [ RunTime:0.0000s ]
SQL: SELECT * FROM `wzry_main_hero` WHERE ( user_id=98 )  [ RunTime:0.0000s ]
SQL: SELECT * FROM `wzry_user` WHERE ( user_id=96 ) LIMIT 1   [ RunTime:0.0000s ]
SQL: SELECT * FROM `wzry_area` WHERE `area_id` = 20 LIMIT 1   [ RunTime:0.0010s ]
SQL: SELECT * FROM `wzry_account` WHERE `account_id` = 36 LIMIT 1   [ RunTime:0.0000s ]
SQL: SELECT * FROM `wzry_hero` WHERE `hero_id` = 78 LIMIT 1   [ RunTime:0.0010s ]
SQL: SELECT * FROM `wzry_hero` WHERE `hero_id` = 114 LIMIT 1   [ RunTime:0.0000s ]
SQL: SELECT * FROM `wzry_hero` WHERE `hero_id` = 115 LIMIT 1   [ RunTime:0.0010s ]
SQL: SELECT * FROM `wzry_hero` WHERE `hero_id` = 118 LIMIT 1   [ RunTime:0.0000s ]
SQL: SELECT * FROM `wzry_hero` WHERE `hero_id` = 119 LIMIT 1   [ RunTime:0.0010s ]
SQL: SELECT * FROM `wzry_main_hero` WHERE ( user_id=96 )  [ RunTime:0.0000s ]
SQL: SELECT * FROM `wzry_hero` WHERE `hero_id` = 78 LIMIT 1   [ RunTime:0.0010s ]
SQL: SELECT * FROM `wzry_user` WHERE ( user_id=100 ) LIMIT 1   [ RunTime:0.0000s ]
SQL: SELECT * FROM `wzry_area` WHERE `area_id` = 16 LIMIT 1   [ RunTime:0.0010s ]
SQL: SELECT * FROM `wzry_account` WHERE `account_id` = 38 LIMIT 1   [ RunTime:0.0000s ]
SQL: SELECT * FROM `wzry_hero` WHERE `hero_id` = 114 LIMIT 1   [ RunTime:0.0000s ]
SQL: SELECT * FROM `wzry_hero` WHERE `hero_id` = 115 LIMIT 1   [ RunTime:0.0000s ]
SQL: SELECT * FROM `wzry_hero` WHERE `hero_id` = 118 LIMIT 1   [ RunTime:0.0000s ]
SQL: SELECT * FROM `wzry_hero` WHERE `hero_id` = 119 LIMIT 1   [ RunTime:0.0000s ]
SQL: SELECT * FROM `wzry_hero` WHERE `hero_id` = 112 LIMIT 1   [ RunTime:0.0000s ]
SQL: SELECT * FROM `wzry_main_hero` WHERE ( user_id=100 )  [ RunTime:0.0010s ]
SQL: SELECT * FROM `wzry_hero` WHERE `hero_id` = 112 LIMIT 1   [ RunTime:0.0000s ]
SQL: SELECT * FROM `wzry_user` WHERE ( user_id=99 ) LIMIT 1   [ RunTime:0.0010s ]
SQL: SELECT * FROM `wzry_area` WHERE `area_id` = 17 LIMIT 1   [ RunTime:0.0000s ]
SQL: SELECT * FROM `wzry_account` WHERE `account_id` = 38 LIMIT 1   [ RunTime:0.0010s ]
SQL: SELECT * FROM `wzry_hero` WHERE `hero_id` = 55 LIMIT 1   [ RunTime:0.0000s ]
SQL: SELECT * FROM `wzry_hero` WHERE `hero_id` = 65 LIMIT 1   [ RunTime:0.0000s ]
SQL: SELECT * FROM `wzry_hero` WHERE `hero_id` = 69 LIMIT 1   [ RunTime:0.0000s ]
SQL: SELECT * FROM `wzry_hero` WHERE `hero_id` = 97 LIMIT 1   [ RunTime:0.0010s ]
SQL: SELECT * FROM `wzry_hero` WHERE `hero_id` = 114 LIMIT 1   [ RunTime:0.0000s ]
SQL: SELECT * FROM `wzry_hero` WHERE `hero_id` = 115 LIMIT 1   [ RunTime:0.0000s ]
SQL: SELECT * FROM `wzry_hero` WHERE `hero_id` = 60 LIMIT 1   [ RunTime:0.0000s ]
SQL: SELECT * FROM `wzry_hero` WHERE `hero_id` = 61 LIMIT 1   [ RunTime:0.0000s ]
SQL: SELECT * FROM `wzry_hero` WHERE `hero_id` = 56 LIMIT 1   [ RunTime:0.0000s ]
SQL: SELECT * FROM `wzry_hero` WHERE `hero_id` = 58 LIMIT 1   [ RunTime:0.0000s ]
SQL: SELECT * FROM `wzry_hero` WHERE `hero_id` = 54 LIMIT 1   [ RunTime:0.0010s ]
SQL: SELECT * FROM `wzry_hero` WHERE `hero_id` = 98 LIMIT 1   [ RunTime:0.0000s ]
SQL: SELECT * FROM `wzry_hero` WHERE `hero_id` = 118 LIMIT 1   [ RunTime:0.0000s ]
SQL: SELECT * FROM `wzry_hero` WHERE `hero_id` = 119 LIMIT 1   [ RunTime:0.0000s ]
SQL: SELECT * FROM `wzry_main_hero` WHERE ( user_id=99 )  [ RunTime:0.0010s ]
SQL: SELECT * FROM `wzry_hero` WHERE `hero_id` = 60 LIMIT 1   [ RunTime:0.0000s ]
SQL: SELECT * FROM `wzry_hero` WHERE `hero_id` = 69 LIMIT 1   [ RunTime:0.0010s ]
SQL: SELECT * FROM `wzry_hero` WHERE `hero_id` = 97 LIMIT 1   [ RunTime:0.0000s ]
SQL: SELECT * FROM `wzry_user` WHERE ( user_id=102 ) LIMIT 1   [ RunTime:0.0010s ]
SQL: SELECT * FROM `wzry_area` WHERE `area_id` = 18 LIMIT 1   [ RunTime:0.0000s ]
SQL: SELECT * FROM `wzry_account` WHERE `account_id` = 38 LIMIT 1   [ RunTime:0.0000s ]
SQL: SELECT * FROM `wzry_hero` WHERE `hero_id` = 55 LIMIT 1   [ RunTime:0.0000s ]
SQL: SELECT * FROM `wzry_hero` WHERE `hero_id` = 114 LIMIT 1   [ RunTime:0.0000s ]
SQL: SELECT * FROM `wzry_hero` WHERE `hero_id` = 115 LIMIT 1   [ RunTime:0.0000s ]
SQL: SELECT * FROM `wzry_hero` WHERE `hero_id` = 75 LIMIT 1   [ RunTime:0.0000s ]
SQL: SELECT * FROM `wzry_hero` WHERE `hero_id` = 118 LIMIT 1   [ RunTime:0.0000s ]
SQL: SELECT * FROM `wzry_hero` WHERE `hero_id` = 119 LIMIT 1   [ RunTime:0.0000s ]
SQL: SELECT * FROM `wzry_main_hero` WHERE ( user_id=102 )  [ RunTime:0.0000s ]
SQL: SELECT * FROM `wzry_hero` WHERE `hero_id` = 75 LIMIT 1   [ RunTime:0.0000s ]
SQL: SELECT * FROM `wzry_user` WHERE ( user_id=101 ) LIMIT 1   [ RunTime:0.0010s ]
SQL: SELECT * FROM `wzry_area` WHERE `area_id` = 19 LIMIT 1   [ RunTime:0.0000s ]
SQL: SELECT * FROM `wzry_account` WHERE `account_id` = 38 LIMIT 1   [ RunTime:0.0010s ]
SQL: SELECT * FROM `wzry_hero` WHERE `hero_id` = 114 LIMIT 1   [ RunTime:0.0000s ]
SQL: SELECT * FROM `wzry_hero` WHERE `hero_id` = 115 LIMIT 1   [ RunTime:0.0010s ]
SQL: SELECT * FROM `wzry_hero` WHERE `hero_id` = 118 LIMIT 1   [ RunTime:0.0000s ]
SQL: SELECT * FROM `wzry_hero` WHERE `hero_id` = 119 LIMIT 1   [ RunTime:0.0010s ]
SQL: SELECT * FROM `wzry_main_hero` WHERE ( user_id=101 )  [ RunTime:0.0000s ]
SQL: SELECT * FROM `wzry_user` WHERE ( user_id=103 ) LIMIT 1   [ RunTime:0.0010s ]
SQL: SELECT * FROM `wzry_area` WHERE `area_id` = 20 LIMIT 1   [ RunTime:0.0000s ]
SQL: SELECT * FROM `wzry_account` WHERE `account_id` = 38 LIMIT 1   [ RunTime:0.0010s ]
SQL: SELECT * FROM `wzry_hero` WHERE `hero_id` = 114 LIMIT 1   [ RunTime:0.0000s ]
SQL: SELECT * FROM `wzry_hero` WHERE `hero_id` = 115 LIMIT 1   [ RunTime:0.0000s ]
SQL: SELECT * FROM `wzry_hero` WHERE `hero_id` = 118 LIMIT 1   [ RunTime:0.0010s ]
SQL: SELECT * FROM `wzry_hero` WHERE `hero_id` = 119 LIMIT 1   [ RunTime:0.0000s ]
SQL: SELECT * FROM `wzry_main_hero` WHERE ( user_id=103 )  [ RunTime:0.0010s ]
INFO: [ view_parse ] --START--
INFO: [ template_filter ] --START--
INFO: Run Behavior\ContentReplaceBehavior [ RunTime:0.000000s ]
INFO: [ template_filter ] --END-- [ RunTime:0.000000s ]
INFO: Run Behavior\ParseTemplateBehavior [ RunTime:0.056003s ]
INFO: [ view_parse ] --END-- [ RunTime:0.056003s ]
INFO: [ view_filter ] --START--
INFO: Run Behavior\WriteHtmlCacheBehavior [ RunTime:0.002000s ]
INFO: [ view_filter ] --END-- [ RunTime:0.002000s ]
INFO: [ app_end ] --START--
INFO: Run Behavior\ShowPageTraceBehavior [ RunTime:0.002000s ]
INFO: [ app_end ] --END-- [ RunTime:0.003000s ]

[ 2017-09-27T13:17:13+08:00 ] ::1 /wzry/index.php?s=/Main/Hero/showAll.html
INFO: [ app_init ] --START--
INFO: Run Behavior\BuildLiteBehavior [ RunTime:0.000000s ]
INFO: [ app_init ] --END-- [ RunTime:0.001000s ]
INFO: [ app_begin ] --START--
INFO: Run Behavior\ReadHtmlCacheBehavior [ RunTime:0.000000s ]
INFO: [ app_begin ] --END-- [ RunTime:0.000000s ]
SQL: SHOW COLUMNS FROM `wzry_user_hero` [ RunTime:0.0130s ]
SQL: SHOW COLUMNS FROM `wzry_hero` [ RunTime:0.0170s ]
SQL: SELECT * FROM `wzry_hero` ORDER BY hero_type, money  [ RunTime:0.0020s ]
SQL: SELECT * FROM `wzry_user_hero` WHERE ( hero_id=124 )  [ RunTime:0.0000s ]
SQL: SELECT * FROM `wzry_user_hero` WHERE ( hero_id=74 )  [ RunTime:0.0010s ]
SQL: SELECT * FROM `wzry_user_hero` WHERE ( hero_id=81 )  [ RunTime:0.0000s ]
SQL: SELECT * FROM `wzry_user_hero` WHERE ( hero_id=94 )  [ RunTime:0.0000s ]
SQL: SELECT * FROM `wzry_user_hero` WHERE ( hero_id=109 )  [ RunTime:0.0000s ]
SQL: SELECT * FROM `wzry_user_hero` WHERE ( hero_id=110 )  [ RunTime:0.0000s ]
SQL: SELECT * FROM `wzry_user_hero` WHERE ( hero_id=113 )  [ RunTime:0.0000s ]
SQL: SELECT * FROM `wzry_user_hero` WHERE ( hero_id=122 )  [ RunTime:0.0010s ]
SQL: SELECT * FROM `wzry_user_hero` WHERE ( hero_id=114 )  [ RunTime:0.0000s ]
SQL: SELECT * FROM `wzry_user_hero` WHERE ( hero_id=115 )  [ RunTime:0.0000s ]
SQL: SELECT * FROM `wzry_user_hero` WHERE ( hero_id=55 )  [ RunTime:0.0010s ]
SQL: SELECT * FROM `wzry_user_hero` WHERE ( hero_id=63 )  [ RunTime:0.0000s ]
SQL: SELECT * FROM `wzry_user_hero` WHERE ( hero_id=65 )  [ RunTime:0.0000s ]
SQL: SELECT * FROM `wzry_user_hero` WHERE ( hero_id=68 )  [ RunTime:0.0010s ]
SQL: SELECT * FROM `wzry_user_hero` WHERE ( hero_id=69 )  [ RunTime:0.0000s ]
SQL: SELECT * FROM `wzry_user_hero` WHERE ( hero_id=72 )  [ RunTime:0.0010s ]
SQL: SELECT * FROM `wzry_user_hero` WHERE ( hero_id=76 )  [ RunTime:0.0000s ]
SQL: SELECT * FROM `wzry_user_hero` WHERE ( hero_id=83 )  [ RunTime:0.0000s ]
SQL: SELECT * FROM `wzry_user_hero` WHERE ( hero_id=95 )  [ RunTime:0.0000s ]
SQL: SELECT * FROM `wzry_user_hero` WHERE ( hero_id=97 )  [ RunTime:0.0000s ]
SQL: SELECT * FROM `wzry_user_hero` WHERE ( hero_id=99 )  [ RunTime:0.0010s ]
SQL: SELECT * FROM `wzry_user_hero` WHERE ( hero_id=105 )  [ RunTime:0.0000s ]
SQL: SELECT * FROM `wzry_user_hero` WHERE ( hero_id=108 )  [ RunTime:0.0000s ]
SQL: SELECT * FROM `wzry_user_hero` WHERE ( hero_id=117 )  [ RunTime:0.0000s ]
SQL: SELECT * FROM `wzry_user_hero` WHERE ( hero_id=120 )  [ RunTime:0.0000s ]
SQL: SELECT * FROM `wzry_user_hero` WHERE ( hero_id=60 )  [ RunTime:0.0010s ]
SQL: SELECT * FROM `wzry_user_hero` WHERE ( hero_id=61 )  [ RunTime:0.0000s ]
SQL: SELECT * FROM `wzry_user_hero` WHERE ( hero_id=78 )  [ RunTime:0.0010s ]
SQL: SELECT * FROM `wzry_user_hero` WHERE ( hero_id=79 )  [ RunTime:0.0000s ]
SQL: SELECT * FROM `wzry_user_hero` WHERE ( hero_id=88 )  [ RunTime:0.0000s ]
SQL: SELECT * FROM `wzry_user_hero` WHERE ( hero_id=56 )  [ RunTime:0.0000s ]
SQL: SELECT * FROM `wzry_user_hero` WHERE ( hero_id=58 )  [ RunTime:0.0000s ]
SQL: SELECT * FROM `wzry_user_hero` WHERE ( hero_id=64 )  [ RunTime:0.0010s ]
SQL: SELECT * FROM `wzry_user_hero` WHERE ( hero_id=67 )  [ RunTime:0.0000s ]
SQL: SELECT * FROM `wzry_user_hero` WHERE ( hero_id=70 )  [ RunTime:0.0010s ]
SQL: SELECT * FROM `wzry_user_hero` WHERE ( hero_id=77 )  [ RunTime:0.0000s ]
SQL: SELECT * FROM `wzry_user_hero` WHERE ( hero_id=80 )  [ RunTime:0.0000s ]
SQL: SELECT * FROM `wzry_user_hero` WHERE ( hero_id=84 )  [ RunTime:0.0010s ]
SQL: SELECT * FROM `wzry_user_hero` WHERE ( hero_id=85 )  [ RunTime:0.0000s ]
SQL: SELECT * FROM `wzry_user_hero` WHERE ( hero_id=93 )  [ RunTime:0.0010s ]
SQL: SELECT * FROM `wzry_user_hero` WHERE ( hero_id=103 )  [ RunTime:0.0000s ]
SQL: SELECT * FROM `wzry_user_hero` WHERE ( hero_id=118 )  [ RunTime:0.0010s ]
SQL: SELECT * FROM `wzry_user_hero` WHERE ( hero_id=119 )  [ RunTime:0.0010s ]
SQL: SELECT * FROM `wzry_user_hero` WHERE ( hero_id=54 )  [ RunTime:0.0000s ]
SQL: SELECT * FROM `wzry_user_hero` WHERE ( hero_id=57 )  [ RunTime:0.0000s ]
SQL: SELECT * FROM `wzry_user_hero` WHERE ( hero_id=62 )  [ RunTime:0.0010s ]
SQL: SELECT * FROM `wzry_user_hero` WHERE ( hero_id=66 )  [ RunTime:0.0000s ]
SQL: SELECT * FROM `wzry_user_hero` WHERE ( hero_id=71 )  [ RunTime:0.0010s ]
SQL: SELECT * FROM `wzry_user_hero` WHERE ( hero_id=73 )  [ RunTime:0.0000s ]
SQL: SELECT * FROM `wzry_user_hero` WHERE ( hero_id=75 )  [ RunTime:0.0000s ]
SQL: SELECT * FROM `wzry_user_hero` WHERE ( hero_id=86 )  [ RunTime:0.0000s ]
SQL: SELECT * FROM `wzry_user_hero` WHERE ( hero_id=87 )  [ RunTime:0.0010s ]
SQL: SELECT * FROM `wzry_user_hero` WHERE ( hero_id=90 )  [ RunTime:0.0000s ]
SQL: SELECT * FROM `wzry_user_hero` WHERE ( hero_id=92 )  [ RunTime:0.0010s ]
SQL: SELECT * FROM `wzry_user_hero` WHERE ( hero_id=96 )  [ RunTime:0.0000s ]
SQL: SELECT * FROM `wzry_user_hero` WHERE ( hero_id=98 )  [ RunTime:0.0010s ]
SQL: SELECT * FROM `wzry_user_hero` WHERE ( hero_id=100 )  [ RunTime:0.0000s ]
SQL: SELECT * FROM `wzry_user_hero` WHERE ( hero_id=104 )  [ RunTime:0.0000s ]
SQL: SELECT * FROM `wzry_user_hero` WHERE ( hero_id=106 )  [ RunTime:0.0010s ]
SQL: SELECT * FROM `wzry_user_hero` WHERE ( hero_id=59 )  [ RunTime:0.0000s ]
SQL: SELECT * FROM `wzry_user_hero` WHERE ( hero_id=82 )  [ RunTime:0.0010s ]
SQL: SELECT * FROM `wzry_user_hero` WHERE ( hero_id=89 )  [ RunTime:0.0000s ]
SQL: SELECT * FROM `wzry_user_hero` WHERE ( hero_id=91 )  [ RunTime:0.0000s ]
SQL: SELECT * FROM `wzry_user_hero` WHERE ( hero_id=101 )  [ RunTime:0.0000s ]
SQL: SELECT * FROM `wzry_user_hero` WHERE ( hero_id=102 )  [ RunTime:0.0010s ]
SQL: SELECT * FROM `wzry_user_hero` WHERE ( hero_id=107 )  [ RunTime:0.0000s ]
SQL: SELECT * FROM `wzry_user_hero` WHERE ( hero_id=111 )  [ RunTime:0.0010s ]
SQL: SELECT * FROM `wzry_user_hero` WHERE ( hero_id=112 )  [ RunTime:0.0000s ]
SQL: SELECT * FROM `wzry_user_hero` WHERE ( hero_id=116 )  [ RunTime:0.0000s ]
SQL: SELECT * FROM `wzry_user_hero` WHERE ( hero_id=121 )  [ RunTime:0.0000s ]
INFO: [ view_parse ] --START--
INFO: [ template_filter ] --START--
INFO: Run Behavior\ContentReplaceBehavior [ RunTime:0.000000s ]
INFO: [ template_filter ] --END-- [ RunTime:0.001000s ]
INFO: Run Behavior\ParseTemplateBehavior [ RunTime:0.024002s ]
INFO: [ view_parse ] --END-- [ RunTime:0.024002s ]
INFO: [ view_filter ] --START--
INFO: Run Behavior\WriteHtmlCacheBehavior [ RunTime:0.001000s ]
INFO: [ view_filter ] --END-- [ RunTime:0.001000s ]
INFO: [ app_end ] --START--
INFO: Run Behavior\ShowPageTraceBehavior [ RunTime:0.001000s ]
INFO: [ app_end ] --END-- [ RunTime:0.001000s ]

[ 2017-09-27T13:17:14+08:00 ] ::1 /wzry/index.php?s=/Main/Data/index.html
INFO: [ app_init ] --START--
INFO: Run Behavior\BuildLiteBehavior [ RunTime:0.001000s ]
INFO: [ app_init ] --END-- [ RunTime:0.001000s ]
INFO: [ app_begin ] --START--
INFO: Run Behavior\ReadHtmlCacheBehavior [ RunTime:0.001000s ]
INFO: [ app_begin ] --END-- [ RunTime:0.001000s ]
INFO: [ view_parse ] --START--
INFO: [ template_filter ] --START--
INFO: Run Behavior\ContentReplaceBehavior [ RunTime:0.000000s ]
INFO: [ template_filter ] --END-- [ RunTime:0.000000s ]
INFO: Run Behavior\ParseTemplateBehavior [ RunTime:0.007001s ]
INFO: [ view_parse ] --END-- [ RunTime:0.007001s ]
INFO: [ view_filter ] --START--
INFO: Run Behavior\WriteHtmlCacheBehavior [ RunTime:0.000000s ]
INFO: [ view_filter ] --END-- [ RunTime:0.000000s ]
INFO: [ app_end ] --START--
INFO: Run Behavior\ShowPageTraceBehavior [ RunTime:0.001000s ]
INFO: [ app_end ] --END-- [ RunTime:0.001000s ]

[ 2017-09-27T13:17:15+08:00 ] ::1 /wzry/index.php?s=/Main/Data/index.html
INFO: [ app_init ] --START--
INFO: Run Behavior\BuildLiteBehavior [ RunTime:0.000000s ]
INFO: [ app_init ] --END-- [ RunTime:0.001000s ]
INFO: [ app_begin ] --START--
INFO: Run Behavior\ReadHtmlCacheBehavior [ RunTime:0.000000s ]
INFO: [ app_begin ] --END-- [ RunTime:0.000000s ]
INFO: [ view_parse ] --START--
INFO: [ template_filter ] --START--
INFO: Run Behavior\ContentReplaceBehavior [ RunTime:0.000000s ]
INFO: [ template_filter ] --END-- [ RunTime:0.000000s ]
INFO: Run Behavior\ParseTemplateBehavior [ RunTime:0.006000s ]
INFO: [ view_parse ] --END-- [ RunTime:0.006000s ]
INFO: [ view_filter ] --START--
INFO: Run Behavior\WriteHtmlCacheBehavior [ RunTime:0.000000s ]
INFO: [ view_filter ] --END-- [ RunTime:0.000000s ]
INFO: [ app_end ] --START--
INFO: Run Behavior\ShowPageTraceBehavior [ RunTime:0.001000s ]
INFO: [ app_end ] --END-- [ RunTime:0.001000s ]

[ 2017-09-27T13:25:49+08:00 ] ::1 /wzry/index.php?s=/Main/Index/index.html
INFO: [ app_init ] --START--
INFO: Run Behavior\BuildLiteBehavior [ RunTime:0.000000s ]
INFO: [ app_init ] --END-- [ RunTime:0.000000s ]
INFO: [ app_begin ] --START--
INFO: Run Behavior\ReadHtmlCacheBehavior [ RunTime:0.000000s ]
INFO: [ app_begin ] --END-- [ RunTime:0.001000s ]
SQL: select * from wzry_update [ RunTime:0.0010s ]
SQL: select * from userview where type = 1 order by money DESC limit 10 [ RunTime:0.0020s ]
SQL: select * from userview where type = 2 order by money DESC limit 10 [ RunTime:0.0020s ]
SQL: select *, GROUP_CONCAT(hero_name) as having_hero from uhview where user_id not in (select user_id from wzry_main_hero) group by user_id [ RunTime:0.0040s ]
SQL: SHOW COLUMNS FROM `wzry_hero` [ RunTime:0.0110s ]
SQL: select * from wzry_hero where hero_id not in (select hero_id from wzry_user_hero) [ RunTime:0.0060s ]
SQL: select * from userview where type=1 order by diamond desc limit 10 [ RunTime:0.0030s ]
SQL: select * from userview where type=2 order by diamond desc limit 10 [ RunTime:0.0020s ]
SQL: select * from userview where type=1 order by level desc limit 10 [ RunTime:0.0010s ]
SQL: select * from userview where type=2 order by level desc limit 10 [ RunTime:0.0010s ]
INFO: [ view_parse ] --START--
INFO: [ template_filter ] --START--
INFO: Run Behavior\ContentReplaceBehavior [ RunTime:0.000000s ]
INFO: [ template_filter ] --END-- [ RunTime:0.000000s ]
INFO: Run Behavior\ParseTemplateBehavior [ RunTime:0.015001s ]
INFO: [ view_parse ] --END-- [ RunTime:0.015001s ]
INFO: [ view_filter ] --START--
INFO: Run Behavior\WriteHtmlCacheBehavior [ RunTime:0.001000s ]
INFO: [ view_filter ] --END-- [ RunTime:0.001000s ]
INFO: [ app_end ] --START--
INFO: Run Behavior\ShowPageTraceBehavior [ RunTime:0.001000s ]
INFO: [ app_end ] --END-- [ RunTime:0.001000s ]

[ 2017-09-27T13:25:50+08:00 ] ::1 /wzry/index.php?s=/Main/Account/showAll.html
INFO: [ app_init ] --START--
INFO: Run Behavior\BuildLiteBehavior [ RunTime:0.000000s ]
INFO: [ app_init ] --END-- [ RunTime:0.001000s ]
INFO: [ app_begin ] --START--
INFO: Run Behavior\ReadHtmlCacheBehavior [ RunTime:0.000000s ]
INFO: [ app_begin ] --END-- [ RunTime:0.000000s ]
SQL: SHOW COLUMNS FROM `wzry_account` [ RunTime:0.0120s ]
SQL: SELECT * FROM `wzry_account` ORDER BY type, account  [ RunTime:0.0020s ]
SQL: SHOW COLUMNS FROM `wzry_user` [ RunTime:0.0110s ]
SQL: SELECT COUNT(*) AS tp_count FROM `wzry_user` WHERE ( account_id=32 ) LIMIT 1   [ RunTime:0.0010s ]
SQL: SELECT COUNT(*) AS tp_count FROM `wzry_user` WHERE ( account_id=41 ) LIMIT 1   [ RunTime:0.0020s ]
SQL: SELECT COUNT(*) AS tp_count FROM `wzry_user` WHERE ( account_id=40 ) LIMIT 1   [ RunTime:0.0010s ]
SQL: SELECT COUNT(*) AS tp_count FROM `wzry_user` WHERE ( account_id=31 ) LIMIT 1   [ RunTime:0.0000s ]
SQL: SELECT COUNT(*) AS tp_count FROM `wzry_user` WHERE ( account_id=30 ) LIMIT 1   [ RunTime:0.0010s ]
SQL: SELECT COUNT(*) AS tp_count FROM `wzry_user` WHERE ( account_id=27 ) LIMIT 1   [ RunTime:0.0010s ]
SQL: SELECT COUNT(*) AS tp_count FROM `wzry_user` WHERE ( account_id=28 ) LIMIT 1   [ RunTime:0.0000s ]
SQL: SELECT COUNT(*) AS tp_count FROM `wzry_user` WHERE ( account_id=29 ) LIMIT 1   [ RunTime:0.0000s ]
SQL: SELECT COUNT(*) AS tp_count FROM `wzry_user` WHERE ( account_id=35 ) LIMIT 1   [ RunTime:0.0010s ]
SQL: SELECT COUNT(*) AS tp_count FROM `wzry_user` WHERE ( account_id=37 ) LIMIT 1   [ RunTime:0.0010s ]
SQL: SELECT COUNT(*) AS tp_count FROM `wzry_user` WHERE ( account_id=34 ) LIMIT 1   [ RunTime:0.0010s ]
SQL: SELECT COUNT(*) AS tp_count FROM `wzry_user` WHERE ( account_id=33 ) LIMIT 1   [ RunTime:0.0010s ]
SQL: SELECT COUNT(*) AS tp_count FROM `wzry_user` WHERE ( account_id=36 ) LIMIT 1   [ RunTime:0.0010s ]
SQL: SELECT COUNT(*) AS tp_count FROM `wzry_user` WHERE ( account_id=38 ) LIMIT 1   [ RunTime:0.0000s ]
INFO: [ view_parse ] --START--
INFO: [ template_filter ] --START--
INFO: Run Behavior\ContentReplaceBehavior [ RunTime:0.000000s ]
INFO: [ template_filter ] --END-- [ RunTime:0.000000s ]
NOTIC: [8] Undefined variable: account D:\php\personal\wzry\Application\Runtime\Cache\Main\170752e06422f098e43f5a6296486dbd.php 第 70 行.
NOTIC: [8] Undefined variable: account D:\php\personal\wzry\Application\Runtime\Cache\Main\170752e06422f098e43f5a6296486dbd.php 第 73 行.
NOTIC: [8] Undefined variable: account D:\php\personal\wzry\Application\Runtime\Cache\Main\170752e06422f098e43f5a6296486dbd.php 第 74 行.
NOTIC: [8] Undefined variable: account D:\php\personal\wzry\Application\Runtime\Cache\Main\170752e06422f098e43f5a6296486dbd.php 第 78 行.
INFO: Run Behavior\ParseTemplateBehavior [ RunTime:0.019001s ]
INFO: [ view_parse ] --END-- [ RunTime:0.019001s ]
INFO: [ view_filter ] --START--
INFO: Run Behavior\WriteHtmlCacheBehavior [ RunTime:0.001000s ]
INFO: [ view_filter ] --END-- [ RunTime:0.001000s ]
INFO: [ app_end ] --START--
INFO: Run Behavior\ShowPageTraceBehavior [ RunTime:0.002000s ]
INFO: [ app_end ] --END-- [ RunTime:0.002000s ]

[ 2017-09-27T14:31:45+08:00 ] ::1 /wzry/index.php?s=/Main/Account/showAll.html
INFO: [ app_init ] --START--
INFO: Run Behavior\BuildLiteBehavior [ RunTime:0.000000s ]
INFO: [ app_init ] --END-- [ RunTime:0.000000s ]
INFO: [ app_begin ] --START--
INFO: Run Behavior\ReadHtmlCacheBehavior [ RunTime:0.000000s ]
INFO: [ app_begin ] --END-- [ RunTime:0.000000s ]
SQL: SHOW COLUMNS FROM `wzry_account` [ RunTime:0.0140s ]
SQL: SELECT * FROM `wzry_account` ORDER BY type, account  [ RunTime:0.0010s ]
SQL: SHOW COLUMNS FROM `wzry_user` [ RunTime:0.0150s ]
SQL: SELECT COUNT(*) AS tp_count FROM `wzry_user` WHERE ( account_id=32 ) LIMIT 1   [ RunTime:0.0010s ]
SQL: SELECT COUNT(*) AS tp_count FROM `wzry_user` WHERE ( account_id=41 ) LIMIT 1   [ RunTime:0.0000s ]
SQL: SELECT COUNT(*) AS tp_count FROM `wzry_user` WHERE ( account_id=40 ) LIMIT 1   [ RunTime:0.0010s ]
SQL: SELECT COUNT(*) AS tp_count FROM `wzry_user` WHERE ( account_id=31 ) LIMIT 1   [ RunTime:0.0010s ]
SQL: SELECT COUNT(*) AS tp_count FROM `wzry_user` WHERE ( account_id=30 ) LIMIT 1   [ RunTime:0.0000s ]
SQL: SELECT COUNT(*) AS tp_count FROM `wzry_user` WHERE ( account_id=27 ) LIMIT 1   [ RunTime:0.0010s ]
SQL: SELECT COUNT(*) AS tp_count FROM `wzry_user` WHERE ( account_id=28 ) LIMIT 1   [ RunTime:0.0000s ]
SQL: SELECT COUNT(*) AS tp_count FROM `wzry_user` WHERE ( account_id=29 ) LIMIT 1   [ RunTime:0.0000s ]
SQL: SELECT COUNT(*) AS tp_count FROM `wzry_user` WHERE ( account_id=35 ) LIMIT 1   [ RunTime:0.0000s ]
SQL: SELECT COUNT(*) AS tp_count FROM `wzry_user` WHERE ( account_id=37 ) LIMIT 1   [ RunTime:0.0000s ]
SQL: SELECT COUNT(*) AS tp_count FROM `wzry_user` WHERE ( account_id=34 ) LIMIT 1   [ RunTime:0.0010s ]
SQL: SELECT COUNT(*) AS tp_count FROM `wzry_user` WHERE ( account_id=33 ) LIMIT 1   [ RunTime:0.0000s ]
SQL: SELECT COUNT(*) AS tp_count FROM `wzry_user` WHERE ( account_id=36 ) LIMIT 1   [ RunTime:0.0010s ]
SQL: SELECT COUNT(*) AS tp_count FROM `wzry_user` WHERE ( account_id=38 ) LIMIT 1   [ RunTime:0.0000s ]
INFO: [ view_parse ] --START--
INFO: [ template_filter ] --START--
INFO: Run Behavior\ContentReplaceBehavior [ RunTime:0.000000s ]
INFO: [ template_filter ] --END-- [ RunTime:0.000000s ]
NOTIC: [8] Undefined variable: account D:\php\personal\wzry\Application\Runtime\Cache\Main\170752e06422f098e43f5a6296486dbd.php 第 70 行.
NOTIC: [8] Undefined variable: account D:\php\personal\wzry\Application\Runtime\Cache\Main\170752e06422f098e43f5a6296486dbd.php 第 73 行.
NOTIC: [8] Undefined variable: account D:\php\personal\wzry\Application\Runtime\Cache\Main\170752e06422f098e43f5a6296486dbd.php 第 74 行.
NOTIC: [8] Undefined variable: account D:\php\personal\wzry\Application\Runtime\Cache\Main\170752e06422f098e43f5a6296486dbd.php 第 78 行.
INFO: Run Behavior\ParseTemplateBehavior [ RunTime:0.011001s ]
INFO: [ view_parse ] --END-- [ RunTime:0.011001s ]
INFO: [ view_filter ] --START--
INFO: Run Behavior\WriteHtmlCacheBehavior [ RunTime:0.001000s ]
INFO: [ view_filter ] --END-- [ RunTime:0.001000s ]
INFO: [ app_end ] --START--
INFO: Run Behavior\ShowPageTraceBehavior [ RunTime:0.001000s ]
INFO: [ app_end ] --END-- [ RunTime:0.001000s ]

[ 2017-09-27T14:31:51+08:00 ] ::1 /wzry/index.php?s=/Main/Account/dosave.html
INFO: [ app_init ] --START--
INFO: Run Behavior\BuildLiteBehavior [ RunTime:0.000000s ]
INFO: [ app_init ] --END-- [ RunTime:0.001000s ]
INFO: [ app_begin ] --START--
INFO: Run Behavior\ReadHtmlCacheBehavior [ RunTime:0.001000s ]
INFO: [ app_begin ] --END-- [ RunTime:0.001000s ]
SQL: SHOW COLUMNS FROM `wzry_account` [ RunTime:0.0110s ]
NOTIC: [8] Undefined index: validate D:\php\personal\wzry\ThinkPHP\Library\Think\Model.class.php 第 1185 行.
NOTIC: [8] Undefined index: auto D:\php\personal\wzry\ThinkPHP\Library\Think\Model.class.php 第 1128 行.
SQL: SELECT * FROM `wzry_account` WHERE `account_id` = 0 AND `type` = '1' AND `account` = '1000'  [ RunTime:0.0010s ]
SQL: INSERT INTO `wzry_account` (`account_id`,`type`,`account`) VALUES ('0','1','1000') [ RunTime:0.0010s ]
INFO: [ view_parse ] --START--
INFO: [ template_filter ] --START--
INFO: Run Behavior\ContentReplaceBehavior [ RunTime:0.000000s ]
INFO: [ template_filter ] --END-- [ RunTime:0.000000s ]
INFO: Run Behavior\ParseTemplateBehavior [ RunTime:0.034002s ]
INFO: [ view_parse ] --END-- [ RunTime:0.034002s ]
INFO: [ view_filter ] --START--
INFO: Run Behavior\WriteHtmlCacheBehavior [ RunTime:0.001000s ]
INFO: [ view_filter ] --END-- [ RunTime:0.001000s ]
INFO: [ app_end ] --START--
INFO: Run Behavior\ShowPageTraceBehavior [ RunTime:0.001000s ]
INFO: [ app_end ] --END-- [ RunTime:0.001000s ]

[ 2017-09-27T14:31:54+08:00 ] ::1 /wzry/index.php?s=/Main/Account/showAll.html
INFO: [ app_init ] --START--
INFO: Run Behavior\BuildLiteBehavior [ RunTime:0.000000s ]
INFO: [ app_init ] --END-- [ RunTime:0.000000s ]
INFO: [ app_begin ] --START--
INFO: Run Behavior\ReadHtmlCacheBehavior [ RunTime:0.001000s ]
INFO: [ app_begin ] --END-- [ RunTime:0.001000s ]
SQL: SHOW COLUMNS FROM `wzry_account` [ RunTime:0.0110s ]
SQL: SELECT * FROM `wzry_account` ORDER BY type, account  [ RunTime:0.0020s ]
SQL: SHOW COLUMNS FROM `wzry_user` [ RunTime:0.0120s ]
SQL: SELECT COUNT(*) AS tp_count FROM `wzry_user` WHERE ( account_id=42 ) LIMIT 1   [ RunTime:0.0020s ]
SQL: SELECT COUNT(*) AS tp_count FROM `wzry_user` WHERE ( account_id=32 ) LIMIT 1   [ RunTime:0.0010s ]
SQL: SELECT COUNT(*) AS tp_count FROM `wzry_user` WHERE ( account_id=41 ) LIMIT 1   [ RunTime:0.0000s ]
SQL: SELECT COUNT(*) AS tp_count FROM `wzry_user` WHERE ( account_id=40 ) LIMIT 1   [ RunTime:0.0000s ]
SQL: SELECT COUNT(*) AS tp_count FROM `wzry_user` WHERE ( account_id=31 ) LIMIT 1   [ RunTime:0.0010s ]
SQL: SELECT COUNT(*) AS tp_count FROM `wzry_user` WHERE ( account_id=30 ) LIMIT 1   [ RunTime:0.0010s ]
SQL: SELECT COUNT(*) AS tp_count FROM `wzry_user` WHERE ( account_id=27 ) LIMIT 1   [ RunTime:0.0010s ]
SQL: SELECT COUNT(*) AS tp_count FROM `wzry_user` WHERE ( account_id=28 ) LIMIT 1   [ RunTime:0.0010s ]
SQL: SELECT COUNT(*) AS tp_count FROM `wzry_user` WHERE ( account_id=29 ) LIMIT 1   [ RunTime:0.0010s ]
SQL: SELECT COUNT(*) AS tp_count FROM `wzry_user` WHERE ( account_id=35 ) LIMIT 1   [ RunTime:0.0010s ]
SQL: SELECT COUNT(*) AS tp_count FROM `wzry_user` WHERE ( account_id=37 ) LIMIT 1   [ RunTime:0.0000s ]
SQL: SELECT COUNT(*) AS tp_count FROM `wzry_user` WHERE ( account_id=34 ) LIMIT 1   [ RunTime:0.0010s ]
SQL: SELECT COUNT(*) AS tp_count FROM `wzry_user` WHERE ( account_id=33 ) LIMIT 1   [ RunTime:0.0000s ]
SQL: SELECT COUNT(*) AS tp_count FROM `wzry_user` WHERE ( account_id=36 ) LIMIT 1   [ RunTime:0.0000s ]
SQL: SELECT COUNT(*) AS tp_count FROM `wzry_user` WHERE ( account_id=38 ) LIMIT 1   [ RunTime:0.0010s ]
INFO: [ view_parse ] --START--
INFO: [ template_filter ] --START--
INFO: Run Behavior\ContentReplaceBehavior [ RunTime:0.000000s ]
INFO: [ template_filter ] --END-- [ RunTime:0.000000s ]
NOTIC: [8] Undefined variable: account D:\php\personal\wzry\Application\Runtime\Cache\Main\170752e06422f098e43f5a6296486dbd.php 第 70 行.
NOTIC: [8] Undefined variable: account D:\php\personal\wzry\Application\Runtime\Cache\Main\170752e06422f098e43f5a6296486dbd.php 第 73 行.
NOTIC: [8] Undefined variable: account D:\php\personal\wzry\Application\Runtime\Cache\Main\170752e06422f098e43f5a6296486dbd.php 第 74 行.
NOTIC: [8] Undefined variable: account D:\php\personal\wzry\Application\Runtime\Cache\Main\170752e06422f098e43f5a6296486dbd.php 第 78 行.
INFO: Run Behavior\ParseTemplateBehavior [ RunTime:0.020002s ]
INFO: [ view_parse ] --END-- [ RunTime:0.020002s ]
INFO: [ view_filter ] --START--
INFO: Run Behavior\WriteHtmlCacheBehavior [ RunTime:0.000000s ]
INFO: [ view_filter ] --END-- [ RunTime:0.001000s ]
INFO: [ app_end ] --START--
INFO: Run Behavior\ShowPageTraceBehavior [ RunTime:0.001000s ]
INFO: [ app_end ] --END-- [ RunTime:0.001000s ]

[ 2017-09-27T14:32:38+08:00 ] ::1 /wzry/index.php?s=/Main/Account/showAll.html
INFO: [ app_init ] --START--
INFO: Run Behavior\BuildLiteBehavior [ RunTime:0.000000s ]
INFO: [ app_init ] --END-- [ RunTime:0.000000s ]
INFO: [ app_begin ] --START--
INFO: Run Behavior\ReadHtmlCacheBehavior [ RunTime:0.001000s ]
INFO: [ app_begin ] --END-- [ RunTime:0.001000s ]
SQL: SHOW COLUMNS FROM `wzry_account` [ RunTime:0.0040s ]
SQL: SELECT * FROM `wzry_account` ORDER BY type, account  [ RunTime:0.0000s ]
SQL: SHOW COLUMNS FROM `wzry_user` [ RunTime:0.0040s ]
SQL: SELECT COUNT(*) AS tp_count FROM `wzry_user` WHERE ( account_id=42 ) LIMIT 1   [ RunTime:0.0000s ]
SQL: SELECT COUNT(*) AS tp_count FROM `wzry_user` WHERE ( account_id=32 ) LIMIT 1   [ RunTime:0.0010s ]
SQL: SELECT COUNT(*) AS tp_count FROM `wzry_user` WHERE ( account_id=41 ) LIMIT 1   [ RunTime:0.0000s ]
SQL: SELECT COUNT(*) AS tp_count FROM `wzry_user` WHERE ( account_id=40 ) LIMIT 1   [ RunTime:0.0000s ]
SQL: SELECT COUNT(*) AS tp_count FROM `wzry_user` WHERE ( account_id=31 ) LIMIT 1   [ RunTime:0.0000s ]
SQL: SELECT COUNT(*) AS tp_count FROM `wzry_user` WHERE ( account_id=30 ) LIMIT 1   [ RunTime:0.0020s ]
SQL: SELECT COUNT(*) AS tp_count FROM `wzry_user` WHERE ( account_id=27 ) LIMIT 1   [ RunTime:0.0000s ]
SQL: SELECT COUNT(*) AS tp_count FROM `wzry_user` WHERE ( account_id=28 ) LIMIT 1   [ RunTime:0.0010s ]
SQL: SELECT COUNT(*) AS tp_count FROM `wzry_user` WHERE ( account_id=29 ) LIMIT 1   [ RunTime:0.0000s ]
SQL: SELECT COUNT(*) AS tp_count FROM `wzry_user` WHERE ( account_id=35 ) LIMIT 1   [ RunTime:0.0000s ]
SQL: SELECT COUNT(*) AS tp_count FROM `wzry_user` WHERE ( account_id=37 ) LIMIT 1   [ RunTime:0.0010s ]
SQL: SELECT COUNT(*) AS tp_count FROM `wzry_user` WHERE ( account_id=34 ) LIMIT 1   [ RunTime:0.0000s ]
SQL: SELECT COUNT(*) AS tp_count FROM `wzry_user` WHERE ( account_id=33 ) LIMIT 1   [ RunTime:0.0010s ]
SQL: SELECT COUNT(*) AS tp_count FROM `wzry_user` WHERE ( account_id=36 ) LIMIT 1   [ RunTime:0.0010s ]
SQL: SELECT COUNT(*) AS tp_count FROM `wzry_user` WHERE ( account_id=38 ) LIMIT 1   [ RunTime:0.0000s ]
INFO: [ view_parse ] --START--
INFO: [ template_filter ] --START--
INFO: Run Behavior\ContentReplaceBehavior [ RunTime:0.000000s ]
INFO: [ template_filter ] --END-- [ RunTime:0.000000s ]
NOTIC: [8] Undefined variable: account D:\php\personal\wzry\Application\Runtime\Cache\Main\170752e06422f098e43f5a6296486dbd.php 第 70 行.
NOTIC: [8] Undefined variable: account D:\php\personal\wzry\Application\Runtime\Cache\Main\170752e06422f098e43f5a6296486dbd.php 第 73 行.
NOTIC: [8] Undefined variable: account D:\php\personal\wzry\Application\Runtime\Cache\Main\170752e06422f098e43f5a6296486dbd.php 第 74 行.
NOTIC: [8] Undefined variable: account D:\php\personal\wzry\Application\Runtime\Cache\Main\170752e06422f098e43f5a6296486dbd.php 第 78 行.
INFO: Run Behavior\ParseTemplateBehavior [ RunTime:0.012001s ]
INFO: [ view_parse ] --END-- [ RunTime:0.012001s ]
INFO: [ view_filter ] --START--
INFO: Run Behavior\WriteHtmlCacheBehavior [ RunTime:0.000000s ]
INFO: [ view_filter ] --END-- [ RunTime:0.000000s ]
INFO: [ app_end ] --START--
INFO: Run Behavior\ShowPageTraceBehavior [ RunTime:0.001000s ]
INFO: [ app_end ] --END-- [ RunTime:0.001000s ]

[ 2017-09-27T14:32:44+08:00 ] ::1 /wzry/index.php?s=/Main/Account/dosave.html
INFO: [ app_init ] --START--
INFO: Run Behavior\BuildLiteBehavior [ RunTime:0.000000s ]
INFO: [ app_init ] --END-- [ RunTime:0.001000s ]
INFO: [ app_begin ] --START--
INFO: Run Behavior\ReadHtmlCacheBehavior [ RunTime:0.001000s ]
INFO: [ app_begin ] --END-- [ RunTime:0.001000s ]
SQL: SHOW COLUMNS FROM `wzry_account` [ RunTime:0.0110s ]
NOTIC: [8] Undefined index: validate D:\php\personal\wzry\ThinkPHP\Library\Think\Model.class.php 第 1185 行.
NOTIC: [8] Undefined index: auto D:\php\personal\wzry\ThinkPHP\Library\Think\Model.class.php 第 1128 行.
SQL: SELECT * FROM `wzry_account` WHERE `account_id` = 0 AND `type` = '1' AND `account` = '1000'  [ RunTime:0.0010s ]
SQL: INSERT INTO `wzry_account` (`account_id`,`type`,`account`) VALUES ('0','1','1000') [ RunTime:0.0000s ]
INFO: [ app_end ] --START--
INFO: Run Behavior\ShowPageTraceBehavior [ RunTime:0.001000s ]
INFO: [ app_end ] --END-- [ RunTime:0.001000s ]

[ 2017-09-27T14:32:48+08:00 ] ::1 /wzry/index.php?s=/Main/Account/showAll.html
INFO: [ app_init ] --START--
INFO: Run Behavior\BuildLiteBehavior [ RunTime:0.000000s ]
INFO: [ app_init ] --END-- [ RunTime:0.001000s ]
INFO: [ app_begin ] --START--
INFO: Run Behavior\ReadHtmlCacheBehavior [ RunTime:0.000000s ]
INFO: [ app_begin ] --END-- [ RunTime:0.000000s ]
SQL: SHOW COLUMNS FROM `wzry_account` [ RunTime:0.0130s ]
SQL: SELECT * FROM `wzry_account` ORDER BY type, account  [ RunTime:0.0010s ]
SQL: SHOW COLUMNS FROM `wzry_user` [ RunTime:0.0110s ]
SQL: SELECT COUNT(*) AS tp_count FROM `wzry_user` WHERE ( account_id=42 ) LIMIT 1   [ RunTime:0.0010s ]
SQL: SELECT COUNT(*) AS tp_count FROM `wzry_user` WHERE ( account_id=43 ) LIMIT 1   [ RunTime:0.0000s ]
SQL: SELECT COUNT(*) AS tp_count FROM `wzry_user` WHERE ( account_id=32 ) LIMIT 1   [ RunTime:0.0010s ]
SQL: SELECT COUNT(*) AS tp_count FROM `wzry_user` WHERE ( account_id=41 ) LIMIT 1   [ RunTime:0.0010s ]
SQL: SELECT COUNT(*) AS tp_count FROM `wzry_user` WHERE ( account_id=40 ) LIMIT 1   [ RunTime:0.0020s ]
SQL: SELECT COUNT(*) AS tp_count FROM `wzry_user` WHERE ( account_id=31 ) LIMIT 1   [ RunTime:0.0010s ]
SQL: SELECT COUNT(*) AS tp_count FROM `wzry_user` WHERE ( account_id=30 ) LIMIT 1   [ RunTime:0.0010s ]
SQL: SELECT COUNT(*) AS tp_count FROM `wzry_user` WHERE ( account_id=27 ) LIMIT 1   [ RunTime:0.0010s ]
SQL: SELECT COUNT(*) AS tp_count FROM `wzry_user` WHERE ( account_id=28 ) LIMIT 1   [ RunTime:0.0010s ]
SQL: SELECT COUNT(*) AS tp_count FROM `wzry_user` WHERE ( account_id=29 ) LIMIT 1   [ RunTime:0.0000s ]
SQL: SELECT COUNT(*) AS tp_count FROM `wzry_user` WHERE ( account_id=35 ) LIMIT 1   [ RunTime:0.0010s ]
SQL: SELECT COUNT(*) AS tp_count FROM `wzry_user` WHERE ( account_id=37 ) LIMIT 1   [ RunTime:0.0010s ]
SQL: SELECT COUNT(*) AS tp_count FROM `wzry_user` WHERE ( account_id=34 ) LIMIT 1   [ RunTime:0.0000s ]
SQL: SELECT COUNT(*) AS tp_count FROM `wzry_user` WHERE ( account_id=33 ) LIMIT 1   [ RunTime:0.0010s ]
SQL: SELECT COUNT(*) AS tp_count FROM `wzry_user` WHERE ( account_id=36 ) LIMIT 1   [ RunTime:0.0010s ]
SQL: SELECT COUNT(*) AS tp_count FROM `wzry_user` WHERE ( account_id=38 ) LIMIT 1   [ RunTime:0.0010s ]
INFO: [ view_parse ] --START--
INFO: [ template_filter ] --START--
INFO: Run Behavior\ContentReplaceBehavior [ RunTime:0.001000s ]
INFO: [ template_filter ] --END-- [ RunTime:0.001000s ]
NOTIC: [8] Undefined variable: account D:\php\personal\wzry\Application\Runtime\Cache\Main\170752e06422f098e43f5a6296486dbd.php 第 70 行.
NOTIC: [8] Undefined variable: account D:\php\personal\wzry\Application\Runtime\Cache\Main\170752e06422f098e43f5a6296486dbd.php 第 73 行.
NOTIC: [8] Undefined variable: account D:\php\personal\wzry\Application\Runtime\Cache\Main\170752e06422f098e43f5a6296486dbd.php 第 74 行.
NOTIC: [8] Undefined variable: account D:\php\personal\wzry\Application\Runtime\Cache\Main\170752e06422f098e43f5a6296486dbd.php 第 78 行.
INFO: Run Behavior\ParseTemplateBehavior [ RunTime:0.016001s ]
INFO: [ view_parse ] --END-- [ RunTime:0.016001s ]
INFO: [ view_filter ] --START--
INFO: Run Behavior\WriteHtmlCacheBehavior [ RunTime:0.002000s ]
INFO: [ view_filter ] --END-- [ RunTime:0.002000s ]
INFO: [ app_end ] --START--
INFO: Run Behavior\ShowPageTraceBehavior [ RunTime:0.001000s ]
INFO: [ app_end ] --END-- [ RunTime:0.001000s ]

[ 2017-09-27T14:57:56+08:00 ] ::1 /wzry/index.php?s=/Main/Account/dosave.html
INFO: [ app_init ] --START--
INFO: Run Behavior\BuildLiteBehavior [ RunTime:0.000000s ]
INFO: [ app_init ] --END-- [ RunTime:0.000000s ]
INFO: [ app_begin ] --START--
INFO: Run Behavior\ReadHtmlCacheBehavior [ RunTime:0.001000s ]
INFO: [ app_begin ] --END-- [ RunTime:0.001000s ]
SQL: SHOW COLUMNS FROM `wzry_account` [ RunTime:0.0080s ]
NOTIC: [8] Undefined index: validate D:\php\personal\wzry\ThinkPHP\Library\Think\Model.class.php 第 1185 行.
NOTIC: [8] Undefined index: auto D:\php\personal\wzry\ThinkPHP\Library\Think\Model.class.php 第 1128 行.
SQL: SELECT * FROM `wzry_account` WHERE `account_id` = 0 AND `type` = '1' AND `account` = '1000'  [ RunTime:0.0010s ]
SQL: INSERT INTO `wzry_account` (`account_id`,`type`,`account`) VALUES ('0','1','1000') [ RunTime:0.0010s ]
INFO: [ app_end ] --START--
INFO: Run Behavior\ShowPageTraceBehavior [ RunTime:0.002000s ]
INFO: [ app_end ] --END-- [ RunTime:0.002000s ]

[ 2017-09-27T14:58:01+08:00 ] ::1 /wzry/index.php?s=/Main/Account/showAll.html
INFO: [ app_init ] --START--
INFO: Run Behavior\BuildLiteBehavior [ RunTime:0.000000s ]
INFO: [ app_init ] --END-- [ RunTime:0.001000s ]
INFO: [ app_begin ] --START--
INFO: Run Behavior\ReadHtmlCacheBehavior [ RunTime:0.001001s ]
INFO: [ app_begin ] --END-- [ RunTime:0.001001s ]
SQL: SHOW COLUMNS FROM `wzry_account` [ RunTime:0.0060s ]
SQL: SELECT * FROM `wzry_account` ORDER BY type, account  [ RunTime:0.0010s ]
SQL: SHOW COLUMNS FROM `wzry_user` [ RunTime:0.0050s ]
SQL: SELECT COUNT(*) AS tp_count FROM `wzry_user` WHERE ( account_id=42 ) LIMIT 1   [ RunTime:0.0000s ]
SQL: SELECT COUNT(*) AS tp_count FROM `wzry_user` WHERE ( account_id=43 ) LIMIT 1   [ RunTime:0.0010s ]
SQL: SELECT COUNT(*) AS tp_count FROM `wzry_user` WHERE ( account_id=44 ) LIMIT 1   [ RunTime:0.0000s ]
SQL: SELECT COUNT(*) AS tp_count FROM `wzry_user` WHERE ( account_id=32 ) LIMIT 1   [ RunTime:0.0000s ]
SQL: SELECT COUNT(*) AS tp_count FROM `wzry_user` WHERE ( account_id=41 ) LIMIT 1   [ RunTime:0.0000s ]
SQL: SELECT COUNT(*) AS tp_count FROM `wzry_user` WHERE ( account_id=40 ) LIMIT 1   [ RunTime:0.0000s ]
SQL: SELECT COUNT(*) AS tp_count FROM `wzry_user` WHERE ( account_id=31 ) LIMIT 1   [ RunTime:0.0000s ]
SQL: SELECT COUNT(*) AS tp_count FROM `wzry_user` WHERE ( account_id=30 ) LIMIT 1   [ RunTime:0.0010s ]
SQL: SELECT COUNT(*) AS tp_count FROM `wzry_user` WHERE ( account_id=27 ) LIMIT 1   [ RunTime:0.0000s ]
SQL: SELECT COUNT(*) AS tp_count FROM `wzry_user` WHERE ( account_id=28 ) LIMIT 1   [ RunTime:0.0010s ]
SQL: SELECT COUNT(*) AS tp_count FROM `wzry_user` WHERE ( account_id=29 ) LIMIT 1   [ RunTime:0.0020s ]
SQL: SELECT COUNT(*) AS tp_count FROM `wzry_user` WHERE ( account_id=35 ) LIMIT 1   [ RunTime:0.0010s ]
SQL: SELECT COUNT(*) AS tp_count FROM `wzry_user` WHERE ( account_id=37 ) LIMIT 1   [ RunTime:0.0000s ]
SQL: SELECT COUNT(*) AS tp_count FROM `wzry_user` WHERE ( account_id=34 ) LIMIT 1   [ RunTime:0.0010s ]
SQL: SELECT COUNT(*) AS tp_count FROM `wzry_user` WHERE ( account_id=33 ) LIMIT 1   [ RunTime:0.0000s ]
SQL: SELECT COUNT(*) AS tp_count FROM `wzry_user` WHERE ( account_id=36 ) LIMIT 1   [ RunTime:0.0000s ]
SQL: SELECT COUNT(*) AS tp_count FROM `wzry_user` WHERE ( account_id=38 ) LIMIT 1   [ RunTime:0.0000s ]
INFO: [ view_parse ] --START--
INFO: [ template_filter ] --START--
INFO: Run Behavior\ContentReplaceBehavior [ RunTime:0.001000s ]
INFO: [ template_filter ] --END-- [ RunTime:0.001000s ]
NOTIC: [8] Undefined variable: account D:\php\personal\wzry\Application\Runtime\Cache\Main\170752e06422f098e43f5a6296486dbd.php 第 70 行.
NOTIC: [8] Undefined variable: account D:\php\personal\wzry\Application\Runtime\Cache\Main\170752e06422f098e43f5a6296486dbd.php 第 73 行.
NOTIC: [8] Undefined variable: account D:\php\personal\wzry\Application\Runtime\Cache\Main\170752e06422f098e43f5a6296486dbd.php 第 74 行.
NOTIC: [8] Undefined variable: account D:\php\personal\wzry\Application\Runtime\Cache\Main\170752e06422f098e43f5a6296486dbd.php 第 78 行.
INFO: Run Behavior\ParseTemplateBehavior [ RunTime:0.012001s ]
INFO: [ view_parse ] --END-- [ RunTime:0.012001s ]
INFO: [ view_filter ] --START--
INFO: Run Behavior\WriteHtmlCacheBehavior [ RunTime:0.000000s ]
INFO: [ view_filter ] --END-- [ RunTime:0.000000s ]
INFO: [ app_end ] --START--
INFO: Run Behavior\ShowPageTraceBehavior [ RunTime:0.001000s ]
INFO: [ app_end ] --END-- [ RunTime:0.001000s ]

[ 2017-09-27T14:58:06+08:00 ] ::1 /wzry/index.php?s=/Main/Account/showAll.html
INFO: [ app_init ] --START--
INFO: Run Behavior\BuildLiteBehavior [ RunTime:0.000000s ]
INFO: [ app_init ] --END-- [ RunTime:0.000000s ]
INFO: [ app_begin ] --START--
INFO: Run Behavior\ReadHtmlCacheBehavior [ RunTime:0.000000s ]
INFO: [ app_begin ] --END-- [ RunTime:0.000000s ]
SQL: SHOW COLUMNS FROM `wzry_account` [ RunTime:0.0100s ]
SQL: SELECT * FROM `wzry_account` ORDER BY type, account  [ RunTime:0.0010s ]
SQL: SHOW COLUMNS FROM `wzry_user` [ RunTime:0.0080s ]
SQL: SELECT COUNT(*) AS tp_count FROM `wzry_user` WHERE ( account_id=42 ) LIMIT 1   [ RunTime:0.0000s ]
SQL: SELECT COUNT(*) AS tp_count FROM `wzry_user` WHERE ( account_id=43 ) LIMIT 1   [ RunTime:0.0000s ]
SQL: SELECT COUNT(*) AS tp_count FROM `wzry_user` WHERE ( account_id=44 ) LIMIT 1   [ RunTime:0.0000s ]
SQL: SELECT COUNT(*) AS tp_count FROM `wzry_user` WHERE ( account_id=32 ) LIMIT 1   [ RunTime:0.0010s ]
SQL: SELECT COUNT(*) AS tp_count FROM `wzry_user` WHERE ( account_id=41 ) LIMIT 1   [ RunTime:0.0010s ]
SQL: SELECT COUNT(*) AS tp_count FROM `wzry_user` WHERE ( account_id=40 ) LIMIT 1   [ RunTime:0.0010s ]
SQL: SELECT COUNT(*) AS tp_count FROM `wzry_user` WHERE ( account_id=31 ) LIMIT 1   [ RunTime:0.0000s ]
SQL: SELECT COUNT(*) AS tp_count FROM `wzry_user` WHERE ( account_id=30 ) LIMIT 1   [ RunTime:0.0000s ]
SQL: SELECT COUNT(*) AS tp_count FROM `wzry_user` WHERE ( account_id=27 ) LIMIT 1   [ RunTime:0.0000s ]
SQL: SELECT COUNT(*) AS tp_count FROM `wzry_user` WHERE ( account_id=28 ) LIMIT 1   [ RunTime:0.0010s ]
SQL: SELECT COUNT(*) AS tp_count FROM `wzry_user` WHERE ( account_id=29 ) LIMIT 1   [ RunTime:0.0010s ]
SQL: SELECT COUNT(*) AS tp_count FROM `wzry_user` WHERE ( account_id=35 ) LIMIT 1   [ RunTime:0.0010s ]
SQL: SELECT COUNT(*) AS tp_count FROM `wzry_user` WHERE ( account_id=37 ) LIMIT 1   [ RunTime:0.0010s ]
SQL: SELECT COUNT(*) AS tp_count FROM `wzry_user` WHERE ( account_id=34 ) LIMIT 1   [ RunTime:0.0000s ]
SQL: SELECT COUNT(*) AS tp_count FROM `wzry_user` WHERE ( account_id=33 ) LIMIT 1   [ RunTime:0.0000s ]
SQL: SELECT COUNT(*) AS tp_count FROM `wzry_user` WHERE ( account_id=36 ) LIMIT 1   [ RunTime:0.0000s ]
SQL: SELECT COUNT(*) AS tp_count FROM `wzry_user` WHERE ( account_id=38 ) LIMIT 1   [ RunTime:0.0010s ]
INFO: [ view_parse ] --START--
INFO: [ template_filter ] --START--
INFO: Run Behavior\ContentReplaceBehavior [ RunTime:0.000000s ]
INFO: [ template_filter ] --END-- [ RunTime:0.000000s ]
NOTIC: [8] Undefined variable: account D:\php\personal\wzry\Application\Runtime\Cache\Main\170752e06422f098e43f5a6296486dbd.php 第 70 行.
NOTIC: [8] Undefined variable: account D:\php\personal\wzry\Application\Runtime\Cache\Main\170752e06422f098e43f5a6296486dbd.php 第 73 行.
NOTIC: [8] Undefined variable: account D:\php\personal\wzry\Application\Runtime\Cache\Main\170752e06422f098e43f5a6296486dbd.php 第 74 行.
NOTIC: [8] Undefined variable: account D:\php\personal\wzry\Application\Runtime\Cache\Main\170752e06422f098e43f5a6296486dbd.php 第 78 行.
INFO: Run Behavior\ParseTemplateBehavior [ RunTime:0.016001s ]
INFO: [ view_parse ] --END-- [ RunTime:0.016001s ]
INFO: [ view_filter ] --START--
INFO: Run Behavior\WriteHtmlCacheBehavior [ RunTime:0.001000s ]
INFO: [ view_filter ] --END-- [ RunTime:0.001000s ]
INFO: [ app_end ] --START--
INFO: Run Behavior\ShowPageTraceBehavior [ RunTime:0.001000s ]
INFO: [ app_end ] --END-- [ RunTime:0.001000s ]

