[ 2017-10-29T18:22:01+08:00 ] ::1 /wzry/index.php?s=/Main/Account/showAll.html
INFO: [ app_init ] --START--
INFO: Run Behavior\BuildLiteBehavior [ RunTime:0.000019s ]
INFO: [ app_init ] --END-- [ RunTime:0.011465s ]
INFO: [ app_begin ] --START--
INFO: Run Behavior\ReadHtmlCacheBehavior [ RunTime:0.013126s ]
INFO: [ app_begin ] --END-- [ RunTime:0.013188s ]
SQL: SHOW COLUMNS FROM `wzry_account` [ RunTime:0.0348s ]
SQL: SELECT * FROM `wzry_account` ORDER BY type, account  [ RunTime:0.0007s ]
SQL: SHOW COLUMNS FROM `wzry_user` [ RunTime:0.0389s ]
SQL: SELECT COUNT(*) AS tp_count FROM `wzry_user` WHERE ( account_id=98 ) LIMIT 1   [ RunTime:0.0119s ]
SQL: SELECT COUNT(*) AS tp_count FROM `wzry_user` WHERE ( account_id=102 ) LIMIT 1   [ RunTime:0.0003s ]
SQL: SELECT COUNT(*) AS tp_count FROM `wzry_user` WHERE ( account_id=99 ) LIMIT 1   [ RunTime:0.0003s ]
SQL: SELECT COUNT(*) AS tp_count FROM `wzry_user` WHERE ( account_id=104 ) LIMIT 1   [ RunTime:0.0003s ]
SQL: SELECT COUNT(*) AS tp_count FROM `wzry_user` WHERE ( account_id=95 ) LIMIT 1   [ RunTime:0.0003s ]
SQL: SELECT COUNT(*) AS tp_count FROM `wzry_user` WHERE ( account_id=101 ) LIMIT 1   [ RunTime:0.0003s ]
SQL: SELECT COUNT(*) AS tp_count FROM `wzry_user` WHERE ( account_id=96 ) LIMIT 1   [ RunTime:0.0003s ]
SQL: SELECT COUNT(*) AS tp_count FROM `wzry_user` WHERE ( account_id=100 ) LIMIT 1   [ RunTime:0.0003s ]
SQL: SELECT COUNT(*) AS tp_count FROM `wzry_user` WHERE ( account_id=103 ) LIMIT 1   [ RunTime:0.0003s ]
SQL: SELECT COUNT(*) AS tp_count FROM `wzry_user` WHERE ( account_id=106 ) LIMIT 1   [ RunTime:0.0003s ]
SQL: SELECT COUNT(*) AS tp_count FROM `wzry_user` WHERE ( account_id=107 ) LIMIT 1   [ RunTime:0.0003s ]
SQL: SELECT COUNT(*) AS tp_count FROM `wzry_user` WHERE ( account_id=108 ) LIMIT 1   [ RunTime:0.0003s ]
SQL: SELECT COUNT(*) AS tp_count FROM `wzry_user` WHERE ( account_id=97 ) LIMIT 1   [ RunTime:0.0003s ]
SQL: SELECT COUNT(*) AS tp_count FROM `wzry_user` WHERE ( account_id=109 ) LIMIT 1   [ RunTime:0.0003s ]
SQL: SELECT COUNT(*) AS tp_count FROM `wzry_user` WHERE ( account_id=105 ) LIMIT 1   [ RunTime:0.0003s ]
INFO: [ view_parse ] --START--
INFO: [ template_filter ] --START--
INFO: Run Behavior\ContentReplaceBehavior [ RunTime:0.008303s ]
INFO: [ template_filter ] --END-- [ RunTime:0.008363s ]
NOTIC: [8] Undefined variable: account J:\php\personal\wzry\Application\Runtime\Cache\Main\170752e06422f098e43f5a6296486dbd.php 第 80 行.
NOTIC: [8] Undefined variable: account J:\php\personal\wzry\Application\Runtime\Cache\Main\170752e06422f098e43f5a6296486dbd.php 第 84 行.
NOTIC: [8] Undefined variable: account J:\php\personal\wzry\Application\Runtime\Cache\Main\170752e06422f098e43f5a6296486dbd.php 第 85 行.
INFO: Run Behavior\ParseTemplateBehavior [ RunTime:0.110802s ]
INFO: [ view_parse ] --END-- [ RunTime:0.110875s ]
INFO: [ view_filter ] --START--
INFO: Run Behavior\WriteHtmlCacheBehavior [ RunTime:0.007200s ]
INFO: [ view_filter ] --END-- [ RunTime:0.007248s ]
INFO: [ app_end ] --START--
INFO: Run Behavior\ShowPageTraceBehavior [ RunTime:0.005223s ]
INFO: [ app_end ] --END-- [ RunTime:0.005336s ]

[ 2017-10-29T18:22:10+08:00 ] ::1 /wzry/index.php?s=/Main/Index/index.html
INFO: [ app_init ] --START--
INFO: Run Behavior\BuildLiteBehavior [ RunTime:0.000014s ]
INFO: [ app_init ] --END-- [ RunTime:0.000556s ]
INFO: [ app_begin ] --START--
INFO: Run Behavior\ReadHtmlCacheBehavior [ RunTime:0.000581s ]
INFO: [ app_begin ] --END-- [ RunTime:0.000631s ]
SQL: select * from wzry_update [ RunTime:0.0618s ]
SQL: select * from userview where type = 1 order by money DESC limit 10 [ RunTime:0.0345s ]
SQL: select * from userview where type = 2 order by money DESC limit 10 [ RunTime:0.0032s ]
SQL: select *, GROUP_CONCAT(hero_name) as having_hero from uhview where user_id not in (select user_id from wzry_main_hero) group by user_id [ RunTime:0.0524s ]
SQL: SHOW COLUMNS FROM `wzry_hero` [ RunTime:0.0128s ]
SQL: select * from wzry_hero where hero_id not in (select hero_id from wzry_user_hero) [ RunTime:0.0065s ]
SQL: select * from userview where type=1 order by diamond desc limit 10 [ RunTime:0.0037s ]
SQL: select * from userview where type=2 order by diamond desc limit 10 [ RunTime:0.0031s ]
SQL: select * from userview where type=1 order by level desc limit 10 [ RunTime:0.0016s ]
SQL: select * from userview where type=2 order by level desc limit 10 [ RunTime:0.0013s ]
SQL: select *, count(*) as hcount from uhview GROUP BY user_id order by count(*) desc limit 10 [ RunTime:0.0067s ]
SQL: update wzry_user_hero as uh, wzry_hero as h set uh.hero_name = h.hero_name where uh.hero_id = h.hero_id and uh.hero_name is null [ RunTime:0.0077s ]
SQL: select * from userview order by mingwen desc limit 10 [ RunTime:0.0013s ]
SQL: select * from userview order by changshu desc limit 10 [ RunTime:0.0012s ]
SQL: select * from userview as a where `level` = (select max(`level`) from userview where account_id = a.account_id)  [ RunTime:0.0057s ]
SQL: select * from userview order by level limit 10 [ RunTime:0.0013s ]
SQL: select * from userview order by mingwen limit 10 [ RunTime:0.0012s ]
SQL: select count(*)  as user_count, account_id, account from userview group by account_id order by count(*) desc [ RunTime:0.0012s ]
SQL: select * from userview  as a left join (select count(*) as hcount, user_id from wzry_user_hero group by user_id order by count(*)) as b on  a.user_id = b.user_id where (money <= 13888 and money >= 12000) or ( money >= 13888 and money <=15000) order by b.hcount [ RunTime:0.0016s ]
NOTIC: [2] count() expects at least 1 parameter, 0 given J:\php\personal\wzry\Application\Main\Controller\IndexController.class.php 第 85 行.
SQL: select * from userview  as a left join (select count(*) as hcount, user_id from wzry_user_hero group by user_id order by count(*)) as b on  a.user_id = b.user_id where money >= 15000 order by b.hcount  [ RunTime:0.0017s ]
SQL: select * from mhview order by user_id [ RunTime:0.0034s ]
SQL: select * from userview as a , (select max(cc) as cc, hero_name, user_id, hero_id from wzry_user_hero group by hero_id) as b where a.user_id = b.user_id [ RunTime:0.0041s ]
SQL: select hero_name, count(*) as count from uhview GROUP BY hero_id  [ RunTime:0.0052s ]
INFO: [ view_parse ] --START--
INFO: [ template_filter ] --START--
INFO: Run Behavior\ContentReplaceBehavior [ RunTime:0.000176s ]
INFO: [ template_filter ] --END-- [ RunTime:0.000224s ]
NOTIC: [8] Undefined index: type J:\php\personal\wzry\Application\Runtime\Cache\Main\e51589c1c6ce3f3fe5e0936addbdf170.php 第 199 行.
NOTIC: [8] Undefined index: type J:\php\personal\wzry\Application\Runtime\Cache\Main\e51589c1c6ce3f3fe5e0936addbdf170.php 第 200 行.
NOTIC: [8] Undefined index: type J:\php\personal\wzry\Application\Runtime\Cache\Main\e51589c1c6ce3f3fe5e0936addbdf170.php 第 199 行.
NOTIC: [8] Undefined index: type J:\php\personal\wzry\Application\Runtime\Cache\Main\e51589c1c6ce3f3fe5e0936addbdf170.php 第 200 行.
NOTIC: [8] Undefined index: type J:\php\personal\wzry\Application\Runtime\Cache\Main\e51589c1c6ce3f3fe5e0936addbdf170.php 第 199 行.
NOTIC: [8] Undefined index: type J:\php\personal\wzry\Application\Runtime\Cache\Main\e51589c1c6ce3f3fe5e0936addbdf170.php 第 200 行.
NOTIC: [8] Undefined index: type J:\php\personal\wzry\Application\Runtime\Cache\Main\e51589c1c6ce3f3fe5e0936addbdf170.php 第 199 行.
NOTIC: [8] Undefined index: type J:\php\personal\wzry\Application\Runtime\Cache\Main\e51589c1c6ce3f3fe5e0936addbdf170.php 第 200 行.
NOTIC: [8] Undefined index: type J:\php\personal\wzry\Application\Runtime\Cache\Main\e51589c1c6ce3f3fe5e0936addbdf170.php 第 199 行.
NOTIC: [8] Undefined index: type J:\php\personal\wzry\Application\Runtime\Cache\Main\e51589c1c6ce3f3fe5e0936addbdf170.php 第 200 行.
NOTIC: [8] Undefined index: type J:\php\personal\wzry\Application\Runtime\Cache\Main\e51589c1c6ce3f3fe5e0936addbdf170.php 第 199 行.
NOTIC: [8] Undefined index: type J:\php\personal\wzry\Application\Runtime\Cache\Main\e51589c1c6ce3f3fe5e0936addbdf170.php 第 200 行.
NOTIC: [8] Undefined index: type J:\php\personal\wzry\Application\Runtime\Cache\Main\e51589c1c6ce3f3fe5e0936addbdf170.php 第 199 行.
NOTIC: [8] Undefined index: type J:\php\personal\wzry\Application\Runtime\Cache\Main\e51589c1c6ce3f3fe5e0936addbdf170.php 第 200 行.
NOTIC: [8] Undefined index: type J:\php\personal\wzry\Application\Runtime\Cache\Main\e51589c1c6ce3f3fe5e0936addbdf170.php 第 199 行.
NOTIC: [8] Undefined index: type J:\php\personal\wzry\Application\Runtime\Cache\Main\e51589c1c6ce3f3fe5e0936addbdf170.php 第 200 行.
NOTIC: [8] Undefined index: type J:\php\personal\wzry\Application\Runtime\Cache\Main\e51589c1c6ce3f3fe5e0936addbdf170.php 第 199 行.
NOTIC: [8] Undefined index: type J:\php\personal\wzry\Application\Runtime\Cache\Main\e51589c1c6ce3f3fe5e0936addbdf170.php 第 200 行.
NOTIC: [8] Undefined index: type J:\php\personal\wzry\Application\Runtime\Cache\Main\e51589c1c6ce3f3fe5e0936addbdf170.php 第 199 行.
NOTIC: [8] Undefined index: type J:\php\personal\wzry\Application\Runtime\Cache\Main\e51589c1c6ce3f3fe5e0936addbdf170.php 第 200 行.
NOTIC: [8] Undefined index: type J:\php\personal\wzry\Application\Runtime\Cache\Main\e51589c1c6ce3f3fe5e0936addbdf170.php 第 199 行.
NOTIC: [8] Undefined index: type J:\php\personal\wzry\Application\Runtime\Cache\Main\e51589c1c6ce3f3fe5e0936addbdf170.php 第 200 行.
NOTIC: [8] Undefined index: type J:\php\personal\wzry\Application\Runtime\Cache\Main\e51589c1c6ce3f3fe5e0936addbdf170.php 第 199 行.
NOTIC: [8] Undefined index: type J:\php\personal\wzry\Application\Runtime\Cache\Main\e51589c1c6ce3f3fe5e0936addbdf170.php 第 200 行.
NOTIC: [8] Undefined index: type J:\php\personal\wzry\Application\Runtime\Cache\Main\e51589c1c6ce3f3fe5e0936addbdf170.php 第 199 行.
NOTIC: [8] Undefined index: type J:\php\personal\wzry\Application\Runtime\Cache\Main\e51589c1c6ce3f3fe5e0936addbdf170.php 第 200 行.
NOTIC: [8] Undefined index: type J:\php\personal\wzry\Application\Runtime\Cache\Main\e51589c1c6ce3f3fe5e0936addbdf170.php 第 199 行.
NOTIC: [8] Undefined index: type J:\php\personal\wzry\Application\Runtime\Cache\Main\e51589c1c6ce3f3fe5e0936addbdf170.php 第 200 行.
NOTIC: [8] Undefined index: type J:\php\personal\wzry\Application\Runtime\Cache\Main\e51589c1c6ce3f3fe5e0936addbdf170.php 第 199 行.
NOTIC: [8] Undefined index: type J:\php\personal\wzry\Application\Runtime\Cache\Main\e51589c1c6ce3f3fe5e0936addbdf170.php 第 200 行.
INFO: Run Behavior\ParseTemplateBehavior [ RunTime:0.043290s ]
INFO: [ view_parse ] --END-- [ RunTime:0.043352s ]
INFO: [ view_filter ] --START--
INFO: Run Behavior\WriteHtmlCacheBehavior [ RunTime:0.000375s ]
INFO: [ view_filter ] --END-- [ RunTime:0.000406s ]
INFO: [ app_end ] --START--
INFO: Run Behavior\ShowPageTraceBehavior [ RunTime:0.000529s ]
INFO: [ app_end ] --END-- [ RunTime:0.000575s ]

[ 2017-10-29T19:37:08+08:00 ] ::1 /wzry/index.php?s=/Main/Account/showAll.html
INFO: [ app_init ] --START--
INFO: Run Behavior\BuildLiteBehavior [ RunTime:0.000032s ]
INFO: [ app_init ] --END-- [ RunTime:0.000637s ]
INFO: [ app_begin ] --START--
INFO: Run Behavior\ReadHtmlCacheBehavior [ RunTime:0.000695s ]
INFO: [ app_begin ] --END-- [ RunTime:0.000794s ]
SQL: SHOW COLUMNS FROM `wzry_account` [ RunTime:0.0134s ]
SQL: SELECT * FROM `wzry_account` ORDER BY type, account  [ RunTime:0.0012s ]
SQL: SHOW COLUMNS FROM `wzry_user` [ RunTime:0.0123s ]
SQL: SELECT COUNT(*) AS tp_count FROM `wzry_user` WHERE ( account_id=98 ) LIMIT 1   [ RunTime:0.0009s ]
SQL: SELECT COUNT(*) AS tp_count FROM `wzry_user` WHERE ( account_id=102 ) LIMIT 1   [ RunTime:0.0005s ]
SQL: SELECT COUNT(*) AS tp_count FROM `wzry_user` WHERE ( account_id=99 ) LIMIT 1   [ RunTime:0.0005s ]
SQL: SELECT COUNT(*) AS tp_count FROM `wzry_user` WHERE ( account_id=104 ) LIMIT 1   [ RunTime:0.0005s ]
SQL: SELECT COUNT(*) AS tp_count FROM `wzry_user` WHERE ( account_id=95 ) LIMIT 1   [ RunTime:0.0007s ]
SQL: SELECT COUNT(*) AS tp_count FROM `wzry_user` WHERE ( account_id=101 ) LIMIT 1   [ RunTime:0.0006s ]
SQL: SELECT COUNT(*) AS tp_count FROM `wzry_user` WHERE ( account_id=96 ) LIMIT 1   [ RunTime:0.0005s ]
SQL: SELECT COUNT(*) AS tp_count FROM `wzry_user` WHERE ( account_id=100 ) LIMIT 1   [ RunTime:0.0005s ]
SQL: SELECT COUNT(*) AS tp_count FROM `wzry_user` WHERE ( account_id=103 ) LIMIT 1   [ RunTime:0.0005s ]
SQL: SELECT COUNT(*) AS tp_count FROM `wzry_user` WHERE ( account_id=106 ) LIMIT 1   [ RunTime:0.0006s ]
SQL: SELECT COUNT(*) AS tp_count FROM `wzry_user` WHERE ( account_id=107 ) LIMIT 1   [ RunTime:0.0005s ]
SQL: SELECT COUNT(*) AS tp_count FROM `wzry_user` WHERE ( account_id=108 ) LIMIT 1   [ RunTime:0.0005s ]
SQL: SELECT COUNT(*) AS tp_count FROM `wzry_user` WHERE ( account_id=97 ) LIMIT 1   [ RunTime:0.0005s ]
SQL: SELECT COUNT(*) AS tp_count FROM `wzry_user` WHERE ( account_id=109 ) LIMIT 1   [ RunTime:0.0005s ]
SQL: SELECT COUNT(*) AS tp_count FROM `wzry_user` WHERE ( account_id=105 ) LIMIT 1   [ RunTime:0.0005s ]
INFO: [ view_parse ] --START--
INFO: [ template_filter ] --START--
INFO: Run Behavior\ContentReplaceBehavior [ RunTime:0.000091s ]
INFO: [ template_filter ] --END-- [ RunTime:0.000140s ]
NOTIC: [8] Undefined variable: account J:\php\personal\wzry\Application\Runtime\Cache\Main\170752e06422f098e43f5a6296486dbd.php 第 80 行.
NOTIC: [8] Undefined variable: account J:\php\personal\wzry\Application\Runtime\Cache\Main\170752e06422f098e43f5a6296486dbd.php 第 84 行.
NOTIC: [8] Undefined variable: account J:\php\personal\wzry\Application\Runtime\Cache\Main\170752e06422f098e43f5a6296486dbd.php 第 85 行.
INFO: Run Behavior\ParseTemplateBehavior [ RunTime:0.017253s ]
INFO: [ view_parse ] --END-- [ RunTime:0.017331s ]
INFO: [ view_filter ] --START--
INFO: Run Behavior\WriteHtmlCacheBehavior [ RunTime:0.000350s ]
INFO: [ view_filter ] --END-- [ RunTime:0.000378s ]
INFO: [ app_end ] --START--
INFO: Run Behavior\ShowPageTraceBehavior [ RunTime:0.000680s ]
INFO: [ app_end ] --END-- [ RunTime:0.000743s ]

[ 2017-10-29T19:37:13+08:00 ] ::1 /wzry/index.php?s=/Main/Account/showDetail/account_id/107.html
INFO: [ app_init ] --START--
INFO: Run Behavior\BuildLiteBehavior [ RunTime:0.000014s ]
INFO: [ app_init ] --END-- [ RunTime:0.000413s ]
INFO: [ app_begin ] --START--
INFO: Run Behavior\ReadHtmlCacheBehavior [ RunTime:0.000484s ]
INFO: [ app_begin ] --END-- [ RunTime:0.000535s ]
SQL: SHOW COLUMNS FROM `wzry_account` [ RunTime:0.0061s ]
SQL: SELECT * FROM `wzry_account` WHERE `account_id` = 107 LIMIT 1   [ RunTime:0.0004s ]
SQL: SHOW COLUMNS FROM `wzry_user` [ RunTime:0.0074s ]
SQL: SELECT * FROM `wzry_user` WHERE ( account_id=107 )  [ RunTime:0.0008s ]
SQL: SELECT * FROM `wzry_user` WHERE ( user_id=97 ) LIMIT 1   [ RunTime:0.0006s ]
SQL: SHOW COLUMNS FROM `wzry_hero` [ RunTime:0.0063s ]
SQL: select user_id, GROUP_CONCAT(hero_id) as heros from wzry_user_hero where user_id = 97 [ RunTime:0.0006s ]
SQL: SHOW COLUMNS FROM `wzry_area` [ RunTime:0.0069s ]
SQL: SELECT * FROM `wzry_area` WHERE `area_id` = 15 LIMIT 1   [ RunTime:0.0006s ]
SQL: SELECT * FROM `wzry_account` WHERE `account_id` = 107 LIMIT 1   [ RunTime:0.0005s ]
SQL: SELECT * FROM `wzry_hero` WHERE `hero_id` = 2 LIMIT 1   [ RunTime:0.0004s ]
SQL: SELECT * FROM `wzry_hero` WHERE `hero_id` = 68 LIMIT 1   [ RunTime:0.0004s ]
SQL: SELECT * FROM `wzry_hero` WHERE `hero_id` = 70 LIMIT 1   [ RunTime:0.0004s ]
SQL: SHOW COLUMNS FROM `wzry_main_hero` [ RunTime:0.0069s ]
SQL: SELECT * FROM `wzry_main_hero` WHERE ( user_id=97 )  [ RunTime:0.0004s ]
INFO: [ view_parse ] --START--
INFO: [ template_filter ] --START--
INFO: Run Behavior\ContentReplaceBehavior [ RunTime:0.000217s ]
INFO: [ template_filter ] --END-- [ RunTime:0.000347s ]
INFO: Run Behavior\ParseTemplateBehavior [ RunTime:0.073834s ]
INFO: [ view_parse ] --END-- [ RunTime:0.073938s ]
INFO: [ view_filter ] --START--
INFO: Run Behavior\WriteHtmlCacheBehavior [ RunTime:0.000663s ]
INFO: [ view_filter ] --END-- [ RunTime:0.000745s ]
INFO: [ app_end ] --START--
INFO: Run Behavior\ShowPageTraceBehavior [ RunTime:0.001057s ]
INFO: [ app_end ] --END-- [ RunTime:0.001154s ]

[ 2017-10-29T19:37:20+08:00 ] ::1 /wzry/index.php?s=/Main/Area/showAll.html
INFO: [ app_init ] --START--
INFO: Run Behavior\BuildLiteBehavior [ RunTime:0.000013s ]
INFO: [ app_init ] --END-- [ RunTime:0.000504s ]
INFO: [ app_begin ] --START--
INFO: Run Behavior\ReadHtmlCacheBehavior [ RunTime:0.000530s ]
INFO: [ app_begin ] --END-- [ RunTime:0.000586s ]
SQL: SHOW COLUMNS FROM `wzry_area` [ RunTime:0.0135s ]
SQL: SELECT * FROM `wzry_area` ORDER BY type, area_no  [ RunTime:0.0011s ]
SQL: SHOW COLUMNS FROM `wzry_user` [ RunTime:0.0098s ]
SQL: SELECT COUNT(*) AS tp_count FROM `wzry_user` WHERE ( area_id=6 ) LIMIT 1   [ RunTime:0.0006s ]
SQL: SELECT COUNT(*) AS tp_count FROM `wzry_user` WHERE ( area_id=4 ) LIMIT 1   [ RunTime:0.0005s ]
SQL: SELECT COUNT(*) AS tp_count FROM `wzry_user` WHERE ( area_id=1 ) LIMIT 1   [ RunTime:0.0006s ]
SQL: SELECT COUNT(*) AS tp_count FROM `wzry_user` WHERE ( area_id=21 ) LIMIT 1   [ RunTime:0.0007s ]
SQL: SELECT COUNT(*) AS tp_count FROM `wzry_user` WHERE ( area_id=22 ) LIMIT 1   [ RunTime:0.0007s ]
SQL: SELECT COUNT(*) AS tp_count FROM `wzry_user` WHERE ( area_id=9 ) LIMIT 1   [ RunTime:0.0008s ]
SQL: SELECT COUNT(*) AS tp_count FROM `wzry_user` WHERE ( area_id=5 ) LIMIT 1   [ RunTime:0.0007s ]
SQL: SELECT COUNT(*) AS tp_count FROM `wzry_user` WHERE ( area_id=20 ) LIMIT 1   [ RunTime:0.0007s ]
SQL: SELECT COUNT(*) AS tp_count FROM `wzry_user` WHERE ( area_id=2 ) LIMIT 1   [ RunTime:0.0006s ]
SQL: SELECT COUNT(*) AS tp_count FROM `wzry_user` WHERE ( area_id=3 ) LIMIT 1   [ RunTime:0.0008s ]
SQL: SELECT COUNT(*) AS tp_count FROM `wzry_user` WHERE ( area_id=8 ) LIMIT 1   [ RunTime:0.0007s ]
SQL: SELECT COUNT(*) AS tp_count FROM `wzry_user` WHERE ( area_id=7 ) LIMIT 1   [ RunTime:0.0006s ]
SQL: SELECT COUNT(*) AS tp_count FROM `wzry_user` WHERE ( area_id=17 ) LIMIT 1   [ RunTime:0.0006s ]
SQL: SELECT COUNT(*) AS tp_count FROM `wzry_user` WHERE ( area_id=13 ) LIMIT 1   [ RunTime:0.0006s ]
SQL: SELECT COUNT(*) AS tp_count FROM `wzry_user` WHERE ( area_id=12 ) LIMIT 1   [ RunTime:0.0006s ]
SQL: SELECT COUNT(*) AS tp_count FROM `wzry_user` WHERE ( area_id=10 ) LIMIT 1   [ RunTime:0.0006s ]
SQL: SELECT COUNT(*) AS tp_count FROM `wzry_user` WHERE ( area_id=14 ) LIMIT 1   [ RunTime:0.0006s ]
SQL: SELECT COUNT(*) AS tp_count FROM `wzry_user` WHERE ( area_id=16 ) LIMIT 1   [ RunTime:0.0005s ]
SQL: SELECT COUNT(*) AS tp_count FROM `wzry_user` WHERE ( area_id=11 ) LIMIT 1   [ RunTime:0.0006s ]
SQL: SELECT COUNT(*) AS tp_count FROM `wzry_user` WHERE ( area_id=15 ) LIMIT 1   [ RunTime:0.0005s ]
SQL: SELECT COUNT(*) AS tp_count FROM `wzry_user` WHERE ( area_id=23 ) LIMIT 1   [ RunTime:0.0006s ]
INFO: [ view_parse ] --START--
INFO: [ template_filter ] --START--
INFO: Run Behavior\ContentReplaceBehavior [ RunTime:0.000193s ]
INFO: [ template_filter ] --END-- [ RunTime:0.000340s ]
INFO: Run Behavior\ParseTemplateBehavior [ RunTime:0.076934s ]
INFO: [ view_parse ] --END-- [ RunTime:0.077081s ]
INFO: [ view_filter ] --START--
INFO: Run Behavior\WriteHtmlCacheBehavior [ RunTime:0.001235s ]
INFO: [ view_filter ] --END-- [ RunTime:0.001361s ]
INFO: [ app_end ] --START--
INFO: Run Behavior\ShowPageTraceBehavior [ RunTime:0.002471s ]
INFO: [ app_end ] --END-- [ RunTime:0.002906s ]

[ 2017-10-29T19:37:28+08:00 ] ::1 /wzry/index.php?s=/Main/Account/showAll.html
INFO: [ app_init ] --START--
INFO: Run Behavior\BuildLiteBehavior [ RunTime:0.000015s ]
INFO: [ app_init ] --END-- [ RunTime:0.000516s ]
INFO: [ app_begin ] --START--
INFO: Run Behavior\ReadHtmlCacheBehavior [ RunTime:0.000576s ]
INFO: [ app_begin ] --END-- [ RunTime:0.000625s ]
SQL: SHOW COLUMNS FROM `wzry_account` [ RunTime:0.0142s ]
SQL: SELECT * FROM `wzry_account` ORDER BY type, account  [ RunTime:0.0012s ]
SQL: SHOW COLUMNS FROM `wzry_user` [ RunTime:0.0133s ]
SQL: SELECT COUNT(*) AS tp_count FROM `wzry_user` WHERE ( account_id=98 ) LIMIT 1   [ RunTime:0.0010s ]
SQL: SELECT COUNT(*) AS tp_count FROM `wzry_user` WHERE ( account_id=102 ) LIMIT 1   [ RunTime:0.0009s ]
SQL: SELECT COUNT(*) AS tp_count FROM `wzry_user` WHERE ( account_id=99 ) LIMIT 1   [ RunTime:0.0009s ]
SQL: SELECT COUNT(*) AS tp_count FROM `wzry_user` WHERE ( account_id=104 ) LIMIT 1   [ RunTime:0.0009s ]
SQL: SELECT COUNT(*) AS tp_count FROM `wzry_user` WHERE ( account_id=95 ) LIMIT 1   [ RunTime:0.0009s ]
SQL: SELECT COUNT(*) AS tp_count FROM `wzry_user` WHERE ( account_id=101 ) LIMIT 1   [ RunTime:0.0014s ]
SQL: SELECT COUNT(*) AS tp_count FROM `wzry_user` WHERE ( account_id=96 ) LIMIT 1   [ RunTime:0.0010s ]
SQL: SELECT COUNT(*) AS tp_count FROM `wzry_user` WHERE ( account_id=100 ) LIMIT 1   [ RunTime:0.0008s ]
SQL: SELECT COUNT(*) AS tp_count FROM `wzry_user` WHERE ( account_id=103 ) LIMIT 1   [ RunTime:0.0008s ]
SQL: SELECT COUNT(*) AS tp_count FROM `wzry_user` WHERE ( account_id=106 ) LIMIT 1   [ RunTime:0.0008s ]
SQL: SELECT COUNT(*) AS tp_count FROM `wzry_user` WHERE ( account_id=107 ) LIMIT 1   [ RunTime:0.0010s ]
SQL: SELECT COUNT(*) AS tp_count FROM `wzry_user` WHERE ( account_id=108 ) LIMIT 1   [ RunTime:0.0009s ]
SQL: SELECT COUNT(*) AS tp_count FROM `wzry_user` WHERE ( account_id=97 ) LIMIT 1   [ RunTime:0.0009s ]
SQL: SELECT COUNT(*) AS tp_count FROM `wzry_user` WHERE ( account_id=109 ) LIMIT 1   [ RunTime:0.0008s ]
SQL: SELECT COUNT(*) AS tp_count FROM `wzry_user` WHERE ( account_id=105 ) LIMIT 1   [ RunTime:0.0008s ]
INFO: [ view_parse ] --START--
INFO: [ template_filter ] --START--
INFO: Run Behavior\ContentReplaceBehavior [ RunTime:0.000185s ]
INFO: [ template_filter ] --END-- [ RunTime:0.000273s ]
NOTIC: [8] Undefined variable: account J:\php\personal\wzry\Application\Runtime\Cache\Main\170752e06422f098e43f5a6296486dbd.php 第 80 行.
NOTIC: [8] Undefined variable: account J:\php\personal\wzry\Application\Runtime\Cache\Main\170752e06422f098e43f5a6296486dbd.php 第 84 行.
NOTIC: [8] Undefined variable: account J:\php\personal\wzry\Application\Runtime\Cache\Main\170752e06422f098e43f5a6296486dbd.php 第 85 行.
INFO: Run Behavior\ParseTemplateBehavior [ RunTime:0.022302s ]
INFO: [ view_parse ] --END-- [ RunTime:0.022451s ]
INFO: [ view_filter ] --START--
INFO: Run Behavior\WriteHtmlCacheBehavior [ RunTime:0.000845s ]
INFO: [ view_filter ] --END-- [ RunTime:0.000926s ]
INFO: [ app_end ] --START--
INFO: Run Behavior\ShowPageTraceBehavior [ RunTime:0.001087s ]
INFO: [ app_end ] --END-- [ RunTime:0.001180s ]

[ 2017-10-29T19:55:35+08:00 ] ::1 /wzry/index.php?s=/Main/Account/showDetail/account_id/102.html
INFO: [ app_init ] --START--
INFO: Run Behavior\BuildLiteBehavior [ RunTime:0.000015s ]
INFO: [ app_init ] --END-- [ RunTime:0.000625s ]
INFO: [ app_begin ] --START--
INFO: Run Behavior\ReadHtmlCacheBehavior [ RunTime:0.000654s ]
INFO: [ app_begin ] --END-- [ RunTime:0.000703s ]
SQL: SHOW COLUMNS FROM `wzry_account` [ RunTime:0.0044s ]
SQL: SELECT * FROM `wzry_account` WHERE `account_id` = 102 LIMIT 1   [ RunTime:0.0003s ]
SQL: SHOW COLUMNS FROM `wzry_user` [ RunTime:0.0042s ]
SQL: SELECT * FROM `wzry_user` WHERE ( account_id=102 )  [ RunTime:0.0004s ]
SQL: SELECT * FROM `wzry_user` WHERE ( user_id=79 ) LIMIT 1   [ RunTime:0.0003s ]
SQL: SHOW COLUMNS FROM `wzry_hero` [ RunTime:0.0040s ]
SQL: select user_id, GROUP_CONCAT(hero_id) as heros from wzry_user_hero where user_id = 79 [ RunTime:0.0007s ]
SQL: SHOW COLUMNS FROM `wzry_area` [ RunTime:0.0037s ]
SQL: SELECT * FROM `wzry_area` WHERE `area_id` = 6 LIMIT 1   [ RunTime:0.0003s ]
SQL: SELECT * FROM `wzry_account` WHERE `account_id` = 102 LIMIT 1   [ RunTime:0.0002s ]
SQL: SELECT * FROM `wzry_hero` WHERE `hero_id` = 61 LIMIT 1   [ RunTime:0.0003s ]
SQL: SELECT * FROM `wzry_hero` WHERE `hero_id` = 68 LIMIT 1   [ RunTime:0.0002s ]
SQL: SHOW COLUMNS FROM `wzry_main_hero` [ RunTime:0.0043s ]
SQL: SELECT * FROM `wzry_main_hero` WHERE ( user_id=79 )  [ RunTime:0.0004s ]
INFO: [ view_parse ] --START--
INFO: [ template_filter ] --START--
INFO: Run Behavior\ContentReplaceBehavior [ RunTime:0.000077s ]
INFO: [ template_filter ] --END-- [ RunTime:0.000126s ]
INFO: Run Behavior\ParseTemplateBehavior [ RunTime:0.010174s ]
INFO: [ view_parse ] --END-- [ RunTime:0.010247s ]
INFO: [ view_filter ] --START--
INFO: Run Behavior\WriteHtmlCacheBehavior [ RunTime:0.000565s ]
INFO: [ view_filter ] --END-- [ RunTime:0.000620s ]
INFO: [ app_end ] --START--
INFO: Run Behavior\ShowPageTraceBehavior [ RunTime:0.000713s ]
INFO: [ app_end ] --END-- [ RunTime:0.000766s ]

[ 2017-10-29T19:55:39+08:00 ] ::1 /wzry/index.php?s=/Main/Area/showAll.html
INFO: [ app_init ] --START--
INFO: Run Behavior\BuildLiteBehavior [ RunTime:0.000012s ]
INFO: [ app_init ] --END-- [ RunTime:0.000485s ]
INFO: [ app_begin ] --START--
INFO: Run Behavior\ReadHtmlCacheBehavior [ RunTime:0.000562s ]
INFO: [ app_begin ] --END-- [ RunTime:0.000617s ]
SQL: SHOW COLUMNS FROM `wzry_area` [ RunTime:0.0038s ]
SQL: SELECT * FROM `wzry_area` ORDER BY type, area_no  [ RunTime:0.0004s ]
SQL: SHOW COLUMNS FROM `wzry_user` [ RunTime:0.0042s ]
SQL: SELECT COUNT(*) AS tp_count FROM `wzry_user` WHERE ( area_id=6 ) LIMIT 1   [ RunTime:0.0003s ]
SQL: SELECT COUNT(*) AS tp_count FROM `wzry_user` WHERE ( area_id=4 ) LIMIT 1   [ RunTime:0.0003s ]
SQL: SELECT COUNT(*) AS tp_count FROM `wzry_user` WHERE ( area_id=1 ) LIMIT 1   [ RunTime:0.0003s ]
SQL: SELECT COUNT(*) AS tp_count FROM `wzry_user` WHERE ( area_id=21 ) LIMIT 1   [ RunTime:0.0003s ]
SQL: SELECT COUNT(*) AS tp_count FROM `wzry_user` WHERE ( area_id=22 ) LIMIT 1   [ RunTime:0.0003s ]
SQL: SELECT COUNT(*) AS tp_count FROM `wzry_user` WHERE ( area_id=9 ) LIMIT 1   [ RunTime:0.0003s ]
SQL: SELECT COUNT(*) AS tp_count FROM `wzry_user` WHERE ( area_id=5 ) LIMIT 1   [ RunTime:0.0003s ]
SQL: SELECT COUNT(*) AS tp_count FROM `wzry_user` WHERE ( area_id=20 ) LIMIT 1   [ RunTime:0.0003s ]
SQL: SELECT COUNT(*) AS tp_count FROM `wzry_user` WHERE ( area_id=2 ) LIMIT 1   [ RunTime:0.0003s ]
SQL: SELECT COUNT(*) AS tp_count FROM `wzry_user` WHERE ( area_id=3 ) LIMIT 1   [ RunTime:0.0002s ]
SQL: SELECT COUNT(*) AS tp_count FROM `wzry_user` WHERE ( area_id=8 ) LIMIT 1   [ RunTime:0.0002s ]
SQL: SELECT COUNT(*) AS tp_count FROM `wzry_user` WHERE ( area_id=7 ) LIMIT 1   [ RunTime:0.0003s ]
SQL: SELECT COUNT(*) AS tp_count FROM `wzry_user` WHERE ( area_id=17 ) LIMIT 1   [ RunTime:0.0002s ]
SQL: SELECT COUNT(*) AS tp_count FROM `wzry_user` WHERE ( area_id=13 ) LIMIT 1   [ RunTime:0.0002s ]
SQL: SELECT COUNT(*) AS tp_count FROM `wzry_user` WHERE ( area_id=12 ) LIMIT 1   [ RunTime:0.0002s ]
SQL: SELECT COUNT(*) AS tp_count FROM `wzry_user` WHERE ( area_id=10 ) LIMIT 1   [ RunTime:0.0003s ]
SQL: SELECT COUNT(*) AS tp_count FROM `wzry_user` WHERE ( area_id=14 ) LIMIT 1   [ RunTime:0.0003s ]
SQL: SELECT COUNT(*) AS tp_count FROM `wzry_user` WHERE ( area_id=16 ) LIMIT 1   [ RunTime:0.0003s ]
SQL: SELECT COUNT(*) AS tp_count FROM `wzry_user` WHERE ( area_id=11 ) LIMIT 1   [ RunTime:0.0002s ]
SQL: SELECT COUNT(*) AS tp_count FROM `wzry_user` WHERE ( area_id=15 ) LIMIT 1   [ RunTime:0.0002s ]
SQL: SELECT COUNT(*) AS tp_count FROM `wzry_user` WHERE ( area_id=23 ) LIMIT 1   [ RunTime:0.0002s ]
INFO: [ view_parse ] --START--
INFO: [ template_filter ] --START--
INFO: Run Behavior\ContentReplaceBehavior [ RunTime:0.000062s ]
INFO: [ template_filter ] --END-- [ RunTime:0.000109s ]
INFO: Run Behavior\ParseTemplateBehavior [ RunTime:0.628864s ]
INFO: [ view_parse ] --END-- [ RunTime:0.629013s ]
INFO: [ view_filter ] --START--
INFO: Run Behavior\WriteHtmlCacheBehavior [ RunTime:0.000968s ]
INFO: [ view_filter ] --END-- [ RunTime:0.077978s ]
INFO: [ app_end ] --START--
INFO: Run Behavior\ShowPageTraceBehavior [ RunTime:0.001363s ]
INFO: [ app_end ] --END-- [ RunTime:0.001510s ]

