[ 2017-10-28T00:13:58+08:00 ] ::1 /wzry/index.php?s=/Main/Account/showAll.html
INFO: [ app_init ] --START--
INFO: Run Behavior\BuildLiteBehavior [ RunTime:0.000014s ]
INFO: [ app_init ] --END-- [ RunTime:0.000522s ]
INFO: [ app_begin ] --START--
INFO: Run Behavior\ReadHtmlCacheBehavior [ RunTime:0.000643s ]
INFO: [ app_begin ] --END-- [ RunTime:0.000696s ]
SQL: SHOW COLUMNS FROM `wzry_account` [ RunTime:0.0180s ]
SQL: SELECT * FROM `wzry_account` ORDER BY type, account  [ RunTime:0.0015s ]
SQL: SHOW COLUMNS FROM `wzry_user` [ RunTime:0.0071s ]
SQL: SELECT COUNT(*) AS tp_count FROM `wzry_user` WHERE ( account_id=98 ) LIMIT 1   [ RunTime:0.0005s ]
SQL: SELECT COUNT(*) AS tp_count FROM `wzry_user` WHERE ( account_id=102 ) LIMIT 1   [ RunTime:0.0004s ]
SQL: SELECT COUNT(*) AS tp_count FROM `wzry_user` WHERE ( account_id=99 ) LIMIT 1   [ RunTime:0.0004s ]
SQL: SELECT COUNT(*) AS tp_count FROM `wzry_user` WHERE ( account_id=104 ) LIMIT 1   [ RunTime:0.0004s ]
SQL: SELECT COUNT(*) AS tp_count FROM `wzry_user` WHERE ( account_id=95 ) LIMIT 1   [ RunTime:0.0005s ]
SQL: SELECT COUNT(*) AS tp_count FROM `wzry_user` WHERE ( account_id=101 ) LIMIT 1   [ RunTime:0.0004s ]
SQL: SELECT COUNT(*) AS tp_count FROM `wzry_user` WHERE ( account_id=96 ) LIMIT 1   [ RunTime:0.0004s ]
SQL: SELECT COUNT(*) AS tp_count FROM `wzry_user` WHERE ( account_id=100 ) LIMIT 1   [ RunTime:0.0005s ]
SQL: SELECT COUNT(*) AS tp_count FROM `wzry_user` WHERE ( account_id=103 ) LIMIT 1   [ RunTime:0.0004s ]
SQL: SELECT COUNT(*) AS tp_count FROM `wzry_user` WHERE ( account_id=106 ) LIMIT 1   [ RunTime:0.0004s ]
SQL: SELECT COUNT(*) AS tp_count FROM `wzry_user` WHERE ( account_id=107 ) LIMIT 1   [ RunTime:0.0004s ]
SQL: SELECT COUNT(*) AS tp_count FROM `wzry_user` WHERE ( account_id=108 ) LIMIT 1   [ RunTime:0.0004s ]
SQL: SELECT COUNT(*) AS tp_count FROM `wzry_user` WHERE ( account_id=97 ) LIMIT 1   [ RunTime:0.0004s ]
SQL: SELECT COUNT(*) AS tp_count FROM `wzry_user` WHERE ( account_id=109 ) LIMIT 1   [ RunTime:0.0005s ]
SQL: SELECT COUNT(*) AS tp_count FROM `wzry_user` WHERE ( account_id=105 ) LIMIT 1   [ RunTime:0.0006s ]
INFO: [ view_parse ] --START--
INFO: [ template_filter ] --START--
INFO: Run Behavior\ContentReplaceBehavior [ RunTime:0.000137s ]
INFO: [ template_filter ] --END-- [ RunTime:0.000213s ]
NOTIC: [8] Undefined variable: account J:\php\personal\wzry\Application\Runtime\Cache\Main\170752e06422f098e43f5a6296486dbd.php 第 80 行.
NOTIC: [8] Undefined variable: account J:\php\personal\wzry\Application\Runtime\Cache\Main\170752e06422f098e43f5a6296486dbd.php 第 84 行.
NOTIC: [8] Undefined variable: account J:\php\personal\wzry\Application\Runtime\Cache\Main\170752e06422f098e43f5a6296486dbd.php 第 85 行.
INFO: Run Behavior\ParseTemplateBehavior [ RunTime:0.017352s ]
INFO: [ view_parse ] --END-- [ RunTime:0.017452s ]
INFO: [ view_filter ] --START--
INFO: Run Behavior\WriteHtmlCacheBehavior [ RunTime:0.000761s ]
INFO: [ view_filter ] --END-- [ RunTime:0.000823s ]
INFO: [ app_end ] --START--
INFO: Run Behavior\ShowPageTraceBehavior [ RunTime:0.001155s ]
INFO: [ app_end ] --END-- [ RunTime:0.001268s ]

[ 2017-10-28T00:14:03+08:00 ] ::1 /wzry/index.php?s=/Main/Account/showDetail/account_id/106.html
INFO: [ app_init ] --START--
INFO: Run Behavior\BuildLiteBehavior [ RunTime:0.000013s ]
INFO: [ app_init ] --END-- [ RunTime:0.000485s ]
INFO: [ app_begin ] --START--
INFO: Run Behavior\ReadHtmlCacheBehavior [ RunTime:0.000559s ]
INFO: [ app_begin ] --END-- [ RunTime:0.000606s ]
SQL: SHOW COLUMNS FROM `wzry_account` [ RunTime:0.0044s ]
SQL: SELECT * FROM `wzry_account` WHERE `account_id` = 106 LIMIT 1   [ RunTime:0.0003s ]
SQL: SHOW COLUMNS FROM `wzry_user` [ RunTime:0.0041s ]
SQL: SELECT * FROM `wzry_user` WHERE ( account_id=106 )  [ RunTime:0.0004s ]
SQL: SELECT * FROM `wzry_user` WHERE ( user_id=91 ) LIMIT 1   [ RunTime:0.0004s ]
SQL: SHOW COLUMNS FROM `wzry_hero` [ RunTime:0.0043s ]
SQL: select user_id, GROUP_CONCAT(hero_id) as heros from wzry_user_hero where user_id = 91 [ RunTime:0.0010s ]
SQL: SHOW COLUMNS FROM `wzry_area` [ RunTime:0.0036s ]
SQL: SELECT * FROM `wzry_area` WHERE `area_id` = 13 LIMIT 1   [ RunTime:0.0003s ]
SQL: SELECT * FROM `wzry_account` WHERE `account_id` = 106 LIMIT 1   [ RunTime:0.0003s ]
SQL: SELECT * FROM `wzry_hero` WHERE `hero_id` = 17 LIMIT 1   [ RunTime:0.0003s ]
SQL: SELECT * FROM `wzry_hero` WHERE `hero_id` = 26 LIMIT 1   [ RunTime:0.0002s ]
SQL: SELECT * FROM `wzry_hero` WHERE `hero_id` = 61 LIMIT 1   [ RunTime:0.0002s ]
SQL: SELECT * FROM `wzry_hero` WHERE `hero_id` = 64 LIMIT 1   [ RunTime:0.0002s ]
SQL: SELECT * FROM `wzry_hero` WHERE `hero_id` = 67 LIMIT 1   [ RunTime:0.0002s ]
SQL: SELECT * FROM `wzry_hero` WHERE `hero_id` = 68 LIMIT 1   [ RunTime:0.0002s ]
SQL: SHOW COLUMNS FROM `wzry_main_hero` [ RunTime:0.0039s ]
SQL: SELECT * FROM `wzry_main_hero` WHERE ( user_id=91 )  [ RunTime:0.0004s ]
SQL: SELECT * FROM `wzry_hero` WHERE `hero_id` = 17 LIMIT 1   [ RunTime:0.0003s ]
SQL: SELECT * FROM `wzry_user` WHERE ( user_id=92 ) LIMIT 1   [ RunTime:0.0003s ]
SQL: select user_id, GROUP_CONCAT(hero_id) as heros from wzry_user_hero where user_id = 92 [ RunTime:0.0004s ]
SQL: SELECT * FROM `wzry_area` WHERE `area_id` = 14 LIMIT 1   [ RunTime:0.0002s ]
SQL: SELECT * FROM `wzry_account` WHERE `account_id` = 106 LIMIT 1   [ RunTime:0.0002s ]
SQL: SELECT * FROM `wzry_hero` WHERE `hero_id` = 1 LIMIT 1   [ RunTime:0.0002s ]
SQL: SELECT * FROM `wzry_hero` WHERE `hero_id` = 2 LIMIT 1   [ RunTime:0.0002s ]
SQL: SELECT * FROM `wzry_hero` WHERE `hero_id` = 5 LIMIT 1   [ RunTime:0.0002s ]
SQL: SELECT * FROM `wzry_hero` WHERE `hero_id` = 44 LIMIT 1   [ RunTime:0.0002s ]
SQL: SELECT * FROM `wzry_hero` WHERE `hero_id` = 61 LIMIT 1   [ RunTime:0.0002s ]
SQL: SELECT * FROM `wzry_hero` WHERE `hero_id` = 64 LIMIT 1   [ RunTime:0.0002s ]
SQL: SELECT * FROM `wzry_hero` WHERE `hero_id` = 67 LIMIT 1   [ RunTime:0.0002s ]
SQL: SELECT * FROM `wzry_hero` WHERE `hero_id` = 68 LIMIT 1   [ RunTime:0.0002s ]
SQL: SELECT * FROM `wzry_main_hero` WHERE ( user_id=92 )  [ RunTime:0.0002s ]
SQL: SELECT * FROM `wzry_hero` WHERE `hero_id` = 5 LIMIT 1   [ RunTime:0.0002s ]
SQL: SELECT * FROM `wzry_hero` WHERE `hero_id` = 44 LIMIT 1   [ RunTime:0.0002s ]
SQL: SELECT * FROM `wzry_user` WHERE ( user_id=93 ) LIMIT 1   [ RunTime:0.0003s ]
SQL: select user_id, GROUP_CONCAT(hero_id) as heros from wzry_user_hero where user_id = 93 [ RunTime:0.0003s ]
SQL: SELECT * FROM `wzry_area` WHERE `area_id` = 12 LIMIT 1   [ RunTime:0.0002s ]
SQL: SELECT * FROM `wzry_account` WHERE `account_id` = 106 LIMIT 1   [ RunTime:0.0002s ]
SQL: SELECT * FROM `wzry_hero` WHERE `hero_id` = 42 LIMIT 1   [ RunTime:0.0002s ]
SQL: SELECT * FROM `wzry_hero` WHERE `hero_id` = 61 LIMIT 1   [ RunTime:0.0002s ]
SQL: SELECT * FROM `wzry_hero` WHERE `hero_id` = 64 LIMIT 1   [ RunTime:0.0002s ]
SQL: SELECT * FROM `wzry_hero` WHERE `hero_id` = 67 LIMIT 1   [ RunTime:0.0002s ]
SQL: SELECT * FROM `wzry_hero` WHERE `hero_id` = 68 LIMIT 1   [ RunTime:0.0002s ]
SQL: SELECT * FROM `wzry_main_hero` WHERE ( user_id=93 )  [ RunTime:0.0003s ]
SQL: SELECT * FROM `wzry_hero` WHERE `hero_id` = 42 LIMIT 1   [ RunTime:0.0002s ]
SQL: SELECT * FROM `wzry_user` WHERE ( user_id=94 ) LIMIT 1   [ RunTime:0.0003s ]
SQL: select user_id, GROUP_CONCAT(hero_id) as heros from wzry_user_hero where user_id = 94 [ RunTime:0.0003s ]
SQL: SELECT * FROM `wzry_area` WHERE `area_id` = 15 LIMIT 1   [ RunTime:0.0002s ]
SQL: SELECT * FROM `wzry_account` WHERE `account_id` = 106 LIMIT 1   [ RunTime:0.0002s ]
SQL: SELECT * FROM `wzry_hero` WHERE `hero_id` = 1 LIMIT 1   [ RunTime:0.0002s ]
SQL: SELECT * FROM `wzry_hero` WHERE `hero_id` = 2 LIMIT 1   [ RunTime:0.0002s ]
SQL: SELECT * FROM `wzry_hero` WHERE `hero_id` = 4 LIMIT 1   [ RunTime:0.0002s ]
SQL: SELECT * FROM `wzry_hero` WHERE `hero_id` = 61 LIMIT 1   [ RunTime:0.0002s ]
SQL: SELECT * FROM `wzry_hero` WHERE `hero_id` = 67 LIMIT 1   [ RunTime:0.0002s ]
SQL: SELECT * FROM `wzry_hero` WHERE `hero_id` = 68 LIMIT 1   [ RunTime:0.0003s ]
SQL: SELECT * FROM `wzry_main_hero` WHERE ( user_id=94 )  [ RunTime:0.0003s ]
SQL: SELECT * FROM `wzry_hero` WHERE `hero_id` = 4 LIMIT 1   [ RunTime:0.0003s ]
SQL: SELECT * FROM `wzry_user` WHERE ( user_id=95 ) LIMIT 1   [ RunTime:0.0003s ]
SQL: select user_id, GROUP_CONCAT(hero_id) as heros from wzry_user_hero where user_id = 95 [ RunTime:0.0003s ]
SQL: SELECT * FROM `wzry_area` WHERE `area_id` = 11 LIMIT 1   [ RunTime:0.0002s ]
SQL: SELECT * FROM `wzry_account` WHERE `account_id` = 106 LIMIT 1   [ RunTime:0.0004s ]
SQL: SELECT * FROM `wzry_hero` WHERE `hero_id` = 54 LIMIT 1   [ RunTime:0.0004s ]
SQL: SELECT * FROM `wzry_hero` WHERE `hero_id` = 61 LIMIT 1   [ RunTime:0.0003s ]
SQL: SELECT * FROM `wzry_hero` WHERE `hero_id` = 64 LIMIT 1   [ RunTime:0.0002s ]
SQL: SELECT * FROM `wzry_hero` WHERE `hero_id` = 67 LIMIT 1   [ RunTime:0.0002s ]
SQL: SELECT * FROM `wzry_hero` WHERE `hero_id` = 68 LIMIT 1   [ RunTime:0.0002s ]
SQL: SELECT * FROM `wzry_main_hero` WHERE ( user_id=95 )  [ RunTime:0.0002s ]
SQL: SELECT * FROM `wzry_hero` WHERE `hero_id` = 54 LIMIT 1   [ RunTime:0.0002s ]
SQL: SELECT * FROM `wzry_user` WHERE ( user_id=96 ) LIMIT 1   [ RunTime:0.0003s ]
SQL: select user_id, GROUP_CONCAT(hero_id) as heros from wzry_user_hero where user_id = 96 [ RunTime:0.0004s ]
SQL: SELECT * FROM `wzry_area` WHERE `area_id` = 10 LIMIT 1   [ RunTime:0.0003s ]
SQL: SELECT * FROM `wzry_account` WHERE `account_id` = 106 LIMIT 1   [ RunTime:0.0002s ]
SQL: SELECT * FROM `wzry_hero` WHERE `hero_id` = 1 LIMIT 1   [ RunTime:0.0002s ]
SQL: SELECT * FROM `wzry_hero` WHERE `hero_id` = 2 LIMIT 1   [ RunTime:0.0002s ]
SQL: SELECT * FROM `wzry_hero` WHERE `hero_id` = 61 LIMIT 1   [ RunTime:0.0002s ]
SQL: SELECT * FROM `wzry_hero` WHERE `hero_id` = 64 LIMIT 1   [ RunTime:0.0002s ]
SQL: SELECT * FROM `wzry_hero` WHERE `hero_id` = 67 LIMIT 1   [ RunTime:0.0002s ]
SQL: SELECT * FROM `wzry_hero` WHERE `hero_id` = 68 LIMIT 1   [ RunTime:0.0002s ]
SQL: SELECT * FROM `wzry_main_hero` WHERE ( user_id=96 )  [ RunTime:0.0002s ]
INFO: [ view_parse ] --START--
INFO: [ template_filter ] --START--
INFO: Run Behavior\ContentReplaceBehavior [ RunTime:0.000063s ]
INFO: [ template_filter ] --END-- [ RunTime:0.000105s ]
INFO: Run Behavior\ParseTemplateBehavior [ RunTime:0.008196s ]
INFO: [ view_parse ] --END-- [ RunTime:0.008235s ]
INFO: [ view_filter ] --START--
INFO: Run Behavior\WriteHtmlCacheBehavior [ RunTime:0.000373s ]
INFO: [ view_filter ] --END-- [ RunTime:0.000405s ]
INFO: [ app_end ] --START--
INFO: Run Behavior\ShowPageTraceBehavior [ RunTime:0.000593s ]
INFO: [ app_end ] --END-- [ RunTime:0.000655s ]

[ 2017-10-28T00:14:20+08:00 ] ::1 /wzry/index.php?s=/Main/Account/addUser/account_id/108/url/Account_showAll.html
INFO: [ app_init ] --START--
INFO: Run Behavior\BuildLiteBehavior [ RunTime:0.000012s ]
INFO: [ app_init ] --END-- [ RunTime:0.000454s ]
INFO: [ app_begin ] --START--
INFO: Run Behavior\ReadHtmlCacheBehavior [ RunTime:0.000667s ]
INFO: [ app_begin ] --END-- [ RunTime:0.000715s ]
SQL: SHOW COLUMNS FROM `wzry_account` [ RunTime:0.0115s ]
SQL: SELECT `type`,`account` FROM `wzry_account` WHERE `account_id` = 108 LIMIT 1   [ RunTime:0.0009s ]
SQL: SHOW COLUMNS FROM `wzry_area` [ RunTime:0.0111s ]
SQL: SELECT * FROM `wzry_area` WHERE `type` = 2 ORDER BY area_no  [ RunTime:0.0011s ]
SQL: SHOW COLUMNS FROM `wzry_hero` [ RunTime:0.0133s ]
SQL: SELECT `hero_id`,`hero_name`,`hero_type` FROM `wzry_hero` ORDER BY hero_type  [ RunTime:0.0033s ]
INFO: [ view_parse ] --START--
INFO: [ template_filter ] --START--
INFO: Run Behavior\ContentReplaceBehavior [ RunTime:0.000246s ]
INFO: [ template_filter ] --END-- [ RunTime:0.000357s ]
NOTIC: [2] Illegal string offset 'account_id' J:\php\personal\wzry\Application\Runtime\Cache\Main\fca0c5d558e28e6d1052794261c978dc.php 第 77 行.
NOTIC: [2] Illegal string offset 'type' J:\php\personal\wzry\Application\Runtime\Cache\Main\fca0c5d558e28e6d1052794261c978dc.php 第 81 行.
NOTIC: [2] Illegal string offset 'type' J:\php\personal\wzry\Application\Runtime\Cache\Main\fca0c5d558e28e6d1052794261c978dc.php 第 82 行.
INFO: Run Behavior\ParseTemplateBehavior [ RunTime:0.024381s ]
INFO: [ view_parse ] --END-- [ RunTime:0.024483s ]
INFO: [ view_filter ] --START--
INFO: Run Behavior\WriteHtmlCacheBehavior [ RunTime:0.000920s ]
INFO: [ view_filter ] --END-- [ RunTime:0.000995s ]
INFO: [ app_end ] --START--
INFO: Run Behavior\ShowPageTraceBehavior [ RunTime:0.000991s ]
INFO: [ app_end ] --END-- [ RunTime:0.001066s ]

[ 2017-10-28T00:14:24+08:00 ] ::1 /wzry/index.php?s=/Main/Account/showDetail/account_id/108.html
INFO: [ app_init ] --START--
INFO: Run Behavior\BuildLiteBehavior [ RunTime:0.000021s ]
INFO: [ app_init ] --END-- [ RunTime:0.000539s ]
INFO: [ app_begin ] --START--
INFO: Run Behavior\ReadHtmlCacheBehavior [ RunTime:0.000607s ]
INFO: [ app_begin ] --END-- [ RunTime:0.000682s ]
SQL: SHOW COLUMNS FROM `wzry_account` [ RunTime:0.0058s ]
SQL: SELECT * FROM `wzry_account` WHERE `account_id` = 108 LIMIT 1   [ RunTime:0.0003s ]
SQL: SHOW COLUMNS FROM `wzry_user` [ RunTime:0.0047s ]
SQL: SELECT * FROM `wzry_user` WHERE ( account_id=108 )  [ RunTime:0.0004s ]
SQL: SELECT * FROM `wzry_user` WHERE ( user_id=98 ) LIMIT 1   [ RunTime:0.0004s ]
SQL: SHOW COLUMNS FROM `wzry_hero` [ RunTime:0.0039s ]
SQL: select user_id, GROUP_CONCAT(hero_id) as heros from wzry_user_hero where user_id = 98 [ RunTime:0.0005s ]
SQL: SHOW COLUMNS FROM `wzry_area` [ RunTime:0.0043s ]
SQL: SELECT * FROM `wzry_area` WHERE `area_id` = 11 LIMIT 1   [ RunTime:0.0003s ]
SQL: SELECT * FROM `wzry_account` WHERE `account_id` = 108 LIMIT 1   [ RunTime:0.0002s ]
SQL: SELECT * FROM `wzry_hero` WHERE `hero_id` = 4 LIMIT 1   [ RunTime:0.0002s ]
SQL: SELECT * FROM `wzry_hero` WHERE `hero_id` = 5 LIMIT 1   [ RunTime:0.0002s ]
SQL: SELECT * FROM `wzry_hero` WHERE `hero_id` = 58 LIMIT 1   [ RunTime:0.0002s ]
SQL: SELECT * FROM `wzry_hero` WHERE `hero_id` = 61 LIMIT 1   [ RunTime:0.0002s ]
SQL: SELECT * FROM `wzry_hero` WHERE `hero_id` = 62 LIMIT 1   [ RunTime:0.0002s ]
SQL: SELECT * FROM `wzry_hero` WHERE `hero_id` = 64 LIMIT 1   [ RunTime:0.0003s ]
SQL: SELECT * FROM `wzry_hero` WHERE `hero_id` = 67 LIMIT 1   [ RunTime:0.0003s ]
SQL: SELECT * FROM `wzry_hero` WHERE `hero_id` = 68 LIMIT 1   [ RunTime:0.0002s ]
SQL: SHOW COLUMNS FROM `wzry_main_hero` [ RunTime:0.0040s ]
SQL: SELECT * FROM `wzry_main_hero` WHERE ( user_id=98 )  [ RunTime:0.0003s ]
SQL: SELECT * FROM `wzry_hero` WHERE `hero_id` = 58 LIMIT 1   [ RunTime:0.0002s ]
SQL: SELECT * FROM `wzry_user` WHERE ( user_id=99 ) LIMIT 1   [ RunTime:0.0003s ]
SQL: select user_id, GROUP_CONCAT(hero_id) as heros from wzry_user_hero where user_id = 99 [ RunTime:0.0005s ]
SQL: SELECT * FROM `wzry_area` WHERE `area_id` = 13 LIMIT 1   [ RunTime:0.0004s ]
SQL: SELECT * FROM `wzry_account` WHERE `account_id` = 108 LIMIT 1   [ RunTime:0.0002s ]
SQL: SELECT * FROM `wzry_hero` WHERE `hero_id` = 12 LIMIT 1   [ RunTime:0.0002s ]
SQL: SELECT * FROM `wzry_hero` WHERE `hero_id` = 32 LIMIT 1   [ RunTime:0.0002s ]
SQL: SELECT * FROM `wzry_hero` WHERE `hero_id` = 61 LIMIT 1   [ RunTime:0.0002s ]
SQL: SELECT * FROM `wzry_hero` WHERE `hero_id` = 64 LIMIT 1   [ RunTime:0.0002s ]
SQL: SELECT * FROM `wzry_hero` WHERE `hero_id` = 67 LIMIT 1   [ RunTime:0.0002s ]
SQL: SELECT * FROM `wzry_hero` WHERE `hero_id` = 68 LIMIT 1   [ RunTime:0.0002s ]
SQL: SELECT * FROM `wzry_main_hero` WHERE ( user_id=99 )  [ RunTime:0.0002s ]
SQL: SELECT * FROM `wzry_hero` WHERE `hero_id` = 32 LIMIT 1   [ RunTime:0.0002s ]
SQL: SELECT * FROM `wzry_user` WHERE ( user_id=100 ) LIMIT 1   [ RunTime:0.0003s ]
SQL: select user_id, GROUP_CONCAT(hero_id) as heros from wzry_user_hero where user_id = 100 [ RunTime:0.0005s ]
SQL: SELECT * FROM `wzry_area` WHERE `area_id` = 10 LIMIT 1   [ RunTime:0.0004s ]
SQL: SELECT * FROM `wzry_account` WHERE `account_id` = 108 LIMIT 1   [ RunTime:0.0002s ]
SQL: SELECT * FROM `wzry_hero` WHERE `hero_id` = 8 LIMIT 1   [ RunTime:0.0002s ]
SQL: SELECT * FROM `wzry_hero` WHERE `hero_id` = 56 LIMIT 1   [ RunTime:0.0002s ]
SQL: SELECT * FROM `wzry_hero` WHERE `hero_id` = 61 LIMIT 1   [ RunTime:0.0002s ]
SQL: SELECT * FROM `wzry_hero` WHERE `hero_id` = 64 LIMIT 1   [ RunTime:0.0002s ]
SQL: SELECT * FROM `wzry_hero` WHERE `hero_id` = 67 LIMIT 1   [ RunTime:0.0001s ]
SQL: SELECT * FROM `wzry_hero` WHERE `hero_id` = 68 LIMIT 1   [ RunTime:0.0001s ]
SQL: SELECT * FROM `wzry_main_hero` WHERE ( user_id=100 )  [ RunTime:0.0002s ]
SQL: SELECT * FROM `wzry_hero` WHERE `hero_id` = 56 LIMIT 1   [ RunTime:0.0002s ]
SQL: SELECT * FROM `wzry_user` WHERE ( user_id=101 ) LIMIT 1   [ RunTime:0.0002s ]
SQL: select user_id, GROUP_CONCAT(hero_id) as heros from wzry_user_hero where user_id = 101 [ RunTime:0.0003s ]
SQL: SELECT * FROM `wzry_area` WHERE `area_id` = 14 LIMIT 1   [ RunTime:0.0002s ]
SQL: SELECT * FROM `wzry_account` WHERE `account_id` = 108 LIMIT 1   [ RunTime:0.0002s ]
SQL: SELECT * FROM `wzry_hero` WHERE `hero_id` = 2 LIMIT 1   [ RunTime:0.0002s ]
SQL: SELECT * FROM `wzry_hero` WHERE `hero_id` = 41 LIMIT 1   [ RunTime:0.0003s ]
SQL: SELECT * FROM `wzry_hero` WHERE `hero_id` = 61 LIMIT 1   [ RunTime:0.0002s ]
SQL: SELECT * FROM `wzry_hero` WHERE `hero_id` = 64 LIMIT 1   [ RunTime:0.0002s ]
SQL: SELECT * FROM `wzry_hero` WHERE `hero_id` = 67 LIMIT 1   [ RunTime:0.0002s ]
SQL: SELECT * FROM `wzry_hero` WHERE `hero_id` = 68 LIMIT 1   [ RunTime:0.0002s ]
SQL: SELECT * FROM `wzry_main_hero` WHERE ( user_id=101 )  [ RunTime:0.0002s ]
SQL: SELECT * FROM `wzry_hero` WHERE `hero_id` = 41 LIMIT 1   [ RunTime:0.0002s ]
SQL: SELECT * FROM `wzry_user` WHERE ( user_id=102 ) LIMIT 1   [ RunTime:0.0003s ]
SQL: select user_id, GROUP_CONCAT(hero_id) as heros from wzry_user_hero where user_id = 102 [ RunTime:0.0004s ]
SQL: SELECT * FROM `wzry_area` WHERE `area_id` = 12 LIMIT 1   [ RunTime:0.0003s ]
SQL: SELECT * FROM `wzry_account` WHERE `account_id` = 108 LIMIT 1   [ RunTime:0.0002s ]
SQL: SELECT * FROM `wzry_hero` WHERE `hero_id` = 1 LIMIT 1   [ RunTime:0.0002s ]
SQL: SELECT * FROM `wzry_hero` WHERE `hero_id` = 2 LIMIT 1   [ RunTime:0.0001s ]
SQL: SELECT * FROM `wzry_hero` WHERE `hero_id` = 27 LIMIT 1   [ RunTime:0.0002s ]
SQL: SELECT * FROM `wzry_hero` WHERE `hero_id` = 61 LIMIT 1   [ RunTime:0.0002s ]
SQL: SELECT * FROM `wzry_hero` WHERE `hero_id` = 64 LIMIT 1   [ RunTime:0.0002s ]
SQL: SELECT * FROM `wzry_hero` WHERE `hero_id` = 67 LIMIT 1   [ RunTime:0.0001s ]
SQL: SELECT * FROM `wzry_hero` WHERE `hero_id` = 68 LIMIT 1   [ RunTime:0.0002s ]
SQL: SELECT * FROM `wzry_main_hero` WHERE ( user_id=102 )  [ RunTime:0.0002s ]
SQL: SELECT * FROM `wzry_hero` WHERE `hero_id` = 27 LIMIT 1   [ RunTime:0.0002s ]
INFO: [ view_parse ] --START--
INFO: [ template_filter ] --START--
INFO: Run Behavior\ContentReplaceBehavior [ RunTime:0.000066s ]
INFO: [ template_filter ] --END-- [ RunTime:0.000110s ]
INFO: Run Behavior\ParseTemplateBehavior [ RunTime:0.008601s ]
INFO: [ view_parse ] --END-- [ RunTime:0.008648s ]
INFO: [ view_filter ] --START--
INFO: Run Behavior\WriteHtmlCacheBehavior [ RunTime:0.000259s ]
INFO: [ view_filter ] --END-- [ RunTime:0.000288s ]
INFO: [ app_end ] --START--
INFO: Run Behavior\ShowPageTraceBehavior [ RunTime:0.000424s ]
INFO: [ app_end ] --END-- [ RunTime:0.000461s ]

[ 2017-10-28T00:14:30+08:00 ] ::1 /wzry/index.php?s=/Main/Account/showDetail/account_id/109.html
INFO: [ app_init ] --START--
INFO: Run Behavior\BuildLiteBehavior [ RunTime:0.000021s ]
INFO: [ app_init ] --END-- [ RunTime:0.000631s ]
INFO: [ app_begin ] --START--
INFO: Run Behavior\ReadHtmlCacheBehavior [ RunTime:0.000627s ]
INFO: [ app_begin ] --END-- [ RunTime:0.000695s ]
SQL: SHOW COLUMNS FROM `wzry_account` [ RunTime:0.0064s ]
SQL: SELECT * FROM `wzry_account` WHERE `account_id` = 109 LIMIT 1   [ RunTime:0.0005s ]
SQL: SHOW COLUMNS FROM `wzry_user` [ RunTime:0.0084s ]
SQL: SELECT * FROM `wzry_user` WHERE ( account_id=109 )  [ RunTime:0.0008s ]
SQL: SELECT * FROM `wzry_user` WHERE ( user_id=103 ) LIMIT 1   [ RunTime:0.0006s ]
SQL: SHOW COLUMNS FROM `wzry_hero` [ RunTime:0.0074s ]
SQL: select user_id, GROUP_CONCAT(hero_id) as heros from wzry_user_hero where user_id = 103 [ RunTime:0.0009s ]
SQL: SHOW COLUMNS FROM `wzry_area` [ RunTime:0.0085s ]
SQL: SELECT * FROM `wzry_area` WHERE `area_id` = 14 LIMIT 1   [ RunTime:0.0005s ]
SQL: SELECT * FROM `wzry_account` WHERE `account_id` = 109 LIMIT 1   [ RunTime:0.0003s ]
SQL: SELECT * FROM `wzry_hero` WHERE `hero_id` = 1 LIMIT 1   [ RunTime:0.0003s ]
SQL: SELECT * FROM `wzry_hero` WHERE `hero_id` = 2 LIMIT 1   [ RunTime:0.0003s ]
SQL: SELECT * FROM `wzry_hero` WHERE `hero_id` = 3 LIMIT 1   [ RunTime:0.0003s ]
SQL: SELECT * FROM `wzry_hero` WHERE `hero_id` = 23 LIMIT 1   [ RunTime:0.0003s ]
SQL: SELECT * FROM `wzry_hero` WHERE `hero_id` = 43 LIMIT 1   [ RunTime:0.0003s ]
SQL: SELECT * FROM `wzry_hero` WHERE `hero_id` = 46 LIMIT 1   [ RunTime:0.0003s ]
SQL: SELECT * FROM `wzry_hero` WHERE `hero_id` = 61 LIMIT 1   [ RunTime:0.0003s ]
SQL: SELECT * FROM `wzry_hero` WHERE `hero_id` = 64 LIMIT 1   [ RunTime:0.0003s ]
SQL: SELECT * FROM `wzry_hero` WHERE `hero_id` = 67 LIMIT 1   [ RunTime:0.0003s ]
SQL: SELECT * FROM `wzry_hero` WHERE `hero_id` = 68 LIMIT 1   [ RunTime:0.0003s ]
SQL: SELECT * FROM `wzry_hero` WHERE `hero_id` = 71 LIMIT 1   [ RunTime:0.0003s ]
SQL: SHOW COLUMNS FROM `wzry_main_hero` [ RunTime:0.0050s ]
SQL: SELECT * FROM `wzry_main_hero` WHERE ( user_id=103 )  [ RunTime:0.0003s ]
SQL: SELECT * FROM `wzry_hero` WHERE `hero_id` = 43 LIMIT 1   [ RunTime:0.0003s ]
SQL: SELECT * FROM `wzry_user` WHERE ( user_id=104 ) LIMIT 1   [ RunTime:0.0003s ]
SQL: select user_id, GROUP_CONCAT(hero_id) as heros from wzry_user_hero where user_id = 104 [ RunTime:0.0004s ]
SQL: SELECT * FROM `wzry_area` WHERE `area_id` = 11 LIMIT 1   [ RunTime:0.0003s ]
SQL: SELECT * FROM `wzry_account` WHERE `account_id` = 109 LIMIT 1   [ RunTime:0.0003s ]
SQL: SELECT * FROM `wzry_hero` WHERE `hero_id` = 1 LIMIT 1   [ RunTime:0.0003s ]
SQL: SELECT * FROM `wzry_hero` WHERE `hero_id` = 2 LIMIT 1   [ RunTime:0.0003s ]
SQL: SELECT * FROM `wzry_hero` WHERE `hero_id` = 8 LIMIT 1   [ RunTime:0.0003s ]
SQL: SELECT * FROM `wzry_hero` WHERE `hero_id` = 13 LIMIT 1   [ RunTime:0.0003s ]
SQL: SELECT * FROM `wzry_hero` WHERE `hero_id` = 17 LIMIT 1   [ RunTime:0.0003s ]
SQL: SELECT * FROM `wzry_hero` WHERE `hero_id` = 23 LIMIT 1   [ RunTime:0.0003s ]
SQL: SELECT * FROM `wzry_hero` WHERE `hero_id` = 61 LIMIT 1   [ RunTime:0.0003s ]
SQL: SELECT * FROM `wzry_hero` WHERE `hero_id` = 64 LIMIT 1   [ RunTime:0.0003s ]
SQL: SELECT * FROM `wzry_hero` WHERE `hero_id` = 67 LIMIT 1   [ RunTime:0.0003s ]
SQL: SELECT * FROM `wzry_hero` WHERE `hero_id` = 68 LIMIT 1   [ RunTime:0.0003s ]
SQL: SELECT * FROM `wzry_main_hero` WHERE ( user_id=104 )  [ RunTime:0.0003s ]
SQL: SELECT * FROM `wzry_hero` WHERE `hero_id` = 13 LIMIT 1   [ RunTime:0.0003s ]
SQL: SELECT * FROM `wzry_user` WHERE ( user_id=105 ) LIMIT 1   [ RunTime:0.0003s ]
SQL: select user_id, GROUP_CONCAT(hero_id) as heros from wzry_user_hero where user_id = 105 [ RunTime:0.0004s ]
SQL: SELECT * FROM `wzry_area` WHERE `area_id` = 13 LIMIT 1   [ RunTime:0.0003s ]
SQL: SELECT * FROM `wzry_account` WHERE `account_id` = 109 LIMIT 1   [ RunTime:0.0003s ]
SQL: SELECT * FROM `wzry_hero` WHERE `hero_id` = 29 LIMIT 1   [ RunTime:0.0003s ]
SQL: SELECT * FROM `wzry_hero` WHERE `hero_id` = 61 LIMIT 1   [ RunTime:0.0003s ]
SQL: SELECT * FROM `wzry_hero` WHERE `hero_id` = 64 LIMIT 1   [ RunTime:0.0003s ]
SQL: SELECT * FROM `wzry_hero` WHERE `hero_id` = 67 LIMIT 1   [ RunTime:0.0003s ]
SQL: SELECT * FROM `wzry_hero` WHERE `hero_id` = 68 LIMIT 1   [ RunTime:0.0003s ]
SQL: SELECT * FROM `wzry_main_hero` WHERE ( user_id=105 )  [ RunTime:0.0003s ]
SQL: SELECT * FROM `wzry_hero` WHERE `hero_id` = 29 LIMIT 1   [ RunTime:0.0003s ]
SQL: SELECT * FROM `wzry_user` WHERE ( user_id=106 ) LIMIT 1   [ RunTime:0.0003s ]
SQL: select user_id, GROUP_CONCAT(hero_id) as heros from wzry_user_hero where user_id = 106 [ RunTime:0.0004s ]
SQL: SELECT * FROM `wzry_area` WHERE `area_id` = 12 LIMIT 1   [ RunTime:0.0003s ]
SQL: SELECT * FROM `wzry_account` WHERE `account_id` = 109 LIMIT 1   [ RunTime:0.0003s ]
SQL: SELECT * FROM `wzry_hero` WHERE `hero_id` = 26 LIMIT 1   [ RunTime:0.0004s ]
SQL: SELECT * FROM `wzry_hero` WHERE `hero_id` = 61 LIMIT 1   [ RunTime:0.0004s ]
SQL: SELECT * FROM `wzry_hero` WHERE `hero_id` = 64 LIMIT 1   [ RunTime:0.0003s ]
SQL: SELECT * FROM `wzry_hero` WHERE `hero_id` = 67 LIMIT 1   [ RunTime:0.0003s ]
SQL: SELECT * FROM `wzry_hero` WHERE `hero_id` = 68 LIMIT 1   [ RunTime:0.0003s ]
SQL: SELECT * FROM `wzry_main_hero` WHERE ( user_id=106 )  [ RunTime:0.0003s ]
SQL: SELECT * FROM `wzry_hero` WHERE `hero_id` = 26 LIMIT 1   [ RunTime:0.0003s ]
SQL: SELECT * FROM `wzry_user` WHERE ( user_id=107 ) LIMIT 1   [ RunTime:0.0004s ]
SQL: select user_id, GROUP_CONCAT(hero_id) as heros from wzry_user_hero where user_id = 107 [ RunTime:0.0004s ]
SQL: SELECT * FROM `wzry_area` WHERE `area_id` = 10 LIMIT 1   [ RunTime:0.0003s ]
SQL: SELECT * FROM `wzry_account` WHERE `account_id` = 109 LIMIT 1   [ RunTime:0.0002s ]
SQL: SELECT * FROM `wzry_hero` WHERE `hero_id` = 18 LIMIT 1   [ RunTime:0.0002s ]
SQL: SELECT * FROM `wzry_hero` WHERE `hero_id` = 61 LIMIT 1   [ RunTime:0.0003s ]
SQL: SELECT * FROM `wzry_hero` WHERE `hero_id` = 64 LIMIT 1   [ RunTime:0.0002s ]
SQL: SELECT * FROM `wzry_hero` WHERE `hero_id` = 67 LIMIT 1   [ RunTime:0.0002s ]
SQL: SELECT * FROM `wzry_hero` WHERE `hero_id` = 68 LIMIT 1   [ RunTime:0.0003s ]
SQL: SELECT * FROM `wzry_main_hero` WHERE ( user_id=107 )  [ RunTime:0.0003s ]
SQL: SELECT * FROM `wzry_hero` WHERE `hero_id` = 18 LIMIT 1   [ RunTime:0.0002s ]
INFO: [ view_parse ] --START--
INFO: [ template_filter ] --START--
INFO: Run Behavior\ContentReplaceBehavior [ RunTime:0.000063s ]
INFO: [ template_filter ] --END-- [ RunTime:0.000102s ]
INFO: Run Behavior\ParseTemplateBehavior [ RunTime:0.008542s ]
INFO: [ view_parse ] --END-- [ RunTime:0.008592s ]
INFO: [ view_filter ] --START--
INFO: Run Behavior\WriteHtmlCacheBehavior [ RunTime:0.000462s ]
INFO: [ view_filter ] --END-- [ RunTime:0.000518s ]
INFO: [ app_end ] --START--
INFO: Run Behavior\ShowPageTraceBehavior [ RunTime:0.000817s ]
INFO: [ app_end ] --END-- [ RunTime:0.000880s ]

[ 2017-10-28T00:14:35+08:00 ] ::1 /wzry/index.php?s=/Main/Account/showDetail/account_id/105.html
INFO: [ app_init ] --START--
INFO: Run Behavior\BuildLiteBehavior [ RunTime:0.000014s ]
INFO: [ app_init ] --END-- [ RunTime:0.000450s ]
INFO: [ app_begin ] --START--
INFO: Run Behavior\ReadHtmlCacheBehavior [ RunTime:0.000514s ]
INFO: [ app_begin ] --END-- [ RunTime:0.000569s ]
SQL: SHOW COLUMNS FROM `wzry_account` [ RunTime:0.0121s ]
SQL: SELECT * FROM `wzry_account` WHERE `account_id` = 105 LIMIT 1   [ RunTime:0.0008s ]
SQL: SHOW COLUMNS FROM `wzry_user` [ RunTime:0.0142s ]
SQL: SELECT * FROM `wzry_user` WHERE ( account_id=105 )  [ RunTime:0.0012s ]
SQL: SELECT * FROM `wzry_user` WHERE ( user_id=86 ) LIMIT 1   [ RunTime:0.0010s ]
SQL: SHOW COLUMNS FROM `wzry_hero` [ RunTime:0.0115s ]
SQL: select user_id, GROUP_CONCAT(hero_id) as heros from wzry_user_hero where user_id = 86 [ RunTime:0.0007s ]
SQL: SHOW COLUMNS FROM `wzry_area` [ RunTime:0.0067s ]
SQL: SELECT * FROM `wzry_area` WHERE `area_id` = 10 LIMIT 1   [ RunTime:0.0005s ]
SQL: SELECT * FROM `wzry_account` WHERE `account_id` = 105 LIMIT 1   [ RunTime:0.0005s ]
SQL: SELECT * FROM `wzry_hero` WHERE `hero_id` = 1 LIMIT 1   [ RunTime:0.0005s ]
SQL: SELECT * FROM `wzry_hero` WHERE `hero_id` = 2 LIMIT 1   [ RunTime:0.0005s ]
SQL: SELECT * FROM `wzry_hero` WHERE `hero_id` = 3 LIMIT 1   [ RunTime:0.0005s ]
SQL: SELECT * FROM `wzry_hero` WHERE `hero_id` = 5 LIMIT 1   [ RunTime:0.0008s ]
SQL: SELECT * FROM `wzry_hero` WHERE `hero_id` = 7 LIMIT 1   [ RunTime:0.0009s ]
SQL: SELECT * FROM `wzry_hero` WHERE `hero_id` = 8 LIMIT 1   [ RunTime:0.0006s ]
SQL: SELECT * FROM `wzry_hero` WHERE `hero_id` = 12 LIMIT 1   [ RunTime:0.0005s ]
SQL: SELECT * FROM `wzry_hero` WHERE `hero_id` = 16 LIMIT 1   [ RunTime:0.0005s ]
SQL: SELECT * FROM `wzry_hero` WHERE `hero_id` = 45 LIMIT 1   [ RunTime:0.0005s ]
SQL: SELECT * FROM `wzry_hero` WHERE `hero_id` = 46 LIMIT 1   [ RunTime:0.0005s ]
SQL: SELECT * FROM `wzry_hero` WHERE `hero_id` = 61 LIMIT 1   [ RunTime:0.0005s ]
SQL: SELECT * FROM `wzry_hero` WHERE `hero_id` = 64 LIMIT 1   [ RunTime:0.0005s ]
SQL: SELECT * FROM `wzry_hero` WHERE `hero_id` = 67 LIMIT 1   [ RunTime:0.0004s ]
SQL: SELECT * FROM `wzry_hero` WHERE `hero_id` = 68 LIMIT 1   [ RunTime:0.0005s ]
SQL: SHOW COLUMNS FROM `wzry_main_hero` [ RunTime:0.0061s ]
SQL: SELECT * FROM `wzry_main_hero` WHERE ( user_id=86 )  [ RunTime:0.0003s ]
SQL: SELECT * FROM `wzry_hero` WHERE `hero_id` = 7 LIMIT 1   [ RunTime:0.0003s ]
SQL: SELECT * FROM `wzry_hero` WHERE `hero_id` = 16 LIMIT 1   [ RunTime:0.0004s ]
SQL: SELECT * FROM `wzry_user` WHERE ( user_id=87 ) LIMIT 1   [ RunTime:0.0007s ]
SQL: select user_id, GROUP_CONCAT(hero_id) as heros from wzry_user_hero where user_id = 87 [ RunTime:0.0005s ]
SQL: SELECT * FROM `wzry_area` WHERE `area_id` = 11 LIMIT 1   [ RunTime:0.0003s ]
SQL: SELECT * FROM `wzry_account` WHERE `account_id` = 105 LIMIT 1   [ RunTime:0.0003s ]
SQL: SELECT * FROM `wzry_hero` WHERE `hero_id` = 52 LIMIT 1   [ RunTime:0.0003s ]
SQL: SELECT * FROM `wzry_hero` WHERE `hero_id` = 61 LIMIT 1   [ RunTime:0.0003s ]
SQL: SELECT * FROM `wzry_hero` WHERE `hero_id` = 64 LIMIT 1   [ RunTime:0.0003s ]
SQL: SELECT * FROM `wzry_hero` WHERE `hero_id` = 67 LIMIT 1   [ RunTime:0.0003s ]
SQL: SELECT * FROM `wzry_hero` WHERE `hero_id` = 68 LIMIT 1   [ RunTime:0.0003s ]
SQL: SELECT * FROM `wzry_main_hero` WHERE ( user_id=87 )  [ RunTime:0.0003s ]
SQL: SELECT * FROM `wzry_hero` WHERE `hero_id` = 52 LIMIT 1   [ RunTime:0.0003s ]
SQL: SELECT * FROM `wzry_user` WHERE ( user_id=88 ) LIMIT 1   [ RunTime:0.0004s ]
SQL: select user_id, GROUP_CONCAT(hero_id) as heros from wzry_user_hero where user_id = 88 [ RunTime:0.0004s ]
SQL: SELECT * FROM `wzry_area` WHERE `area_id` = 12 LIMIT 1   [ RunTime:0.0003s ]
SQL: SELECT * FROM `wzry_account` WHERE `account_id` = 105 LIMIT 1   [ RunTime:0.0003s ]
SQL: SELECT * FROM `wzry_hero` WHERE `hero_id` = 1 LIMIT 1   [ RunTime:0.0003s ]
SQL: SELECT * FROM `wzry_hero` WHERE `hero_id` = 61 LIMIT 1   [ RunTime:0.0003s ]
SQL: SELECT * FROM `wzry_hero` WHERE `hero_id` = 64 LIMIT 1   [ RunTime:0.0003s ]
SQL: SELECT * FROM `wzry_hero` WHERE `hero_id` = 67 LIMIT 1   [ RunTime:0.0003s ]
SQL: SELECT * FROM `wzry_hero` WHERE `hero_id` = 68 LIMIT 1   [ RunTime:0.0003s ]
SQL: SELECT * FROM `wzry_main_hero` WHERE ( user_id=88 )  [ RunTime:0.0003s ]
SQL: SELECT * FROM `wzry_user` WHERE ( user_id=89 ) LIMIT 1   [ RunTime:0.0004s ]
SQL: select user_id, GROUP_CONCAT(hero_id) as heros from wzry_user_hero where user_id = 89 [ RunTime:0.0004s ]
SQL: SELECT * FROM `wzry_area` WHERE `area_id` = 13 LIMIT 1   [ RunTime:0.0003s ]
SQL: SELECT * FROM `wzry_account` WHERE `account_id` = 105 LIMIT 1   [ RunTime:0.0003s ]
SQL: SELECT * FROM `wzry_hero` WHERE `hero_id` = 1 LIMIT 1   [ RunTime:0.0003s ]
SQL: SELECT * FROM `wzry_hero` WHERE `hero_id` = 61 LIMIT 1   [ RunTime:0.0003s ]
SQL: SELECT * FROM `wzry_hero` WHERE `hero_id` = 64 LIMIT 1   [ RunTime:0.0003s ]
SQL: SELECT * FROM `wzry_hero` WHERE `hero_id` = 67 LIMIT 1   [ RunTime:0.0003s ]
SQL: SELECT * FROM `wzry_hero` WHERE `hero_id` = 68 LIMIT 1   [ RunTime:0.0003s ]
SQL: SELECT * FROM `wzry_main_hero` WHERE ( user_id=89 )  [ RunTime:0.0003s ]
SQL: SELECT * FROM `wzry_user` WHERE ( user_id=90 ) LIMIT 1   [ RunTime:0.0004s ]
SQL: select user_id, GROUP_CONCAT(hero_id) as heros from wzry_user_hero where user_id = 90 [ RunTime:0.0005s ]
SQL: SELECT * FROM `wzry_area` WHERE `area_id` = 14 LIMIT 1   [ RunTime:0.0003s ]
SQL: SELECT * FROM `wzry_account` WHERE `account_id` = 105 LIMIT 1   [ RunTime:0.0003s ]
SQL: SELECT * FROM `wzry_hero` WHERE `hero_id` = 2 LIMIT 1   [ RunTime:0.0004s ]
SQL: SELECT * FROM `wzry_hero` WHERE `hero_id` = 22 LIMIT 1   [ RunTime:0.0003s ]
SQL: SELECT * FROM `wzry_hero` WHERE `hero_id` = 61 LIMIT 1   [ RunTime:0.0003s ]
SQL: SELECT * FROM `wzry_hero` WHERE `hero_id` = 64 LIMIT 1   [ RunTime:0.0003s ]
SQL: SELECT * FROM `wzry_hero` WHERE `hero_id` = 67 LIMIT 1   [ RunTime:0.0003s ]
SQL: SELECT * FROM `wzry_hero` WHERE `hero_id` = 68 LIMIT 1   [ RunTime:0.0003s ]
SQL: SELECT * FROM `wzry_main_hero` WHERE ( user_id=90 )  [ RunTime:0.0003s ]
SQL: SELECT * FROM `wzry_hero` WHERE `hero_id` = 22 LIMIT 1   [ RunTime:0.0003s ]
INFO: [ view_parse ] --START--
INFO: [ template_filter ] --START--
INFO: Run Behavior\ContentReplaceBehavior [ RunTime:0.000089s ]
INFO: [ template_filter ] --END-- [ RunTime:0.000144s ]
INFO: Run Behavior\ParseTemplateBehavior [ RunTime:0.011648s ]
INFO: [ view_parse ] --END-- [ RunTime:0.011707s ]
INFO: [ view_filter ] --START--
INFO: Run Behavior\WriteHtmlCacheBehavior [ RunTime:0.000509s ]
INFO: [ view_filter ] --END-- [ RunTime:0.000554s ]
INFO: [ app_end ] --START--
INFO: Run Behavior\ShowPageTraceBehavior [ RunTime:0.000926s ]
INFO: [ app_end ] --END-- [ RunTime:0.001017s ]

[ 2017-10-28T00:17:42+08:00 ] ::1 /wzry/index.php?s=/Main/Account/showAll.html
INFO: [ app_init ] --START--
INFO: Run Behavior\BuildLiteBehavior [ RunTime:0.000014s ]
INFO: [ app_init ] --END-- [ RunTime:0.000529s ]
INFO: [ app_begin ] --START--
INFO: Run Behavior\ReadHtmlCacheBehavior [ RunTime:0.000647s ]
INFO: [ app_begin ] --END-- [ RunTime:0.000698s ]
SQL: SHOW COLUMNS FROM `wzry_account` [ RunTime:0.0119s ]
SQL: SELECT * FROM `wzry_account` ORDER BY type, account  [ RunTime:0.0015s ]
SQL: SHOW COLUMNS FROM `wzry_user` [ RunTime:0.0135s ]
SQL: SELECT COUNT(*) AS tp_count FROM `wzry_user` WHERE ( account_id=98 ) LIMIT 1   [ RunTime:0.0011s ]
SQL: SELECT COUNT(*) AS tp_count FROM `wzry_user` WHERE ( account_id=102 ) LIMIT 1   [ RunTime:0.0008s ]
SQL: SELECT COUNT(*) AS tp_count FROM `wzry_user` WHERE ( account_id=99 ) LIMIT 1   [ RunTime:0.0008s ]
SQL: SELECT COUNT(*) AS tp_count FROM `wzry_user` WHERE ( account_id=104 ) LIMIT 1   [ RunTime:0.0008s ]
SQL: SELECT COUNT(*) AS tp_count FROM `wzry_user` WHERE ( account_id=95 ) LIMIT 1   [ RunTime:0.0008s ]
SQL: SELECT COUNT(*) AS tp_count FROM `wzry_user` WHERE ( account_id=101 ) LIMIT 1   [ RunTime:0.0006s ]
SQL: SELECT COUNT(*) AS tp_count FROM `wzry_user` WHERE ( account_id=96 ) LIMIT 1   [ RunTime:0.0005s ]
SQL: SELECT COUNT(*) AS tp_count FROM `wzry_user` WHERE ( account_id=100 ) LIMIT 1   [ RunTime:0.0005s ]
SQL: SELECT COUNT(*) AS tp_count FROM `wzry_user` WHERE ( account_id=103 ) LIMIT 1   [ RunTime:0.0005s ]
SQL: SELECT COUNT(*) AS tp_count FROM `wzry_user` WHERE ( account_id=106 ) LIMIT 1   [ RunTime:0.0005s ]
SQL: SELECT COUNT(*) AS tp_count FROM `wzry_user` WHERE ( account_id=107 ) LIMIT 1   [ RunTime:0.0005s ]
SQL: SELECT COUNT(*) AS tp_count FROM `wzry_user` WHERE ( account_id=108 ) LIMIT 1   [ RunTime:0.0004s ]
SQL: SELECT COUNT(*) AS tp_count FROM `wzry_user` WHERE ( account_id=97 ) LIMIT 1   [ RunTime:0.0005s ]
SQL: SELECT COUNT(*) AS tp_count FROM `wzry_user` WHERE ( account_id=109 ) LIMIT 1   [ RunTime:0.0004s ]
SQL: SELECT COUNT(*) AS tp_count FROM `wzry_user` WHERE ( account_id=105 ) LIMIT 1   [ RunTime:0.0004s ]
INFO: [ view_parse ] --START--
INFO: [ template_filter ] --START--
INFO: Run Behavior\ContentReplaceBehavior [ RunTime:0.000146s ]
INFO: [ template_filter ] --END-- [ RunTime:0.000220s ]
NOTIC: [8] Undefined variable: account J:\php\personal\wzry\Application\Runtime\Cache\Main\170752e06422f098e43f5a6296486dbd.php 第 80 行.
NOTIC: [8] Undefined variable: account J:\php\personal\wzry\Application\Runtime\Cache\Main\170752e06422f098e43f5a6296486dbd.php 第 84 行.
NOTIC: [8] Undefined variable: account J:\php\personal\wzry\Application\Runtime\Cache\Main\170752e06422f098e43f5a6296486dbd.php 第 85 行.
INFO: Run Behavior\ParseTemplateBehavior [ RunTime:0.018242s ]
INFO: [ view_parse ] --END-- [ RunTime:0.018356s ]
INFO: [ view_filter ] --START--
INFO: Run Behavior\WriteHtmlCacheBehavior [ RunTime:0.000883s ]
INFO: [ view_filter ] --END-- [ RunTime:0.000951s ]
INFO: [ app_end ] --START--
INFO: Run Behavior\ShowPageTraceBehavior [ RunTime:0.001154s ]
INFO: [ app_end ] --END-- [ RunTime:0.001235s ]

[ 2017-10-28T00:17:49+08:00 ] ::1 /wzry/index.php?s=/Main/Account/showDetail/account_id/99.html
INFO: [ app_init ] --START--
INFO: Run Behavior\BuildLiteBehavior [ RunTime:0.000014s ]
INFO: [ app_init ] --END-- [ RunTime:0.000432s ]
INFO: [ app_begin ] --START--
INFO: Run Behavior\ReadHtmlCacheBehavior [ RunTime:0.000544s ]
INFO: [ app_begin ] --END-- [ RunTime:0.000593s ]
SQL: SHOW COLUMNS FROM `wzry_account` [ RunTime:0.0100s ]
SQL: SELECT * FROM `wzry_account` WHERE `account_id` = 99 LIMIT 1   [ RunTime:0.0008s ]
SQL: SHOW COLUMNS FROM `wzry_user` [ RunTime:0.0127s ]
SQL: SELECT * FROM `wzry_user` WHERE ( account_id=99 )  [ RunTime:0.0011s ]
SQL: SELECT * FROM `wzry_user` WHERE ( user_id=70 ) LIMIT 1   [ RunTime:0.0008s ]
SQL: SHOW COLUMNS FROM `wzry_hero` [ RunTime:0.0075s ]
SQL: select user_id, GROUP_CONCAT(hero_id) as heros from wzry_user_hero where user_id = 70 [ RunTime:0.0007s ]
SQL: SHOW COLUMNS FROM `wzry_area` [ RunTime:0.0068s ]
SQL: SELECT * FROM `wzry_area` WHERE `area_id` = 17 LIMIT 1   [ RunTime:0.0005s ]
SQL: SELECT * FROM `wzry_account` WHERE `account_id` = 99 LIMIT 1   [ RunTime:0.0005s ]
SQL: SELECT * FROM `wzry_hero` WHERE `hero_id` = 2 LIMIT 1   [ RunTime:0.0004s ]
SQL: SELECT * FROM `wzry_hero` WHERE `hero_id` = 61 LIMIT 1   [ RunTime:0.0004s ]
SQL: SELECT * FROM `wzry_hero` WHERE `hero_id` = 64 LIMIT 1   [ RunTime:0.0004s ]
SQL: SELECT * FROM `wzry_hero` WHERE `hero_id` = 67 LIMIT 1   [ RunTime:0.0004s ]
SQL: SELECT * FROM `wzry_hero` WHERE `hero_id` = 68 LIMIT 1   [ RunTime:0.0004s ]
SQL: SELECT * FROM `wzry_hero` WHERE `hero_id` = 70 LIMIT 1   [ RunTime:0.0004s ]
SQL: SHOW COLUMNS FROM `wzry_main_hero` [ RunTime:0.0062s ]
SQL: SELECT * FROM `wzry_main_hero` WHERE ( user_id=70 )  [ RunTime:0.0006s ]
SQL: SELECT * FROM `wzry_hero` WHERE `hero_id` = 2 LIMIT 1   [ RunTime:0.0006s ]
INFO: [ view_parse ] --START--
INFO: [ template_filter ] --START--
INFO: Run Behavior\ContentReplaceBehavior [ RunTime:0.000088s ]
INFO: [ template_filter ] --END-- [ RunTime:0.000144s ]
INFO: Run Behavior\ParseTemplateBehavior [ RunTime:0.010952s ]
INFO: [ view_parse ] --END-- [ RunTime:0.011045s ]
INFO: [ view_filter ] --START--
INFO: Run Behavior\WriteHtmlCacheBehavior [ RunTime:0.000441s ]
INFO: [ view_filter ] --END-- [ RunTime:0.000487s ]
INFO: [ app_end ] --START--
INFO: Run Behavior\ShowPageTraceBehavior [ RunTime:0.000583s ]
INFO: [ app_end ] --END-- [ RunTime:0.000629s ]

[ 2017-10-28T00:19:42+08:00 ] ::1 /wzry/index.php?s=/Main/Account/showDetail/account_id/99.html
INFO: [ app_init ] --START--
INFO: Run Behavior\BuildLiteBehavior [ RunTime:0.000013s ]
INFO: [ app_init ] --END-- [ RunTime:0.000494s ]
INFO: [ app_begin ] --START--
INFO: Run Behavior\ReadHtmlCacheBehavior [ RunTime:0.000563s ]
INFO: [ app_begin ] --END-- [ RunTime:0.000610s ]
SQL: SHOW COLUMNS FROM `wzry_account` [ RunTime:0.0086s ]
SQL: SELECT * FROM `wzry_account` WHERE `account_id` = 99 LIMIT 1   [ RunTime:0.0006s ]
SQL: SHOW COLUMNS FROM `wzry_user` [ RunTime:0.0053s ]
SQL: SELECT * FROM `wzry_user` WHERE ( account_id=99 )  [ RunTime:0.0005s ]
SQL: SELECT * FROM `wzry_user` WHERE ( user_id=70 ) LIMIT 1   [ RunTime:0.0005s ]
SQL: SHOW COLUMNS FROM `wzry_hero` [ RunTime:0.0049s ]
SQL: select user_id, GROUP_CONCAT(hero_id) as heros from wzry_user_hero where user_id = 70 [ RunTime:0.0005s ]
SQL: SHOW COLUMNS FROM `wzry_area` [ RunTime:0.0044s ]
SQL: SELECT * FROM `wzry_area` WHERE `area_id` = 17 LIMIT 1   [ RunTime:0.0004s ]
SQL: SELECT * FROM `wzry_account` WHERE `account_id` = 99 LIMIT 1   [ RunTime:0.0003s ]
SQL: SELECT * FROM `wzry_hero` WHERE `hero_id` = 2 LIMIT 1   [ RunTime:0.0003s ]
SQL: SELECT * FROM `wzry_hero` WHERE `hero_id` = 61 LIMIT 1   [ RunTime:0.0003s ]
SQL: SELECT * FROM `wzry_hero` WHERE `hero_id` = 64 LIMIT 1   [ RunTime:0.0003s ]
SQL: SELECT * FROM `wzry_hero` WHERE `hero_id` = 67 LIMIT 1   [ RunTime:0.0002s ]
SQL: SELECT * FROM `wzry_hero` WHERE `hero_id` = 68 LIMIT 1   [ RunTime:0.0002s ]
SQL: SELECT * FROM `wzry_hero` WHERE `hero_id` = 70 LIMIT 1   [ RunTime:0.0002s ]
SQL: SHOW COLUMNS FROM `wzry_main_hero` [ RunTime:0.0051s ]
SQL: SELECT * FROM `wzry_main_hero` WHERE ( user_id=70 )  [ RunTime:0.0003s ]
SQL: SELECT * FROM `wzry_hero` WHERE `hero_id` = 2 LIMIT 1   [ RunTime:0.0003s ]
INFO: [ view_parse ] --START--
INFO: [ template_filter ] --START--
INFO: Run Behavior\ContentReplaceBehavior [ RunTime:0.000104s ]
INFO: [ template_filter ] --END-- [ RunTime:0.000170s ]
INFO: Run Behavior\ParseTemplateBehavior [ RunTime:0.012177s ]
INFO: [ view_parse ] --END-- [ RunTime:0.012251s ]
INFO: [ view_filter ] --START--
INFO: Run Behavior\WriteHtmlCacheBehavior [ RunTime:0.000408s ]
INFO: [ view_filter ] --END-- [ RunTime:0.000467s ]
INFO: [ app_end ] --START--
INFO: Run Behavior\ShowPageTraceBehavior [ RunTime:0.000602s ]
INFO: [ app_end ] --END-- [ RunTime:0.000654s ]

[ 2017-10-28T00:26:01+08:00 ] ::1 /wzry/index.php?s=/Main/Account/showAll.html
INFO: [ app_init ] --START--
INFO: Run Behavior\BuildLiteBehavior [ RunTime:0.000014s ]
INFO: [ app_init ] --END-- [ RunTime:0.000460s ]
INFO: [ app_begin ] --START--
INFO: Run Behavior\ReadHtmlCacheBehavior [ RunTime:0.000631s ]
INFO: [ app_begin ] --END-- [ RunTime:0.000687s ]
SQL: SHOW COLUMNS FROM `wzry_account` [ RunTime:0.0126s ]
SQL: SELECT * FROM `wzry_account` ORDER BY type, account  [ RunTime:0.0012s ]
SQL: SHOW COLUMNS FROM `wzry_user` [ RunTime:0.0126s ]
SQL: SELECT COUNT(*) AS tp_count FROM `wzry_user` WHERE ( account_id=98 ) LIMIT 1   [ RunTime:0.0010s ]
SQL: SELECT COUNT(*) AS tp_count FROM `wzry_user` WHERE ( account_id=102 ) LIMIT 1   [ RunTime:0.0010s ]
SQL: SELECT COUNT(*) AS tp_count FROM `wzry_user` WHERE ( account_id=99 ) LIMIT 1   [ RunTime:0.0011s ]
SQL: SELECT COUNT(*) AS tp_count FROM `wzry_user` WHERE ( account_id=104 ) LIMIT 1   [ RunTime:0.0009s ]
SQL: SELECT COUNT(*) AS tp_count FROM `wzry_user` WHERE ( account_id=95 ) LIMIT 1   [ RunTime:0.0008s ]
SQL: SELECT COUNT(*) AS tp_count FROM `wzry_user` WHERE ( account_id=101 ) LIMIT 1   [ RunTime:0.0008s ]
SQL: SELECT COUNT(*) AS tp_count FROM `wzry_user` WHERE ( account_id=96 ) LIMIT 1   [ RunTime:0.0008s ]
SQL: SELECT COUNT(*) AS tp_count FROM `wzry_user` WHERE ( account_id=100 ) LIMIT 1   [ RunTime:0.0009s ]
SQL: SELECT COUNT(*) AS tp_count FROM `wzry_user` WHERE ( account_id=103 ) LIMIT 1   [ RunTime:0.0010s ]
SQL: SELECT COUNT(*) AS tp_count FROM `wzry_user` WHERE ( account_id=106 ) LIMIT 1   [ RunTime:0.0009s ]
SQL: SELECT COUNT(*) AS tp_count FROM `wzry_user` WHERE ( account_id=107 ) LIMIT 1   [ RunTime:0.0008s ]
SQL: SELECT COUNT(*) AS tp_count FROM `wzry_user` WHERE ( account_id=108 ) LIMIT 1   [ RunTime:0.0005s ]
SQL: SELECT COUNT(*) AS tp_count FROM `wzry_user` WHERE ( account_id=97 ) LIMIT 1   [ RunTime:0.0004s ]
SQL: SELECT COUNT(*) AS tp_count FROM `wzry_user` WHERE ( account_id=109 ) LIMIT 1   [ RunTime:0.0004s ]
SQL: SELECT COUNT(*) AS tp_count FROM `wzry_user` WHERE ( account_id=105 ) LIMIT 1   [ RunTime:0.0004s ]
INFO: [ view_parse ] --START--
INFO: [ template_filter ] --START--
INFO: Run Behavior\ContentReplaceBehavior [ RunTime:0.000182s ]
INFO: [ template_filter ] --END-- [ RunTime:0.000275s ]
NOTIC: [8] Undefined variable: account J:\php\personal\wzry\Application\Runtime\Cache\Main\170752e06422f098e43f5a6296486dbd.php 第 80 行.
NOTIC: [8] Undefined variable: account J:\php\personal\wzry\Application\Runtime\Cache\Main\170752e06422f098e43f5a6296486dbd.php 第 84 行.
NOTIC: [8] Undefined variable: account J:\php\personal\wzry\Application\Runtime\Cache\Main\170752e06422f098e43f5a6296486dbd.php 第 85 行.
INFO: Run Behavior\ParseTemplateBehavior [ RunTime:0.016435s ]
INFO: [ view_parse ] --END-- [ RunTime:0.016525s ]
INFO: [ view_filter ] --START--
INFO: Run Behavior\WriteHtmlCacheBehavior [ RunTime:0.000708s ]
INFO: [ view_filter ] --END-- [ RunTime:0.000768s ]
INFO: [ app_end ] --START--
INFO: Run Behavior\ShowPageTraceBehavior [ RunTime:0.001149s ]
INFO: [ app_end ] --END-- [ RunTime:0.001229s ]

[ 2017-10-28T00:26:06+08:00 ] ::1 /wzry/index.php?s=/Main/Account/showDetail/account_id/107.html
INFO: [ app_init ] --START--
INFO: Run Behavior\BuildLiteBehavior [ RunTime:0.000014s ]
INFO: [ app_init ] --END-- [ RunTime:0.000663s ]
INFO: [ app_begin ] --START--
INFO: Run Behavior\ReadHtmlCacheBehavior [ RunTime:0.000562s ]
INFO: [ app_begin ] --END-- [ RunTime:0.000610s ]
SQL: SHOW COLUMNS FROM `wzry_account` [ RunTime:0.0156s ]
SQL: SELECT * FROM `wzry_account` WHERE `account_id` = 107 LIMIT 1   [ RunTime:0.0009s ]
SQL: SHOW COLUMNS FROM `wzry_user` [ RunTime:0.0144s ]
SQL: SELECT * FROM `wzry_user` WHERE ( account_id=107 )  [ RunTime:0.0016s ]
SQL: SELECT * FROM `wzry_user` WHERE ( user_id=97 ) LIMIT 1   [ RunTime:0.0011s ]
SQL: SHOW COLUMNS FROM `wzry_hero` [ RunTime:0.0072s ]
SQL: select user_id, GROUP_CONCAT(hero_id) as heros from wzry_user_hero where user_id = 97 [ RunTime:0.0006s ]
SQL: SHOW COLUMNS FROM `wzry_area` [ RunTime:0.0055s ]
SQL: SELECT * FROM `wzry_area` WHERE `area_id` = 15 LIMIT 1   [ RunTime:0.0005s ]
SQL: SELECT * FROM `wzry_account` WHERE `account_id` = 107 LIMIT 1   [ RunTime:0.0005s ]
SQL: SELECT * FROM `wzry_hero` WHERE `hero_id` = 2 LIMIT 1   [ RunTime:0.0006s ]
SQL: SELECT * FROM `wzry_hero` WHERE `hero_id` = 68 LIMIT 1   [ RunTime:0.0004s ]
SQL: SELECT * FROM `wzry_hero` WHERE `hero_id` = 70 LIMIT 1   [ RunTime:0.0004s ]
SQL: SHOW COLUMNS FROM `wzry_main_hero` [ RunTime:0.0060s ]
SQL: SELECT * FROM `wzry_main_hero` WHERE ( user_id=97 )  [ RunTime:0.0004s ]
INFO: [ view_parse ] --START--
INFO: [ template_filter ] --START--
INFO: Run Behavior\ContentReplaceBehavior [ RunTime:0.000078s ]
INFO: [ template_filter ] --END-- [ RunTime:0.000129s ]
INFO: Run Behavior\ParseTemplateBehavior [ RunTime:0.011753s ]
INFO: [ view_parse ] --END-- [ RunTime:0.011817s ]
INFO: [ view_filter ] --START--
INFO: Run Behavior\WriteHtmlCacheBehavior [ RunTime:0.000349s ]
INFO: [ view_filter ] --END-- [ RunTime:0.000386s ]
INFO: [ app_end ] --START--
INFO: Run Behavior\ShowPageTraceBehavior [ RunTime:0.000539s ]
INFO: [ app_end ] --END-- [ RunTime:0.000588s ]

[ 2017-10-28T00:27:23+08:00 ] ::1 /wzry/index.php?s=/Main/Account/showDetail/account_id/107.html
INFO: [ app_init ] --START--
INFO: Run Behavior\BuildLiteBehavior [ RunTime:0.000013s ]
INFO: [ app_init ] --END-- [ RunTime:0.000491s ]
INFO: [ app_begin ] --START--
INFO: Run Behavior\ReadHtmlCacheBehavior [ RunTime:0.000595s ]
INFO: [ app_begin ] --END-- [ RunTime:0.000654s ]
SQL: SHOW COLUMNS FROM `wzry_account` [ RunTime:0.0107s ]
SQL: SELECT * FROM `wzry_account` WHERE `account_id` = 107 LIMIT 1   [ RunTime:0.0008s ]
SQL: SHOW COLUMNS FROM `wzry_user` [ RunTime:0.0058s ]
SQL: SELECT * FROM `wzry_user` WHERE ( account_id=107 )  [ RunTime:0.0005s ]
SQL: SELECT * FROM `wzry_user` WHERE ( user_id=97 ) LIMIT 1   [ RunTime:0.0005s ]
SQL: SHOW COLUMNS FROM `wzry_hero` [ RunTime:0.0050s ]
SQL: select user_id, GROUP_CONCAT(hero_id) as heros from wzry_user_hero where user_id = 97 [ RunTime:0.0005s ]
SQL: SHOW COLUMNS FROM `wzry_area` [ RunTime:0.0042s ]
SQL: SELECT * FROM `wzry_area` WHERE `area_id` = 15 LIMIT 1   [ RunTime:0.0003s ]
SQL: SELECT * FROM `wzry_account` WHERE `account_id` = 107 LIMIT 1   [ RunTime:0.0002s ]
SQL: SELECT * FROM `wzry_hero` WHERE `hero_id` = 2 LIMIT 1   [ RunTime:0.0003s ]
SQL: SELECT * FROM `wzry_hero` WHERE `hero_id` = 68 LIMIT 1   [ RunTime:0.0003s ]
SQL: SELECT * FROM `wzry_hero` WHERE `hero_id` = 70 LIMIT 1   [ RunTime:0.0003s ]
SQL: SHOW COLUMNS FROM `wzry_main_hero` [ RunTime:0.0041s ]
SQL: SELECT * FROM `wzry_main_hero` WHERE ( user_id=97 )  [ RunTime:0.0003s ]
INFO: [ view_parse ] --START--
INFO: [ template_filter ] --START--
INFO: Run Behavior\ContentReplaceBehavior [ RunTime:0.000072s ]
INFO: [ template_filter ] --END-- [ RunTime:0.000129s ]
INFO: Run Behavior\ParseTemplateBehavior [ RunTime:0.009872s ]
INFO: [ view_parse ] --END-- [ RunTime:0.009923s ]
INFO: [ view_filter ] --START--
INFO: Run Behavior\WriteHtmlCacheBehavior [ RunTime:0.000342s ]
INFO: [ view_filter ] --END-- [ RunTime:0.000371s ]
INFO: [ app_end ] --START--
INFO: Run Behavior\ShowPageTraceBehavior [ RunTime:0.000454s ]
INFO: [ app_end ] --END-- [ RunTime:0.000487s ]

[ 2017-10-28T00:28:05+08:00 ] ::1 /wzry/index.php?s=/Main/Area/showAll.html
INFO: [ app_init ] --START--
INFO: Run Behavior\BuildLiteBehavior [ RunTime:0.000014s ]
INFO: [ app_init ] --END-- [ RunTime:0.000526s ]
INFO: [ app_begin ] --START--
INFO: Run Behavior\ReadHtmlCacheBehavior [ RunTime:0.000653s ]
INFO: [ app_begin ] --END-- [ RunTime:0.000705s ]
SQL: SHOW COLUMNS FROM `wzry_area` [ RunTime:0.0036s ]
SQL: SELECT * FROM `wzry_area` ORDER BY type, area_no  [ RunTime:0.0004s ]
SQL: SHOW COLUMNS FROM `wzry_user` [ RunTime:0.0039s ]
SQL: SELECT COUNT(*) AS tp_count FROM `wzry_user` WHERE ( area_id=6 ) LIMIT 1   [ RunTime:0.0005s ]
SQL: SELECT COUNT(*) AS tp_count FROM `wzry_user` WHERE ( area_id=4 ) LIMIT 1   [ RunTime:0.0004s ]
SQL: SELECT COUNT(*) AS tp_count FROM `wzry_user` WHERE ( area_id=1 ) LIMIT 1   [ RunTime:0.0003s ]
SQL: SELECT COUNT(*) AS tp_count FROM `wzry_user` WHERE ( area_id=21 ) LIMIT 1   [ RunTime:0.0003s ]
SQL: SELECT COUNT(*) AS tp_count FROM `wzry_user` WHERE ( area_id=22 ) LIMIT 1   [ RunTime:0.0003s ]
SQL: SELECT COUNT(*) AS tp_count FROM `wzry_user` WHERE ( area_id=9 ) LIMIT 1   [ RunTime:0.0003s ]
SQL: SELECT COUNT(*) AS tp_count FROM `wzry_user` WHERE ( area_id=5 ) LIMIT 1   [ RunTime:0.0003s ]
SQL: SELECT COUNT(*) AS tp_count FROM `wzry_user` WHERE ( area_id=20 ) LIMIT 1   [ RunTime:0.0003s ]
SQL: SELECT COUNT(*) AS tp_count FROM `wzry_user` WHERE ( area_id=2 ) LIMIT 1   [ RunTime:0.0003s ]
SQL: SELECT COUNT(*) AS tp_count FROM `wzry_user` WHERE ( area_id=3 ) LIMIT 1   [ RunTime:0.0003s ]
SQL: SELECT COUNT(*) AS tp_count FROM `wzry_user` WHERE ( area_id=8 ) LIMIT 1   [ RunTime:0.0003s ]
SQL: SELECT COUNT(*) AS tp_count FROM `wzry_user` WHERE ( area_id=7 ) LIMIT 1   [ RunTime:0.0003s ]
SQL: SELECT COUNT(*) AS tp_count FROM `wzry_user` WHERE ( area_id=17 ) LIMIT 1   [ RunTime:0.0003s ]
SQL: SELECT COUNT(*) AS tp_count FROM `wzry_user` WHERE ( area_id=13 ) LIMIT 1   [ RunTime:0.0003s ]
SQL: SELECT COUNT(*) AS tp_count FROM `wzry_user` WHERE ( area_id=12 ) LIMIT 1   [ RunTime:0.0003s ]
SQL: SELECT COUNT(*) AS tp_count FROM `wzry_user` WHERE ( area_id=10 ) LIMIT 1   [ RunTime:0.0003s ]
SQL: SELECT COUNT(*) AS tp_count FROM `wzry_user` WHERE ( area_id=14 ) LIMIT 1   [ RunTime:0.0003s ]
SQL: SELECT COUNT(*) AS tp_count FROM `wzry_user` WHERE ( area_id=16 ) LIMIT 1   [ RunTime:0.0003s ]
SQL: SELECT COUNT(*) AS tp_count FROM `wzry_user` WHERE ( area_id=11 ) LIMIT 1   [ RunTime:0.0003s ]
SQL: SELECT COUNT(*) AS tp_count FROM `wzry_user` WHERE ( area_id=15 ) LIMIT 1   [ RunTime:0.0003s ]
SQL: SELECT COUNT(*) AS tp_count FROM `wzry_user` WHERE ( area_id=23 ) LIMIT 1   [ RunTime:0.0003s ]
INFO: [ view_parse ] --START--
INFO: [ template_filter ] --START--
INFO: Run Behavior\ContentReplaceBehavior [ RunTime:0.000100s ]
INFO: [ template_filter ] --END-- [ RunTime:0.000183s ]
INFO: Run Behavior\ParseTemplateBehavior [ RunTime:0.057100s ]
INFO: [ view_parse ] --END-- [ RunTime:0.057171s ]
INFO: [ view_filter ] --START--
INFO: Run Behavior\WriteHtmlCacheBehavior [ RunTime:0.000570s ]
INFO: [ view_filter ] --END-- [ RunTime:0.000607s ]
INFO: [ app_end ] --START--
INFO: Run Behavior\ShowPageTraceBehavior [ RunTime:0.000668s ]
INFO: [ app_end ] --END-- [ RunTime:0.000720s ]

[ 2017-10-28T00:28:06+08:00 ] ::1 /wzry/index.php?s=/Main/Account/showAll.html
INFO: [ app_init ] --START--
INFO: Run Behavior\BuildLiteBehavior [ RunTime:0.000014s ]
INFO: [ app_init ] --END-- [ RunTime:0.000704s ]
INFO: [ app_begin ] --START--
INFO: Run Behavior\ReadHtmlCacheBehavior [ RunTime:0.000976s ]
INFO: [ app_begin ] --END-- [ RunTime:0.001040s ]
SQL: SHOW COLUMNS FROM `wzry_account` [ RunTime:0.0080s ]
SQL: SELECT * FROM `wzry_account` ORDER BY type, account  [ RunTime:0.0009s ]
SQL: SHOW COLUMNS FROM `wzry_user` [ RunTime:0.0096s ]
SQL: SELECT COUNT(*) AS tp_count FROM `wzry_user` WHERE ( account_id=98 ) LIMIT 1   [ RunTime:0.0007s ]
SQL: SELECT COUNT(*) AS tp_count FROM `wzry_user` WHERE ( account_id=102 ) LIMIT 1   [ RunTime:0.0006s ]
SQL: SELECT COUNT(*) AS tp_count FROM `wzry_user` WHERE ( account_id=99 ) LIMIT 1   [ RunTime:0.0007s ]
SQL: SELECT COUNT(*) AS tp_count FROM `wzry_user` WHERE ( account_id=104 ) LIMIT 1   [ RunTime:0.0006s ]
SQL: SELECT COUNT(*) AS tp_count FROM `wzry_user` WHERE ( account_id=95 ) LIMIT 1   [ RunTime:0.0006s ]
SQL: SELECT COUNT(*) AS tp_count FROM `wzry_user` WHERE ( account_id=101 ) LIMIT 1   [ RunTime:0.0006s ]
SQL: SELECT COUNT(*) AS tp_count FROM `wzry_user` WHERE ( account_id=96 ) LIMIT 1   [ RunTime:0.0006s ]
SQL: SELECT COUNT(*) AS tp_count FROM `wzry_user` WHERE ( account_id=100 ) LIMIT 1   [ RunTime:0.0007s ]
SQL: SELECT COUNT(*) AS tp_count FROM `wzry_user` WHERE ( account_id=103 ) LIMIT 1   [ RunTime:0.0007s ]
SQL: SELECT COUNT(*) AS tp_count FROM `wzry_user` WHERE ( account_id=106 ) LIMIT 1   [ RunTime:0.0006s ]
SQL: SELECT COUNT(*) AS tp_count FROM `wzry_user` WHERE ( account_id=107 ) LIMIT 1   [ RunTime:0.0006s ]
SQL: SELECT COUNT(*) AS tp_count FROM `wzry_user` WHERE ( account_id=108 ) LIMIT 1   [ RunTime:0.0006s ]
SQL: SELECT COUNT(*) AS tp_count FROM `wzry_user` WHERE ( account_id=97 ) LIMIT 1   [ RunTime:0.0006s ]
SQL: SELECT COUNT(*) AS tp_count FROM `wzry_user` WHERE ( account_id=109 ) LIMIT 1   [ RunTime:0.0006s ]
SQL: SELECT COUNT(*) AS tp_count FROM `wzry_user` WHERE ( account_id=105 ) LIMIT 1   [ RunTime:0.0006s ]
INFO: [ view_parse ] --START--
INFO: [ template_filter ] --START--
INFO: Run Behavior\ContentReplaceBehavior [ RunTime:0.000244s ]
INFO: [ template_filter ] --END-- [ RunTime:0.000381s ]
NOTIC: [8] Undefined variable: account J:\php\personal\wzry\Application\Runtime\Cache\Main\170752e06422f098e43f5a6296486dbd.php 第 80 行.
NOTIC: [8] Undefined variable: account J:\php\personal\wzry\Application\Runtime\Cache\Main\170752e06422f098e43f5a6296486dbd.php 第 84 行.
NOTIC: [8] Undefined variable: account J:\php\personal\wzry\Application\Runtime\Cache\Main\170752e06422f098e43f5a6296486dbd.php 第 85 行.
INFO: Run Behavior\ParseTemplateBehavior [ RunTime:0.025237s ]
INFO: [ view_parse ] --END-- [ RunTime:0.025367s ]
INFO: [ view_filter ] --START--
INFO: Run Behavior\WriteHtmlCacheBehavior [ RunTime:0.001026s ]
INFO: [ view_filter ] --END-- [ RunTime:0.001169s ]
INFO: [ app_end ] --START--
INFO: Run Behavior\ShowPageTraceBehavior [ RunTime:0.001586s ]
INFO: [ app_end ] --END-- [ RunTime:0.001696s ]

[ 2017-10-28T00:28:07+08:00 ] ::1 /wzry/index.php?s=/Main/Account/showAll.html
INFO: [ app_init ] --START--
INFO: Run Behavior\BuildLiteBehavior [ RunTime:0.000012s ]
INFO: [ app_init ] --END-- [ RunTime:0.000488s ]
INFO: [ app_begin ] --START--
INFO: Run Behavior\ReadHtmlCacheBehavior [ RunTime:0.000511s ]
INFO: [ app_begin ] --END-- [ RunTime:0.000563s ]
SQL: SHOW COLUMNS FROM `wzry_account` [ RunTime:0.0061s ]
SQL: SELECT * FROM `wzry_account` ORDER BY type, account  [ RunTime:0.0006s ]
SQL: SHOW COLUMNS FROM `wzry_user` [ RunTime:0.0065s ]
SQL: SELECT COUNT(*) AS tp_count FROM `wzry_user` WHERE ( account_id=98 ) LIMIT 1   [ RunTime:0.0005s ]
SQL: SELECT COUNT(*) AS tp_count FROM `wzry_user` WHERE ( account_id=102 ) LIMIT 1   [ RunTime:0.0004s ]
SQL: SELECT COUNT(*) AS tp_count FROM `wzry_user` WHERE ( account_id=99 ) LIMIT 1   [ RunTime:0.0005s ]
SQL: SELECT COUNT(*) AS tp_count FROM `wzry_user` WHERE ( account_id=104 ) LIMIT 1   [ RunTime:0.0004s ]
SQL: SELECT COUNT(*) AS tp_count FROM `wzry_user` WHERE ( account_id=95 ) LIMIT 1   [ RunTime:0.0004s ]
SQL: SELECT COUNT(*) AS tp_count FROM `wzry_user` WHERE ( account_id=101 ) LIMIT 1   [ RunTime:0.0004s ]
SQL: SELECT COUNT(*) AS tp_count FROM `wzry_user` WHERE ( account_id=96 ) LIMIT 1   [ RunTime:0.0004s ]
SQL: SELECT COUNT(*) AS tp_count FROM `wzry_user` WHERE ( account_id=100 ) LIMIT 1   [ RunTime:0.0004s ]
SQL: SELECT COUNT(*) AS tp_count FROM `wzry_user` WHERE ( account_id=103 ) LIMIT 1   [ RunTime:0.0004s ]
SQL: SELECT COUNT(*) AS tp_count FROM `wzry_user` WHERE ( account_id=106 ) LIMIT 1   [ RunTime:0.0004s ]
SQL: SELECT COUNT(*) AS tp_count FROM `wzry_user` WHERE ( account_id=107 ) LIMIT 1   [ RunTime:0.0004s ]
SQL: SELECT COUNT(*) AS tp_count FROM `wzry_user` WHERE ( account_id=108 ) LIMIT 1   [ RunTime:0.0004s ]
SQL: SELECT COUNT(*) AS tp_count FROM `wzry_user` WHERE ( account_id=97 ) LIMIT 1   [ RunTime:0.0004s ]
SQL: SELECT COUNT(*) AS tp_count FROM `wzry_user` WHERE ( account_id=109 ) LIMIT 1   [ RunTime:0.0004s ]
SQL: SELECT COUNT(*) AS tp_count FROM `wzry_user` WHERE ( account_id=105 ) LIMIT 1   [ RunTime:0.0004s ]
INFO: [ view_parse ] --START--
INFO: [ template_filter ] --START--
INFO: Run Behavior\ContentReplaceBehavior [ RunTime:0.000134s ]
INFO: [ template_filter ] --END-- [ RunTime:0.000206s ]
NOTIC: [8] Undefined variable: account J:\php\personal\wzry\Application\Runtime\Cache\Main\170752e06422f098e43f5a6296486dbd.php 第 80 行.
NOTIC: [8] Undefined variable: account J:\php\personal\wzry\Application\Runtime\Cache\Main\170752e06422f098e43f5a6296486dbd.php 第 84 行.
NOTIC: [8] Undefined variable: account J:\php\personal\wzry\Application\Runtime\Cache\Main\170752e06422f098e43f5a6296486dbd.php 第 85 行.
INFO: Run Behavior\ParseTemplateBehavior [ RunTime:0.015930s ]
INFO: [ view_parse ] --END-- [ RunTime:0.016019s ]
INFO: [ view_filter ] --START--
INFO: Run Behavior\WriteHtmlCacheBehavior [ RunTime:0.000604s ]
INFO: [ view_filter ] --END-- [ RunTime:0.000664s ]
INFO: [ app_end ] --START--
INFO: Run Behavior\ShowPageTraceBehavior [ RunTime:0.000954s ]
INFO: [ app_end ] --END-- [ RunTime:0.001052s ]

[ 2017-10-28T00:28:14+08:00 ] ::1 /wzry/index.php?s=/Main/Account/showDetail/account_id/108.html
INFO: [ app_init ] --START--
INFO: Run Behavior\BuildLiteBehavior [ RunTime:0.000013s ]
INFO: [ app_init ] --END-- [ RunTime:0.000519s ]
INFO: [ app_begin ] --START--
INFO: Run Behavior\ReadHtmlCacheBehavior [ RunTime:0.000566s ]
INFO: [ app_begin ] --END-- [ RunTime:0.000615s ]
SQL: SHOW COLUMNS FROM `wzry_account` [ RunTime:0.0110s ]
SQL: SELECT * FROM `wzry_account` WHERE `account_id` = 108 LIMIT 1   [ RunTime:0.0011s ]
SQL: SHOW COLUMNS FROM `wzry_user` [ RunTime:0.0129s ]
SQL: SELECT * FROM `wzry_user` WHERE ( account_id=108 )  [ RunTime:0.0018s ]
SQL: SELECT * FROM `wzry_user` WHERE ( user_id=98 ) LIMIT 1   [ RunTime:0.0011s ]
SQL: SHOW COLUMNS FROM `wzry_hero` [ RunTime:0.0066s ]
SQL: select user_id, GROUP_CONCAT(hero_id) as heros from wzry_user_hero where user_id = 98 [ RunTime:0.0007s ]
SQL: SHOW COLUMNS FROM `wzry_area` [ RunTime:0.0071s ]
SQL: SELECT * FROM `wzry_area` WHERE `area_id` = 11 LIMIT 1   [ RunTime:0.0005s ]
SQL: SELECT * FROM `wzry_account` WHERE `account_id` = 108 LIMIT 1   [ RunTime:0.0004s ]
SQL: SELECT * FROM `wzry_hero` WHERE `hero_id` = 4 LIMIT 1   [ RunTime:0.0004s ]
SQL: SELECT * FROM `wzry_hero` WHERE `hero_id` = 5 LIMIT 1   [ RunTime:0.0004s ]
SQL: SELECT * FROM `wzry_hero` WHERE `hero_id` = 58 LIMIT 1   [ RunTime:0.0004s ]
SQL: SELECT * FROM `wzry_hero` WHERE `hero_id` = 61 LIMIT 1   [ RunTime:0.0004s ]
SQL: SELECT * FROM `wzry_hero` WHERE `hero_id` = 62 LIMIT 1   [ RunTime:0.0004s ]
SQL: SELECT * FROM `wzry_hero` WHERE `hero_id` = 64 LIMIT 1   [ RunTime:0.0004s ]
SQL: SELECT * FROM `wzry_hero` WHERE `hero_id` = 67 LIMIT 1   [ RunTime:0.0004s ]
SQL: SELECT * FROM `wzry_hero` WHERE `hero_id` = 68 LIMIT 1   [ RunTime:0.0004s ]
SQL: SHOW COLUMNS FROM `wzry_main_hero` [ RunTime:0.0054s ]
SQL: SELECT * FROM `wzry_main_hero` WHERE ( user_id=98 )  [ RunTime:0.0004s ]
SQL: SELECT * FROM `wzry_hero` WHERE `hero_id` = 58 LIMIT 1   [ RunTime:0.0004s ]
SQL: SELECT * FROM `wzry_user` WHERE ( user_id=99 ) LIMIT 1   [ RunTime:0.0005s ]
SQL: select user_id, GROUP_CONCAT(hero_id) as heros from wzry_user_hero where user_id = 99 [ RunTime:0.0009s ]
SQL: SELECT * FROM `wzry_area` WHERE `area_id` = 13 LIMIT 1   [ RunTime:0.0004s ]
SQL: SELECT * FROM `wzry_account` WHERE `account_id` = 108 LIMIT 1   [ RunTime:0.0004s ]
SQL: SELECT * FROM `wzry_hero` WHERE `hero_id` = 12 LIMIT 1   [ RunTime:0.0003s ]
SQL: SELECT * FROM `wzry_hero` WHERE `hero_id` = 32 LIMIT 1   [ RunTime:0.0002s ]
SQL: SELECT * FROM `wzry_hero` WHERE `hero_id` = 61 LIMIT 1   [ RunTime:0.0002s ]
SQL: SELECT * FROM `wzry_hero` WHERE `hero_id` = 64 LIMIT 1   [ RunTime:0.0002s ]
SQL: SELECT * FROM `wzry_hero` WHERE `hero_id` = 67 LIMIT 1   [ RunTime:0.0002s ]
SQL: SELECT * FROM `wzry_hero` WHERE `hero_id` = 68 LIMIT 1   [ RunTime:0.0002s ]
SQL: SELECT * FROM `wzry_main_hero` WHERE ( user_id=99 )  [ RunTime:0.0002s ]
SQL: SELECT * FROM `wzry_hero` WHERE `hero_id` = 32 LIMIT 1   [ RunTime:0.0002s ]
SQL: SELECT * FROM `wzry_user` WHERE ( user_id=100 ) LIMIT 1   [ RunTime:0.0003s ]
SQL: select user_id, GROUP_CONCAT(hero_id) as heros from wzry_user_hero where user_id = 100 [ RunTime:0.0003s ]
SQL: SELECT * FROM `wzry_area` WHERE `area_id` = 10 LIMIT 1   [ RunTime:0.0003s ]
SQL: SELECT * FROM `wzry_account` WHERE `account_id` = 108 LIMIT 1   [ RunTime:0.0002s ]
SQL: SELECT * FROM `wzry_hero` WHERE `hero_id` = 8 LIMIT 1   [ RunTime:0.0002s ]
SQL: SELECT * FROM `wzry_hero` WHERE `hero_id` = 56 LIMIT 1   [ RunTime:0.0002s ]
SQL: SELECT * FROM `wzry_hero` WHERE `hero_id` = 61 LIMIT 1   [ RunTime:0.0002s ]
SQL: SELECT * FROM `wzry_hero` WHERE `hero_id` = 64 LIMIT 1   [ RunTime:0.0002s ]
SQL: SELECT * FROM `wzry_hero` WHERE `hero_id` = 67 LIMIT 1   [ RunTime:0.0002s ]
SQL: SELECT * FROM `wzry_hero` WHERE `hero_id` = 68 LIMIT 1   [ RunTime:0.0002s ]
SQL: SELECT * FROM `wzry_main_hero` WHERE ( user_id=100 )  [ RunTime:0.0002s ]
SQL: SELECT * FROM `wzry_hero` WHERE `hero_id` = 56 LIMIT 1   [ RunTime:0.0002s ]
SQL: SELECT * FROM `wzry_user` WHERE ( user_id=101 ) LIMIT 1   [ RunTime:0.0003s ]
SQL: select user_id, GROUP_CONCAT(hero_id) as heros from wzry_user_hero where user_id = 101 [ RunTime:0.0004s ]
SQL: SELECT * FROM `wzry_area` WHERE `area_id` = 14 LIMIT 1   [ RunTime:0.0003s ]
SQL: SELECT * FROM `wzry_account` WHERE `account_id` = 108 LIMIT 1   [ RunTime:0.0002s ]
SQL: SELECT * FROM `wzry_hero` WHERE `hero_id` = 2 LIMIT 1   [ RunTime:0.0003s ]
SQL: SELECT * FROM `wzry_hero` WHERE `hero_id` = 41 LIMIT 1   [ RunTime:0.0004s ]
SQL: SELECT * FROM `wzry_hero` WHERE `hero_id` = 61 LIMIT 1   [ RunTime:0.0003s ]
SQL: SELECT * FROM `wzry_hero` WHERE `hero_id` = 64 LIMIT 1   [ RunTime:0.0002s ]
SQL: SELECT * FROM `wzry_hero` WHERE `hero_id` = 67 LIMIT 1   [ RunTime:0.0002s ]
SQL: SELECT * FROM `wzry_hero` WHERE `hero_id` = 68 LIMIT 1   [ RunTime:0.0002s ]
SQL: SELECT * FROM `wzry_main_hero` WHERE ( user_id=101 )  [ RunTime:0.0002s ]
SQL: SELECT * FROM `wzry_hero` WHERE `hero_id` = 41 LIMIT 1   [ RunTime:0.0002s ]
SQL: SELECT * FROM `wzry_user` WHERE ( user_id=102 ) LIMIT 1   [ RunTime:0.0003s ]
SQL: select user_id, GROUP_CONCAT(hero_id) as heros from wzry_user_hero where user_id = 102 [ RunTime:0.0004s ]
SQL: SELECT * FROM `wzry_area` WHERE `area_id` = 12 LIMIT 1   [ RunTime:0.0003s ]
SQL: SELECT * FROM `wzry_account` WHERE `account_id` = 108 LIMIT 1   [ RunTime:0.0003s ]
SQL: SELECT * FROM `wzry_hero` WHERE `hero_id` = 1 LIMIT 1   [ RunTime:0.0004s ]
SQL: SELECT * FROM `wzry_hero` WHERE `hero_id` = 2 LIMIT 1   [ RunTime:0.0003s ]
SQL: SELECT * FROM `wzry_hero` WHERE `hero_id` = 27 LIMIT 1   [ RunTime:0.0002s ]
SQL: SELECT * FROM `wzry_hero` WHERE `hero_id` = 61 LIMIT 1   [ RunTime:0.0002s ]
SQL: SELECT * FROM `wzry_hero` WHERE `hero_id` = 64 LIMIT 1   [ RunTime:0.0002s ]
SQL: SELECT * FROM `wzry_hero` WHERE `hero_id` = 67 LIMIT 1   [ RunTime:0.0002s ]
SQL: SELECT * FROM `wzry_hero` WHERE `hero_id` = 68 LIMIT 1   [ RunTime:0.0002s ]
SQL: SELECT * FROM `wzry_main_hero` WHERE ( user_id=102 )  [ RunTime:0.0002s ]
SQL: SELECT * FROM `wzry_hero` WHERE `hero_id` = 27 LIMIT 1   [ RunTime:0.0002s ]
INFO: [ view_parse ] --START--
INFO: [ template_filter ] --START--
INFO: Run Behavior\ContentReplaceBehavior [ RunTime:0.000064s ]
INFO: [ template_filter ] --END-- [ RunTime:0.000101s ]
INFO: Run Behavior\ParseTemplateBehavior [ RunTime:0.008100s ]
INFO: [ view_parse ] --END-- [ RunTime:0.008139s ]
INFO: [ view_filter ] --START--
INFO: Run Behavior\WriteHtmlCacheBehavior [ RunTime:0.000343s ]
INFO: [ view_filter ] --END-- [ RunTime:0.000373s ]
INFO: [ app_end ] --START--
INFO: Run Behavior\ShowPageTraceBehavior [ RunTime:0.000472s ]
INFO: [ app_end ] --END-- [ RunTime:0.000511s ]

[ 2017-10-28T00:29:37+08:00 ] ::1 /wzry/index.php?s=/Main/Index/index.html
INFO: [ app_init ] --START--
INFO: Run Behavior\BuildLiteBehavior [ RunTime:0.000013s ]
INFO: [ app_init ] --END-- [ RunTime:0.000495s ]
INFO: [ app_begin ] --START--
INFO: Run Behavior\ReadHtmlCacheBehavior [ RunTime:0.000567s ]
INFO: [ app_begin ] --END-- [ RunTime:0.000616s ]
SQL: select * from wzry_update [ RunTime:0.0027s ]
SQL: select * from userview where type = 1 order by money DESC limit 10 [ RunTime:0.0031s ]
SQL: select * from userview where type = 2 order by money DESC limit 10 [ RunTime:0.0030s ]
SQL: select *, GROUP_CONCAT(hero_name) as having_hero from uhview where user_id not in (select user_id from wzry_main_hero) group by user_id [ RunTime:0.0072s ]
SQL: SHOW COLUMNS FROM `wzry_hero` [ RunTime:0.0060s ]
SQL: select * from wzry_hero where hero_id not in (select hero_id from wzry_user_hero) [ RunTime:0.0029s ]
SQL: select * from userview where type=1 order by diamond desc limit 10 [ RunTime:0.0013s ]
SQL: select * from userview where type=2 order by diamond desc limit 10 [ RunTime:0.0013s ]
SQL: select * from userview where type=1 order by level desc limit 10 [ RunTime:0.0013s ]
SQL: select * from userview where type=2 order by level desc limit 10 [ RunTime:0.0012s ]
SQL: select *, count(*) as hcount from uhview GROUP BY user_id order by count(*) desc limit 10 [ RunTime:0.0060s ]
SQL: update wzry_user_hero as uh, wzry_hero as h set uh.hero_name = h.hero_name where uh.hero_id = h.hero_id and uh.hero_name is null [ RunTime:0.0006s ]
SQL: select * from userview order by mingwen desc limit 10 [ RunTime:0.0013s ]
SQL: select * from userview order by changshu desc limit 10 [ RunTime:0.0014s ]
SQL: select * from userview as a where `level` = (select max(`level`) from userview where account_id = a.account_id)  [ RunTime:0.0050s ]
SQL: select * from userview order by level limit 10 [ RunTime:0.0008s ]
SQL: select * from userview order by mingwen limit 10 [ RunTime:0.0008s ]
SQL: select count(*)  as user_count, account_id, account from userview group by account_id order by count(*) desc [ RunTime:0.0010s ]
SQL: select * from userview  as a left join (select count(*) as hcount, user_id from wzry_user_hero group by user_id order by count(*)) as b on  a.user_id = b.user_id where (money <= 13888 and money >= 12000) or ( money >= 13888 and money <=15000) order by b.hcount [ RunTime:0.0009s ]
NOTIC: [2] count() expects at least 1 parameter, 0 given J:\php\personal\wzry\Application\Main\Controller\IndexController.class.php 第 85 行.
SQL: select * from userview  as a left join (select count(*) as hcount, user_id from wzry_user_hero group by user_id order by count(*)) as b on  a.user_id = b.user_id where money >= 15000 order by b.hcount  [ RunTime:0.0010s ]
SQL: select * from mhview order by user_id [ RunTime:0.0017s ]
SQL: select * from userview as a , (select max(cc) as cc, hero_name, user_id, hero_id from wzry_user_hero group by hero_id) as b where a.user_id = b.user_id [ RunTime:0.0030s ]
SQL: select hero_name, count(*) as count from uhview GROUP BY hero_id  [ RunTime:0.0029s ]
INFO: [ view_parse ] --START--
INFO: [ template_filter ] --START--
INFO: Run Behavior\ContentReplaceBehavior [ RunTime:0.000151s ]
INFO: [ template_filter ] --END-- [ RunTime:0.000200s ]
NOTIC: [8] Undefined index: type J:\php\personal\wzry\Application\Runtime\Cache\Main\e51589c1c6ce3f3fe5e0936addbdf170.php 第 199 行.
NOTIC: [8] Undefined index: type J:\php\personal\wzry\Application\Runtime\Cache\Main\e51589c1c6ce3f3fe5e0936addbdf170.php 第 200 行.
NOTIC: [8] Undefined index: type J:\php\personal\wzry\Application\Runtime\Cache\Main\e51589c1c6ce3f3fe5e0936addbdf170.php 第 199 行.
NOTIC: [8] Undefined index: type J:\php\personal\wzry\Application\Runtime\Cache\Main\e51589c1c6ce3f3fe5e0936addbdf170.php 第 200 行.
NOTIC: [8] Undefined index: type J:\php\personal\wzry\Application\Runtime\Cache\Main\e51589c1c6ce3f3fe5e0936addbdf170.php 第 199 行.
NOTIC: [8] Undefined index: type J:\php\personal\wzry\Application\Runtime\Cache\Main\e51589c1c6ce3f3fe5e0936addbdf170.php 第 200 行.
NOTIC: [8] Undefined index: type J:\php\personal\wzry\Application\Runtime\Cache\Main\e51589c1c6ce3f3fe5e0936addbdf170.php 第 199 行.
NOTIC: [8] Undefined index: type J:\php\personal\wzry\Application\Runtime\Cache\Main\e51589c1c6ce3f3fe5e0936addbdf170.php 第 200 行.
NOTIC: [8] Undefined index: type J:\php\personal\wzry\Application\Runtime\Cache\Main\e51589c1c6ce3f3fe5e0936addbdf170.php 第 199 行.
NOTIC: [8] Undefined index: type J:\php\personal\wzry\Application\Runtime\Cache\Main\e51589c1c6ce3f3fe5e0936addbdf170.php 第 200 行.
NOTIC: [8] Undefined index: type J:\php\personal\wzry\Application\Runtime\Cache\Main\e51589c1c6ce3f3fe5e0936addbdf170.php 第 199 行.
NOTIC: [8] Undefined index: type J:\php\personal\wzry\Application\Runtime\Cache\Main\e51589c1c6ce3f3fe5e0936addbdf170.php 第 200 行.
NOTIC: [8] Undefined index: type J:\php\personal\wzry\Application\Runtime\Cache\Main\e51589c1c6ce3f3fe5e0936addbdf170.php 第 199 行.
NOTIC: [8] Undefined index: type J:\php\personal\wzry\Application\Runtime\Cache\Main\e51589c1c6ce3f3fe5e0936addbdf170.php 第 200 行.
NOTIC: [8] Undefined index: type J:\php\personal\wzry\Application\Runtime\Cache\Main\e51589c1c6ce3f3fe5e0936addbdf170.php 第 199 行.
NOTIC: [8] Undefined index: type J:\php\personal\wzry\Application\Runtime\Cache\Main\e51589c1c6ce3f3fe5e0936addbdf170.php 第 200 行.
NOTIC: [8] Undefined index: type J:\php\personal\wzry\Application\Runtime\Cache\Main\e51589c1c6ce3f3fe5e0936addbdf170.php 第 199 行.
NOTIC: [8] Undefined index: type J:\php\personal\wzry\Application\Runtime\Cache\Main\e51589c1c6ce3f3fe5e0936addbdf170.php 第 200 行.
NOTIC: [8] Undefined index: type J:\php\personal\wzry\Application\Runtime\Cache\Main\e51589c1c6ce3f3fe5e0936addbdf170.php 第 199 行.
NOTIC: [8] Undefined index: type J:\php\personal\wzry\Application\Runtime\Cache\Main\e51589c1c6ce3f3fe5e0936addbdf170.php 第 200 行.
NOTIC: [8] Undefined index: type J:\php\personal\wzry\Application\Runtime\Cache\Main\e51589c1c6ce3f3fe5e0936addbdf170.php 第 199 行.
NOTIC: [8] Undefined index: type J:\php\personal\wzry\Application\Runtime\Cache\Main\e51589c1c6ce3f3fe5e0936addbdf170.php 第 200 行.
NOTIC: [8] Undefined index: type J:\php\personal\wzry\Application\Runtime\Cache\Main\e51589c1c6ce3f3fe5e0936addbdf170.php 第 199 行.
NOTIC: [8] Undefined index: type J:\php\personal\wzry\Application\Runtime\Cache\Main\e51589c1c6ce3f3fe5e0936addbdf170.php 第 200 行.
NOTIC: [8] Undefined index: type J:\php\personal\wzry\Application\Runtime\Cache\Main\e51589c1c6ce3f3fe5e0936addbdf170.php 第 199 行.
NOTIC: [8] Undefined index: type J:\php\personal\wzry\Application\Runtime\Cache\Main\e51589c1c6ce3f3fe5e0936addbdf170.php 第 200 行.
NOTIC: [8] Undefined index: type J:\php\personal\wzry\Application\Runtime\Cache\Main\e51589c1c6ce3f3fe5e0936addbdf170.php 第 199 行.
NOTIC: [8] Undefined index: type J:\php\personal\wzry\Application\Runtime\Cache\Main\e51589c1c6ce3f3fe5e0936addbdf170.php 第 200 行.
NOTIC: [8] Undefined index: type J:\php\personal\wzry\Application\Runtime\Cache\Main\e51589c1c6ce3f3fe5e0936addbdf170.php 第 199 行.
NOTIC: [8] Undefined index: type J:\php\personal\wzry\Application\Runtime\Cache\Main\e51589c1c6ce3f3fe5e0936addbdf170.php 第 200 行.
INFO: Run Behavior\ParseTemplateBehavior [ RunTime:0.029443s ]
INFO: [ view_parse ] --END-- [ RunTime:0.029489s ]
INFO: [ view_filter ] --START--
INFO: Run Behavior\WriteHtmlCacheBehavior [ RunTime:0.000377s ]
INFO: [ view_filter ] --END-- [ RunTime:0.000408s ]
INFO: [ app_end ] --START--
INFO: Run Behavior\ShowPageTraceBehavior [ RunTime:0.000510s ]
INFO: [ app_end ] --END-- [ RunTime:0.000552s ]

[ 2017-10-28T00:29:48+08:00 ] ::1 /wzry/index.php?s=/Main/Account/showAll.html
INFO: [ app_init ] --START--
INFO: Run Behavior\BuildLiteBehavior [ RunTime:0.000014s ]
INFO: [ app_init ] --END-- [ RunTime:0.000512s ]
INFO: [ app_begin ] --START--
INFO: Run Behavior\ReadHtmlCacheBehavior [ RunTime:0.001124s ]
INFO: [ app_begin ] --END-- [ RunTime:0.001298s ]
SQL: SHOW COLUMNS FROM `wzry_account` [ RunTime:0.0041s ]
SQL: SELECT * FROM `wzry_account` ORDER BY type, account  [ RunTime:0.0004s ]
SQL: SHOW COLUMNS FROM `wzry_user` [ RunTime:0.0038s ]
SQL: SELECT COUNT(*) AS tp_count FROM `wzry_user` WHERE ( account_id=98 ) LIMIT 1   [ RunTime:0.0003s ]
SQL: SELECT COUNT(*) AS tp_count FROM `wzry_user` WHERE ( account_id=102 ) LIMIT 1   [ RunTime:0.0003s ]
SQL: SELECT COUNT(*) AS tp_count FROM `wzry_user` WHERE ( account_id=99 ) LIMIT 1   [ RunTime:0.0002s ]
SQL: SELECT COUNT(*) AS tp_count FROM `wzry_user` WHERE ( account_id=104 ) LIMIT 1   [ RunTime:0.0002s ]
SQL: SELECT COUNT(*) AS tp_count FROM `wzry_user` WHERE ( account_id=95 ) LIMIT 1   [ RunTime:0.0002s ]
SQL: SELECT COUNT(*) AS tp_count FROM `wzry_user` WHERE ( account_id=101 ) LIMIT 1   [ RunTime:0.0002s ]
SQL: SELECT COUNT(*) AS tp_count FROM `wzry_user` WHERE ( account_id=96 ) LIMIT 1   [ RunTime:0.0002s ]
SQL: SELECT COUNT(*) AS tp_count FROM `wzry_user` WHERE ( account_id=100 ) LIMIT 1   [ RunTime:0.0002s ]
SQL: SELECT COUNT(*) AS tp_count FROM `wzry_user` WHERE ( account_id=103 ) LIMIT 1   [ RunTime:0.0002s ]
SQL: SELECT COUNT(*) AS tp_count FROM `wzry_user` WHERE ( account_id=106 ) LIMIT 1   [ RunTime:0.0002s ]
SQL: SELECT COUNT(*) AS tp_count FROM `wzry_user` WHERE ( account_id=107 ) LIMIT 1   [ RunTime:0.0002s ]
SQL: SELECT COUNT(*) AS tp_count FROM `wzry_user` WHERE ( account_id=108 ) LIMIT 1   [ RunTime:0.0002s ]
SQL: SELECT COUNT(*) AS tp_count FROM `wzry_user` WHERE ( account_id=97 ) LIMIT 1   [ RunTime:0.0002s ]
SQL: SELECT COUNT(*) AS tp_count FROM `wzry_user` WHERE ( account_id=109 ) LIMIT 1   [ RunTime:0.0003s ]
SQL: SELECT COUNT(*) AS tp_count FROM `wzry_user` WHERE ( account_id=105 ) LIMIT 1   [ RunTime:0.0003s ]
INFO: [ view_parse ] --START--
INFO: [ template_filter ] --START--
INFO: Run Behavior\ContentReplaceBehavior [ RunTime:0.000072s ]
INFO: [ template_filter ] --END-- [ RunTime:0.000114s ]
NOTIC: [8] Undefined variable: account J:\php\personal\wzry\Application\Runtime\Cache\Main\170752e06422f098e43f5a6296486dbd.php 第 80 行.
NOTIC: [8] Undefined variable: account J:\php\personal\wzry\Application\Runtime\Cache\Main\170752e06422f098e43f5a6296486dbd.php 第 84 行.
NOTIC: [8] Undefined variable: account J:\php\personal\wzry\Application\Runtime\Cache\Main\170752e06422f098e43f5a6296486dbd.php 第 85 行.
INFO: Run Behavior\ParseTemplateBehavior [ RunTime:0.009434s ]
INFO: [ view_parse ] --END-- [ RunTime:0.009488s ]
INFO: [ view_filter ] --START--
INFO: Run Behavior\WriteHtmlCacheBehavior [ RunTime:0.000362s ]
INFO: [ view_filter ] --END-- [ RunTime:0.000394s ]
INFO: [ app_end ] --START--
INFO: Run Behavior\ShowPageTraceBehavior [ RunTime:0.000511s ]
INFO: [ app_end ] --END-- [ RunTime:0.000555s ]

[ 2017-10-28T00:29:53+08:00 ] ::1 /wzry/index.php?s=/Main/Account/showDetail/account_id/103.html
INFO: [ app_init ] --START--
INFO: Run Behavior\BuildLiteBehavior [ RunTime:0.000015s ]
INFO: [ app_init ] --END-- [ RunTime:0.000449s ]
INFO: [ app_begin ] --START--
INFO: Run Behavior\ReadHtmlCacheBehavior [ RunTime:0.000686s ]
INFO: [ app_begin ] --END-- [ RunTime:0.000776s ]
SQL: SHOW COLUMNS FROM `wzry_account` [ RunTime:0.0090s ]
SQL: SELECT * FROM `wzry_account` WHERE `account_id` = 103 LIMIT 1   [ RunTime:0.0006s ]
SQL: SHOW COLUMNS FROM `wzry_user` [ RunTime:0.0096s ]
SQL: SELECT * FROM `wzry_user` WHERE ( account_id=103 )  [ RunTime:0.0011s ]
SQL: SELECT * FROM `wzry_user` WHERE ( user_id=80 ) LIMIT 1   [ RunTime:0.0009s ]
SQL: SHOW COLUMNS FROM `wzry_hero` [ RunTime:0.0075s ]
SQL: select user_id, GROUP_CONCAT(hero_id) as heros from wzry_user_hero where user_id = 80 [ RunTime:0.0004s ]
SQL: SHOW COLUMNS FROM `wzry_area` [ RunTime:0.0040s ]
SQL: SELECT * FROM `wzry_area` WHERE `area_id` = 6 LIMIT 1   [ RunTime:0.0003s ]
SQL: SELECT * FROM `wzry_account` WHERE `account_id` = 103 LIMIT 1   [ RunTime:0.0003s ]
SQL: SELECT * FROM `wzry_hero` WHERE `hero_id` = 2 LIMIT 1   [ RunTime:0.0003s ]
SQL: SELECT * FROM `wzry_hero` WHERE `hero_id` = 55 LIMIT 1   [ RunTime:0.0005s ]
SQL: SELECT * FROM `wzry_hero` WHERE `hero_id` = 61 LIMIT 1   [ RunTime:0.0005s ]
SQL: SELECT * FROM `wzry_hero` WHERE `hero_id` = 64 LIMIT 1   [ RunTime:0.0003s ]
SQL: SELECT * FROM `wzry_hero` WHERE `hero_id` = 67 LIMIT 1   [ RunTime:0.0003s ]
SQL: SELECT * FROM `wzry_hero` WHERE `hero_id` = 68 LIMIT 1   [ RunTime:0.0002s ]
SQL: SHOW COLUMNS FROM `wzry_main_hero` [ RunTime:0.0037s ]
SQL: SELECT * FROM `wzry_main_hero` WHERE ( user_id=80 )  [ RunTime:0.0003s ]
SQL: SELECT * FROM `wzry_hero` WHERE `hero_id` = 55 LIMIT 1   [ RunTime:0.0003s ]
SQL: SELECT * FROM `wzry_user` WHERE ( user_id=81 ) LIMIT 1   [ RunTime:0.0003s ]
SQL: select user_id, GROUP_CONCAT(hero_id) as heros from wzry_user_hero where user_id = 81 [ RunTime:0.0004s ]
SQL: SELECT * FROM `wzry_area` WHERE `area_id` = 4 LIMIT 1   [ RunTime:0.0003s ]
SQL: SELECT * FROM `wzry_account` WHERE `account_id` = 103 LIMIT 1   [ RunTime:0.0003s ]
SQL: SELECT * FROM `wzry_hero` WHERE `hero_id` = 2 LIMIT 1   [ RunTime:0.0003s ]
SQL: SELECT * FROM `wzry_hero` WHERE `hero_id` = 61 LIMIT 1   [ RunTime:0.0003s ]
SQL: SELECT * FROM `wzry_hero` WHERE `hero_id` = 64 LIMIT 1   [ RunTime:0.0003s ]
SQL: SELECT * FROM `wzry_hero` WHERE `hero_id` = 67 LIMIT 1   [ RunTime:0.0003s ]
SQL: SELECT * FROM `wzry_hero` WHERE `hero_id` = 68 LIMIT 1   [ RunTime:0.0003s ]
SQL: SELECT * FROM `wzry_main_hero` WHERE ( user_id=81 )  [ RunTime:0.0002s ]
SQL: SELECT * FROM `wzry_user` WHERE ( user_id=82 ) LIMIT 1   [ RunTime:0.0003s ]
SQL: select user_id, GROUP_CONCAT(hero_id) as heros from wzry_user_hero where user_id = 82 [ RunTime:0.0005s ]
SQL: SELECT * FROM `wzry_area` WHERE `area_id` = 1 LIMIT 1   [ RunTime:0.0003s ]
SQL: SELECT * FROM `wzry_account` WHERE `account_id` = 103 LIMIT 1   [ RunTime:0.0003s ]
SQL: SELECT * FROM `wzry_hero` WHERE `hero_id` = 2 LIMIT 1   [ RunTime:0.0003s ]
SQL: SELECT * FROM `wzry_hero` WHERE `hero_id` = 39 LIMIT 1   [ RunTime:0.0002s ]
SQL: SELECT * FROM `wzry_hero` WHERE `hero_id` = 49 LIMIT 1   [ RunTime:0.0003s ]
SQL: SELECT * FROM `wzry_hero` WHERE `hero_id` = 61 LIMIT 1   [ RunTime:0.0003s ]
SQL: SELECT * FROM `wzry_hero` WHERE `hero_id` = 64 LIMIT 1   [ RunTime:0.0003s ]
SQL: SELECT * FROM `wzry_hero` WHERE `hero_id` = 67 LIMIT 1   [ RunTime:0.0003s ]
SQL: SELECT * FROM `wzry_hero` WHERE `hero_id` = 68 LIMIT 1   [ RunTime:0.0002s ]
SQL: SELECT * FROM `wzry_main_hero` WHERE ( user_id=82 )  [ RunTime:0.0003s ]
SQL: SELECT * FROM `wzry_hero` WHERE `hero_id` = 49 LIMIT 1   [ RunTime:0.0005s ]
INFO: [ view_parse ] --START--
INFO: [ template_filter ] --START--
INFO: Run Behavior\ContentReplaceBehavior [ RunTime:0.000078s ]
INFO: [ template_filter ] --END-- [ RunTime:0.000125s ]
INFO: Run Behavior\ParseTemplateBehavior [ RunTime:0.009618s ]
INFO: [ view_parse ] --END-- [ RunTime:0.009677s ]
INFO: [ view_filter ] --START--
INFO: Run Behavior\WriteHtmlCacheBehavior [ RunTime:0.000400s ]
INFO: [ view_filter ] --END-- [ RunTime:0.000441s ]
INFO: [ app_end ] --START--
INFO: Run Behavior\ShowPageTraceBehavior [ RunTime:0.000576s ]
INFO: [ app_end ] --END-- [ RunTime:0.000617s ]

[ 2017-10-28T00:30:08+08:00 ] ::1 /wzry/index.php?s=/Main/Account/showDetail/account_id/100.html
INFO: [ app_init ] --START--
INFO: Run Behavior\BuildLiteBehavior [ RunTime:0.000013s ]
INFO: [ app_init ] --END-- [ RunTime:0.000524s ]
INFO: [ app_begin ] --START--
INFO: Run Behavior\ReadHtmlCacheBehavior [ RunTime:0.000643s ]
INFO: [ app_begin ] --END-- [ RunTime:0.000693s ]
SQL: SHOW COLUMNS FROM `wzry_account` [ RunTime:0.0035s ]
SQL: SELECT * FROM `wzry_account` WHERE `account_id` = 100 LIMIT 1   [ RunTime:0.0003s ]
SQL: SHOW COLUMNS FROM `wzry_user` [ RunTime:0.0037s ]
SQL: SELECT * FROM `wzry_user` WHERE ( account_id=100 )  [ RunTime:0.0004s ]
SQL: SELECT * FROM `wzry_user` WHERE ( user_id=71 ) LIMIT 1   [ RunTime:0.0002s ]
SQL: SHOW COLUMNS FROM `wzry_hero` [ RunTime:0.0034s ]
SQL: select user_id, GROUP_CONCAT(hero_id) as heros from wzry_user_hero where user_id = 71 [ RunTime:0.0003s ]
SQL: SHOW COLUMNS FROM `wzry_area` [ RunTime:0.0033s ]
SQL: SELECT * FROM `wzry_area` WHERE `area_id` = 6 LIMIT 1   [ RunTime:0.0004s ]
SQL: SELECT * FROM `wzry_account` WHERE `account_id` = 100 LIMIT 1   [ RunTime:0.0003s ]
SQL: SELECT * FROM `wzry_hero` WHERE `hero_id` = 1 LIMIT 1   [ RunTime:0.0003s ]
SQL: SELECT * FROM `wzry_hero` WHERE `hero_id` = 61 LIMIT 1   [ RunTime:0.0002s ]
SQL: SELECT * FROM `wzry_hero` WHERE `hero_id` = 64 LIMIT 1   [ RunTime:0.0002s ]
SQL: SELECT * FROM `wzry_hero` WHERE `hero_id` = 67 LIMIT 1   [ RunTime:0.0002s ]
SQL: SELECT * FROM `wzry_hero` WHERE `hero_id` = 68 LIMIT 1   [ RunTime:0.0002s ]
SQL: SHOW COLUMNS FROM `wzry_main_hero` [ RunTime:0.0032s ]
SQL: SELECT * FROM `wzry_main_hero` WHERE ( user_id=71 )  [ RunTime:0.0002s ]
SQL: SELECT * FROM `wzry_user` WHERE ( user_id=72 ) LIMIT 1   [ RunTime:0.0003s ]
SQL: select user_id, GROUP_CONCAT(hero_id) as heros from wzry_user_hero where user_id = 72 [ RunTime:0.0004s ]
SQL: SELECT * FROM `wzry_area` WHERE `area_id` = 4 LIMIT 1   [ RunTime:0.0002s ]
SQL: SELECT * FROM `wzry_account` WHERE `account_id` = 100 LIMIT 1   [ RunTime:0.0002s ]
SQL: SELECT * FROM `wzry_hero` WHERE `hero_id` = 1 LIMIT 1   [ RunTime:0.0002s ]
SQL: SELECT * FROM `wzry_hero` WHERE `hero_id` = 2 LIMIT 1   [ RunTime:0.0002s ]
SQL: SELECT * FROM `wzry_hero` WHERE `hero_id` = 3 LIMIT 1   [ RunTime:0.0002s ]
SQL: SELECT * FROM `wzry_hero` WHERE `hero_id` = 8 LIMIT 1   [ RunTime:0.0002s ]
SQL: SELECT * FROM `wzry_hero` WHERE `hero_id` = 10 LIMIT 1   [ RunTime:0.0002s ]
SQL: SELECT * FROM `wzry_hero` WHERE `hero_id` = 12 LIMIT 1   [ RunTime:0.0003s ]
SQL: SELECT * FROM `wzry_hero` WHERE `hero_id` = 23 LIMIT 1   [ RunTime:0.0002s ]
SQL: SELECT * FROM `wzry_hero` WHERE `hero_id` = 40 LIMIT 1   [ RunTime:0.0002s ]
SQL: SELECT * FROM `wzry_hero` WHERE `hero_id` = 45 LIMIT 1   [ RunTime:0.0002s ]
SQL: SELECT * FROM `wzry_hero` WHERE `hero_id` = 61 LIMIT 1   [ RunTime:0.0002s ]
SQL: SELECT * FROM `wzry_hero` WHERE `hero_id` = 62 LIMIT 1   [ RunTime:0.0002s ]
SQL: SELECT * FROM `wzry_hero` WHERE `hero_id` = 64 LIMIT 1   [ RunTime:0.0002s ]
SQL: SELECT * FROM `wzry_hero` WHERE `hero_id` = 67 LIMIT 1   [ RunTime:0.0002s ]
SQL: SELECT * FROM `wzry_hero` WHERE `hero_id` = 68 LIMIT 1   [ RunTime:0.0002s ]
SQL: SELECT * FROM `wzry_hero` WHERE `hero_id` = 70 LIMIT 1   [ RunTime:0.0002s ]
SQL: SELECT * FROM `wzry_main_hero` WHERE ( user_id=72 )  [ RunTime:0.0002s ]
SQL: SELECT * FROM `wzry_hero` WHERE `hero_id` = 40 LIMIT 1   [ RunTime:0.0002s ]
SQL: SELECT * FROM `wzry_hero` WHERE `hero_id` = 45 LIMIT 1   [ RunTime:0.0002s ]
SQL: SELECT * FROM `wzry_user` WHERE ( user_id=73 ) LIMIT 1   [ RunTime:0.0003s ]
SQL: select user_id, GROUP_CONCAT(hero_id) as heros from wzry_user_hero where user_id = 73 [ RunTime:0.0003s ]
SQL: SELECT * FROM `wzry_area` WHERE `area_id` = 1 LIMIT 1   [ RunTime:0.0002s ]
SQL: SELECT * FROM `wzry_account` WHERE `account_id` = 100 LIMIT 1   [ RunTime:0.0002s ]
SQL: SELECT * FROM `wzry_hero` WHERE `hero_id` = 53 LIMIT 1   [ RunTime:0.0002s ]
SQL: SELECT * FROM `wzry_hero` WHERE `hero_id` = 61 LIMIT 1   [ RunTime:0.0002s ]
SQL: SELECT * FROM `wzry_hero` WHERE `hero_id` = 62 LIMIT 1   [ RunTime:0.0002s ]
SQL: SELECT * FROM `wzry_hero` WHERE `hero_id` = 64 LIMIT 1   [ RunTime:0.0002s ]
SQL: SELECT * FROM `wzry_hero` WHERE `hero_id` = 67 LIMIT 1   [ RunTime:0.0002s ]
SQL: SELECT * FROM `wzry_hero` WHERE `hero_id` = 68 LIMIT 1   [ RunTime:0.0002s ]
SQL: SELECT * FROM `wzry_main_hero` WHERE ( user_id=73 )  [ RunTime:0.0002s ]
SQL: SELECT * FROM `wzry_hero` WHERE `hero_id` = 53 LIMIT 1   [ RunTime:0.0002s ]
SQL: SELECT * FROM `wzry_hero` WHERE `hero_id` = 62 LIMIT 1   [ RunTime:0.0002s ]
INFO: [ view_parse ] --START--
INFO: [ template_filter ] --START--
INFO: Run Behavior\ContentReplaceBehavior [ RunTime:0.000062s ]
INFO: [ template_filter ] --END-- [ RunTime:0.000097s ]
INFO: Run Behavior\ParseTemplateBehavior [ RunTime:0.008389s ]
INFO: [ view_parse ] --END-- [ RunTime:0.008435s ]
INFO: [ view_filter ] --START--
INFO: Run Behavior\WriteHtmlCacheBehavior [ RunTime:0.000415s ]
INFO: [ view_filter ] --END-- [ RunTime:0.000449s ]
INFO: [ app_end ] --START--
INFO: Run Behavior\ShowPageTraceBehavior [ RunTime:0.000477s ]
INFO: [ app_end ] --END-- [ RunTime:0.000510s ]

