[ 2017-10-10T12:18:03+08:00 ] ::1 /wzry/index.php
INFO: [ app_init ] --START--
INFO: Run Behavior\BuildLiteBehavior [ RunTime:0.000018s ]
INFO: [ app_init ] --END-- [ RunTime:0.019574s ]
INFO: [ app_begin ] --START--
INFO: Run Behavior\ReadHtmlCacheBehavior [ RunTime:0.011963s ]
INFO: [ app_begin ] --END-- [ RunTime:0.012057s ]
SQL: select * from wzry_update [ RunTime:0.1056s ]
SQL: select * from userview where type = 1 order by money DESC limit 10 [ RunTime:0.1467s ]
SQL: select * from userview where type = 2 order by money DESC limit 10 [ RunTime:0.0022s ]
SQL: select *, GROUP_CONCAT(hero_name) as having_hero from uhview where user_id not in (select user_id from wzry_main_hero) group by user_id [ RunTime:0.1045s ]
SQL: SHOW COLUMNS FROM `wzry_hero` [ RunTime:0.0354s ]
SQL: select * from wzry_hero where hero_id not in (select hero_id from wzry_user_hero) [ RunTime:0.0110s ]
SQL: select * from userview where type=1 order by diamond desc limit 10 [ RunTime:0.0034s ]
SQL: select * from userview where type=2 order by diamond desc limit 10 [ RunTime:0.0034s ]
SQL: select * from userview where type=1 order by level desc limit 10 [ RunTime:0.0024s ]
SQL: select * from userview where type=2 order by level desc limit 10 [ RunTime:0.0021s ]
SQL: select *, count(*) as hcount from uhview GROUP BY user_id order by count(*) desc limit 10 [ RunTime:0.0072s ]
SQL: update wzry_user_hero as uh, wzry_hero as h set uh.hero_name = h.hero_name where uh.hero_id = h.hero_id and uh.hero_name is null [ RunTime:0.0013s ]
SQL: select * from userview order by mingwen desc limit 10 [ RunTime:0.0010s ]
SQL: select * from userview order by changshu desc limit 10 [ RunTime:0.0009s ]
SQL: select * from userview as a where `level` = (select max(`level`) from userview where account_id = a.account_id)  [ RunTime:0.0060s ]
SQL: select * from userview order by level limit 10 [ RunTime:0.0013s ]
SQL: select * from userview order by mingwen limit 10 [ RunTime:0.0010s ]
SQL: select count(*)  as user_count, account_id, account from userview group by account_id order by count(*) desc [ RunTime:0.0010s ]
SQL: select * from userview  as a left join (select count(*) as hcount, user_id from wzry_user_hero group by user_id order by count(*)) as b on  a.user_id = b.user_id where (money <= 13888 and money >= 12000) or ( money >= 13888 and money <=15000) order by b.hcount [ RunTime:0.0013s ]
NOTIC: [2] count() expects at least 1 parameter, 0 given J:\php\personal\wzry\Application\Main\Controller\IndexController.class.php 第 85 行.
SQL: select * from userview  as a left join (select count(*) as hcount, user_id from wzry_user_hero group by user_id order by count(*)) as b on  a.user_id = b.user_id where money >= 15000 order by b.hcount  [ RunTime:0.0016s ]
SQL: select * from mhview order by user_id [ RunTime:0.0171s ]
SQL: select * from userview as a , (select max(cc) as cc, hero_name, user_id, hero_id from wzry_user_hero group by hero_id) as b where a.user_id = b.user_id [ RunTime:0.0022s ]
SQL: select hero_name, count(*) as count from uhview GROUP BY hero_id  [ RunTime:0.0037s ]
INFO: [ view_parse ] --START--
INFO: [ template_filter ] --START--
INFO: Run Behavior\ContentReplaceBehavior [ RunTime:0.015948s ]
INFO: [ template_filter ] --END-- [ RunTime:0.016014s ]
NOTIC: [8] Undefined index: type J:\php\personal\wzry\Application\Runtime\Cache\Main\e51589c1c6ce3f3fe5e0936addbdf170.php 第 199 行.
NOTIC: [8] Undefined index: type J:\php\personal\wzry\Application\Runtime\Cache\Main\e51589c1c6ce3f3fe5e0936addbdf170.php 第 200 行.
NOTIC: [8] Undefined index: type J:\php\personal\wzry\Application\Runtime\Cache\Main\e51589c1c6ce3f3fe5e0936addbdf170.php 第 199 行.
NOTIC: [8] Undefined index: type J:\php\personal\wzry\Application\Runtime\Cache\Main\e51589c1c6ce3f3fe5e0936addbdf170.php 第 200 行.
NOTIC: [8] Undefined index: type J:\php\personal\wzry\Application\Runtime\Cache\Main\e51589c1c6ce3f3fe5e0936addbdf170.php 第 199 行.
NOTIC: [8] Undefined index: type J:\php\personal\wzry\Application\Runtime\Cache\Main\e51589c1c6ce3f3fe5e0936addbdf170.php 第 200 行.
NOTIC: [8] Undefined index: type J:\php\personal\wzry\Application\Runtime\Cache\Main\e51589c1c6ce3f3fe5e0936addbdf170.php 第 199 行.
NOTIC: [8] Undefined index: type J:\php\personal\wzry\Application\Runtime\Cache\Main\e51589c1c6ce3f3fe5e0936addbdf170.php 第 200 行.
NOTIC: [8] Undefined index: type J:\php\personal\wzry\Application\Runtime\Cache\Main\e51589c1c6ce3f3fe5e0936addbdf170.php 第 199 行.
NOTIC: [8] Undefined index: type J:\php\personal\wzry\Application\Runtime\Cache\Main\e51589c1c6ce3f3fe5e0936addbdf170.php 第 200 行.
NOTIC: [8] Undefined index: type J:\php\personal\wzry\Application\Runtime\Cache\Main\e51589c1c6ce3f3fe5e0936addbdf170.php 第 199 行.
NOTIC: [8] Undefined index: type J:\php\personal\wzry\Application\Runtime\Cache\Main\e51589c1c6ce3f3fe5e0936addbdf170.php 第 200 行.
NOTIC: [8] Undefined index: type J:\php\personal\wzry\Application\Runtime\Cache\Main\e51589c1c6ce3f3fe5e0936addbdf170.php 第 199 行.
NOTIC: [8] Undefined index: type J:\php\personal\wzry\Application\Runtime\Cache\Main\e51589c1c6ce3f3fe5e0936addbdf170.php 第 200 行.
NOTIC: [8] Undefined index: type J:\php\personal\wzry\Application\Runtime\Cache\Main\e51589c1c6ce3f3fe5e0936addbdf170.php 第 199 行.
NOTIC: [8] Undefined index: type J:\php\personal\wzry\Application\Runtime\Cache\Main\e51589c1c6ce3f3fe5e0936addbdf170.php 第 200 行.
NOTIC: [8] Undefined index: type J:\php\personal\wzry\Application\Runtime\Cache\Main\e51589c1c6ce3f3fe5e0936addbdf170.php 第 199 行.
NOTIC: [8] Undefined index: type J:\php\personal\wzry\Application\Runtime\Cache\Main\e51589c1c6ce3f3fe5e0936addbdf170.php 第 200 行.
NOTIC: [8] Undefined index: type J:\php\personal\wzry\Application\Runtime\Cache\Main\e51589c1c6ce3f3fe5e0936addbdf170.php 第 199 行.
NOTIC: [8] Undefined index: type J:\php\personal\wzry\Application\Runtime\Cache\Main\e51589c1c6ce3f3fe5e0936addbdf170.php 第 200 行.
NOTIC: [8] Undefined index: type J:\php\personal\wzry\Application\Runtime\Cache\Main\e51589c1c6ce3f3fe5e0936addbdf170.php 第 199 行.
NOTIC: [8] Undefined index: type J:\php\personal\wzry\Application\Runtime\Cache\Main\e51589c1c6ce3f3fe5e0936addbdf170.php 第 200 行.
NOTIC: [8] Undefined index: type J:\php\personal\wzry\Application\Runtime\Cache\Main\e51589c1c6ce3f3fe5e0936addbdf170.php 第 199 行.
NOTIC: [8] Undefined index: type J:\php\personal\wzry\Application\Runtime\Cache\Main\e51589c1c6ce3f3fe5e0936addbdf170.php 第 200 行.
NOTIC: [8] Undefined index: type J:\php\personal\wzry\Application\Runtime\Cache\Main\e51589c1c6ce3f3fe5e0936addbdf170.php 第 199 行.
NOTIC: [8] Undefined index: type J:\php\personal\wzry\Application\Runtime\Cache\Main\e51589c1c6ce3f3fe5e0936addbdf170.php 第 200 行.
INFO: Run Behavior\ParseTemplateBehavior [ RunTime:0.190133s ]
INFO: [ view_parse ] --END-- [ RunTime:0.190195s ]
INFO: [ view_filter ] --START--
INFO: Run Behavior\WriteHtmlCacheBehavior [ RunTime:0.022124s ]
INFO: [ view_filter ] --END-- [ RunTime:0.022175s ]
INFO: [ app_end ] --START--
INFO: Run Behavior\ShowPageTraceBehavior [ RunTime:0.010411s ]
INFO: [ app_end ] --END-- [ RunTime:0.010475s ]

[ 2017-10-10T12:18:20+08:00 ] ::1 /wzry/index.php?s=/Main/Account/showAll.html
INFO: [ app_init ] --START--
INFO: Run Behavior\BuildLiteBehavior [ RunTime:0.000023s ]
INFO: [ app_init ] --END-- [ RunTime:0.001143s ]
INFO: [ app_begin ] --START--
INFO: Run Behavior\ReadHtmlCacheBehavior [ RunTime:0.000915s ]
INFO: [ app_begin ] --END-- [ RunTime:0.000995s ]
SQL: SHOW COLUMNS FROM `wzry_account` [ RunTime:0.0037s ]
SQL: SELECT * FROM `wzry_account` ORDER BY type, account  [ RunTime:0.0004s ]
SQL: SHOW COLUMNS FROM `wzry_user` [ RunTime:0.0043s ]
SQL: SELECT COUNT(*) AS tp_count FROM `wzry_user` WHERE ( account_id=92 ) LIMIT 1   [ RunTime:0.0003s ]
SQL: SELECT COUNT(*) AS tp_count FROM `wzry_user` WHERE ( account_id=93 ) LIMIT 1   [ RunTime:0.0002s ]
SQL: SELECT COUNT(*) AS tp_count FROM `wzry_user` WHERE ( account_id=7 ) LIMIT 1   [ RunTime:0.0002s ]
SQL: SELECT COUNT(*) AS tp_count FROM `wzry_user` WHERE ( account_id=6 ) LIMIT 1   [ RunTime:0.0002s ]
SQL: SELECT COUNT(*) AS tp_count FROM `wzry_user` WHERE ( account_id=5 ) LIMIT 1   [ RunTime:0.0002s ]
SQL: SELECT COUNT(*) AS tp_count FROM `wzry_user` WHERE ( account_id=4 ) LIMIT 1   [ RunTime:0.0003s ]
SQL: SELECT COUNT(*) AS tp_count FROM `wzry_user` WHERE ( account_id=2 ) LIMIT 1   [ RunTime:0.0003s ]
SQL: SELECT COUNT(*) AS tp_count FROM `wzry_user` WHERE ( account_id=1 ) LIMIT 1   [ RunTime:0.0003s ]
SQL: SELECT COUNT(*) AS tp_count FROM `wzry_user` WHERE ( account_id=3 ) LIMIT 1   [ RunTime:0.0002s ]
SQL: SELECT COUNT(*) AS tp_count FROM `wzry_user` WHERE ( account_id=12 ) LIMIT 1   [ RunTime:0.0002s ]
SQL: SELECT COUNT(*) AS tp_count FROM `wzry_user` WHERE ( account_id=9 ) LIMIT 1   [ RunTime:0.0002s ]
SQL: SELECT COUNT(*) AS tp_count FROM `wzry_user` WHERE ( account_id=8 ) LIMIT 1   [ RunTime:0.0002s ]
SQL: SELECT COUNT(*) AS tp_count FROM `wzry_user` WHERE ( account_id=10 ) LIMIT 1   [ RunTime:0.0002s ]
SQL: SELECT COUNT(*) AS tp_count FROM `wzry_user` WHERE ( account_id=11 ) LIMIT 1   [ RunTime:0.0002s ]
INFO: [ view_parse ] --START--
INFO: [ template_filter ] --START--
INFO: Run Behavior\ContentReplaceBehavior [ RunTime:0.000074s ]
INFO: [ template_filter ] --END-- [ RunTime:0.000118s ]
NOTIC: [8] Undefined variable: account J:\php\personal\wzry\Application\Runtime\Cache\Main\170752e06422f098e43f5a6296486dbd.php 第 80 行.
NOTIC: [8] Undefined variable: account J:\php\personal\wzry\Application\Runtime\Cache\Main\170752e06422f098e43f5a6296486dbd.php 第 84 行.
NOTIC: [8] Undefined variable: account J:\php\personal\wzry\Application\Runtime\Cache\Main\170752e06422f098e43f5a6296486dbd.php 第 85 行.
INFO: Run Behavior\ParseTemplateBehavior [ RunTime:0.065880s ]
INFO: [ view_parse ] --END-- [ RunTime:0.065947s ]
INFO: [ view_filter ] --START--
INFO: Run Behavior\WriteHtmlCacheBehavior [ RunTime:0.000453s ]
INFO: [ view_filter ] --END-- [ RunTime:0.000499s ]
INFO: [ app_end ] --START--
INFO: Run Behavior\ShowPageTraceBehavior [ RunTime:0.000771s ]
INFO: [ app_end ] --END-- [ RunTime:0.000844s ]

[ 2017-10-10T12:18:27+08:00 ] ::1 /wzry/index.php?s=/Main/Area/showAll.html
INFO: [ app_init ] --START--
INFO: Run Behavior\BuildLiteBehavior [ RunTime:0.000014s ]
INFO: [ app_init ] --END-- [ RunTime:0.000705s ]
INFO: [ app_begin ] --START--
INFO: Run Behavior\ReadHtmlCacheBehavior [ RunTime:0.000498s ]
INFO: [ app_begin ] --END-- [ RunTime:0.000552s ]
SQL: SHOW COLUMNS FROM `wzry_area` [ RunTime:0.0053s ]
SQL: SELECT * FROM `wzry_area` ORDER BY type, area_no  [ RunTime:0.0004s ]
SQL: SHOW COLUMNS FROM `wzry_user` [ RunTime:0.0048s ]
SQL: SELECT COUNT(*) AS tp_count FROM `wzry_user` WHERE ( area_id=6 ) LIMIT 1   [ RunTime:0.0004s ]
SQL: SELECT COUNT(*) AS tp_count FROM `wzry_user` WHERE ( area_id=4 ) LIMIT 1   [ RunTime:0.0004s ]
SQL: SELECT COUNT(*) AS tp_count FROM `wzry_user` WHERE ( area_id=1 ) LIMIT 1   [ RunTime:0.0003s ]
SQL: SELECT COUNT(*) AS tp_count FROM `wzry_user` WHERE ( area_id=9 ) LIMIT 1   [ RunTime:0.0003s ]
SQL: SELECT COUNT(*) AS tp_count FROM `wzry_user` WHERE ( area_id=5 ) LIMIT 1   [ RunTime:0.0003s ]
SQL: SELECT COUNT(*) AS tp_count FROM `wzry_user` WHERE ( area_id=2 ) LIMIT 1   [ RunTime:0.0003s ]
SQL: SELECT COUNT(*) AS tp_count FROM `wzry_user` WHERE ( area_id=3 ) LIMIT 1   [ RunTime:0.0003s ]
SQL: SELECT COUNT(*) AS tp_count FROM `wzry_user` WHERE ( area_id=8 ) LIMIT 1   [ RunTime:0.0003s ]
SQL: SELECT COUNT(*) AS tp_count FROM `wzry_user` WHERE ( area_id=7 ) LIMIT 1   [ RunTime:0.0003s ]
SQL: SELECT COUNT(*) AS tp_count FROM `wzry_user` WHERE ( area_id=17 ) LIMIT 1   [ RunTime:0.0003s ]
SQL: SELECT COUNT(*) AS tp_count FROM `wzry_user` WHERE ( area_id=13 ) LIMIT 1   [ RunTime:0.0003s ]
SQL: SELECT COUNT(*) AS tp_count FROM `wzry_user` WHERE ( area_id=12 ) LIMIT 1   [ RunTime:0.0002s ]
SQL: SELECT COUNT(*) AS tp_count FROM `wzry_user` WHERE ( area_id=10 ) LIMIT 1   [ RunTime:0.0002s ]
SQL: SELECT COUNT(*) AS tp_count FROM `wzry_user` WHERE ( area_id=14 ) LIMIT 1   [ RunTime:0.0003s ]
SQL: SELECT COUNT(*) AS tp_count FROM `wzry_user` WHERE ( area_id=16 ) LIMIT 1   [ RunTime:0.0003s ]
SQL: SELECT COUNT(*) AS tp_count FROM `wzry_user` WHERE ( area_id=11 ) LIMIT 1   [ RunTime:0.0003s ]
SQL: SELECT COUNT(*) AS tp_count FROM `wzry_user` WHERE ( area_id=15 ) LIMIT 1   [ RunTime:0.0002s ]
INFO: [ view_parse ] --START--
INFO: [ template_filter ] --START--
INFO: Run Behavior\ContentReplaceBehavior [ RunTime:0.000057s ]
INFO: [ template_filter ] --END-- [ RunTime:0.000107s ]
INFO: Run Behavior\ParseTemplateBehavior [ RunTime:0.065550s ]
INFO: [ view_parse ] --END-- [ RunTime:0.065601s ]
INFO: [ view_filter ] --START--
INFO: Run Behavior\WriteHtmlCacheBehavior [ RunTime:0.000314s ]
INFO: [ view_filter ] --END-- [ RunTime:0.000349s ]
INFO: [ app_end ] --START--
INFO: Run Behavior\ShowPageTraceBehavior [ RunTime:0.000582s ]
INFO: [ app_end ] --END-- [ RunTime:0.000627s ]

[ 2017-10-10T12:18:31+08:00 ] ::1 /wzry/index.php?s=/Main/User/showAll.html
INFO: [ app_init ] --START--
INFO: Run Behavior\BuildLiteBehavior [ RunTime:0.000012s ]
INFO: [ app_init ] --END-- [ RunTime:0.000493s ]
INFO: [ app_begin ] --START--
INFO: Run Behavior\ReadHtmlCacheBehavior [ RunTime:0.000561s ]
INFO: [ app_begin ] --END-- [ RunTime:0.000615s ]
SQL: SHOW COLUMNS FROM `wzry_user` [ RunTime:0.0089s ]
SQL: SELECT * FROM `wzry_user` ORDER BY account_id, area_id  [ RunTime:0.0016s ]
SQL: SELECT * FROM `wzry_user` WHERE ( user_id=1 ) LIMIT 1   [ RunTime:0.0006s ]
SQL: SHOW COLUMNS FROM `wzry_hero` [ RunTime:0.0084s ]
SQL: SHOW COLUMNS FROM `wzry_area` [ RunTime:0.0070s ]
SQL: SELECT * FROM `wzry_area` WHERE `area_id` = 1 LIMIT 1   [ RunTime:0.0005s ]
SQL: SHOW COLUMNS FROM `wzry_account` [ RunTime:0.0057s ]
SQL: SELECT * FROM `wzry_account` WHERE `account_id` = 1 LIMIT 1   [ RunTime:0.0003s ]
SQL: SELECT * FROM `wzry_hero` WHERE `hero_id` = 48 LIMIT 1   [ RunTime:0.0002s ]
SQL: SELECT * FROM `wzry_hero` WHERE `hero_id` = 62 LIMIT 1   [ RunTime:0.0002s ]
SQL: SELECT * FROM `wzry_hero` WHERE `hero_id` = 66 LIMIT 1   [ RunTime:0.0002s ]
SQL: SELECT * FROM `wzry_hero` WHERE `hero_id` = 70 LIMIT 1   [ RunTime:0.0002s ]
SQL: SELECT * FROM `wzry_hero` WHERE `hero_id` = 2 LIMIT 1   [ RunTime:0.0002s ]
SQL: SELECT * FROM `wzry_hero` WHERE `hero_id` = 15 LIMIT 1   [ RunTime:0.0002s ]
SQL: SELECT * FROM `wzry_hero` WHERE `hero_id` = 43 LIMIT 1   [ RunTime:0.0002s ]
SQL: SELECT * FROM `wzry_hero` WHERE `hero_id` = 45 LIMIT 1   [ RunTime:0.0002s ]
SQL: SELECT * FROM `wzry_hero` WHERE `hero_id` = 61 LIMIT 1   [ RunTime:0.0002s ]
SQL: SELECT * FROM `wzry_hero` WHERE `hero_id` = 64 LIMIT 1   [ RunTime:0.0002s ]
SQL: SELECT * FROM `wzry_hero` WHERE `hero_id` = 65 LIMIT 1   [ RunTime:0.0002s ]
SQL: SELECT * FROM `wzry_hero` WHERE `hero_id` = 1 LIMIT 1   [ RunTime:0.0002s ]
SQL: SELECT * FROM `wzry_hero` WHERE `hero_id` = 8 LIMIT 1   [ RunTime:0.0002s ]
SQL: SELECT * FROM `wzry_hero` WHERE `hero_id` = 12 LIMIT 1   [ RunTime:0.0002s ]
SQL: SELECT * FROM `wzry_hero` WHERE `hero_id` = 20 LIMIT 1   [ RunTime:0.0002s ]
SQL: SELECT * FROM `wzry_hero` WHERE `hero_id` = 26 LIMIT 1   [ RunTime:0.0002s ]
SQL: SELECT * FROM `wzry_hero` WHERE `hero_id` = 30 LIMIT 1   [ RunTime:0.0002s ]
SQL: SELECT * FROM `wzry_hero` WHERE `hero_id` = 3 LIMIT 1   [ RunTime:0.0002s ]
SQL: SELECT * FROM `wzry_hero` WHERE `hero_id` = 5 LIMIT 1   [ RunTime:0.0002s ]
SQL: SELECT * FROM `wzry_hero` WHERE `hero_id` = 17 LIMIT 1   [ RunTime:0.0002s ]
SQL: SELECT * FROM `wzry_hero` WHERE `hero_id` = 13 LIMIT 1   [ RunTime:0.0002s ]
SQL: SELECT * FROM `wzry_hero` WHERE `hero_id` = 67 LIMIT 1   [ RunTime:0.0002s ]
SQL: SELECT * FROM `wzry_hero` WHERE `hero_id` = 68 LIMIT 1   [ RunTime:0.0002s ]
SQL: SELECT * FROM `wzry_hero` WHERE `hero_id` = 60 LIMIT 1   [ RunTime:0.0002s ]
SQL: SHOW COLUMNS FROM `wzry_main_hero` [ RunTime:0.0039s ]
SQL: SELECT * FROM `wzry_main_hero` WHERE ( user_id=1 )  [ RunTime:0.0005s ]
SQL: SELECT * FROM `wzry_hero` WHERE `hero_id` = 3 LIMIT 1   [ RunTime:0.0003s ]
SQL: SELECT * FROM `wzry_hero` WHERE `hero_id` = 15 LIMIT 1   [ RunTime:0.0003s ]
SQL: SELECT * FROM `wzry_hero` WHERE `hero_id` = 30 LIMIT 1   [ RunTime:0.0003s ]
SQL: SELECT * FROM `wzry_hero` WHERE `hero_id` = 48 LIMIT 1   [ RunTime:0.0003s ]
SQL: SELECT * FROM `wzry_hero` WHERE `hero_id` = 60 LIMIT 1   [ RunTime:0.0003s ]
SQL: SELECT * FROM `wzry_hero` WHERE `hero_id` = 65 LIMIT 1   [ RunTime:0.0003s ]
SQL: SELECT * FROM `wzry_user` WHERE ( user_id=2 ) LIMIT 1   [ RunTime:0.0002s ]
SQL: SELECT * FROM `wzry_area` WHERE `area_id` = 2 LIMIT 1   [ RunTime:0.0002s ]
SQL: SELECT * FROM `wzry_account` WHERE `account_id` = 1 LIMIT 1   [ RunTime:0.0002s ]
SQL: SELECT * FROM `wzry_hero` WHERE `hero_id` = 2 LIMIT 1   [ RunTime:0.0002s ]
SQL: SELECT * FROM `wzry_hero` WHERE `hero_id` = 10 LIMIT 1   [ RunTime:0.0002s ]
SQL: SELECT * FROM `wzry_hero` WHERE `hero_id` = 1 LIMIT 1   [ RunTime:0.0002s ]
SQL: SELECT * FROM `wzry_hero` WHERE `hero_id` = 67 LIMIT 1   [ RunTime:0.0002s ]
SQL: SELECT * FROM `wzry_hero` WHERE `hero_id` = 68 LIMIT 1   [ RunTime:0.0002s ]
SQL: SELECT * FROM `wzry_main_hero` WHERE ( user_id=2 )  [ RunTime:0.0002s ]
SQL: SELECT * FROM `wzry_hero` WHERE `hero_id` = 10 LIMIT 1   [ RunTime:0.0002s ]
SQL: SELECT * FROM `wzry_user` WHERE ( user_id=3 ) LIMIT 1   [ RunTime:0.0002s ]
SQL: SELECT * FROM `wzry_area` WHERE `area_id` = 3 LIMIT 1   [ RunTime:0.0002s ]
SQL: SELECT * FROM `wzry_account` WHERE `account_id` = 1 LIMIT 1   [ RunTime:0.0002s ]
SQL: SELECT * FROM `wzry_hero` WHERE `hero_id` = 2 LIMIT 1   [ RunTime:0.0002s ]
SQL: SELECT * FROM `wzry_hero` WHERE `hero_id` = 61 LIMIT 1   [ RunTime:0.0002s ]
SQL: SELECT * FROM `wzry_hero` WHERE `hero_id` = 1 LIMIT 1   [ RunTime:0.0002s ]
SQL: SELECT * FROM `wzry_hero` WHERE `hero_id` = 46 LIMIT 1   [ RunTime:0.0002s ]
SQL: SELECT * FROM `wzry_hero` WHERE `hero_id` = 67 LIMIT 1   [ RunTime:0.0002s ]
SQL: SELECT * FROM `wzry_hero` WHERE `hero_id` = 68 LIMIT 1   [ RunTime:0.0002s ]
SQL: SELECT * FROM `wzry_main_hero` WHERE ( user_id=3 )  [ RunTime:0.0002s ]
SQL: SELECT * FROM `wzry_hero` WHERE `hero_id` = 46 LIMIT 1   [ RunTime:0.0002s ]
SQL: SELECT * FROM `wzry_user` WHERE ( user_id=4 ) LIMIT 1   [ RunTime:0.0003s ]
SQL: SELECT * FROM `wzry_area` WHERE `area_id` = 4 LIMIT 1   [ RunTime:0.0002s ]
SQL: SELECT * FROM `wzry_account` WHERE `account_id` = 1 LIMIT 1   [ RunTime:0.0002s ]
SQL: SELECT * FROM `wzry_hero` WHERE `hero_id` = 61 LIMIT 1   [ RunTime:0.0002s ]
SQL: SELECT * FROM `wzry_hero` WHERE `hero_id` = 64 LIMIT 1   [ RunTime:0.0002s ]
SQL: SELECT * FROM `wzry_hero` WHERE `hero_id` = 67 LIMIT 1   [ RunTime:0.0003s ]
SQL: SELECT * FROM `wzry_hero` WHERE `hero_id` = 68 LIMIT 1   [ RunTime:0.0002s ]
SQL: SELECT * FROM `wzry_hero` WHERE `hero_id` = 36 LIMIT 1   [ RunTime:0.0002s ]
SQL: SELECT * FROM `wzry_hero` WHERE `hero_id` = 39 LIMIT 1   [ RunTime:0.0002s ]
SQL: SELECT * FROM `wzry_main_hero` WHERE ( user_id=4 )  [ RunTime:0.0002s ]
SQL: SELECT * FROM `wzry_hero` WHERE `hero_id` = 36 LIMIT 1   [ RunTime:0.0002s ]
SQL: SELECT * FROM `wzry_hero` WHERE `hero_id` = 39 LIMIT 1   [ RunTime:0.0002s ]
SQL: SELECT * FROM `wzry_user` WHERE ( user_id=51 ) LIMIT 1   [ RunTime:0.0002s ]
SQL: SELECT * FROM `wzry_area` WHERE `area_id` = 5 LIMIT 1   [ RunTime:0.0002s ]
SQL: SELECT * FROM `wzry_account` WHERE `account_id` = 1 LIMIT 1   [ RunTime:0.0002s ]
SQL: SELECT * FROM `wzry_hero` WHERE `hero_id` = 1 LIMIT 1   [ RunTime:0.0002s ]
SQL: SELECT * FROM `wzry_hero` WHERE `hero_id` = 24 LIMIT 1   [ RunTime:0.0002s ]
SQL: SELECT * FROM `wzry_hero` WHERE `hero_id` = 67 LIMIT 1   [ RunTime:0.0002s ]
SQL: SELECT * FROM `wzry_hero` WHERE `hero_id` = 68 LIMIT 1   [ RunTime:0.0002s ]
SQL: SELECT * FROM `wzry_main_hero` WHERE ( user_id=51 )  [ RunTime:0.0002s ]
SQL: SELECT * FROM `wzry_hero` WHERE `hero_id` = 24 LIMIT 1   [ RunTime:0.0002s ]
SQL: SELECT * FROM `wzry_user` WHERE ( user_id=6 ) LIMIT 1   [ RunTime:0.0002s ]
SQL: SELECT * FROM `wzry_area` WHERE `area_id` = 6 LIMIT 1   [ RunTime:0.0002s ]
SQL: SELECT * FROM `wzry_account` WHERE `account_id` = 1 LIMIT 1   [ RunTime:0.0002s ]
SQL: SELECT * FROM `wzry_hero` WHERE `hero_id` = 2 LIMIT 1   [ RunTime:0.0002s ]
SQL: SELECT * FROM `wzry_hero` WHERE `hero_id` = 61 LIMIT 1   [ RunTime:0.0002s ]
SQL: SELECT * FROM `wzry_hero` WHERE `hero_id` = 64 LIMIT 1   [ RunTime:0.0002s ]
SQL: SELECT * FROM `wzry_hero` WHERE `hero_id` = 1 LIMIT 1   [ RunTime:0.0002s ]
SQL: SELECT * FROM `wzry_hero` WHERE `hero_id` = 67 LIMIT 1   [ RunTime:0.0002s ]
SQL: SELECT * FROM `wzry_hero` WHERE `hero_id` = 68 LIMIT 1   [ RunTime:0.0002s ]
SQL: SELECT * FROM `wzry_hero` WHERE `hero_id` = 19 LIMIT 1   [ RunTime:0.0002s ]
SQL: SELECT * FROM `wzry_main_hero` WHERE ( user_id=6 )  [ RunTime:0.0002s ]
SQL: SELECT * FROM `wzry_hero` WHERE `hero_id` = 2 LIMIT 1   [ RunTime:0.0002s ]
SQL: SELECT * FROM `wzry_hero` WHERE `hero_id` = 19 LIMIT 1   [ RunTime:0.0002s ]
SQL: SELECT * FROM `wzry_user` WHERE ( user_id=7 ) LIMIT 1   [ RunTime:0.0002s ]
SQL: SELECT * FROM `wzry_area` WHERE `area_id` = 7 LIMIT 1   [ RunTime:0.0002s ]
SQL: SELECT * FROM `wzry_account` WHERE `account_id` = 1 LIMIT 1   [ RunTime:0.0002s ]
SQL: SELECT * FROM `wzry_hero` WHERE `hero_id` = 2 LIMIT 1   [ RunTime:0.0002s ]
SQL: SELECT * FROM `wzry_hero` WHERE `hero_id` = 1 LIMIT 1   [ RunTime:0.0002s ]
SQL: SELECT * FROM `wzry_hero` WHERE `hero_id` = 67 LIMIT 1   [ RunTime:0.0002s ]
SQL: SELECT * FROM `wzry_hero` WHERE `hero_id` = 68 LIMIT 1   [ RunTime:0.0002s ]
SQL: SELECT * FROM `wzry_main_hero` WHERE ( user_id=7 )  [ RunTime:0.0002s ]
SQL: SELECT * FROM `wzry_user` WHERE ( user_id=44 ) LIMIT 1   [ RunTime:0.0002s ]
SQL: SELECT * FROM `wzry_area` WHERE `area_id` = 1 LIMIT 1   [ RunTime:0.0002s ]
SQL: SELECT * FROM `wzry_account` WHERE `account_id` = 2 LIMIT 1   [ RunTime:0.0002s ]
SQL: SELECT * FROM `wzry_hero` WHERE `hero_id` = 61 LIMIT 1   [ RunTime:0.0002s ]
SQL: SELECT * FROM `wzry_hero` WHERE `hero_id` = 64 LIMIT 1   [ RunTime:0.0002s ]
SQL: SELECT * FROM `wzry_hero` WHERE `hero_id` = 67 LIMIT 1   [ RunTime:0.0002s ]
SQL: SELECT * FROM `wzry_hero` WHERE `hero_id` = 68 LIMIT 1   [ RunTime:0.0002s ]
SQL: SELECT * FROM `wzry_hero` WHERE `hero_id` = 57 LIMIT 1   [ RunTime:0.0002s ]
SQL: SELECT * FROM `wzry_main_hero` WHERE ( user_id=44 )  [ RunTime:0.0002s ]
SQL: SELECT * FROM `wzry_hero` WHERE `hero_id` = 57 LIMIT 1   [ RunTime:0.0002s ]
SQL: SELECT * FROM `wzry_user` WHERE ( user_id=46 ) LIMIT 1   [ RunTime:0.0002s ]
SQL: SELECT * FROM `wzry_area` WHERE `area_id` = 4 LIMIT 1   [ RunTime:0.0002s ]
SQL: SELECT * FROM `wzry_account` WHERE `account_id` = 2 LIMIT 1   [ RunTime:0.0002s ]
SQL: SELECT * FROM `wzry_hero` WHERE `hero_id` = 61 LIMIT 1   [ RunTime:0.0002s ]
SQL: SELECT * FROM `wzry_hero` WHERE `hero_id` = 64 LIMIT 1   [ RunTime:0.0002s ]
SQL: SELECT * FROM `wzry_hero` WHERE `hero_id` = 67 LIMIT 1   [ RunTime:0.0002s ]
SQL: SELECT * FROM `wzry_hero` WHERE `hero_id` = 68 LIMIT 1   [ RunTime:0.0002s ]
SQL: SELECT * FROM `wzry_hero` WHERE `hero_id` = 37 LIMIT 1   [ RunTime:0.0002s ]
SQL: SELECT * FROM `wzry_main_hero` WHERE ( user_id=46 )  [ RunTime:0.0002s ]
SQL: SELECT * FROM `wzry_hero` WHERE `hero_id` = 37 LIMIT 1   [ RunTime:0.0002s ]
SQL: SELECT * FROM `wzry_user` WHERE ( user_id=45 ) LIMIT 1   [ RunTime:0.0002s ]
SQL: SELECT * FROM `wzry_area` WHERE `area_id` = 6 LIMIT 1   [ RunTime:0.0002s ]
SQL: SELECT * FROM `wzry_account` WHERE `account_id` = 2 LIMIT 1   [ RunTime:0.0002s ]
SQL: SELECT * FROM `wzry_hero` WHERE `hero_id` = 66 LIMIT 1   [ RunTime:0.0002s ]
SQL: SELECT * FROM `wzry_hero` WHERE `hero_id` = 61 LIMIT 1   [ RunTime:0.0002s ]
SQL: SELECT * FROM `wzry_hero` WHERE `hero_id` = 64 LIMIT 1   [ RunTime:0.0002s ]
SQL: SELECT * FROM `wzry_hero` WHERE `hero_id` = 1 LIMIT 1   [ RunTime:0.0002s ]
SQL: SELECT * FROM `wzry_hero` WHERE `hero_id` = 3 LIMIT 1   [ RunTime:0.0002s ]
SQL: SELECT * FROM `wzry_hero` WHERE `hero_id` = 5 LIMIT 1   [ RunTime:0.0002s ]
SQL: SELECT * FROM `wzry_hero` WHERE `hero_id` = 11 LIMIT 1   [ RunTime:0.0002s ]
SQL: SELECT * FROM `wzry_hero` WHERE `hero_id` = 14 LIMIT 1   [ RunTime:0.0002s ]
SQL: SELECT * FROM `wzry_hero` WHERE `hero_id` = 67 LIMIT 1   [ RunTime:0.0002s ]
SQL: SELECT * FROM `wzry_hero` WHERE `hero_id` = 68 LIMIT 1   [ RunTime:0.0002s ]
SQL: SELECT * FROM `wzry_main_hero` WHERE ( user_id=45 )  [ RunTime:0.0003s ]
SQL: SELECT * FROM `wzry_hero` WHERE `hero_id` = 11 LIMIT 1   [ RunTime:0.0002s ]
SQL: SELECT * FROM `wzry_hero` WHERE `hero_id` = 14 LIMIT 1   [ RunTime:0.0002s ]
SQL: SELECT * FROM `wzry_hero` WHERE `hero_id` = 66 LIMIT 1   [ RunTime:0.0002s ]
SQL: SELECT * FROM `wzry_user` WHERE ( user_id=48 ) LIMIT 1   [ RunTime:0.0003s ]
SQL: SELECT * FROM `wzry_area` WHERE `area_id` = 1 LIMIT 1   [ RunTime:0.0003s ]
SQL: SELECT * FROM `wzry_account` WHERE `account_id` = 3 LIMIT 1   [ RunTime:0.0004s ]
SQL: SELECT * FROM `wzry_hero` WHERE `hero_id` = 62 LIMIT 1   [ RunTime:0.0003s ]
SQL: SELECT * FROM `wzry_hero` WHERE `hero_id` = 61 LIMIT 1   [ RunTime:0.0002s ]
SQL: SELECT * FROM `wzry_hero` WHERE `hero_id` = 64 LIMIT 1   [ RunTime:0.0002s ]
SQL: SELECT * FROM `wzry_hero` WHERE `hero_id` = 53 LIMIT 1   [ RunTime:0.0002s ]
SQL: SELECT * FROM `wzry_hero` WHERE `hero_id` = 67 LIMIT 1   [ RunTime:0.0002s ]
SQL: SELECT * FROM `wzry_hero` WHERE `hero_id` = 68 LIMIT 1   [ RunTime:0.0002s ]
SQL: SELECT * FROM `wzry_main_hero` WHERE ( user_id=48 )  [ RunTime:0.0002s ]
SQL: SELECT * FROM `wzry_hero` WHERE `hero_id` = 53 LIMIT 1   [ RunTime:0.0002s ]
SQL: SELECT * FROM `wzry_user` WHERE ( user_id=47 ) LIMIT 1   [ RunTime:0.0003s ]
SQL: SELECT * FROM `wzry_area` WHERE `area_id` = 4 LIMIT 1   [ RunTime:0.0002s ]
SQL: SELECT * FROM `wzry_account` WHERE `account_id` = 3 LIMIT 1   [ RunTime:0.0003s ]
SQL: SELECT * FROM `wzry_hero` WHERE `hero_id` = 62 LIMIT 1   [ RunTime:0.0003s ]
SQL: SELECT * FROM `wzry_hero` WHERE `hero_id` = 70 LIMIT 1   [ RunTime:0.0002s ]
SQL: SELECT * FROM `wzry_hero` WHERE `hero_id` = 2 LIMIT 1   [ RunTime:0.0002s ]
SQL: SELECT * FROM `wzry_hero` WHERE `hero_id` = 10 LIMIT 1   [ RunTime:0.0002s ]
SQL: SELECT * FROM `wzry_hero` WHERE `hero_id` = 23 LIMIT 1   [ RunTime:0.0002s ]
SQL: SELECT * FROM `wzry_hero` WHERE `hero_id` = 45 LIMIT 1   [ RunTime:0.0002s ]
SQL: SELECT * FROM `wzry_hero` WHERE `hero_id` = 61 LIMIT 1   [ RunTime:0.0002s ]
SQL: SELECT * FROM `wzry_hero` WHERE `hero_id` = 64 LIMIT 1   [ RunTime:0.0002s ]
SQL: SELECT * FROM `wzry_hero` WHERE `hero_id` = 1 LIMIT 1   [ RunTime:0.0002s ]
SQL: SELECT * FROM `wzry_hero` WHERE `hero_id` = 8 LIMIT 1   [ RunTime:0.0002s ]
SQL: SELECT * FROM `wzry_hero` WHERE `hero_id` = 12 LIMIT 1   [ RunTime:0.0002s ]
SQL: SELECT * FROM `wzry_hero` WHERE `hero_id` = 3 LIMIT 1   [ RunTime:0.0002s ]
SQL: SELECT * FROM `wzry_hero` WHERE `hero_id` = 67 LIMIT 1   [ RunTime:0.0002s ]
SQL: SELECT * FROM `wzry_hero` WHERE `hero_id` = 68 LIMIT 1   [ RunTime:0.0002s ]
SQL: SELECT * FROM `wzry_hero` WHERE `hero_id` = 40 LIMIT 1   [ RunTime:0.0002s ]
SQL: SELECT * FROM `wzry_main_hero` WHERE ( user_id=47 )  [ RunTime:0.0002s ]
SQL: SELECT * FROM `wzry_hero` WHERE `hero_id` = 40 LIMIT 1   [ RunTime:0.0002s ]
SQL: SELECT * FROM `wzry_hero` WHERE `hero_id` = 45 LIMIT 1   [ RunTime:0.0002s ]
SQL: SELECT * FROM `wzry_hero` WHERE `hero_id` = 70 LIMIT 1   [ RunTime:0.0002s ]
SQL: SELECT * FROM `wzry_user` WHERE ( user_id=49 ) LIMIT 1   [ RunTime:0.0002s ]
SQL: SELECT * FROM `wzry_area` WHERE `area_id` = 6 LIMIT 1   [ RunTime:0.0002s ]
SQL: SELECT * FROM `wzry_account` WHERE `account_id` = 3 LIMIT 1   [ RunTime:0.0002s ]
SQL: SELECT * FROM `wzry_hero` WHERE `hero_id` = 61 LIMIT 1   [ RunTime:0.0002s ]
SQL: SELECT * FROM `wzry_hero` WHERE `hero_id` = 64 LIMIT 1   [ RunTime:0.0002s ]
SQL: SELECT * FROM `wzry_hero` WHERE `hero_id` = 67 LIMIT 1   [ RunTime:0.0002s ]
SQL: SELECT * FROM `wzry_hero` WHERE `hero_id` = 68 LIMIT 1   [ RunTime:0.0002s ]
SQL: SELECT * FROM `wzry_main_hero` WHERE ( user_id=49 )  [ RunTime:0.0002s ]
SQL: SELECT * FROM `wzry_user` WHERE ( user_id=50 ) LIMIT 1   [ RunTime:0.0002s ]
SQL: SELECT * FROM `wzry_area` WHERE `area_id` = 6 LIMIT 1   [ RunTime:0.0002s ]
SQL: SELECT * FROM `wzry_account` WHERE `account_id` = 3 LIMIT 1   [ RunTime:0.0003s ]
SQL: SELECT * FROM `wzry_hero` WHERE `hero_id` = 61 LIMIT 1   [ RunTime:0.0002s ]
SQL: SELECT * FROM `wzry_hero` WHERE `hero_id` = 64 LIMIT 1   [ RunTime:0.0002s ]
SQL: SELECT * FROM `wzry_hero` WHERE `hero_id` = 67 LIMIT 1   [ RunTime:0.0002s ]
SQL: SELECT * FROM `wzry_hero` WHERE `hero_id` = 68 LIMIT 1   [ RunTime:0.0002s ]
SQL: SELECT * FROM `wzry_main_hero` WHERE ( user_id=50 )  [ RunTime:0.0002s ]
SQL: SELECT * FROM `wzry_user` WHERE ( user_id=41 ) LIMIT 1   [ RunTime:0.0002s ]
SQL: SELECT * FROM `wzry_area` WHERE `area_id` = 1 LIMIT 1   [ RunTime:0.0002s ]
SQL: SELECT * FROM `wzry_account` WHERE `account_id` = 4 LIMIT 1   [ RunTime:0.0002s ]
SQL: SELECT * FROM `wzry_hero` WHERE `hero_id` = 2 LIMIT 1   [ RunTime:0.0002s ]
SQL: SELECT * FROM `wzry_hero` WHERE `hero_id` = 61 LIMIT 1   [ RunTime:0.0002s ]
SQL: SELECT * FROM `wzry_hero` WHERE `hero_id` = 64 LIMIT 1   [ RunTime:0.0002s ]
SQL: SELECT * FROM `wzry_hero` WHERE `hero_id` = 67 LIMIT 1   [ RunTime:0.0002s ]
SQL: SELECT * FROM `wzry_hero` WHERE `hero_id` = 68 LIMIT 1   [ RunTime:0.0002s ]
SQL: SELECT * FROM `wzry_hero` WHERE `hero_id` = 39 LIMIT 1   [ RunTime:0.0002s ]
SQL: SELECT * FROM `wzry_hero` WHERE `hero_id` = 49 LIMIT 1   [ RunTime:0.0002s ]
SQL: SELECT * FROM `wzry_main_hero` WHERE ( user_id=41 )  [ RunTime:0.0002s ]
SQL: SELECT * FROM `wzry_hero` WHERE `hero_id` = 49 LIMIT 1   [ RunTime:0.0002s ]
SQL: SELECT * FROM `wzry_user` WHERE ( user_id=43 ) LIMIT 1   [ RunTime:0.0002s ]
SQL: SELECT * FROM `wzry_area` WHERE `area_id` = 4 LIMIT 1   [ RunTime:0.0002s ]
SQL: SELECT * FROM `wzry_account` WHERE `account_id` = 4 LIMIT 1   [ RunTime:0.0002s ]
SQL: SELECT * FROM `wzry_hero` WHERE `hero_id` = 61 LIMIT 1   [ RunTime:0.0002s ]
SQL: SELECT * FROM `wzry_hero` WHERE `hero_id` = 64 LIMIT 1   [ RunTime:0.0002s ]
SQL: SELECT * FROM `wzry_hero` WHERE `hero_id` = 67 LIMIT 1   [ RunTime:0.0002s ]
SQL: SELECT * FROM `wzry_hero` WHERE `hero_id` = 68 LIMIT 1   [ RunTime:0.0003s ]
SQL: SELECT * FROM `wzry_main_hero` WHERE ( user_id=43 )  [ RunTime:0.0003s ]
SQL: SELECT * FROM `wzry_user` WHERE ( user_id=42 ) LIMIT 1   [ RunTime:0.0004s ]
SQL: SELECT * FROM `wzry_area` WHERE `area_id` = 6 LIMIT 1   [ RunTime:0.0002s ]
SQL: SELECT * FROM `wzry_account` WHERE `account_id` = 4 LIMIT 1   [ RunTime:0.0002s ]
SQL: SELECT * FROM `wzry_hero` WHERE `hero_id` = 2 LIMIT 1   [ RunTime:0.0002s ]
SQL: SELECT * FROM `wzry_hero` WHERE `hero_id` = 55 LIMIT 1   [ RunTime:0.0002s ]
SQL: SELECT * FROM `wzry_hero` WHERE `hero_id` = 61 LIMIT 1   [ RunTime:0.0002s ]
SQL: SELECT * FROM `wzry_hero` WHERE `hero_id` = 64 LIMIT 1   [ RunTime:0.0002s ]
SQL: SELECT * FROM `wzry_hero` WHERE `hero_id` = 67 LIMIT 1   [ RunTime:0.0002s ]
SQL: SELECT * FROM `wzry_hero` WHERE `hero_id` = 68 LIMIT 1   [ RunTime:0.0002s ]
SQL: SELECT * FROM `wzry_main_hero` WHERE ( user_id=42 )  [ RunTime:0.0002s ]
SQL: SELECT * FROM `wzry_hero` WHERE `hero_id` = 55 LIMIT 1   [ RunTime:0.0002s ]
SQL: SELECT * FROM `wzry_user` WHERE ( user_id=38 ) LIMIT 1   [ RunTime:0.0002s ]
SQL: SELECT * FROM `wzry_area` WHERE `area_id` = 1 LIMIT 1   [ RunTime:0.0002s ]
SQL: SELECT * FROM `wzry_account` WHERE `account_id` = 5 LIMIT 1   [ RunTime:0.0002s ]
SQL: SELECT * FROM `wzry_hero` WHERE `hero_id` = 59 LIMIT 1   [ RunTime:0.0003s ]
SQL: SELECT * FROM `wzry_hero` WHERE `hero_id` = 61 LIMIT 1   [ RunTime:0.0002s ]
SQL: SELECT * FROM `wzry_hero` WHERE `hero_id` = 64 LIMIT 1   [ RunTime:0.0002s ]
SQL: SELECT * FROM `wzry_hero` WHERE `hero_id` = 8 LIMIT 1   [ RunTime:0.0002s ]
SQL: SELECT * FROM `wzry_hero` WHERE `hero_id` = 67 LIMIT 1   [ RunTime:0.0002s ]
SQL: SELECT * FROM `wzry_hero` WHERE `hero_id` = 68 LIMIT 1   [ RunTime:0.0002s ]
SQL: SELECT * FROM `wzry_hero` WHERE `hero_id` = 39 LIMIT 1   [ RunTime:0.0002s ]
SQL: SELECT * FROM `wzry_main_hero` WHERE ( user_id=38 )  [ RunTime:0.0002s ]
SQL: SELECT * FROM `wzry_hero` WHERE `hero_id` = 59 LIMIT 1   [ RunTime:0.0002s ]
SQL: SELECT * FROM `wzry_user` WHERE ( user_id=39 ) LIMIT 1   [ RunTime:0.0003s ]
SQL: SELECT * FROM `wzry_area` WHERE `area_id` = 4 LIMIT 1   [ RunTime:0.0003s ]
SQL: SELECT * FROM `wzry_account` WHERE `account_id` = 5 LIMIT 1   [ RunTime:0.0003s ]
SQL: SELECT * FROM `wzry_hero` WHERE `hero_id` = 61 LIMIT 1   [ RunTime:0.0003s ]
SQL: SELECT * FROM `wzry_hero` WHERE `hero_id` = 64 LIMIT 1   [ RunTime:0.0003s ]
SQL: SELECT * FROM `wzry_hero` WHERE `hero_id` = 33 LIMIT 1   [ RunTime:0.0002s ]
SQL: SELECT * FROM `wzry_hero` WHERE `hero_id` = 67 LIMIT 1   [ RunTime:0.0002s ]
SQL: SELECT * FROM `wzry_hero` WHERE `hero_id` = 68 LIMIT 1   [ RunTime:0.0002s ]
SQL: SELECT * FROM `wzry_main_hero` WHERE ( user_id=39 )  [ RunTime:0.0002s ]
SQL: SELECT * FROM `wzry_hero` WHERE `hero_id` = 33 LIMIT 1   [ RunTime:0.0002s ]
SQL: SELECT * FROM `wzry_user` WHERE ( user_id=40 ) LIMIT 1   [ RunTime:0.0002s ]
SQL: SELECT * FROM `wzry_area` WHERE `area_id` = 6 LIMIT 1   [ RunTime:0.0002s ]
SQL: SELECT * FROM `wzry_account` WHERE `account_id` = 5 LIMIT 1   [ RunTime:0.0002s ]
SQL: SELECT * FROM `wzry_hero` WHERE `hero_id` = 31 LIMIT 1   [ RunTime:0.0002s ]
SQL: SELECT * FROM `wzry_hero` WHERE `hero_id` = 61 LIMIT 1   [ RunTime:0.0002s ]
SQL: SELECT * FROM `wzry_hero` WHERE `hero_id` = 64 LIMIT 1   [ RunTime:0.0002s ]
SQL: SELECT * FROM `wzry_hero` WHERE `hero_id` = 67 LIMIT 1   [ RunTime:0.0002s ]
SQL: SELECT * FROM `wzry_hero` WHERE `hero_id` = 68 LIMIT 1   [ RunTime:0.0002s ]
SQL: SELECT * FROM `wzry_main_hero` WHERE ( user_id=40 )  [ RunTime:0.0002s ]
SQL: SELECT * FROM `wzry_hero` WHERE `hero_id` = 31 LIMIT 1   [ RunTime:0.0002s ]
SQL: SELECT * FROM `wzry_user` WHERE ( user_id=37 ) LIMIT 1   [ RunTime:0.0002s ]
SQL: SELECT * FROM `wzry_area` WHERE `area_id` = 17 LIMIT 1   [ RunTime:0.0002s ]
SQL: SELECT * FROM `wzry_account` WHERE `account_id` = 6 LIMIT 1   [ RunTime:0.0002s ]
SQL: SELECT * FROM `wzry_hero` WHERE `hero_id` = 2 LIMIT 1   [ RunTime:0.0003s ]
SQL: SELECT * FROM `wzry_hero` WHERE `hero_id` = 61 LIMIT 1   [ RunTime:0.0002s ]
SQL: SELECT * FROM `wzry_hero` WHERE `hero_id` = 64 LIMIT 1   [ RunTime:0.0002s ]
SQL: SELECT * FROM `wzry_hero` WHERE `hero_id` = 67 LIMIT 1   [ RunTime:0.0002s ]
SQL: SELECT * FROM `wzry_hero` WHERE `hero_id` = 68 LIMIT 1   [ RunTime:0.0002s ]
SQL: SELECT * FROM `wzry_main_hero` WHERE ( user_id=37 )  [ RunTime:0.0002s ]
SQL: SELECT * FROM `wzry_user` WHERE ( user_id=8 ) LIMIT 1   [ RunTime:0.0002s ]
SQL: SELECT * FROM `wzry_area` WHERE `area_id` = 8 LIMIT 1   [ RunTime:0.0002s ]
SQL: SELECT * FROM `wzry_account` WHERE `account_id` = 7 LIMIT 1   [ RunTime:0.0002s ]
SQL: SELECT * FROM `wzry_hero` WHERE `hero_id` = 2 LIMIT 1   [ RunTime:0.0002s ]
SQL: SELECT * FROM `wzry_hero` WHERE `hero_id` = 61 LIMIT 1   [ RunTime:0.0002s ]
SQL: SELECT * FROM `wzry_hero` WHERE `hero_id` = 64 LIMIT 1   [ RunTime:0.0002s ]
SQL: SELECT * FROM `wzry_hero` WHERE `hero_id` = 1 LIMIT 1   [ RunTime:0.0002s ]
SQL: SELECT * FROM `wzry_hero` WHERE `hero_id` = 67 LIMIT 1   [ RunTime:0.0002s ]
SQL: SELECT * FROM `wzry_hero` WHERE `hero_id` = 68 LIMIT 1   [ RunTime:0.0002s ]
SQL: SELECT * FROM `wzry_main_hero` WHERE ( user_id=8 )  [ RunTime:0.0002s ]
SQL: SELECT * FROM `wzry_user` WHERE ( user_id=9 ) LIMIT 1   [ RunTime:0.0002s ]
SQL: SELECT * FROM `wzry_area` WHERE `area_id` = 9 LIMIT 1   [ RunTime:0.0002s ]
SQL: SELECT * FROM `wzry_account` WHERE `account_id` = 7 LIMIT 1   [ RunTime:0.0002s ]
SQL: SELECT * FROM `wzry_hero` WHERE `hero_id` = 67 LIMIT 1   [ RunTime:0.0002s ]
SQL: SELECT * FROM `wzry_hero` WHERE `hero_id` = 68 LIMIT 1   [ RunTime:0.0002s ]
SQL: SELECT * FROM `wzry_main_hero` WHERE ( user_id=9 )  [ RunTime:0.0002s ]
SQL: SELECT * FROM `wzry_user` WHERE ( user_id=33 ) LIMIT 1   [ RunTime:0.0002s ]
SQL: SELECT * FROM `wzry_area` WHERE `area_id` = 10 LIMIT 1   [ RunTime:0.0002s ]
SQL: SELECT * FROM `wzry_account` WHERE `account_id` = 8 LIMIT 1   [ RunTime:0.0002s ]
SQL: SELECT * FROM `wzry_hero` WHERE `hero_id` = 21 LIMIT 1   [ RunTime:0.0002s ]
SQL: SELECT * FROM `wzry_hero` WHERE `hero_id` = 2 LIMIT 1   [ RunTime:0.0002s ]
SQL: SELECT * FROM `wzry_hero` WHERE `hero_id` = 61 LIMIT 1   [ RunTime:0.0002s ]
SQL: SELECT * FROM `wzry_hero` WHERE `hero_id` = 64 LIMIT 1   [ RunTime:0.0002s ]
SQL: SELECT * FROM `wzry_hero` WHERE `hero_id` = 1 LIMIT 1   [ RunTime:0.0002s ]
SQL: SELECT * FROM `wzry_hero` WHERE `hero_id` = 67 LIMIT 1   [ RunTime:0.0003s ]
SQL: SELECT * FROM `wzry_hero` WHERE `hero_id` = 68 LIMIT 1   [ RunTime:0.0002s ]
SQL: SELECT * FROM `wzry_main_hero` WHERE ( user_id=33 )  [ RunTime:0.0002s ]
SQL: SELECT * FROM `wzry_hero` WHERE `hero_id` = 21 LIMIT 1   [ RunTime:0.0002s ]
SQL: SELECT * FROM `wzry_user` WHERE ( user_id=31 ) LIMIT 1   [ RunTime:0.0002s ]
SQL: SELECT * FROM `wzry_area` WHERE `area_id` = 11 LIMIT 1   [ RunTime:0.0002s ]
SQL: SELECT * FROM `wzry_account` WHERE `account_id` = 8 LIMIT 1   [ RunTime:0.0002s ]
SQL: SELECT * FROM `wzry_hero` WHERE `hero_id` = 62 LIMIT 1   [ RunTime:0.0002s ]
SQL: SELECT * FROM `wzry_hero` WHERE `hero_id` = 71 LIMIT 1   [ RunTime:0.0002s ]
SQL: SELECT * FROM `wzry_hero` WHERE `hero_id` = 61 LIMIT 1   [ RunTime:0.0002s ]
SQL: SELECT * FROM `wzry_hero` WHERE `hero_id` = 64 LIMIT 1   [ RunTime:0.0002s ]
SQL: SELECT * FROM `wzry_hero` WHERE `hero_id` = 20 LIMIT 1   [ RunTime:0.0002s ]
SQL: SELECT * FROM `wzry_hero` WHERE `hero_id` = 4 LIMIT 1   [ RunTime:0.0002s ]
SQL: SELECT * FROM `wzry_hero` WHERE `hero_id` = 9 LIMIT 1   [ RunTime:0.0002s ]
SQL: SELECT * FROM `wzry_hero` WHERE `hero_id` = 67 LIMIT 1   [ RunTime:0.0001s ]
SQL: SELECT * FROM `wzry_hero` WHERE `hero_id` = 68 LIMIT 1   [ RunTime:0.0002s ]
SQL: SELECT * FROM `wzry_hero` WHERE `hero_id` = 6 LIMIT 1   [ RunTime:0.0002s ]
SQL: SELECT * FROM `wzry_hero` WHERE `hero_id` = 47 LIMIT 1   [ RunTime:0.0002s ]
SQL: SELECT * FROM `wzry_main_hero` WHERE ( user_id=31 )  [ RunTime:0.0002s ]
SQL: SELECT * FROM `wzry_hero` WHERE `hero_id` = 6 LIMIT 1   [ RunTime:0.0002s ]
SQL: SELECT * FROM `wzry_hero` WHERE `hero_id` = 9 LIMIT 1   [ RunTime:0.0002s ]
SQL: SELECT * FROM `wzry_hero` WHERE `hero_id` = 20 LIMIT 1   [ RunTime:0.0002s ]
SQL: SELECT * FROM `wzry_hero` WHERE `hero_id` = 47 LIMIT 1   [ RunTime:0.0002s ]
SQL: SELECT * FROM `wzry_hero` WHERE `hero_id` = 71 LIMIT 1   [ RunTime:0.0002s ]
SQL: SELECT * FROM `wzry_user` WHERE ( user_id=35 ) LIMIT 1   [ RunTime:0.0002s ]
SQL: SELECT * FROM `wzry_area` WHERE `area_id` = 12 LIMIT 1   [ RunTime:0.0002s ]
SQL: SELECT * FROM `wzry_account` WHERE `account_id` = 8 LIMIT 1   [ RunTime:0.0002s ]
SQL: SELECT * FROM `wzry_hero` WHERE `hero_id` = 61 LIMIT 1   [ RunTime:0.0002s ]
SQL: SELECT * FROM `wzry_hero` WHERE `hero_id` = 64 LIMIT 1   [ RunTime:0.0002s ]
SQL: SELECT * FROM `wzry_hero` WHERE `hero_id` = 35 LIMIT 1   [ RunTime:0.0002s ]
SQL: SELECT * FROM `wzry_hero` WHERE `hero_id` = 67 LIMIT 1   [ RunTime:0.0001s ]
SQL: SELECT * FROM `wzry_hero` WHERE `hero_id` = 68 LIMIT 1   [ RunTime:0.0001s ]
SQL: SELECT * FROM `wzry_main_hero` WHERE ( user_id=35 )  [ RunTime:0.0002s ]
SQL: SELECT * FROM `wzry_hero` WHERE `hero_id` = 35 LIMIT 1   [ RunTime:0.0002s ]
SQL: SELECT * FROM `wzry_user` WHERE ( user_id=32 ) LIMIT 1   [ RunTime:0.0002s ]
SQL: SELECT * FROM `wzry_area` WHERE `area_id` = 13 LIMIT 1   [ RunTime:0.0002s ]
SQL: SELECT * FROM `wzry_account` WHERE `account_id` = 8 LIMIT 1   [ RunTime:0.0001s ]
SQL: SELECT * FROM `wzry_hero` WHERE `hero_id` = 61 LIMIT 1   [ RunTime:0.0002s ]
SQL: SELECT * FROM `wzry_hero` WHERE `hero_id` = 64 LIMIT 1   [ RunTime:0.0001s ]
SQL: SELECT * FROM `wzry_hero` WHERE `hero_id` = 67 LIMIT 1   [ RunTime:0.0002s ]
SQL: SELECT * FROM `wzry_hero` WHERE `hero_id` = 68 LIMIT 1   [ RunTime:0.0002s ]
SQL: SELECT * FROM `wzry_hero` WHERE `hero_id` = 50 LIMIT 1   [ RunTime:0.0002s ]
SQL: SELECT * FROM `wzry_main_hero` WHERE ( user_id=32 )  [ RunTime:0.0002s ]
SQL: SELECT * FROM `wzry_hero` WHERE `hero_id` = 50 LIMIT 1   [ RunTime:0.0002s ]
SQL: SELECT * FROM `wzry_user` WHERE ( user_id=34 ) LIMIT 1   [ RunTime:0.0002s ]
SQL: SELECT * FROM `wzry_area` WHERE `area_id` = 14 LIMIT 1   [ RunTime:0.0001s ]
SQL: SELECT * FROM `wzry_account` WHERE `account_id` = 8 LIMIT 1   [ RunTime:0.0001s ]
SQL: SELECT * FROM `wzry_hero` WHERE `hero_id` = 23 LIMIT 1   [ RunTime:0.0001s ]
SQL: SELECT * FROM `wzry_hero` WHERE `hero_id` = 61 LIMIT 1   [ RunTime:0.0001s ]
SQL: SELECT * FROM `wzry_hero` WHERE `hero_id` = 64 LIMIT 1   [ RunTime:0.0001s ]
SQL: SELECT * FROM `wzry_hero` WHERE `hero_id` = 38 LIMIT 1   [ RunTime:0.0002s ]
SQL: SELECT * FROM `wzry_hero` WHERE `hero_id` = 67 LIMIT 1   [ RunTime:0.0002s ]
SQL: SELECT * FROM `wzry_hero` WHERE `hero_id` = 68 LIMIT 1   [ RunTime:0.0001s ]
SQL: SELECT * FROM `wzry_hero` WHERE `hero_id` = 39 LIMIT 1   [ RunTime:0.0002s ]
SQL: SELECT * FROM `wzry_main_hero` WHERE ( user_id=34 )  [ RunTime:0.0002s ]
SQL: SELECT * FROM `wzry_hero` WHERE `hero_id` = 23 LIMIT 1   [ RunTime:0.0002s ]
SQL: SELECT * FROM `wzry_hero` WHERE `hero_id` = 38 LIMIT 1   [ RunTime:0.0002s ]
SQL: SELECT * FROM `wzry_user` WHERE ( user_id=36 ) LIMIT 1   [ RunTime:0.0002s ]
SQL: SELECT * FROM `wzry_area` WHERE `area_id` = 16 LIMIT 1   [ RunTime:0.0002s ]
SQL: SELECT * FROM `wzry_account` WHERE `account_id` = 8 LIMIT 1   [ RunTime:0.0002s ]
SQL: SELECT * FROM `wzry_hero` WHERE `hero_id` = 2 LIMIT 1   [ RunTime:0.0002s ]
SQL: SELECT * FROM `wzry_hero` WHERE `hero_id` = 1 LIMIT 1   [ RunTime:0.0002s ]
SQL: SELECT * FROM `wzry_hero` WHERE `hero_id` = 12 LIMIT 1   [ RunTime:0.0003s ]
SQL: SELECT * FROM `wzry_hero` WHERE `hero_id` = 67 LIMIT 1   [ RunTime:0.0002s ]
SQL: SELECT * FROM `wzry_hero` WHERE `hero_id` = 68 LIMIT 1   [ RunTime:0.0003s ]
SQL: SELECT * FROM `wzry_main_hero` WHERE ( user_id=36 )  [ RunTime:0.0003s ]
SQL: SELECT * FROM `wzry_user` WHERE ( user_id=25 ) LIMIT 1   [ RunTime:0.0002s ]
SQL: SELECT * FROM `wzry_area` WHERE `area_id` = 10 LIMIT 1   [ RunTime:0.0002s ]
SQL: SELECT * FROM `wzry_account` WHERE `account_id` = 9 LIMIT 1   [ RunTime:0.0001s ]
SQL: SELECT * FROM `wzry_hero` WHERE `hero_id` = 61 LIMIT 1   [ RunTime:0.0001s ]
SQL: SELECT * FROM `wzry_hero` WHERE `hero_id` = 64 LIMIT 1   [ RunTime:0.0001s ]
SQL: SELECT * FROM `wzry_hero` WHERE `hero_id` = 8 LIMIT 1   [ RunTime:0.0001s ]
SQL: SELECT * FROM `wzry_hero` WHERE `hero_id` = 56 LIMIT 1   [ RunTime:0.0001s ]
SQL: SELECT * FROM `wzry_hero` WHERE `hero_id` = 67 LIMIT 1   [ RunTime:0.0001s ]
SQL: SELECT * FROM `wzry_hero` WHERE `hero_id` = 68 LIMIT 1   [ RunTime:0.0002s ]
SQL: SELECT * FROM `wzry_main_hero` WHERE ( user_id=25 )  [ RunTime:0.0002s ]
SQL: SELECT * FROM `wzry_hero` WHERE `hero_id` = 8 LIMIT 1   [ RunTime:0.0002s ]
SQL: SELECT * FROM `wzry_hero` WHERE `hero_id` = 56 LIMIT 1   [ RunTime:0.0002s ]
SQL: SELECT * FROM `wzry_user` WHERE ( user_id=21 ) LIMIT 1   [ RunTime:0.0003s ]
SQL: SELECT * FROM `wzry_area` WHERE `area_id` = 11 LIMIT 1   [ RunTime:0.0002s ]
SQL: SELECT * FROM `wzry_account` WHERE `account_id` = 9 LIMIT 1   [ RunTime:0.0002s ]
SQL: SELECT * FROM `wzry_hero` WHERE `hero_id` = 58 LIMIT 1   [ RunTime:0.0001s ]
SQL: SELECT * FROM `wzry_hero` WHERE `hero_id` = 62 LIMIT 1   [ RunTime:0.0001s ]
SQL: SELECT * FROM `wzry_hero` WHERE `hero_id` = 61 LIMIT 1   [ RunTime:0.0001s ]
SQL: SELECT * FROM `wzry_hero` WHERE `hero_id` = 64 LIMIT 1   [ RunTime:0.0002s ]
SQL: SELECT * FROM `wzry_hero` WHERE `hero_id` = 5 LIMIT 1   [ RunTime:0.0002s ]
SQL: SELECT * FROM `wzry_hero` WHERE `hero_id` = 4 LIMIT 1   [ RunTime:0.0002s ]
SQL: SELECT * FROM `wzry_hero` WHERE `hero_id` = 67 LIMIT 1   [ RunTime:0.0002s ]
SQL: SELECT * FROM `wzry_hero` WHERE `hero_id` = 68 LIMIT 1   [ RunTime:0.0002s ]
SQL: SELECT * FROM `wzry_main_hero` WHERE ( user_id=21 )  [ RunTime:0.0002s ]
SQL: SELECT * FROM `wzry_hero` WHERE `hero_id` = 58 LIMIT 1   [ RunTime:0.0002s ]
SQL: SELECT * FROM `wzry_hero` WHERE `hero_id` = 62 LIMIT 1   [ RunTime:0.0002s ]
SQL: SELECT * FROM `wzry_user` WHERE ( user_id=24 ) LIMIT 1   [ RunTime:0.0002s ]
SQL: SELECT * FROM `wzry_area` WHERE `area_id` = 12 LIMIT 1   [ RunTime:0.0002s ]
SQL: SELECT * FROM `wzry_account` WHERE `account_id` = 9 LIMIT 1   [ RunTime:0.0002s ]
SQL: SELECT * FROM `wzry_hero` WHERE `hero_id` = 2 LIMIT 1   [ RunTime:0.0002s ]
SQL: SELECT * FROM `wzry_hero` WHERE `hero_id` = 61 LIMIT 1   [ RunTime:0.0002s ]
SQL: SELECT * FROM `wzry_hero` WHERE `hero_id` = 64 LIMIT 1   [ RunTime:0.0002s ]
SQL: SELECT * FROM `wzry_hero` WHERE `hero_id` = 1 LIMIT 1   [ RunTime:0.0002s ]
SQL: SELECT * FROM `wzry_hero` WHERE `hero_id` = 27 LIMIT 1   [ RunTime:0.0002s ]
SQL: SELECT * FROM `wzry_hero` WHERE `hero_id` = 67 LIMIT 1   [ RunTime:0.0002s ]
SQL: SELECT * FROM `wzry_hero` WHERE `hero_id` = 68 LIMIT 1   [ RunTime:0.0002s ]
SQL: SELECT * FROM `wzry_main_hero` WHERE ( user_id=24 )  [ RunTime:0.0002s ]
SQL: SELECT * FROM `wzry_hero` WHERE `hero_id` = 27 LIMIT 1   [ RunTime:0.0002s ]
SQL: SELECT * FROM `wzry_user` WHERE ( user_id=22 ) LIMIT 1   [ RunTime:0.0002s ]
SQL: SELECT * FROM `wzry_area` WHERE `area_id` = 13 LIMIT 1   [ RunTime:0.0002s ]
SQL: SELECT * FROM `wzry_account` WHERE `account_id` = 9 LIMIT 1   [ RunTime:0.0002s ]
SQL: SELECT * FROM `wzry_hero` WHERE `hero_id` = 61 LIMIT 1   [ RunTime:0.0002s ]
SQL: SELECT * FROM `wzry_hero` WHERE `hero_id` = 64 LIMIT 1   [ RunTime:0.0002s ]
SQL: SELECT * FROM `wzry_hero` WHERE `hero_id` = 12 LIMIT 1   [ RunTime:0.0002s ]
SQL: SELECT * FROM `wzry_hero` WHERE `hero_id` = 32 LIMIT 1   [ RunTime:0.0002s ]
SQL: SELECT * FROM `wzry_hero` WHERE `hero_id` = 67 LIMIT 1   [ RunTime:0.0002s ]
SQL: SELECT * FROM `wzry_hero` WHERE `hero_id` = 68 LIMIT 1   [ RunTime:0.0002s ]
SQL: SELECT * FROM `wzry_main_hero` WHERE ( user_id=22 )  [ RunTime:0.0002s ]
SQL: SELECT * FROM `wzry_hero` WHERE `hero_id` = 12 LIMIT 1   [ RunTime:0.0002s ]
SQL: SELECT * FROM `wzry_hero` WHERE `hero_id` = 32 LIMIT 1   [ RunTime:0.0002s ]
SQL: SELECT * FROM `wzry_user` WHERE ( user_id=23 ) LIMIT 1   [ RunTime:0.0002s ]
SQL: SELECT * FROM `wzry_area` WHERE `area_id` = 14 LIMIT 1   [ RunTime:0.0002s ]
SQL: SELECT * FROM `wzry_account` WHERE `account_id` = 9 LIMIT 1   [ RunTime:0.0002s ]
SQL: SELECT * FROM `wzry_hero` WHERE `hero_id` = 2 LIMIT 1   [ RunTime:0.0002s ]
SQL: SELECT * FROM `wzry_hero` WHERE `hero_id` = 61 LIMIT 1   [ RunTime:0.0003s ]
SQL: SELECT * FROM `wzry_hero` WHERE `hero_id` = 64 LIMIT 1   [ RunTime:0.0003s ]
SQL: SELECT * FROM `wzry_hero` WHERE `hero_id` = 41 LIMIT 1   [ RunTime:0.0004s ]
SQL: SELECT * FROM `wzry_hero` WHERE `hero_id` = 67 LIMIT 1   [ RunTime:0.0005s ]
SQL: SELECT * FROM `wzry_hero` WHERE `hero_id` = 68 LIMIT 1   [ RunTime:0.0002s ]
SQL: SELECT * FROM `wzry_main_hero` WHERE ( user_id=23 )  [ RunTime:0.0002s ]
SQL: SELECT * FROM `wzry_hero` WHERE `hero_id` = 41 LIMIT 1   [ RunTime:0.0002s ]
SQL: SELECT * FROM `wzry_user` WHERE ( user_id=30 ) LIMIT 1   [ RunTime:0.0002s ]
SQL: SELECT * FROM `wzry_area` WHERE `area_id` = 10 LIMIT 1   [ RunTime:0.0002s ]
SQL: SELECT * FROM `wzry_account` WHERE `account_id` = 10 LIMIT 1   [ RunTime:0.0002s ]
SQL: SELECT * FROM `wzry_hero` WHERE `hero_id` = 61 LIMIT 1   [ RunTime:0.0003s ]
SQL: SELECT * FROM `wzry_hero` WHERE `hero_id` = 64 LIMIT 1   [ RunTime:0.0002s ]
SQL: SELECT * FROM `wzry_hero` WHERE `hero_id` = 18 LIMIT 1   [ RunTime:0.0002s ]
SQL: SELECT * FROM `wzry_hero` WHERE `hero_id` = 67 LIMIT 1   [ RunTime:0.0002s ]
SQL: SELECT * FROM `wzry_hero` WHERE `hero_id` = 68 LIMIT 1   [ RunTime:0.0001s ]
SQL: SELECT * FROM `wzry_main_hero` WHERE ( user_id=30 )  [ RunTime:0.0001s ]
SQL: SELECT * FROM `wzry_hero` WHERE `hero_id` = 18 LIMIT 1   [ RunTime:0.0001s ]
SQL: SELECT * FROM `wzry_user` WHERE ( user_id=27 ) LIMIT 1   [ RunTime:0.0002s ]
SQL: SELECT * FROM `wzry_area` WHERE `area_id` = 11 LIMIT 1   [ RunTime:0.0002s ]
SQL: SELECT * FROM `wzry_account` WHERE `account_id` = 10 LIMIT 1   [ RunTime:0.0001s ]
SQL: SELECT * FROM `wzry_hero` WHERE `hero_id` = 2 LIMIT 1   [ RunTime:0.0002s ]
SQL: SELECT * FROM `wzry_hero` WHERE `hero_id` = 23 LIMIT 1   [ RunTime:0.0002s ]
SQL: SELECT * FROM `wzry_hero` WHERE `hero_id` = 61 LIMIT 1   [ RunTime:0.0002s ]
SQL: SELECT * FROM `wzry_hero` WHERE `hero_id` = 64 LIMIT 1   [ RunTime:0.0002s ]
SQL: SELECT * FROM `wzry_hero` WHERE `hero_id` = 1 LIMIT 1   [ RunTime:0.0002s ]
SQL: SELECT * FROM `wzry_hero` WHERE `hero_id` = 8 LIMIT 1   [ RunTime:0.0002s ]
SQL: SELECT * FROM `wzry_hero` WHERE `hero_id` = 17 LIMIT 1   [ RunTime:0.0002s ]
SQL: SELECT * FROM `wzry_hero` WHERE `hero_id` = 13 LIMIT 1   [ RunTime:0.0002s ]
SQL: SELECT * FROM `wzry_hero` WHERE `hero_id` = 67 LIMIT 1   [ RunTime:0.0002s ]
SQL: SELECT * FROM `wzry_hero` WHERE `hero_id` = 68 LIMIT 1   [ RunTime:0.0002s ]
SQL: SELECT * FROM `wzry_main_hero` WHERE ( user_id=27 )  [ RunTime:0.0002s ]
SQL: SELECT * FROM `wzry_hero` WHERE `hero_id` = 13 LIMIT 1   [ RunTime:0.0002s ]
SQL: SELECT * FROM `wzry_user` WHERE ( user_id=29 ) LIMIT 1   [ RunTime:0.0002s ]
SQL: SELECT * FROM `wzry_area` WHERE `area_id` = 12 LIMIT 1   [ RunTime:0.0002s ]
SQL: SELECT * FROM `wzry_account` WHERE `account_id` = 10 LIMIT 1   [ RunTime:0.0002s ]
SQL: SELECT * FROM `wzry_hero` WHERE `hero_id` = 61 LIMIT 1   [ RunTime:0.0002s ]
SQL: SELECT * FROM `wzry_hero` WHERE `hero_id` = 64 LIMIT 1   [ RunTime:0.0002s ]
SQL: SELECT * FROM `wzry_hero` WHERE `hero_id` = 26 LIMIT 1   [ RunTime:0.0002s ]
SQL: SELECT * FROM `wzry_hero` WHERE `hero_id` = 67 LIMIT 1   [ RunTime:0.0002s ]
SQL: SELECT * FROM `wzry_hero` WHERE `hero_id` = 68 LIMIT 1   [ RunTime:0.0002s ]
SQL: SELECT * FROM `wzry_main_hero` WHERE ( user_id=29 )  [ RunTime:0.0001s ]
SQL: SELECT * FROM `wzry_hero` WHERE `hero_id` = 26 LIMIT 1   [ RunTime:0.0002s ]
SQL: SELECT * FROM `wzry_user` WHERE ( user_id=28 ) LIMIT 1   [ RunTime:0.0002s ]
SQL: SELECT * FROM `wzry_area` WHERE `area_id` = 13 LIMIT 1   [ RunTime:0.0002s ]
SQL: SELECT * FROM `wzry_account` WHERE `account_id` = 10 LIMIT 1   [ RunTime:0.0002s ]
SQL: SELECT * FROM `wzry_hero` WHERE `hero_id` = 61 LIMIT 1   [ RunTime:0.0002s ]
SQL: SELECT * FROM `wzry_hero` WHERE `hero_id` = 64 LIMIT 1   [ RunTime:0.0002s ]
SQL: SELECT * FROM `wzry_hero` WHERE `hero_id` = 29 LIMIT 1   [ RunTime:0.0002s ]
SQL: SELECT * FROM `wzry_hero` WHERE `hero_id` = 67 LIMIT 1   [ RunTime:0.0001s ]
SQL: SELECT * FROM `wzry_hero` WHERE `hero_id` = 68 LIMIT 1   [ RunTime:0.0002s ]
SQL: SELECT * FROM `wzry_main_hero` WHERE ( user_id=28 )  [ RunTime:0.0002s ]
SQL: SELECT * FROM `wzry_hero` WHERE `hero_id` = 29 LIMIT 1   [ RunTime:0.0002s ]
SQL: SELECT * FROM `wzry_user` WHERE ( user_id=26 ) LIMIT 1   [ RunTime:0.0002s ]
SQL: SELECT * FROM `wzry_area` WHERE `area_id` = 14 LIMIT 1   [ RunTime:0.0002s ]
SQL: SELECT * FROM `wzry_account` WHERE `account_id` = 10 LIMIT 1   [ RunTime:0.0002s ]
SQL: SELECT * FROM `wzry_hero` WHERE `hero_id` = 71 LIMIT 1   [ RunTime:0.0002s ]
SQL: SELECT * FROM `wzry_hero` WHERE `hero_id` = 2 LIMIT 1   [ RunTime:0.0002s ]
SQL: SELECT * FROM `wzry_hero` WHERE `hero_id` = 23 LIMIT 1   [ RunTime:0.0002s ]
SQL: SELECT * FROM `wzry_hero` WHERE `hero_id` = 43 LIMIT 1   [ RunTime:0.0002s ]
SQL: SELECT * FROM `wzry_hero` WHERE `hero_id` = 61 LIMIT 1   [ RunTime:0.0001s ]
SQL: SELECT * FROM `wzry_hero` WHERE `hero_id` = 64 LIMIT 1   [ RunTime:0.0001s ]
SQL: SELECT * FROM `wzry_hero` WHERE `hero_id` = 1 LIMIT 1   [ RunTime:0.0002s ]
SQL: SELECT * FROM `wzry_hero` WHERE `hero_id` = 3 LIMIT 1   [ RunTime:0.0002s ]
SQL: SELECT * FROM `wzry_hero` WHERE `hero_id` = 46 LIMIT 1   [ RunTime:0.0002s ]
SQL: SELECT * FROM `wzry_hero` WHERE `hero_id` = 67 LIMIT 1   [ RunTime:0.0002s ]
SQL: SELECT * FROM `wzry_hero` WHERE `hero_id` = 68 LIMIT 1   [ RunTime:0.0002s ]
SQL: SELECT * FROM `wzry_main_hero` WHERE ( user_id=26 )  [ RunTime:0.0002s ]
SQL: SELECT * FROM `wzry_hero` WHERE `hero_id` = 43 LIMIT 1   [ RunTime:0.0002s ]
SQL: SELECT * FROM `wzry_user` WHERE ( user_id=10 ) LIMIT 1   [ RunTime:0.0002s ]
SQL: SELECT * FROM `wzry_area` WHERE `area_id` = 10 LIMIT 1   [ RunTime:0.0002s ]
SQL: SELECT * FROM `wzry_account` WHERE `account_id` = 11 LIMIT 1   [ RunTime:0.0002s ]
SQL: SELECT * FROM `wzry_hero` WHERE `hero_id` = 2 LIMIT 1   [ RunTime:0.0002s ]
SQL: SELECT * FROM `wzry_hero` WHERE `hero_id` = 45 LIMIT 1   [ RunTime:0.0002s ]
SQL: SELECT * FROM `wzry_hero` WHERE `hero_id` = 61 LIMIT 1   [ RunTime:0.0002s ]
SQL: SELECT * FROM `wzry_hero` WHERE `hero_id` = 64 LIMIT 1   [ RunTime:0.0002s ]
SQL: SELECT * FROM `wzry_hero` WHERE `hero_id` = 1 LIMIT 1   [ RunTime:0.0002s ]
SQL: SELECT * FROM `wzry_hero` WHERE `hero_id` = 7 LIMIT 1   [ RunTime:0.0002s ]
SQL: SELECT * FROM `wzry_hero` WHERE `hero_id` = 8 LIMIT 1   [ RunTime:0.0002s ]
SQL: SELECT * FROM `wzry_hero` WHERE `hero_id` = 12 LIMIT 1   [ RunTime:0.0002s ]
SQL: SELECT * FROM `wzry_hero` WHERE `hero_id` = 3 LIMIT 1   [ RunTime:0.0002s ]
SQL: SELECT * FROM `wzry_hero` WHERE `hero_id` = 5 LIMIT 1   [ RunTime:0.0002s ]
SQL: SELECT * FROM `wzry_hero` WHERE `hero_id` = 16 LIMIT 1   [ RunTime:0.0002s ]
SQL: SELECT * FROM `wzry_hero` WHERE `hero_id` = 46 LIMIT 1   [ RunTime:0.0002s ]
SQL: SELECT * FROM `wzry_hero` WHERE `hero_id` = 67 LIMIT 1   [ RunTime:0.0002s ]
SQL: SELECT * FROM `wzry_hero` WHERE `hero_id` = 68 LIMIT 1   [ RunTime:0.0002s ]
SQL: SELECT * FROM `wzry_main_hero` WHERE ( user_id=10 )  [ RunTime:0.0002s ]
SQL: SELECT * FROM `wzry_hero` WHERE `hero_id` = 7 LIMIT 1   [ RunTime:0.0002s ]
SQL: SELECT * FROM `wzry_hero` WHERE `hero_id` = 16 LIMIT 1   [ RunTime:0.0002s ]
SQL: SELECT * FROM `wzry_user` WHERE ( user_id=11 ) LIMIT 1   [ RunTime:0.0002s ]
SQL: SELECT * FROM `wzry_area` WHERE `area_id` = 11 LIMIT 1   [ RunTime:0.0002s ]
SQL: SELECT * FROM `wzry_account` WHERE `account_id` = 11 LIMIT 1   [ RunTime:0.0002s ]
SQL: SELECT * FROM `wzry_hero` WHERE `hero_id` = 52 LIMIT 1   [ RunTime:0.0002s ]
SQL: SELECT * FROM `wzry_hero` WHERE `hero_id` = 61 LIMIT 1   [ RunTime:0.0002s ]
SQL: SELECT * FROM `wzry_hero` WHERE `hero_id` = 64 LIMIT 1   [ RunTime:0.0002s ]
SQL: SELECT * FROM `wzry_hero` WHERE `hero_id` = 67 LIMIT 1   [ RunTime:0.0002s ]
SQL: SELECT * FROM `wzry_hero` WHERE `hero_id` = 68 LIMIT 1   [ RunTime:0.0002s ]
SQL: SELECT * FROM `wzry_main_hero` WHERE ( user_id=11 )  [ RunTime:0.0002s ]
SQL: SELECT * FROM `wzry_hero` WHERE `hero_id` = 52 LIMIT 1   [ RunTime:0.0002s ]
SQL: SELECT * FROM `wzry_user` WHERE ( user_id=12 ) LIMIT 1   [ RunTime:0.0002s ]
SQL: SELECT * FROM `wzry_area` WHERE `area_id` = 12 LIMIT 1   [ RunTime:0.0002s ]
SQL: SELECT * FROM `wzry_account` WHERE `account_id` = 11 LIMIT 1   [ RunTime:0.0002s ]
SQL: SELECT * FROM `wzry_hero` WHERE `hero_id` = 61 LIMIT 1   [ RunTime:0.0002s ]
SQL: SELECT * FROM `wzry_hero` WHERE `hero_id` = 64 LIMIT 1   [ RunTime:0.0002s ]
SQL: SELECT * FROM `wzry_hero` WHERE `hero_id` = 67 LIMIT 1   [ RunTime:0.0002s ]
SQL: SELECT * FROM `wzry_hero` WHERE `hero_id` = 68 LIMIT 1   [ RunTime:0.0002s ]
SQL: SELECT * FROM `wzry_main_hero` WHERE ( user_id=12 )  [ RunTime:0.0002s ]
SQL: SELECT * FROM `wzry_user` WHERE ( user_id=13 ) LIMIT 1   [ RunTime:0.0002s ]
SQL: SELECT * FROM `wzry_area` WHERE `area_id` = 13 LIMIT 1   [ RunTime:0.0002s ]
SQL: SELECT * FROM `wzry_account` WHERE `account_id` = 11 LIMIT 1   [ RunTime:0.0003s ]
SQL: SELECT * FROM `wzry_hero` WHERE `hero_id` = 61 LIMIT 1   [ RunTime:0.0004s ]
SQL: SELECT * FROM `wzry_hero` WHERE `hero_id` = 64 LIMIT 1   [ RunTime:0.0002s ]
SQL: SELECT * FROM `wzry_hero` WHERE `hero_id` = 1 LIMIT 1   [ RunTime:0.0002s ]
SQL: SELECT * FROM `wzry_hero` WHERE `hero_id` = 67 LIMIT 1   [ RunTime:0.0002s ]
SQL: SELECT * FROM `wzry_hero` WHERE `hero_id` = 68 LIMIT 1   [ RunTime:0.0002s ]
SQL: SELECT * FROM `wzry_main_hero` WHERE ( user_id=13 )  [ RunTime:0.0003s ]
SQL: SELECT * FROM `wzry_hero` WHERE `hero_id` = 1 LIMIT 1   [ RunTime:0.0002s ]
SQL: SELECT * FROM `wzry_user` WHERE ( user_id=14 ) LIMIT 1   [ RunTime:0.0002s ]
SQL: SELECT * FROM `wzry_area` WHERE `area_id` = 14 LIMIT 1   [ RunTime:0.0002s ]
SQL: SELECT * FROM `wzry_account` WHERE `account_id` = 11 LIMIT 1   [ RunTime:0.0002s ]
SQL: SELECT * FROM `wzry_hero` WHERE `hero_id` = 2 LIMIT 1   [ RunTime:0.0002s ]
SQL: SELECT * FROM `wzry_hero` WHERE `hero_id` = 61 LIMIT 1   [ RunTime:0.0002s ]
SQL: SELECT * FROM `wzry_hero` WHERE `hero_id` = 64 LIMIT 1   [ RunTime:0.0002s ]
SQL: SELECT * FROM `wzry_hero` WHERE `hero_id` = 22 LIMIT 1   [ RunTime:0.0002s ]
SQL: SELECT * FROM `wzry_hero` WHERE `hero_id` = 67 LIMIT 1   [ RunTime:0.0002s ]
SQL: SELECT * FROM `wzry_hero` WHERE `hero_id` = 68 LIMIT 1   [ RunTime:0.0002s ]
SQL: SELECT * FROM `wzry_main_hero` WHERE ( user_id=14 )  [ RunTime:0.0002s ]
SQL: SELECT * FROM `wzry_hero` WHERE `hero_id` = 22 LIMIT 1   [ RunTime:0.0002s ]
SQL: SELECT * FROM `wzry_user` WHERE ( user_id=20 ) LIMIT 1   [ RunTime:0.0002s ]
SQL: SELECT * FROM `wzry_area` WHERE `area_id` = 10 LIMIT 1   [ RunTime:0.0002s ]
SQL: SELECT * FROM `wzry_account` WHERE `account_id` = 12 LIMIT 1   [ RunTime:0.0002s ]
SQL: SELECT * FROM `wzry_hero` WHERE `hero_id` = 2 LIMIT 1   [ RunTime:0.0002s ]
SQL: SELECT * FROM `wzry_hero` WHERE `hero_id` = 61 LIMIT 1   [ RunTime:0.0002s ]
SQL: SELECT * FROM `wzry_hero` WHERE `hero_id` = 64 LIMIT 1   [ RunTime:0.0002s ]
SQL: SELECT * FROM `wzry_hero` WHERE `hero_id` = 1 LIMIT 1   [ RunTime:0.0002s ]
SQL: SELECT * FROM `wzry_hero` WHERE `hero_id` = 67 LIMIT 1   [ RunTime:0.0002s ]
SQL: SELECT * FROM `wzry_hero` WHERE `hero_id` = 68 LIMIT 1   [ RunTime:0.0002s ]
SQL: SELECT * FROM `wzry_main_hero` WHERE ( user_id=20 )  [ RunTime:0.0002s ]
SQL: SELECT * FROM `wzry_user` WHERE ( user_id=19 ) LIMIT 1   [ RunTime:0.0002s ]
SQL: SELECT * FROM `wzry_area` WHERE `area_id` = 11 LIMIT 1   [ RunTime:0.0002s ]
SQL: SELECT * FROM `wzry_account` WHERE `account_id` = 12 LIMIT 1   [ RunTime:0.0002s ]
SQL: SELECT * FROM `wzry_hero` WHERE `hero_id` = 61 LIMIT 1   [ RunTime:0.0002s ]
SQL: SELECT * FROM `wzry_hero` WHERE `hero_id` = 64 LIMIT 1   [ RunTime:0.0002s ]
SQL: SELECT * FROM `wzry_hero` WHERE `hero_id` = 67 LIMIT 1   [ RunTime:0.0002s ]
SQL: SELECT * FROM `wzry_hero` WHERE `hero_id` = 68 LIMIT 1   [ RunTime:0.0002s ]
SQL: SELECT * FROM `wzry_hero` WHERE `hero_id` = 54 LIMIT 1   [ RunTime:0.0002s ]
SQL: SELECT * FROM `wzry_main_hero` WHERE ( user_id=19 )  [ RunTime:0.0002s ]
SQL: SELECT * FROM `wzry_hero` WHERE `hero_id` = 54 LIMIT 1   [ RunTime:0.0002s ]
SQL: SELECT * FROM `wzry_user` WHERE ( user_id=15 ) LIMIT 1   [ RunTime:0.0002s ]
SQL: SELECT * FROM `wzry_area` WHERE `area_id` = 12 LIMIT 1   [ RunTime:0.0002s ]
SQL: SELECT * FROM `wzry_account` WHERE `account_id` = 12 LIMIT 1   [ RunTime:0.0002s ]
SQL: SELECT * FROM `wzry_hero` WHERE `hero_id` = 42 LIMIT 1   [ RunTime:0.0002s ]
SQL: SELECT * FROM `wzry_hero` WHERE `hero_id` = 61 LIMIT 1   [ RunTime:0.0002s ]
SQL: SELECT * FROM `wzry_hero` WHERE `hero_id` = 64 LIMIT 1   [ RunTime:0.0002s ]
SQL: SELECT * FROM `wzry_hero` WHERE `hero_id` = 67 LIMIT 1   [ RunTime:0.0002s ]
SQL: SELECT * FROM `wzry_hero` WHERE `hero_id` = 68 LIMIT 1   [ RunTime:0.0002s ]
SQL: SELECT * FROM `wzry_main_hero` WHERE ( user_id=15 )  [ RunTime:0.0002s ]
SQL: SELECT * FROM `wzry_hero` WHERE `hero_id` = 42 LIMIT 1   [ RunTime:0.0002s ]
SQL: SELECT * FROM `wzry_user` WHERE ( user_id=17 ) LIMIT 1   [ RunTime:0.0002s ]
SQL: SELECT * FROM `wzry_area` WHERE `area_id` = 13 LIMIT 1   [ RunTime:0.0002s ]
SQL: SELECT * FROM `wzry_account` WHERE `account_id` = 12 LIMIT 1   [ RunTime:0.0002s ]
SQL: SELECT * FROM `wzry_hero` WHERE `hero_id` = 61 LIMIT 1   [ RunTime:0.0002s ]
SQL: SELECT * FROM `wzry_hero` WHERE `hero_id` = 64 LIMIT 1   [ RunTime:0.0002s ]
SQL: SELECT * FROM `wzry_hero` WHERE `hero_id` = 26 LIMIT 1   [ RunTime:0.0002s ]
SQL: SELECT * FROM `wzry_hero` WHERE `hero_id` = 17 LIMIT 1   [ RunTime:0.0002s ]
SQL: SELECT * FROM `wzry_hero` WHERE `hero_id` = 67 LIMIT 1   [ RunTime:0.0002s ]
SQL: SELECT * FROM `wzry_hero` WHERE `hero_id` = 68 LIMIT 1   [ RunTime:0.0003s ]
SQL: SELECT * FROM `wzry_main_hero` WHERE ( user_id=17 )  [ RunTime:0.0002s ]
SQL: SELECT * FROM `wzry_hero` WHERE `hero_id` = 17 LIMIT 1   [ RunTime:0.0002s ]
SQL: SELECT * FROM `wzry_user` WHERE ( user_id=16 ) LIMIT 1   [ RunTime:0.0002s ]
SQL: SELECT * FROM `wzry_area` WHERE `area_id` = 14 LIMIT 1   [ RunTime:0.0002s ]
SQL: SELECT * FROM `wzry_account` WHERE `account_id` = 12 LIMIT 1   [ RunTime:0.0001s ]
SQL: SELECT * FROM `wzry_hero` WHERE `hero_id` = 2 LIMIT 1   [ RunTime:0.0001s ]
SQL: SELECT * FROM `wzry_hero` WHERE `hero_id` = 61 LIMIT 1   [ RunTime:0.0002s ]
SQL: SELECT * FROM `wzry_hero` WHERE `hero_id` = 64 LIMIT 1   [ RunTime:0.0002s ]
SQL: SELECT * FROM `wzry_hero` WHERE `hero_id` = 1 LIMIT 1   [ RunTime:0.0002s ]
SQL: SELECT * FROM `wzry_hero` WHERE `hero_id` = 5 LIMIT 1   [ RunTime:0.0002s ]
SQL: SELECT * FROM `wzry_hero` WHERE `hero_id` = 44 LIMIT 1   [ RunTime:0.0002s ]
SQL: SELECT * FROM `wzry_hero` WHERE `hero_id` = 67 LIMIT 1   [ RunTime:0.0002s ]
SQL: SELECT * FROM `wzry_hero` WHERE `hero_id` = 68 LIMIT 1   [ RunTime:0.0002s ]
SQL: SELECT * FROM `wzry_main_hero` WHERE ( user_id=16 )  [ RunTime:0.0002s ]
SQL: SELECT * FROM `wzry_hero` WHERE `hero_id` = 5 LIMIT 1   [ RunTime:0.0002s ]
SQL: SELECT * FROM `wzry_hero` WHERE `hero_id` = 44 LIMIT 1   [ RunTime:0.0002s ]
SQL: SELECT * FROM `wzry_user` WHERE ( user_id=18 ) LIMIT 1   [ RunTime:0.0002s ]
SQL: SELECT * FROM `wzry_area` WHERE `area_id` = 15 LIMIT 1   [ RunTime:0.0002s ]
SQL: SELECT * FROM `wzry_account` WHERE `account_id` = 12 LIMIT 1   [ RunTime:0.0002s ]
SQL: SELECT * FROM `wzry_hero` WHERE `hero_id` = 2 LIMIT 1   [ RunTime:0.0002s ]
SQL: SELECT * FROM `wzry_hero` WHERE `hero_id` = 61 LIMIT 1   [ RunTime:0.0002s ]
SQL: SELECT * FROM `wzry_hero` WHERE `hero_id` = 1 LIMIT 1   [ RunTime:0.0002s ]
SQL: SELECT * FROM `wzry_hero` WHERE `hero_id` = 4 LIMIT 1   [ RunTime:0.0002s ]
SQL: SELECT * FROM `wzry_hero` WHERE `hero_id` = 67 LIMIT 1   [ RunTime:0.0002s ]
SQL: SELECT * FROM `wzry_hero` WHERE `hero_id` = 68 LIMIT 1   [ RunTime:0.0002s ]
SQL: SELECT * FROM `wzry_main_hero` WHERE ( user_id=18 )  [ RunTime:0.0002s ]
SQL: SELECT * FROM `wzry_hero` WHERE `hero_id` = 4 LIMIT 1   [ RunTime:0.0002s ]
SQL: SELECT * FROM `wzry_user` WHERE ( user_id=53 ) LIMIT 1   [ RunTime:0.0002s ]
SQL: SELECT * FROM `wzry_area` WHERE `area_id` = 6 LIMIT 1   [ RunTime:0.0002s ]
SQL: SELECT * FROM `wzry_account` WHERE `account_id` = 92 LIMIT 1   [ RunTime:0.0002s ]
SQL: SELECT * FROM `wzry_hero` WHERE `hero_id` = 21 LIMIT 1   [ RunTime:0.0002s ]
SQL: SELECT * FROM `wzry_hero` WHERE `hero_id` = 28 LIMIT 1   [ RunTime:0.0002s ]
SQL: SELECT * FROM `wzry_hero` WHERE `hero_id` = 42 LIMIT 1   [ RunTime:0.0002s ]
SQL: SELECT * FROM `wzry_main_hero` WHERE ( user_id=53 )  [ RunTime:0.0002s ]
INFO: [ view_parse ] --START--
INFO: [ template_filter ] --START--
INFO: Run Behavior\ContentReplaceBehavior [ RunTime:0.000060s ]
INFO: [ template_filter ] --END-- [ RunTime:0.000100s ]
INFO: Run Behavior\ParseTemplateBehavior [ RunTime:0.012210s ]
INFO: [ view_parse ] --END-- [ RunTime:0.012264s ]
INFO: [ view_filter ] --START--
INFO: Run Behavior\WriteHtmlCacheBehavior [ RunTime:0.000379s ]
INFO: [ view_filter ] --END-- [ RunTime:0.000419s ]
INFO: [ app_end ] --START--
INFO: Run Behavior\ShowPageTraceBehavior [ RunTime:0.000501s ]
INFO: [ app_end ] --END-- [ RunTime:0.000544s ]

[ 2017-10-10T12:20:07+08:00 ] ::1 /wzry/index.php?s=/Main/Area/showAll.html
INFO: [ app_init ] --START--
INFO: Run Behavior\BuildLiteBehavior [ RunTime:0.000016s ]
INFO: [ app_init ] --END-- [ RunTime:0.000494s ]
INFO: [ app_begin ] --START--
INFO: Run Behavior\ReadHtmlCacheBehavior [ RunTime:0.000641s ]
INFO: [ app_begin ] --END-- [ RunTime:0.000691s ]
SQL: SHOW COLUMNS FROM `wzry_area` [ RunTime:0.0036s ]
SQL: SELECT * FROM `wzry_area` ORDER BY type, area_no  [ RunTime:0.0005s ]
SQL: SHOW COLUMNS FROM `wzry_user` [ RunTime:0.0046s ]
SQL: SELECT COUNT(*) AS tp_count FROM `wzry_user` WHERE ( area_id=6 ) LIMIT 1   [ RunTime:0.0003s ]
SQL: SELECT COUNT(*) AS tp_count FROM `wzry_user` WHERE ( area_id=4 ) LIMIT 1   [ RunTime:0.0004s ]
SQL: SELECT COUNT(*) AS tp_count FROM `wzry_user` WHERE ( area_id=1 ) LIMIT 1   [ RunTime:0.0003s ]
SQL: SELECT COUNT(*) AS tp_count FROM `wzry_user` WHERE ( area_id=9 ) LIMIT 1   [ RunTime:0.0003s ]
SQL: SELECT COUNT(*) AS tp_count FROM `wzry_user` WHERE ( area_id=5 ) LIMIT 1   [ RunTime:0.0003s ]
SQL: SELECT COUNT(*) AS tp_count FROM `wzry_user` WHERE ( area_id=2 ) LIMIT 1   [ RunTime:0.0002s ]
SQL: SELECT COUNT(*) AS tp_count FROM `wzry_user` WHERE ( area_id=3 ) LIMIT 1   [ RunTime:0.0002s ]
SQL: SELECT COUNT(*) AS tp_count FROM `wzry_user` WHERE ( area_id=8 ) LIMIT 1   [ RunTime:0.0002s ]
SQL: SELECT COUNT(*) AS tp_count FROM `wzry_user` WHERE ( area_id=7 ) LIMIT 1   [ RunTime:0.0002s ]
SQL: SELECT COUNT(*) AS tp_count FROM `wzry_user` WHERE ( area_id=17 ) LIMIT 1   [ RunTime:0.0002s ]
SQL: SELECT COUNT(*) AS tp_count FROM `wzry_user` WHERE ( area_id=13 ) LIMIT 1   [ RunTime:0.0002s ]
SQL: SELECT COUNT(*) AS tp_count FROM `wzry_user` WHERE ( area_id=12 ) LIMIT 1   [ RunTime:0.0002s ]
SQL: SELECT COUNT(*) AS tp_count FROM `wzry_user` WHERE ( area_id=10 ) LIMIT 1   [ RunTime:0.0002s ]
SQL: SELECT COUNT(*) AS tp_count FROM `wzry_user` WHERE ( area_id=14 ) LIMIT 1   [ RunTime:0.0002s ]
SQL: SELECT COUNT(*) AS tp_count FROM `wzry_user` WHERE ( area_id=16 ) LIMIT 1   [ RunTime:0.0002s ]
SQL: SELECT COUNT(*) AS tp_count FROM `wzry_user` WHERE ( area_id=11 ) LIMIT 1   [ RunTime:0.0002s ]
SQL: SELECT COUNT(*) AS tp_count FROM `wzry_user` WHERE ( area_id=15 ) LIMIT 1   [ RunTime:0.0002s ]
INFO: [ view_parse ] --START--
INFO: [ template_filter ] --START--
INFO: Run Behavior\ContentReplaceBehavior [ RunTime:0.000086s ]
INFO: [ template_filter ] --END-- [ RunTime:0.000137s ]
INFO: Run Behavior\ParseTemplateBehavior [ RunTime:0.008592s ]
INFO: [ view_parse ] --END-- [ RunTime:0.008637s ]
INFO: [ view_filter ] --START--
INFO: Run Behavior\WriteHtmlCacheBehavior [ RunTime:0.000352s ]
INFO: [ view_filter ] --END-- [ RunTime:0.000386s ]
INFO: [ app_end ] --START--
INFO: Run Behavior\ShowPageTraceBehavior [ RunTime:0.000627s ]
INFO: [ app_end ] --END-- [ RunTime:0.000686s ]

[ 2017-10-10T12:20:09+08:00 ] ::1 /wzry/index.php?s=/Main/Index/index.html
INFO: [ app_init ] --START--
INFO: Run Behavior\BuildLiteBehavior [ RunTime:0.000014s ]
INFO: [ app_init ] --END-- [ RunTime:0.000498s ]
INFO: [ app_begin ] --START--
INFO: Run Behavior\ReadHtmlCacheBehavior [ RunTime:0.000561s ]
INFO: [ app_begin ] --END-- [ RunTime:0.000608s ]
SQL: select * from wzry_update [ RunTime:0.0006s ]
SQL: select * from userview where type = 1 order by money DESC limit 10 [ RunTime:0.0015s ]
SQL: select * from userview where type = 2 order by money DESC limit 10 [ RunTime:0.0014s ]
SQL: select *, GROUP_CONCAT(hero_name) as having_hero from uhview where user_id not in (select user_id from wzry_main_hero) group by user_id [ RunTime:0.0031s ]
SQL: SHOW COLUMNS FROM `wzry_hero` [ RunTime:0.0084s ]
SQL: select * from wzry_hero where hero_id not in (select hero_id from wzry_user_hero) [ RunTime:0.0044s ]
SQL: select * from userview where type=1 order by diamond desc limit 10 [ RunTime:0.0014s ]
SQL: select * from userview where type=2 order by diamond desc limit 10 [ RunTime:0.0013s ]
SQL: select * from userview where type=1 order by level desc limit 10 [ RunTime:0.0015s ]
SQL: select * from userview where type=2 order by level desc limit 10 [ RunTime:0.0013s ]
SQL: select *, count(*) as hcount from uhview GROUP BY user_id order by count(*) desc limit 10 [ RunTime:0.0072s ]
SQL: update wzry_user_hero as uh, wzry_hero as h set uh.hero_name = h.hero_name where uh.hero_id = h.hero_id and uh.hero_name is null [ RunTime:0.0005s ]
SQL: select * from userview order by mingwen desc limit 10 [ RunTime:0.0009s ]
SQL: select * from userview order by changshu desc limit 10 [ RunTime:0.0010s ]
SQL: select * from userview as a where `level` = (select max(`level`) from userview where account_id = a.account_id)  [ RunTime:0.0025s ]
SQL: select * from userview order by level limit 10 [ RunTime:0.0008s ]
SQL: select * from userview order by mingwen limit 10 [ RunTime:0.0008s ]
SQL: select count(*)  as user_count, account_id, account from userview group by account_id order by count(*) desc [ RunTime:0.0009s ]
SQL: select * from userview  as a left join (select count(*) as hcount, user_id from wzry_user_hero group by user_id order by count(*)) as b on  a.user_id = b.user_id where (money <= 13888 and money >= 12000) or ( money >= 13888 and money <=15000) order by b.hcount [ RunTime:0.0011s ]
NOTIC: [2] count() expects at least 1 parameter, 0 given J:\php\personal\wzry\Application\Main\Controller\IndexController.class.php 第 85 行.
SQL: select * from userview  as a left join (select count(*) as hcount, user_id from wzry_user_hero group by user_id order by count(*)) as b on  a.user_id = b.user_id where money >= 15000 order by b.hcount  [ RunTime:0.0012s ]
SQL: select * from mhview order by user_id [ RunTime:0.0021s ]
SQL: select * from userview as a , (select max(cc) as cc, hero_name, user_id, hero_id from wzry_user_hero group by hero_id) as b where a.user_id = b.user_id [ RunTime:0.0027s ]
SQL: select hero_name, count(*) as count from uhview GROUP BY hero_id  [ RunTime:0.0038s ]
INFO: [ view_parse ] --START--
INFO: [ template_filter ] --START--
INFO: Run Behavior\ContentReplaceBehavior [ RunTime:0.000229s ]
INFO: [ template_filter ] --END-- [ RunTime:0.000311s ]
NOTIC: [8] Undefined index: type J:\php\personal\wzry\Application\Runtime\Cache\Main\e51589c1c6ce3f3fe5e0936addbdf170.php 第 199 行.
NOTIC: [8] Undefined index: type J:\php\personal\wzry\Application\Runtime\Cache\Main\e51589c1c6ce3f3fe5e0936addbdf170.php 第 200 行.
NOTIC: [8] Undefined index: type J:\php\personal\wzry\Application\Runtime\Cache\Main\e51589c1c6ce3f3fe5e0936addbdf170.php 第 199 行.
NOTIC: [8] Undefined index: type J:\php\personal\wzry\Application\Runtime\Cache\Main\e51589c1c6ce3f3fe5e0936addbdf170.php 第 200 行.
NOTIC: [8] Undefined index: type J:\php\personal\wzry\Application\Runtime\Cache\Main\e51589c1c6ce3f3fe5e0936addbdf170.php 第 199 行.
NOTIC: [8] Undefined index: type J:\php\personal\wzry\Application\Runtime\Cache\Main\e51589c1c6ce3f3fe5e0936addbdf170.php 第 200 行.
NOTIC: [8] Undefined index: type J:\php\personal\wzry\Application\Runtime\Cache\Main\e51589c1c6ce3f3fe5e0936addbdf170.php 第 199 行.
NOTIC: [8] Undefined index: type J:\php\personal\wzry\Application\Runtime\Cache\Main\e51589c1c6ce3f3fe5e0936addbdf170.php 第 200 行.
NOTIC: [8] Undefined index: type J:\php\personal\wzry\Application\Runtime\Cache\Main\e51589c1c6ce3f3fe5e0936addbdf170.php 第 199 行.
NOTIC: [8] Undefined index: type J:\php\personal\wzry\Application\Runtime\Cache\Main\e51589c1c6ce3f3fe5e0936addbdf170.php 第 200 行.
NOTIC: [8] Undefined index: type J:\php\personal\wzry\Application\Runtime\Cache\Main\e51589c1c6ce3f3fe5e0936addbdf170.php 第 199 行.
NOTIC: [8] Undefined index: type J:\php\personal\wzry\Application\Runtime\Cache\Main\e51589c1c6ce3f3fe5e0936addbdf170.php 第 200 行.
NOTIC: [8] Undefined index: type J:\php\personal\wzry\Application\Runtime\Cache\Main\e51589c1c6ce3f3fe5e0936addbdf170.php 第 199 行.
NOTIC: [8] Undefined index: type J:\php\personal\wzry\Application\Runtime\Cache\Main\e51589c1c6ce3f3fe5e0936addbdf170.php 第 200 行.
NOTIC: [8] Undefined index: type J:\php\personal\wzry\Application\Runtime\Cache\Main\e51589c1c6ce3f3fe5e0936addbdf170.php 第 199 行.
NOTIC: [8] Undefined index: type J:\php\personal\wzry\Application\Runtime\Cache\Main\e51589c1c6ce3f3fe5e0936addbdf170.php 第 200 行.
NOTIC: [8] Undefined index: type J:\php\personal\wzry\Application\Runtime\Cache\Main\e51589c1c6ce3f3fe5e0936addbdf170.php 第 199 行.
NOTIC: [8] Undefined index: type J:\php\personal\wzry\Application\Runtime\Cache\Main\e51589c1c6ce3f3fe5e0936addbdf170.php 第 200 行.
NOTIC: [8] Undefined index: type J:\php\personal\wzry\Application\Runtime\Cache\Main\e51589c1c6ce3f3fe5e0936addbdf170.php 第 199 行.
NOTIC: [8] Undefined index: type J:\php\personal\wzry\Application\Runtime\Cache\Main\e51589c1c6ce3f3fe5e0936addbdf170.php 第 200 行.
NOTIC: [8] Undefined index: type J:\php\personal\wzry\Application\Runtime\Cache\Main\e51589c1c6ce3f3fe5e0936addbdf170.php 第 199 行.
NOTIC: [8] Undefined index: type J:\php\personal\wzry\Application\Runtime\Cache\Main\e51589c1c6ce3f3fe5e0936addbdf170.php 第 200 行.
NOTIC: [8] Undefined index: type J:\php\personal\wzry\Application\Runtime\Cache\Main\e51589c1c6ce3f3fe5e0936addbdf170.php 第 199 行.
NOTIC: [8] Undefined index: type J:\php\personal\wzry\Application\Runtime\Cache\Main\e51589c1c6ce3f3fe5e0936addbdf170.php 第 200 行.
NOTIC: [8] Undefined index: type J:\php\personal\wzry\Application\Runtime\Cache\Main\e51589c1c6ce3f3fe5e0936addbdf170.php 第 199 行.
NOTIC: [8] Undefined index: type J:\php\personal\wzry\Application\Runtime\Cache\Main\e51589c1c6ce3f3fe5e0936addbdf170.php 第 200 行.
INFO: Run Behavior\ParseTemplateBehavior [ RunTime:0.033576s ]
INFO: [ view_parse ] --END-- [ RunTime:0.033631s ]
INFO: [ view_filter ] --START--
INFO: Run Behavior\WriteHtmlCacheBehavior [ RunTime:0.000492s ]
INFO: [ view_filter ] --END-- [ RunTime:0.000538s ]
INFO: [ app_end ] --START--
INFO: Run Behavior\ShowPageTraceBehavior [ RunTime:0.000686s ]
INFO: [ app_end ] --END-- [ RunTime:0.000749s ]

[ 2017-10-10T20:01:51+08:00 ] ::1 /wzry/
INFO: [ app_init ] --START--
INFO: Run Behavior\BuildLiteBehavior [ RunTime:0.000032s ]
INFO: [ app_init ] --END-- [ RunTime:0.020039s ]
INFO: [ app_begin ] --START--
INFO: Run Behavior\ReadHtmlCacheBehavior [ RunTime:0.012083s ]
INFO: [ app_begin ] --END-- [ RunTime:0.012233s ]
SQL: select * from wzry_update [ RunTime:0.0254s ]
SQL: select * from userview where type = 1 order by money DESC limit 10 [ RunTime:0.0502s ]
SQL: select * from userview where type = 2 order by money DESC limit 10 [ RunTime:0.0022s ]
SQL: select *, GROUP_CONCAT(hero_name) as having_hero from uhview where user_id not in (select user_id from wzry_main_hero) group by user_id [ RunTime:0.0579s ]
SQL: SHOW COLUMNS FROM `wzry_hero` [ RunTime:0.0070s ]
SQL: select * from wzry_hero where hero_id not in (select hero_id from wzry_user_hero) [ RunTime:0.0035s ]
SQL: select * from userview where type=1 order by diamond desc limit 10 [ RunTime:0.0013s ]
SQL: select * from userview where type=2 order by diamond desc limit 10 [ RunTime:0.0016s ]
SQL: select * from userview where type=1 order by level desc limit 10 [ RunTime:0.0013s ]
SQL: select * from userview where type=2 order by level desc limit 10 [ RunTime:0.0012s ]
SQL: select *, count(*) as hcount from uhview GROUP BY user_id order by count(*) desc limit 10 [ RunTime:0.0073s ]
SQL: update wzry_user_hero as uh, wzry_hero as h set uh.hero_name = h.hero_name where uh.hero_id = h.hero_id and uh.hero_name is null [ RunTime:0.0137s ]
SQL: select * from userview order by mingwen desc limit 10 [ RunTime:0.0007s ]
SQL: select * from userview order by changshu desc limit 10 [ RunTime:0.0006s ]
SQL: select * from userview as a where `level` = (select max(`level`) from userview where account_id = a.account_id)  [ RunTime:0.0030s ]
SQL: select * from userview order by level limit 10 [ RunTime:0.0007s ]
SQL: select * from userview order by mingwen limit 10 [ RunTime:0.0006s ]
SQL: select count(*)  as user_count, account_id, account from userview group by account_id order by count(*) desc [ RunTime:0.0008s ]
SQL: select * from userview  as a left join (select count(*) as hcount, user_id from wzry_user_hero group by user_id order by count(*)) as b on  a.user_id = b.user_id where (money <= 13888 and money >= 12000) or ( money >= 13888 and money <=15000) order by b.hcount [ RunTime:0.0010s ]
NOTIC: [2] count() expects at least 1 parameter, 0 given J:\php\personal\wzry\Application\Main\Controller\IndexController.class.php 第 85 行.
SQL: select * from userview  as a left join (select count(*) as hcount, user_id from wzry_user_hero group by user_id order by count(*)) as b on  a.user_id = b.user_id where money >= 15000 order by b.hcount  [ RunTime:0.0010s ]
SQL: select * from mhview order by user_id [ RunTime:0.0019s ]
SQL: select * from userview as a , (select max(cc) as cc, hero_name, user_id, hero_id from wzry_user_hero group by hero_id) as b where a.user_id = b.user_id [ RunTime:0.0022s ]
SQL: select hero_name, count(*) as count from uhview GROUP BY hero_id  [ RunTime:0.0037s ]
INFO: [ view_parse ] --START--
INFO: [ template_filter ] --START--
INFO: Run Behavior\ContentReplaceBehavior [ RunTime:0.012723s ]
INFO: [ template_filter ] --END-- [ RunTime:0.012795s ]
NOTIC: [8] Undefined index: type J:\php\personal\wzry\Application\Runtime\Cache\Main\e51589c1c6ce3f3fe5e0936addbdf170.php 第 199 行.
NOTIC: [8] Undefined index: type J:\php\personal\wzry\Application\Runtime\Cache\Main\e51589c1c6ce3f3fe5e0936addbdf170.php 第 200 行.
NOTIC: [8] Undefined index: type J:\php\personal\wzry\Application\Runtime\Cache\Main\e51589c1c6ce3f3fe5e0936addbdf170.php 第 199 行.
NOTIC: [8] Undefined index: type J:\php\personal\wzry\Application\Runtime\Cache\Main\e51589c1c6ce3f3fe5e0936addbdf170.php 第 200 行.
NOTIC: [8] Undefined index: type J:\php\personal\wzry\Application\Runtime\Cache\Main\e51589c1c6ce3f3fe5e0936addbdf170.php 第 199 行.
NOTIC: [8] Undefined index: type J:\php\personal\wzry\Application\Runtime\Cache\Main\e51589c1c6ce3f3fe5e0936addbdf170.php 第 200 行.
NOTIC: [8] Undefined index: type J:\php\personal\wzry\Application\Runtime\Cache\Main\e51589c1c6ce3f3fe5e0936addbdf170.php 第 199 行.
NOTIC: [8] Undefined index: type J:\php\personal\wzry\Application\Runtime\Cache\Main\e51589c1c6ce3f3fe5e0936addbdf170.php 第 200 行.
NOTIC: [8] Undefined index: type J:\php\personal\wzry\Application\Runtime\Cache\Main\e51589c1c6ce3f3fe5e0936addbdf170.php 第 199 行.
NOTIC: [8] Undefined index: type J:\php\personal\wzry\Application\Runtime\Cache\Main\e51589c1c6ce3f3fe5e0936addbdf170.php 第 200 行.
NOTIC: [8] Undefined index: type J:\php\personal\wzry\Application\Runtime\Cache\Main\e51589c1c6ce3f3fe5e0936addbdf170.php 第 199 行.
NOTIC: [8] Undefined index: type J:\php\personal\wzry\Application\Runtime\Cache\Main\e51589c1c6ce3f3fe5e0936addbdf170.php 第 200 行.
NOTIC: [8] Undefined index: type J:\php\personal\wzry\Application\Runtime\Cache\Main\e51589c1c6ce3f3fe5e0936addbdf170.php 第 199 行.
NOTIC: [8] Undefined index: type J:\php\personal\wzry\Application\Runtime\Cache\Main\e51589c1c6ce3f3fe5e0936addbdf170.php 第 200 行.
NOTIC: [8] Undefined index: type J:\php\personal\wzry\Application\Runtime\Cache\Main\e51589c1c6ce3f3fe5e0936addbdf170.php 第 199 行.
NOTIC: [8] Undefined index: type J:\php\personal\wzry\Application\Runtime\Cache\Main\e51589c1c6ce3f3fe5e0936addbdf170.php 第 200 行.
NOTIC: [8] Undefined index: type J:\php\personal\wzry\Application\Runtime\Cache\Main\e51589c1c6ce3f3fe5e0936addbdf170.php 第 199 行.
NOTIC: [8] Undefined index: type J:\php\personal\wzry\Application\Runtime\Cache\Main\e51589c1c6ce3f3fe5e0936addbdf170.php 第 200 行.
NOTIC: [8] Undefined index: type J:\php\personal\wzry\Application\Runtime\Cache\Main\e51589c1c6ce3f3fe5e0936addbdf170.php 第 199 行.
NOTIC: [8] Undefined index: type J:\php\personal\wzry\Application\Runtime\Cache\Main\e51589c1c6ce3f3fe5e0936addbdf170.php 第 200 行.
NOTIC: [8] Undefined index: type J:\php\personal\wzry\Application\Runtime\Cache\Main\e51589c1c6ce3f3fe5e0936addbdf170.php 第 199 行.
NOTIC: [8] Undefined index: type J:\php\personal\wzry\Application\Runtime\Cache\Main\e51589c1c6ce3f3fe5e0936addbdf170.php 第 200 行.
NOTIC: [8] Undefined index: type J:\php\personal\wzry\Application\Runtime\Cache\Main\e51589c1c6ce3f3fe5e0936addbdf170.php 第 199 行.
NOTIC: [8] Undefined index: type J:\php\personal\wzry\Application\Runtime\Cache\Main\e51589c1c6ce3f3fe5e0936addbdf170.php 第 200 行.
NOTIC: [8] Undefined index: type J:\php\personal\wzry\Application\Runtime\Cache\Main\e51589c1c6ce3f3fe5e0936addbdf170.php 第 199 行.
NOTIC: [8] Undefined index: type J:\php\personal\wzry\Application\Runtime\Cache\Main\e51589c1c6ce3f3fe5e0936addbdf170.php 第 200 行.
INFO: Run Behavior\ParseTemplateBehavior [ RunTime:0.098649s ]
INFO: [ view_parse ] --END-- [ RunTime:0.098795s ]
INFO: [ view_filter ] --START--
INFO: Run Behavior\WriteHtmlCacheBehavior [ RunTime:0.017798s ]
INFO: [ view_filter ] --END-- [ RunTime:0.017923s ]
INFO: [ app_end ] --START--
INFO: Run Behavior\ShowPageTraceBehavior [ RunTime:0.015030s ]
INFO: [ app_end ] --END-- [ RunTime:0.015346s ]

