[ 2017-10-27T23:49:21+08:00 ] ::1 /wzry/index.php?s=/Main/Account/showAll.html
INFO: [ app_init ] --START--
INFO: Run Behavior\BuildLiteBehavior [ RunTime:0.000050s ]
INFO: [ app_init ] --END-- [ RunTime:0.009589s ]
INFO: [ app_begin ] --START--
INFO: Run Behavior\ReadHtmlCacheBehavior [ RunTime:0.002230s ]
INFO: [ app_begin ] --END-- [ RunTime:0.002402s ]
SQL: SHOW COLUMNS FROM `wzry_account` [ RunTime:0.0168s ]
SQL: SELECT * FROM `wzry_account` ORDER BY type, account  [ RunTime:0.0016s ]
SQL: SHOW COLUMNS FROM `wzry_user` [ RunTime:0.0122s ]
SQL: SELECT COUNT(*) AS tp_count FROM `wzry_user` WHERE ( account_id=98 ) LIMIT 1   [ RunTime:0.0004s ]
SQL: SELECT COUNT(*) AS tp_count FROM `wzry_user` WHERE ( account_id=102 ) LIMIT 1   [ RunTime:0.0003s ]
SQL: SELECT COUNT(*) AS tp_count FROM `wzry_user` WHERE ( account_id=99 ) LIMIT 1   [ RunTime:0.0003s ]
SQL: SELECT COUNT(*) AS tp_count FROM `wzry_user` WHERE ( account_id=104 ) LIMIT 1   [ RunTime:0.0003s ]
SQL: SELECT COUNT(*) AS tp_count FROM `wzry_user` WHERE ( account_id=95 ) LIMIT 1   [ RunTime:0.0004s ]
SQL: SELECT COUNT(*) AS tp_count FROM `wzry_user` WHERE ( account_id=101 ) LIMIT 1   [ RunTime:0.0004s ]
SQL: SELECT COUNT(*) AS tp_count FROM `wzry_user` WHERE ( account_id=96 ) LIMIT 1   [ RunTime:0.0004s ]
SQL: SELECT COUNT(*) AS tp_count FROM `wzry_user` WHERE ( account_id=100 ) LIMIT 1   [ RunTime:0.0003s ]
SQL: SELECT COUNT(*) AS tp_count FROM `wzry_user` WHERE ( account_id=103 ) LIMIT 1   [ RunTime:0.0003s ]
SQL: SELECT COUNT(*) AS tp_count FROM `wzry_user` WHERE ( account_id=106 ) LIMIT 1   [ RunTime:0.0003s ]
SQL: SELECT COUNT(*) AS tp_count FROM `wzry_user` WHERE ( account_id=107 ) LIMIT 1   [ RunTime:0.0003s ]
SQL: SELECT COUNT(*) AS tp_count FROM `wzry_user` WHERE ( account_id=108 ) LIMIT 1   [ RunTime:0.0004s ]
SQL: SELECT COUNT(*) AS tp_count FROM `wzry_user` WHERE ( account_id=97 ) LIMIT 1   [ RunTime:0.0003s ]
SQL: SELECT COUNT(*) AS tp_count FROM `wzry_user` WHERE ( account_id=109 ) LIMIT 1   [ RunTime:0.0004s ]
SQL: SELECT COUNT(*) AS tp_count FROM `wzry_user` WHERE ( account_id=105 ) LIMIT 1   [ RunTime:0.0003s ]
INFO: [ view_parse ] --START--
INFO: [ template_filter ] --START--
INFO: Run Behavior\ContentReplaceBehavior [ RunTime:0.000186s ]
INFO: [ template_filter ] --END-- [ RunTime:0.000281s ]
NOTIC: [8] Undefined variable: account J:\php\personal\wzry\Application\Runtime\Cache\Main\170752e06422f098e43f5a6296486dbd.php 第 80 行.
NOTIC: [8] Undefined variable: account J:\php\personal\wzry\Application\Runtime\Cache\Main\170752e06422f098e43f5a6296486dbd.php 第 84 行.
NOTIC: [8] Undefined variable: account J:\php\personal\wzry\Application\Runtime\Cache\Main\170752e06422f098e43f5a6296486dbd.php 第 85 行.
INFO: Run Behavior\ParseTemplateBehavior [ RunTime:0.125629s ]
INFO: [ view_parse ] --END-- [ RunTime:0.125747s ]
INFO: [ view_filter ] --START--
INFO: Run Behavior\WriteHtmlCacheBehavior [ RunTime:0.003735s ]
INFO: [ view_filter ] --END-- [ RunTime:0.003830s ]
INFO: [ app_end ] --START--
INFO: Run Behavior\ShowPageTraceBehavior [ RunTime:0.005137s ]
INFO: [ app_end ] --END-- [ RunTime:0.005253s ]

[ 2017-10-27T23:49:28+08:00 ] ::1 /wzry/index.php?s=/Main/Account/ajax_add.html
INFO: [ app_init ] --START--
INFO: Run Behavior\BuildLiteBehavior [ RunTime:0.000014s ]
INFO: [ app_init ] --END-- [ RunTime:0.000436s ]
INFO: [ app_begin ] --START--
INFO: Run Behavior\ReadHtmlCacheBehavior [ RunTime:0.000683s ]
INFO: [ app_begin ] --END-- [ RunTime:0.000762s ]
SQL: SHOW COLUMNS FROM `wzry_account` [ RunTime:0.0109s ]
NOTIC: [8] Undefined index: validate J:\php\personal\wzry\ThinkPHP\Library\Think\Model.class.php 第 1185 行.
NOTIC: [8] Undefined index: auto J:\php\personal\wzry\ThinkPHP\Library\Think\Model.class.php 第 1128 行.
SQL: SELECT * FROM `wzry_account` WHERE `type` = '1' AND `account` = 'test'  [ RunTime:0.0009s ]
SQL: INSERT INTO `wzry_account` (`type`,`account`) VALUES ('1','test') [ RunTime:0.0009s ]

[ 2017-10-27T23:49:29+08:00 ] ::1 /wzry/index.php?s=/Main/Account/showAll.html
INFO: [ app_init ] --START--
INFO: Run Behavior\BuildLiteBehavior [ RunTime:0.000021s ]
INFO: [ app_init ] --END-- [ RunTime:0.000677s ]
INFO: [ app_begin ] --START--
INFO: Run Behavior\ReadHtmlCacheBehavior [ RunTime:0.000552s ]
INFO: [ app_begin ] --END-- [ RunTime:0.000616s ]
SQL: SHOW COLUMNS FROM `wzry_account` [ RunTime:0.0046s ]
SQL: SELECT * FROM `wzry_account` ORDER BY type, account  [ RunTime:0.0004s ]
SQL: SHOW COLUMNS FROM `wzry_user` [ RunTime:0.0041s ]
SQL: SELECT COUNT(*) AS tp_count FROM `wzry_user` WHERE ( account_id=98 ) LIMIT 1   [ RunTime:0.0004s ]
SQL: SELECT COUNT(*) AS tp_count FROM `wzry_user` WHERE ( account_id=102 ) LIMIT 1   [ RunTime:0.0003s ]
SQL: SELECT COUNT(*) AS tp_count FROM `wzry_user` WHERE ( account_id=99 ) LIMIT 1   [ RunTime:0.0003s ]
SQL: SELECT COUNT(*) AS tp_count FROM `wzry_user` WHERE ( account_id=104 ) LIMIT 1   [ RunTime:0.0003s ]
SQL: SELECT COUNT(*) AS tp_count FROM `wzry_user` WHERE ( account_id=95 ) LIMIT 1   [ RunTime:0.0003s ]
SQL: SELECT COUNT(*) AS tp_count FROM `wzry_user` WHERE ( account_id=101 ) LIMIT 1   [ RunTime:0.0003s ]
SQL: SELECT COUNT(*) AS tp_count FROM `wzry_user` WHERE ( account_id=96 ) LIMIT 1   [ RunTime:0.0003s ]
SQL: SELECT COUNT(*) AS tp_count FROM `wzry_user` WHERE ( account_id=100 ) LIMIT 1   [ RunTime:0.0003s ]
SQL: SELECT COUNT(*) AS tp_count FROM `wzry_user` WHERE ( account_id=103 ) LIMIT 1   [ RunTime:0.0003s ]
SQL: SELECT COUNT(*) AS tp_count FROM `wzry_user` WHERE ( account_id=110 ) LIMIT 1   [ RunTime:0.0003s ]
SQL: SELECT COUNT(*) AS tp_count FROM `wzry_user` WHERE ( account_id=106 ) LIMIT 1   [ RunTime:0.0003s ]
SQL: SELECT COUNT(*) AS tp_count FROM `wzry_user` WHERE ( account_id=107 ) LIMIT 1   [ RunTime:0.0003s ]
SQL: SELECT COUNT(*) AS tp_count FROM `wzry_user` WHERE ( account_id=108 ) LIMIT 1   [ RunTime:0.0003s ]
SQL: SELECT COUNT(*) AS tp_count FROM `wzry_user` WHERE ( account_id=97 ) LIMIT 1   [ RunTime:0.0003s ]
SQL: SELECT COUNT(*) AS tp_count FROM `wzry_user` WHERE ( account_id=109 ) LIMIT 1   [ RunTime:0.0003s ]
SQL: SELECT COUNT(*) AS tp_count FROM `wzry_user` WHERE ( account_id=105 ) LIMIT 1   [ RunTime:0.0003s ]
INFO: [ view_parse ] --START--
INFO: [ template_filter ] --START--
INFO: Run Behavior\ContentReplaceBehavior [ RunTime:0.000087s ]
INFO: [ template_filter ] --END-- [ RunTime:0.000134s ]
NOTIC: [8] Undefined variable: account J:\php\personal\wzry\Application\Runtime\Cache\Main\170752e06422f098e43f5a6296486dbd.php 第 80 行.
NOTIC: [8] Undefined variable: account J:\php\personal\wzry\Application\Runtime\Cache\Main\170752e06422f098e43f5a6296486dbd.php 第 84 行.
NOTIC: [8] Undefined variable: account J:\php\personal\wzry\Application\Runtime\Cache\Main\170752e06422f098e43f5a6296486dbd.php 第 85 行.
INFO: Run Behavior\ParseTemplateBehavior [ RunTime:0.010490s ]
INFO: [ view_parse ] --END-- [ RunTime:0.010554s ]
INFO: [ view_filter ] --START--
INFO: Run Behavior\WriteHtmlCacheBehavior [ RunTime:0.000455s ]
INFO: [ view_filter ] --END-- [ RunTime:0.000493s ]
INFO: [ app_end ] --START--
INFO: Run Behavior\ShowPageTraceBehavior [ RunTime:0.000529s ]
INFO: [ app_end ] --END-- [ RunTime:0.000575s ]

[ 2017-10-27T23:49:33+08:00 ] ::1 /wzry/index.php?s=/Main/Account/addUser/account_id/110/url/Account_showAll.html
INFO: [ app_init ] --START--
INFO: Run Behavior\BuildLiteBehavior [ RunTime:0.000013s ]
INFO: [ app_init ] --END-- [ RunTime:0.000487s ]
INFO: [ app_begin ] --START--
INFO: Run Behavior\ReadHtmlCacheBehavior [ RunTime:0.000539s ]
INFO: [ app_begin ] --END-- [ RunTime:0.000586s ]
SQL: SHOW COLUMNS FROM `wzry_account` [ RunTime:0.0065s ]
SQL: SELECT `type`,`account` FROM `wzry_account` WHERE `account_id` = 110 LIMIT 1   [ RunTime:0.0005s ]
SQL: SHOW COLUMNS FROM `wzry_area` [ RunTime:0.0056s ]
SQL: SELECT * FROM `wzry_area` WHERE `type` = 1 ORDER BY area_no  [ RunTime:0.0005s ]
SQL: SHOW COLUMNS FROM `wzry_hero` [ RunTime:0.0057s ]
SQL: SELECT `hero_id`,`hero_name`,`hero_type` FROM `wzry_hero` ORDER BY hero_type  [ RunTime:0.0015s ]
INFO: [ view_parse ] --START--
INFO: [ template_filter ] --START--
INFO: Run Behavior\ContentReplaceBehavior [ RunTime:0.000090s ]
INFO: [ template_filter ] --END-- [ RunTime:0.000143s ]
NOTIC: [2] Illegal string offset 'account_id' J:\php\personal\wzry\Application\Runtime\Cache\Main\fca0c5d558e28e6d1052794261c978dc.php 第 77 行.
NOTIC: [2] Illegal string offset 'type' J:\php\personal\wzry\Application\Runtime\Cache\Main\fca0c5d558e28e6d1052794261c978dc.php 第 81 行.
NOTIC: [2] Illegal string offset 'type' J:\php\personal\wzry\Application\Runtime\Cache\Main\fca0c5d558e28e6d1052794261c978dc.php 第 82 行.
INFO: Run Behavior\ParseTemplateBehavior [ RunTime:0.029725s ]
INFO: [ view_parse ] --END-- [ RunTime:0.029778s ]
INFO: [ view_filter ] --START--
INFO: Run Behavior\WriteHtmlCacheBehavior [ RunTime:0.000415s ]
INFO: [ view_filter ] --END-- [ RunTime:0.000446s ]
INFO: [ app_end ] --START--
INFO: Run Behavior\ShowPageTraceBehavior [ RunTime:0.000501s ]
INFO: [ app_end ] --END-- [ RunTime:0.000622s ]

[ 2017-10-27T23:49:49+08:00 ] ::1 /wzry/index.php?s=/Main/User/dosave.html
INFO: [ app_init ] --START--
INFO: Run Behavior\BuildLiteBehavior [ RunTime:0.000013s ]
INFO: [ app_init ] --END-- [ RunTime:0.000528s ]
INFO: [ app_begin ] --START--
INFO: Run Behavior\ReadHtmlCacheBehavior [ RunTime:0.000557s ]
INFO: [ app_begin ] --END-- [ RunTime:0.000607s ]
SQL: SHOW COLUMNS FROM `wzry_user` [ RunTime:0.0038s ]
NOTIC: [8] Undefined index: validate J:\php\personal\wzry\ThinkPHP\Library\Think\Model.class.php 第 1185 行.
NOTIC: [8] Undefined index: auto J:\php\personal\wzry\ThinkPHP\Library\Think\Model.class.php 第 1128 行.
SQL: INSERT INTO `wzry_user` (`account_id`,`area_id`,`name`,`level`,`changshu`,`mingwen`,`paiwei`,`money`,`diamond`,`pfsp`,`yxsp`,`xyz`,`mwz`,`zd`,`last_time`) VALUES ('110','6','兰洇','11','2','0','青铜III','32','234','14','45','0','4356','0','1509119389') [ RunTime:0.0003s ]
SQL: SHOW COLUMNS FROM `wzry_user_hero` [ RunTime:0.0037s ]
NOTIC: [2] Illegal offset type in isset or empty J:\php\personal\wzry\ThinkPHP\Library\Think\Model.class.php 第 1015 行.
NOTIC: [8] Undefined index: validate J:\php\personal\wzry\ThinkPHP\Library\Think\Model.class.php 第 1185 行.
NOTIC: [8] Undefined index: auto J:\php\personal\wzry\ThinkPHP\Library\Think\Model.class.php 第 1128 行.
SQL: INSERT INTO `wzry_user_hero` (`user_id`,`hero_id`) VALUES ('108','2') [ RunTime:0.0003s ]
SQL: update wzry_user_hero as uh, wzry_hero as h set uh.hero_name = h.hero_name where uh.hero_id = h.hero_id and uh.hero_name is null [ RunTime:0.0015s ]

[ 2017-10-27T23:49:50+08:00 ] ::1 /wzry/index.php?s=/Main/Account/showAll.html
INFO: [ app_init ] --START--
INFO: Run Behavior\BuildLiteBehavior [ RunTime:0.000018s ]
INFO: [ app_init ] --END-- [ RunTime:0.000493s ]
INFO: [ app_begin ] --START--
INFO: Run Behavior\ReadHtmlCacheBehavior [ RunTime:0.000448s ]
INFO: [ app_begin ] --END-- [ RunTime:0.000490s ]
SQL: SHOW COLUMNS FROM `wzry_account` [ RunTime:0.0050s ]
SQL: SELECT * FROM `wzry_account` ORDER BY type, account  [ RunTime:0.0004s ]
SQL: SHOW COLUMNS FROM `wzry_user` [ RunTime:0.0038s ]
SQL: SELECT COUNT(*) AS tp_count FROM `wzry_user` WHERE ( account_id=98 ) LIMIT 1   [ RunTime:0.0003s ]
SQL: SELECT COUNT(*) AS tp_count FROM `wzry_user` WHERE ( account_id=102 ) LIMIT 1   [ RunTime:0.0002s ]
SQL: SELECT COUNT(*) AS tp_count FROM `wzry_user` WHERE ( account_id=99 ) LIMIT 1   [ RunTime:0.0002s ]
SQL: SELECT COUNT(*) AS tp_count FROM `wzry_user` WHERE ( account_id=104 ) LIMIT 1   [ RunTime:0.0002s ]
SQL: SELECT COUNT(*) AS tp_count FROM `wzry_user` WHERE ( account_id=95 ) LIMIT 1   [ RunTime:0.0003s ]
SQL: SELECT COUNT(*) AS tp_count FROM `wzry_user` WHERE ( account_id=101 ) LIMIT 1   [ RunTime:0.0003s ]
SQL: SELECT COUNT(*) AS tp_count FROM `wzry_user` WHERE ( account_id=96 ) LIMIT 1   [ RunTime:0.0003s ]
SQL: SELECT COUNT(*) AS tp_count FROM `wzry_user` WHERE ( account_id=100 ) LIMIT 1   [ RunTime:0.0002s ]
SQL: SELECT COUNT(*) AS tp_count FROM `wzry_user` WHERE ( account_id=103 ) LIMIT 1   [ RunTime:0.0002s ]
SQL: SELECT COUNT(*) AS tp_count FROM `wzry_user` WHERE ( account_id=110 ) LIMIT 1   [ RunTime:0.0002s ]
SQL: SELECT COUNT(*) AS tp_count FROM `wzry_user` WHERE ( account_id=106 ) LIMIT 1   [ RunTime:0.0002s ]
SQL: SELECT COUNT(*) AS tp_count FROM `wzry_user` WHERE ( account_id=107 ) LIMIT 1   [ RunTime:0.0002s ]
SQL: SELECT COUNT(*) AS tp_count FROM `wzry_user` WHERE ( account_id=108 ) LIMIT 1   [ RunTime:0.0002s ]
SQL: SELECT COUNT(*) AS tp_count FROM `wzry_user` WHERE ( account_id=97 ) LIMIT 1   [ RunTime:0.0002s ]
SQL: SELECT COUNT(*) AS tp_count FROM `wzry_user` WHERE ( account_id=109 ) LIMIT 1   [ RunTime:0.0002s ]
SQL: SELECT COUNT(*) AS tp_count FROM `wzry_user` WHERE ( account_id=105 ) LIMIT 1   [ RunTime:0.0002s ]
INFO: [ view_parse ] --START--
INFO: [ template_filter ] --START--
INFO: Run Behavior\ContentReplaceBehavior [ RunTime:0.000086s ]
INFO: [ template_filter ] --END-- [ RunTime:0.000137s ]
NOTIC: [8] Undefined variable: account J:\php\personal\wzry\Application\Runtime\Cache\Main\170752e06422f098e43f5a6296486dbd.php 第 80 行.
NOTIC: [8] Undefined variable: account J:\php\personal\wzry\Application\Runtime\Cache\Main\170752e06422f098e43f5a6296486dbd.php 第 84 行.
NOTIC: [8] Undefined variable: account J:\php\personal\wzry\Application\Runtime\Cache\Main\170752e06422f098e43f5a6296486dbd.php 第 85 行.
INFO: Run Behavior\ParseTemplateBehavior [ RunTime:0.009083s ]
INFO: [ view_parse ] --END-- [ RunTime:0.009136s ]
INFO: [ view_filter ] --START--
INFO: Run Behavior\WriteHtmlCacheBehavior [ RunTime:0.000346s ]
INFO: [ view_filter ] --END-- [ RunTime:0.000381s ]
INFO: [ app_end ] --START--
INFO: Run Behavior\ShowPageTraceBehavior [ RunTime:0.000636s ]
INFO: [ app_end ] --END-- [ RunTime:0.000690s ]

[ 2017-10-27T23:50:39+08:00 ] ::1 /wzry/index.php?s=/Main/Account/showDetail/account_id/110.html
INFO: [ app_init ] --START--
INFO: Run Behavior\BuildLiteBehavior [ RunTime:0.000014s ]
INFO: [ app_init ] --END-- [ RunTime:0.000556s ]
INFO: [ app_begin ] --START--
INFO: Run Behavior\ReadHtmlCacheBehavior [ RunTime:0.000598s ]
INFO: [ app_begin ] --END-- [ RunTime:0.000654s ]
SQL: SHOW COLUMNS FROM `wzry_account` [ RunTime:0.0096s ]
SQL: SELECT * FROM `wzry_account` WHERE `account_id` = 110 LIMIT 1   [ RunTime:0.0006s ]
SQL: SHOW COLUMNS FROM `wzry_user` [ RunTime:0.0052s ]
SQL: SELECT * FROM `wzry_user` WHERE ( account_id=110 )  [ RunTime:0.0005s ]
SQL: SELECT * FROM `wzry_user` WHERE ( user_id=108 ) LIMIT 1   [ RunTime:0.0004s ]
SQL: SHOW COLUMNS FROM `wzry_hero` [ RunTime:0.0047s ]
SQL: select user_id, GROUP_CONCAT(hero_id) as heros from wzry_user_hero where user_id = 108 [ RunTime:0.0005s ]
SQL: SHOW COLUMNS FROM `wzry_area` [ RunTime:0.0033s ]
SQL: SELECT * FROM `wzry_area` WHERE `area_id` = 6 LIMIT 1   [ RunTime:0.0003s ]
SQL: SELECT * FROM `wzry_account` WHERE `account_id` = 110 LIMIT 1   [ RunTime:0.0002s ]
SQL: SELECT * FROM `wzry_hero` WHERE `hero_id` = 2 LIMIT 1   [ RunTime:0.0002s ]
SQL: SHOW COLUMNS FROM `wzry_main_hero` [ RunTime:0.0036s ]
SQL: SELECT * FROM `wzry_main_hero` WHERE ( user_id=108 )  [ RunTime:0.0002s ]
INFO: [ view_parse ] --START--
INFO: [ template_filter ] --START--
INFO: Run Behavior\ContentReplaceBehavior [ RunTime:0.000065s ]
INFO: [ template_filter ] --END-- [ RunTime:0.000110s ]
INFO: Run Behavior\ParseTemplateBehavior [ RunTime:0.038569s ]
INFO: [ view_parse ] --END-- [ RunTime:0.038614s ]
INFO: [ view_filter ] --START--
INFO: Run Behavior\WriteHtmlCacheBehavior [ RunTime:0.000269s ]
INFO: [ view_filter ] --END-- [ RunTime:0.000299s ]
INFO: [ app_end ] --START--
INFO: Run Behavior\ShowPageTraceBehavior [ RunTime:0.000391s ]
INFO: [ app_end ] --END-- [ RunTime:0.000423s ]

[ 2017-10-27T23:51:00+08:00 ] ::1 /wzry/index.php?s=/Main/Account/showAll.html
INFO: [ app_init ] --START--
INFO: Run Behavior\BuildLiteBehavior [ RunTime:0.000013s ]
INFO: [ app_init ] --END-- [ RunTime:0.000490s ]
INFO: [ app_begin ] --START--
INFO: Run Behavior\ReadHtmlCacheBehavior [ RunTime:0.000557s ]
INFO: [ app_begin ] --END-- [ RunTime:0.000604s ]
SQL: SHOW COLUMNS FROM `wzry_account` [ RunTime:0.0116s ]
SQL: SELECT * FROM `wzry_account` ORDER BY type, account  [ RunTime:0.0017s ]
SQL: SHOW COLUMNS FROM `wzry_user` [ RunTime:0.0131s ]
SQL: SELECT COUNT(*) AS tp_count FROM `wzry_user` WHERE ( account_id=98 ) LIMIT 1   [ RunTime:0.0006s ]
SQL: SELECT COUNT(*) AS tp_count FROM `wzry_user` WHERE ( account_id=102 ) LIMIT 1   [ RunTime:0.0004s ]
SQL: SELECT COUNT(*) AS tp_count FROM `wzry_user` WHERE ( account_id=99 ) LIMIT 1   [ RunTime:0.0004s ]
SQL: SELECT COUNT(*) AS tp_count FROM `wzry_user` WHERE ( account_id=104 ) LIMIT 1   [ RunTime:0.0004s ]
SQL: SELECT COUNT(*) AS tp_count FROM `wzry_user` WHERE ( account_id=95 ) LIMIT 1   [ RunTime:0.0004s ]
SQL: SELECT COUNT(*) AS tp_count FROM `wzry_user` WHERE ( account_id=101 ) LIMIT 1   [ RunTime:0.0004s ]
SQL: SELECT COUNT(*) AS tp_count FROM `wzry_user` WHERE ( account_id=96 ) LIMIT 1   [ RunTime:0.0004s ]
SQL: SELECT COUNT(*) AS tp_count FROM `wzry_user` WHERE ( account_id=100 ) LIMIT 1   [ RunTime:0.0004s ]
SQL: SELECT COUNT(*) AS tp_count FROM `wzry_user` WHERE ( account_id=103 ) LIMIT 1   [ RunTime:0.0004s ]
SQL: SELECT COUNT(*) AS tp_count FROM `wzry_user` WHERE ( account_id=110 ) LIMIT 1   [ RunTime:0.0004s ]
SQL: SELECT COUNT(*) AS tp_count FROM `wzry_user` WHERE ( account_id=106 ) LIMIT 1   [ RunTime:0.0004s ]
SQL: SELECT COUNT(*) AS tp_count FROM `wzry_user` WHERE ( account_id=107 ) LIMIT 1   [ RunTime:0.0004s ]
SQL: SELECT COUNT(*) AS tp_count FROM `wzry_user` WHERE ( account_id=108 ) LIMIT 1   [ RunTime:0.0004s ]
SQL: SELECT COUNT(*) AS tp_count FROM `wzry_user` WHERE ( account_id=97 ) LIMIT 1   [ RunTime:0.0004s ]
SQL: SELECT COUNT(*) AS tp_count FROM `wzry_user` WHERE ( account_id=109 ) LIMIT 1   [ RunTime:0.0004s ]
SQL: SELECT COUNT(*) AS tp_count FROM `wzry_user` WHERE ( account_id=105 ) LIMIT 1   [ RunTime:0.0004s ]
INFO: [ view_parse ] --START--
INFO: [ template_filter ] --START--
INFO: Run Behavior\ContentReplaceBehavior [ RunTime:0.000155s ]
INFO: [ template_filter ] --END-- [ RunTime:0.000234s ]
NOTIC: [8] Undefined variable: account J:\php\personal\wzry\Application\Runtime\Cache\Main\170752e06422f098e43f5a6296486dbd.php 第 80 行.
NOTIC: [8] Undefined variable: account J:\php\personal\wzry\Application\Runtime\Cache\Main\170752e06422f098e43f5a6296486dbd.php 第 84 行.
NOTIC: [8] Undefined variable: account J:\php\personal\wzry\Application\Runtime\Cache\Main\170752e06422f098e43f5a6296486dbd.php 第 85 行.
INFO: Run Behavior\ParseTemplateBehavior [ RunTime:0.016607s ]
INFO: [ view_parse ] --END-- [ RunTime:0.016701s ]
INFO: [ view_filter ] --START--
INFO: Run Behavior\WriteHtmlCacheBehavior [ RunTime:0.000569s ]
INFO: [ view_filter ] --END-- [ RunTime:0.000631s ]
INFO: [ app_end ] --START--
INFO: Run Behavior\ShowPageTraceBehavior [ RunTime:0.000941s ]
INFO: [ app_end ] --END-- [ RunTime:0.001016s ]

[ 2017-10-27T23:51:03+08:00 ] ::1 /wzry/index.php?s=/Main/Account/showDetail/account_id/110.html
INFO: [ app_init ] --START--
INFO: Run Behavior\BuildLiteBehavior [ RunTime:0.000012s ]
INFO: [ app_init ] --END-- [ RunTime:0.000509s ]
INFO: [ app_begin ] --START--
INFO: Run Behavior\ReadHtmlCacheBehavior [ RunTime:0.000591s ]
INFO: [ app_begin ] --END-- [ RunTime:0.000643s ]
SQL: SHOW COLUMNS FROM `wzry_account` [ RunTime:0.0036s ]
SQL: SELECT * FROM `wzry_account` WHERE `account_id` = 110 LIMIT 1   [ RunTime:0.0003s ]
SQL: SHOW COLUMNS FROM `wzry_user` [ RunTime:0.0039s ]
SQL: SELECT * FROM `wzry_user` WHERE ( account_id=110 )  [ RunTime:0.0004s ]
SQL: SELECT * FROM `wzry_user` WHERE ( user_id=108 ) LIMIT 1   [ RunTime:0.0003s ]
SQL: SHOW COLUMNS FROM `wzry_hero` [ RunTime:0.0035s ]
SQL: select user_id, GROUP_CONCAT(hero_id) as heros from wzry_user_hero where user_id = 108 [ RunTime:0.0004s ]
SQL: SHOW COLUMNS FROM `wzry_area` [ RunTime:0.0044s ]
SQL: SELECT * FROM `wzry_area` WHERE `area_id` = 6 LIMIT 1   [ RunTime:0.0003s ]
SQL: SELECT * FROM `wzry_account` WHERE `account_id` = 110 LIMIT 1   [ RunTime:0.0002s ]
SQL: SELECT * FROM `wzry_hero` WHERE `hero_id` = 2 LIMIT 1   [ RunTime:0.0002s ]
SQL: SELECT * FROM `wzry_hero` WHERE `hero_id` = 45 LIMIT 1   [ RunTime:0.0002s ]
SQL: SHOW COLUMNS FROM `wzry_main_hero` [ RunTime:0.0032s ]
SQL: SELECT * FROM `wzry_main_hero` WHERE ( user_id=108 )  [ RunTime:0.0003s ]
INFO: [ view_parse ] --START--
INFO: [ template_filter ] --START--
INFO: Run Behavior\ContentReplaceBehavior [ RunTime:0.000067s ]
INFO: [ template_filter ] --END-- [ RunTime:0.000109s ]
INFO: Run Behavior\ParseTemplateBehavior [ RunTime:0.008603s ]
INFO: [ view_parse ] --END-- [ RunTime:0.008666s ]
INFO: [ view_filter ] --START--
INFO: Run Behavior\WriteHtmlCacheBehavior [ RunTime:0.000406s ]
INFO: [ view_filter ] --END-- [ RunTime:0.000443s ]
INFO: [ app_end ] --START--
INFO: Run Behavior\ShowPageTraceBehavior [ RunTime:0.000489s ]
INFO: [ app_end ] --END-- [ RunTime:0.000530s ]

[ 2017-10-27T23:52:00+08:00 ] ::1 /wzry/index.php?s=/Main/Account/showDetail/account_id/110.html
INFO: [ app_init ] --START--
INFO: Run Behavior\BuildLiteBehavior [ RunTime:0.000014s ]
INFO: [ app_init ] --END-- [ RunTime:0.000491s ]
INFO: [ app_begin ] --START--
INFO: Run Behavior\ReadHtmlCacheBehavior [ RunTime:0.000634s ]
INFO: [ app_begin ] --END-- [ RunTime:0.000700s ]
SQL: SHOW COLUMNS FROM `wzry_account` [ RunTime:0.0063s ]
SQL: SELECT * FROM `wzry_account` WHERE `account_id` = 110 LIMIT 1   [ RunTime:0.0006s ]
SQL: SHOW COLUMNS FROM `wzry_user` [ RunTime:0.0069s ]
SQL: SELECT * FROM `wzry_user` WHERE ( account_id=110 )  [ RunTime:0.0006s ]
INFO: [ view_parse ] --START--
INFO: [ template_filter ] --START--
INFO: Run Behavior\ContentReplaceBehavior [ RunTime:0.000136s ]
INFO: [ template_filter ] --END-- [ RunTime:0.000220s ]
NOTIC: [8] Undefined index: type J:\php\personal\wzry\Application\Runtime\Cache\Main\355b89019ab87e99d883efc5cbe2a8be.php 第 69 行.
NOTIC: [8] Undefined index: type J:\php\personal\wzry\Application\Runtime\Cache\Main\355b89019ab87e99d883efc5cbe2a8be.php 第 70 行.
NOTIC: [8] Undefined index: account J:\php\personal\wzry\Application\Runtime\Cache\Main\355b89019ab87e99d883efc5cbe2a8be.php 第 72 行.
INFO: Run Behavior\ParseTemplateBehavior [ RunTime:0.017548s ]
INFO: [ view_parse ] --END-- [ RunTime:0.017624s ]
INFO: [ view_filter ] --START--
INFO: Run Behavior\WriteHtmlCacheBehavior [ RunTime:0.000805s ]
INFO: [ view_filter ] --END-- [ RunTime:0.000873s ]
INFO: [ app_end ] --START--
INFO: Run Behavior\ShowPageTraceBehavior [ RunTime:0.001136s ]
INFO: [ app_end ] --END-- [ RunTime:0.001234s ]

